


 STARANISO: determines the anisotropy of the I/<J> distribution. 
 
   (Author: I. J. Tickle)

 Copyright (C) 2016-2018 Global Phasing Ltd.

 This software is proprietary to and embodies the confidential
 technology of Global Phasing Limited (GPhL). Possession, use,
 duplication or dissemination of the software is authorised
 only pursuant to a valid written licence from GPhL.

               All rights reserved.


 Version     : staraniso 1.0.4 for linux64-ifort made on May 07 2020 at 03:22:00

 Licenced to : Global Phasing Ltd (www)

 Today is                    Tue May 12 23:57:04 2020


DEBYE OpenMP version: 0.3.8 (30-Mar-20)

Ian J. Tickle, Global Phasing Ltd., Cambridge, UK.


Command line: 

debye HKLIN eocdgF42qmcTbhYV-SWS-xdsmtz-mrf XYZIN1 eocdgF42qmcTbhYV-01.pdb WATER /home/staraniso/Releases/latest/water.int PROFOUT eocdgF42qmcTbhYV-SWS-debye.pro

Run on: Tue May 12 23:57:04 2020

System info:

Linux staranisoserver 2.6.32-5-xen-amd64 #1 SMP Mon Feb 29 01:05:38 UTC 2016 x86_64 GNU/Linux


Reading NAMELIST options:

Input line: TITL='For Dale Tronrud (dale@daletronrud.com), job ID: eocdgF42qmcTbhYV', MULT=1


Default values of input variables:

        COMP = ''
        DEBU =        0
        DMIN =     0.00
        FACT =     1.00
        MULT =     1.00
        NORM =     F
        SINC =   0.0050
        TITL = ''
        VC   =       0.
        ZC   =        0

Variables with non-default values:

        TITL = 'For Dale Tronrud (dale@daletronrud.com), job ID: eocdgF42qmcTbhYV'


For Dale Tronrud (dale@daletronrud.com), job ID: eocdgF42qmcTbhYV
=================================================================


 OPENED INPUT MTZ FILE 
 Logical Name: HKLIN   Filename: eocdgF42qmcTbhYV-SWS-xdsmtz-mrf.mtz 

Vcell from MTZ file:   1345693.6
Zcell from MTZ file:         4
Dmin from MTZ file:        2.501

FORMATTED      OLD     file opened on unit   1
Logical name: ATOMSF, Filename: atomsf.lib


FORMATTED      OLD     file opened on unit   1
Logical name: XYZIN1, Filename: eocdgF42qmcTbhYV-01.pdb

REMARK   3   RESOLUTION RANGE HIGH (ANGSTROMS) : 2.70

CRYST1  190.786  110.280   64.069  90.00  96.22  90.00 C 1 2 1      12

Vcell from PDB file:   1340068.4
Zcell from PDB file:       4

SCALE1      0.005241  0.000000  0.000571        0.00000
SCALE2      0.000000  0.009068  0.000000        0.00000
SCALE3      0.000000  0.000000  0.015700        0.00000

OM   1  0.005241  0.000000  0.000571
OM   2  0.000000  0.009068  0.000000
OM   3  0.000000  0.000000  0.015701

PDB SCALE matrix ignored.


No. of atoms in model  1 :    7397


Composition of model   1 from PDB file:

H(est.)   7396.0
N         1217.0
Cv        4710.0
O         1410.0
S           55.0
Zn           3.0
Cl           1.0

Calculated M.Wt. of model   1:  105627.0
No. of waters in    model   1:           1.0

Vm =  3.19    Solvent fraction =  0.614

Estimate of total, ordered & bulk #waters in a.u.:    6902       1    6901


FORMATTED      OLD     file opened on unit   1
Logical name: WATER, Filename: water.int


FORMATTED      UNKNOWN file opened on unit   2
Logical name: PROFOUT, Filename: eocdgF42qmcTbhYV-SWS-debye.pro


Model =   1    Rmax =   55.72    Max L =  141



$TABLE: Bin, d*, ln(scale), ln(Zvarious):
$GRAPHS: ln(scale), ln(Zprotein|NA), ln(Zwaters), ln(Zstructure), ln(Zbulk), ln(Ztotal), ln(Z50%):0|0.4050x -3.218| 18.055:2,3,4,5,6,7,8,9: $$

 Bin  d*  ln(scale)  ln(Zprotein|NA)  ln(Zwaters)  ln(Zstructure)  ln(Zbulk)  ln(Ztotal)  ln(Z50%) $$
$$
   1  0.0050  -3.218  18.054   7.469  18.055   7.468  18.055  18.054
   2  0.0100  -3.216  16.997   7.469  16.998   7.468  16.998  16.997
   3  0.0150  -3.212  15.007   7.469  15.007   7.468  15.008  15.007
   4  0.0200  -3.207  13.884   7.469  13.884   7.468  13.886  13.886
   5  0.0250  -3.200  14.111   7.469  14.111   7.468  14.112  14.112
   6  0.0300  -3.192  13.783   7.469  13.783   7.468  13.785  13.785
   7  0.0350  -3.183  12.906   7.469  12.905   7.468  12.910  12.910
   8  0.0400  -3.171  11.857   7.469  11.856   7.468  11.868  11.867
   9  0.0450  -3.159  11.784   7.469  11.784   7.468  11.797  11.795
  10  0.0500  -3.145  11.250   7.469  11.249   7.468  11.272  11.268
  11  0.0550  -3.129  10.862   7.469  10.862   7.468  10.895  10.889
  12  0.0600  -3.112  10.876   7.469  10.877   7.468  10.910  10.903
  13  0.0650  -3.094  10.683   7.469  10.684   7.467  10.723  10.715
  14  0.0700  -3.074  10.538   7.468  10.539   7.467  10.584  10.575
  15  0.0750  -3.052  10.490   7.467  10.489   7.466  10.537  10.529
  16  0.0800  -3.030  10.406   7.469  10.405   7.468  10.456  10.448
  17  0.0850  -3.005  10.297   7.475  10.296   7.474  10.354  10.344
  18  0.0900  -2.980  10.140   7.484  10.139   7.482  10.207  10.196
  19  0.0950  -2.953  10.072   7.495  10.071   7.494  10.144  10.132
  20  0.1000  -2.924  10.023   7.507  10.023   7.506  10.100  10.087
  21  0.1050  -2.895   9.884   7.521   9.886   7.520   9.975   9.958
  22  0.1100  -2.863   9.695   7.539   9.698   7.538   9.807   9.785
  23  0.1150  -2.831   9.637   7.558   9.638   7.557   9.756   9.734
  24  0.1200  -2.797   9.606   7.579   9.606   7.578   9.730   9.707
  25  0.1250  -2.762   9.520   7.602   9.520   7.601   9.657   9.633
  26  0.1300  -2.725   9.471   7.628   9.470   7.626   9.617   9.592
  27  0.1350  -2.687   9.389   7.653   9.388   7.652   9.550   9.523
  28  0.1400  -2.648   9.302   7.681   9.302   7.680   9.482   9.451
  29  0.1450  -2.608   9.286   7.710   9.286   7.709   9.473   9.441
  30  0.1500  -2.566   9.274   7.740   9.273   7.739   9.468   9.435
  31  0.1550  -2.523   9.258   7.771   9.258   7.770   9.462   9.427
  32  0.1600  -2.478   9.227   7.803   9.227   7.802   9.443   9.406
  33  0.1650  -2.433   9.206   7.836   9.206   7.835   9.432   9.394
  34  0.1700  -2.386   9.251   7.871   9.250   7.870   9.474   9.437
  35  0.1750  -2.338   9.310   7.906   9.310   7.905   9.530   9.492
  36  0.1800  -2.289   9.345   7.942   9.345   7.941   9.565   9.527
  37  0.1850  -2.238   9.411   7.975   9.411   7.974   9.624   9.588
  38  0.1900  -2.187   9.457   8.008   9.457   8.008   9.668   9.632
  39  0.1950  -2.134   9.478   8.045   9.479   8.044   9.692   9.655
  40  0.2000  -2.080   9.493   8.095   9.494   8.095   9.715   9.677
  41  0.2050  -2.025   9.542   8.166   9.541   8.165   9.766   9.729
  42  0.2100  -1.968   9.570   8.239   9.570   8.238   9.804   9.765
  43  0.2150  -1.911   9.583   8.324   9.583   8.323   9.833   9.791
  44  0.2200  -1.852   9.543   8.412   9.545   8.411   9.824   9.777
  45  0.2250  -1.793   9.489   8.497   9.490   8.497   9.805   9.753
  46  0.2300  -1.732   9.461   8.584   9.462   8.584   9.809   9.753
  47  0.2350  -1.670   9.441   8.673   9.441   8.672   9.822   9.761
  48  0.2400  -1.607   9.417   8.768   9.417   8.768   9.837   9.771
  49  0.2450  -1.543   9.395   8.863   9.395   8.862   9.857   9.786
  50  0.2500  -1.478   9.336   8.953   9.336   8.953   9.856   9.778
  51  0.2550  -1.412   9.264   9.043   9.264   9.042   9.852   9.767
  52  0.2600  -1.345   9.197   9.131   9.197   9.131   9.858   9.764
  53  0.2650  -1.277   9.180   9.221   9.181   9.221   9.894   9.795
  54  0.2700  -1.208   9.166   9.303   9.166   9.303   9.930   9.825
  55  0.2750  -1.138   9.146   9.376   9.147   9.376   9.961   9.852
  56  0.2800  -1.067   9.089   9.441   9.089   9.441   9.974   9.858
  57  0.2850  -0.995   9.005   9.498   9.006   9.498   9.975   9.853
  58  0.2900  -0.922   8.953   9.551   8.953   9.551   9.989   9.862
  59  0.2950  -0.848   8.911   9.584   8.911   9.584   9.996   9.865
  60  0.3000  -0.773   8.862   9.609   8.862   9.609   9.997   9.862
  61  0.3050  -0.697   8.839   9.624   8.839   9.624  10.000   9.863
  62  0.3100  -0.620   8.785   9.622   8.786   9.622   9.982   9.843
  63  0.3150  -0.542   8.698   9.618   8.700   9.618   9.954   9.811
  64  0.3200  -0.464   8.650   9.613   8.652   9.613   9.937   9.792
  65  0.3250  -0.384   8.627   9.596   8.628   9.596   9.918   9.773
  66  0.3300  -0.303   8.599   9.572   8.600   9.571   9.892   9.748
  67  0.3350  -0.222   8.588   9.544   8.588   9.543   9.869   9.725
  68  0.3400  -0.139   8.577   9.507   8.578   9.507   9.840   9.697
  69  0.3450  -0.056   8.532   9.471   8.532   9.471   9.801   9.658
  70  0.3500   0.028   8.508   9.433   8.509   9.432   9.767   9.624
  71  0.3550   0.114   8.530   9.399   8.531   9.398   9.749   9.609
  72  0.3600   0.200   8.527   9.372   8.529   9.372   9.730   9.590
  73  0.3650   0.287   8.474   9.348   8.476   9.348   9.697   9.556
  74  0.3700   0.374   8.443   9.323   8.445   9.323   9.670   9.530
  75  0.3750   0.463   8.446   9.298   8.447   9.297   9.653   9.513
  76  0.3800   0.553   8.429   9.274   8.431   9.274   9.632   9.492
  77  0.3850   0.643   8.383   9.253   8.384   9.252   9.603   9.462
  78  0.3900   0.734   8.347   9.234   8.347   9.233   9.578   9.438
  79  0.3950   0.827   8.334   9.221   8.333   9.221   9.565   9.425
  80  0.4000   0.920   8.334   9.210   8.335   9.210   9.558   9.418
  81  0.4050   1.014   8.361   9.203   8.364   9.203   9.562   9.422
$$

CPU time used:  41.01 secs., elapsed:   41.01 secs.

 debye:  Normal termination.
Times: User:      41.0s System:    0.0s Elapsed:     0:41  
