

 #################################################################################################



 MRFANA: analyse multi-record MTZ files 
 
   (Authors: G. Bricogne, E. Blanc, M. Brandl, C. Flensburg, 
    P. Keller, W. Paciorek, P. Roversi, A. Sharff, O. Smart, 
    C. Vonrhein, T. Womack)

 Copyright (C) 2007-2019 Global Phasing Ltd.

               All rights reserved.


 Version     : MRFANA 0.1.0 for linux64-ifort made on Jan 16 2020 at 02:43:19

 Licenced to : Global Phasing Ltd (www)

    Today is                    Tue May 12 23:59:35 2020

 #################################################################################################



 contains SPLINE library by John Burkardt (from
 http://people.sc.fsu.edu/~jburkardt/f_src/spline/spline.html)

  Calling get_args ... 
 processing argument   -i
 processing argument   eocdgF42qmcTbhYV-SWS-aniso-masked-mrf.mtz
 processing argument   -ell

   Eigenvalue matrix         =    0.76610   0.00000  -0.64270
                                  0.00000   1.00000   0.00000
                                  0.64270   0.00000   0.76610

   Ellipsoid rotation matrix =    0.76612   0.00000   0.64272
                                  0.00000   1.00000   0.00000
                                 -0.64272   0.00000   0.76612

   Eigenvalues               =    3.43200   2.23700   2.48200

 processing argument   -bins


 setting explicit resolution bin   1 : R <=   7.4487 A
 setting explicit resolution bin   2 : R <=   5.9112 A
 setting explicit resolution bin   3 : R <=   5.2105 A
 setting explicit resolution bin   4 : R <=   4.7678 A
 setting explicit resolution bin   5 : R <=   4.4146 A
 setting explicit resolution bin   6 : R <=   4.1690 A
 setting explicit resolution bin   7 : R <=   3.9702 A
 setting explicit resolution bin   8 : R <=   3.8032 A
 setting explicit resolution bin   9 : R <=   3.6584 A
 setting explicit resolution bin  10 : R <=   3.5160 A
 setting explicit resolution bin  11 : R <=   3.3898 A
 setting explicit resolution bin  12 : R <=   3.2750 A
 setting explicit resolution bin  13 : R <=   3.1712 A
 setting explicit resolution bin  14 : R <=   3.0764 A
 setting explicit resolution bin  15 : R <=   2.9861 A
 setting explicit resolution bin  16 : R <=   2.9002 A
 setting explicit resolution bin  17 : R <=   2.8088 A
 setting explicit resolution bin  18 : R <=   2.7151 A
 setting explicit resolution bin  19 : R <=   2.6154 A
 setting explicit resolution bin  20 : R >    2.6154 A

 processing argument   -ice
 processing argument   -skip_empty_runs



 expecting keywords from stdin:


 Criteria for recommended resolution cut per RUN:
 ---------------------------------------------------- 
    Rmerge         <=   99.9999 (from  low-res limit)
    Rmeas          <=   99.9999 (from  low-res limit)
    Rpim           <=    0.6000 (from  low-res limit)
    I/sigI         >=    1.00   (from  low-res limit)
    Completeness   >=    0.0000 (from high-res limit)
    CC(1/2)        >=    0.3000 (from  low-res limit)

 Criteria for recommended resolution cut per DATASET:
 ---------------------------------------------------- 
    Rmerge         <=   99.9999 (from  low-res limit)
    Rmeas          <=   99.9999 (from  low-res limit)
    Rpim           <=    0.6000 (from  low-res limit)
    I/sigI         >=    2.00   (from  low-res limit)
    Completeness   >=    0.0000 (from high-res limit)
    CC(1/2)        >=    0.3000 (from  low-res limit)



 Setting random seed to 1855759286
 You can set this also with the -seed flag

  Calling open_file ... 

 NOTE: file type detected = MTZ

  Calling get_info ... 

 Dataset  1 cell =  190.95000 110.30000  64.28000  90.00000  96.29300  90.00000
   Orthogonalisation matrix =    190.95000     0.00000    -7.04591
                                   0.00000   110.30000     0.00000
                                   0.00000     0.00000    63.89267
   Inverse of above         =      0.00524    -0.00000     0.00058
                                   0.00000     0.00907    -0.00000
                                   0.00000     0.00000     0.01565

 Dataset  2 cell =  190.95000 110.30000  64.28000  90.00000  96.29300  90.00000
   Orthogonalisation matrix =    190.95000     0.00000    -7.04591
                                   0.00000   110.30000     0.00000
                                   0.00000     0.00000    63.89267
   Inverse of above         =      0.00524    -0.00000     0.00058
                                   0.00000     0.00907    -0.00000
                                   0.00000     0.00000     0.01565

 Overall cell =  190.95000 110.30000  64.28000  90.00000  96.29300  90.00000
 Orthogonalisation matrix =    190.95000     0.00000    -7.04591
                                 0.00000   110.30000     0.00000
                                 0.00000     0.00000    63.89267
 Inverse of above         =      0.00524    -0.00000     0.00058
                                 0.00000     0.00907    -0.00000
                                 0.00000     0.00000     0.01565
  Calling read_refl ... 
    reading reflection       2295 (   5.0 %)
    reading reflection       4590 (  10.0 %)
    reading reflection       6885 (  15.0 %)
    reading reflection       9180 (  20.0 %)
    reading reflection      11475 (  25.0 %)
    reading reflection      13770 (  30.0 %)
    reading reflection      16065 (  35.0 %)
    reading reflection      18360 (  40.0 %)
    reading reflection      20655 (  45.0 %)
    reading reflection      22950 (  50.0 %)
    reading reflection      25245 (  55.0 %)
    reading reflection      27540 (  60.0 %)
    reading reflection      29835 (  65.0 %)
    reading reflection      32130 (  70.0 %)
    reading reflection      34425 (  75.0 %)
    reading reflection      36720 (  80.0 %)
    reading reflection      39015 (  85.0 %)
    reading reflection      41310 (  90.0 %)
    reading reflection      43605 (  95.0 %)
    reading reflection      45900 ( 100.0 %)





 binning will be in  shells of equal number of reflections (based on   1000 measured unique reflections per shell)


 Highest resolution as defined by ellipsoid =    2.2370 A

 Nref (total) .................    45903
 Nref (used) ..................    45903
 Ncol .........................  13


 Resolution ...................   43.737 -    2.501 A
 Resolution (ellipsoid) .......   43.737 -    2.503 A
 Symmetry .....................   5 "C 1 2 1"
 Cell .........................    190.950   110.300    64.280  90.000  96.293  90.000

 Col-001 ......................    1 H
 Col-002 ......................    2 K
 Col-003 ......................    3 L
 Col-004 ......................    4 M/ISYM
 Col-005 ......................    5 BATCH
 Col-006 ......................    6 I
 Col-007 ......................    7 SIGI
 Col-008 ......................    8 SCALEUSED
 Col-009 ......................    9 SIGSCALEUSED
 Col-010 ......................   10 NPART
 Col-011 ......................   11 XDET
 Col-012 ......................   12 YDET
 Col-013 ......................   13 ROT
 Col-014 ......................   14 RESOL
 Col-015 ......................   15 RESO3
 Col-016 ......................   16 RUN
 Col-017 ......................   17 OUT
 Col-018 ......................   18 RAND
 Col-019 ......................   19 ELLIPSOID


  Calling read_batch ... 
  Calling stats ... 

 ####----------------------------------------------------------------
 #### NOTES
 ####----------------------------------------------------------------

 ####----------------------------------------------------------------
 #### Rmerge:
 
  According to [1] and Evans (2006) this is defined as
 
                   sum_i ( sum_j | Ij - <I> | )
    Rmerge(I) = --------------------------------                 (1)
                   sum_i ( sum_j        <I>   )
 
  with
 
    Ij  = the intensity of the jth observation of reflection i
    <I> = the mean of the intensities of all observations of reflection i
 
    sum_i is taken over all reflections
    sum_j is taken over all observations of each reflection.
 
  Diederichs & Karplus (1997), Weiss & Hilgenfeld (1997) and
  Weiss (2001) define this slightly different as
 
                   sum_i ( sum_j | Ij - <I> | )
    Rmerge(I) = --------------------------------                 (2)
                   sum_i ( sum_j   Ij         )
 
  which is identically to (1) if <I> is the mean (or average)
  intensity. However, it is the weighted (by variance) mean of
  the intensities we are computing during merging:
 
    <I> = sum_j ( Wj * Ij )                                      (3)
 
                    1     
    with:  Wj = ---------                                        (4)
                sd(Ij)**2
 
  Then equations (1) and (2) become different.
 
  Drenth (1994) calls (1) Rmerge and (2) Rsym.
 
 ####----------------------------------------------------------------
 #### Rmeas (also called Rrim):
 
  The redundancy-independent merging R factor value Rrim, also
  denoted Rmeas, for merging all intensities in a given shell.
 
           sum_i [Ni /( Ni - 1)]^(1/2) sum_j | Ij - <Ii> |
    Rrim = ---------------------------------------------         (5)
           sum_i (                  sum_j   Ij         )
 
    Ij   = the intensity of the jth observation of reflection i
    <Ii> = the mean of the intensities of all observations of reflection i
    Ni   = the redundancy (the number of times reflection i has been measured).
 
    sum_i is taken over all reflections
    sum_j is taken over all observations of each reflection.
 
  See Diederichs & Karplus (1997), Weiss & Hilgenfeld (1997), Weiss
  (2001) and [2].
 
  Evans (2006) defines this differently, with the denominator
  summing over <I> similar to the Rmerge equation (1) above:
 
           sum_i [Ni /( Ni - 1)]^(1/2) sum_j | Ij - <Ii> |
    Rrim = ---------------------------------------------         (6)
           sum_i (                  sum_j        <Ii>  )
 
 ####----------------------------------------------------------------
 #### Rpim:
 
  The precision-indicating merging R factor value Rpim,
  for merging all intensities in this data set is defined in [3],
  Diederichs & Karplus (1997), Weiss & Hilgenfeld (1997) and
  Weiss (2001) as
 
           sum_i [  1/(Ni - 1)]^(1/2) sum_j | Ij - <Ii> |
    Rpim = ---------------------------------------------         (7)
           sum_i (                  sum_j   Ij         )
 
  As above, Evans (2006) defines this differently as:
 
           sum_i [  1/(Ni - 1)]^(1/2) sum_j | Ij - <Ii> |
    Rrim = ---------------------------------------------         (8)
           sum_i (                  sum_j        <Ii>  )
 
 To add more complexity, all of the above statistics (Rmerge, Rmeas
 and Rpim) can be computed over all measurements of a unique reflection
 or separately for I+ and I-. The latter has the advantage that an
 existing anomalous signal will not result in an increase of R-value
 because of this. However, the original definitions above are not
 taking anomalous signal into account this way.
 
 ### References:
 
 [1] http://mmcif.wwpdb.org/dictionaries/mmcif_std.dic/Items/_reflns_shell.Rmerge_I_obs.html
 [2] http://www.iucr.org/__data/iucr/cifdic_html/2/mmcif_pdbx.dic/Ireflns.pdbx_Rrim_I_all.html
 [3] http://www.iucr.org/__data/iucr/cifdic_html/2/mmcif_pdbx.dic/Ireflns.pdbx_Rpim_I_all.html
 [4] Diederichs, K. & Karplus, P. A. (1997). Nature Struct. Biol. 4, 269-275.
 [5] Drenth, J. (1994). Principles of Protein X-ray Crystallography. Springer-Verlag, New York. p289-290.
 [6] Evans, P. (2006). Acta D62, 72-82.
 [7] Weiss, M. S. & Hilgenfeld, R. (1997). J. Appl. Cryst. 30, 203-205.
 [8] Weiss, M. S. (2001). J. Appl. Cryst. 34, 130-135.
 

 ############################################################
 #################### TOTAL 
 ############################################################

   Cell:  190.95  110.30   64.28   90.00   96.29   90.00
   Wavelength:  0.97918 A
   Run number:    0 consists of batches          2 to       1050
      Resolution range for run: InfinityInfinity
      Closest reciprocal axis to spindle: none


 We will be using a total of   20 bins for statistics as a function of resolution

 Resolution bins defined as : 7.44871,5.91121,5.21048,4.76784,4.41462,4.16899,3.97022,3.80318,3.65838,3.51601,3.38976,3.27503,3.17124,3.07641,2.98613,2.90023,2.80881,2.71511,2.61536 

 -----------------------------------------------------------------------------------------------------------------------------------------------------------------
                                                                                     Compl. Spher.   Multiplicity                                   Compl. Ellip. 
                                                                                     --------------  ------------                                  --------------- 
            Resolution      #uniq     #Rfac  Rmerge   Rmeas    Rpim   #Isig  I/sigI     all     ano    all    ano CC(1/2)  #CCAno CC(ano)  SigAno    all     ano
 -----------------------------------------------------------------------------------------------------------------------------------------------------------------
         43.737 -   7.449     936      2358   0.043   0.052   0.029     936  18.506  0.5229  0.3742   2.68   1.62  0.9941     274 -0.1018   0.821   0.5229  0.3742
          7.449 -   5.911     936      2221   0.062   0.077   0.044     936  12.089  0.5339  0.3164   2.57   1.66  0.9926     208 -0.0267   0.827   0.5339  0.3164
          5.911 -   5.210     936      2197   0.070   0.086   0.049     936  11.109  0.5825  0.3453   2.55   1.64  0.9917     197  0.1731   0.786   0.5825  0.3453
          5.210 -   4.768     937      2119   0.066   0.081   0.046     937  11.508  0.6006  0.3324   2.48   1.63  0.9909     176 -0.0150   0.794   0.6006  0.3324
          4.768 -   4.415     935      2040   0.070   0.087   0.049     935  11.805  0.5452  0.2663   2.42   1.67  0.9907     159 -0.0728   0.815   0.5452  0.2663
          4.415 -   4.169     937      2055   0.077   0.095   0.054     937  10.324  0.5893  0.3009   2.42   1.62  0.9918     157  0.2035   0.807   0.5893  0.3009
          4.169 -   3.970     936      2094   0.088   0.109   0.063     936   9.569  0.6023  0.3043   2.45   1.65  0.9876     153 -0.0971   0.838   0.6023  0.3043
          3.970 -   3.803     935      2068   0.116   0.145   0.084     935   7.837  0.6040  0.2980   2.43   1.63  0.9771     143  0.0013   0.834   0.6040  0.2980
          3.803 -   3.658     936      2175   0.131   0.163   0.096     936   7.337  0.5756  0.2992   2.50   1.63  0.9747     144  0.0115   0.787   0.5756  0.2992
          3.658 -   3.516     937      2171   0.148   0.184   0.107     937   6.690  0.5051  0.2323   2.49   1.69  0.9739     144  0.0221   0.783   0.5051  0.2323
          3.516 -   3.390     936      2207   0.166   0.206   0.120     936   5.836  0.4919  0.2226   2.53   1.73  0.9706     144  0.0234   0.769   0.4945  0.2234
          3.390 -   3.275     937      2260   0.200   0.249   0.145     937   5.402  0.4648  0.2094   2.56   1.72  0.9538     137  0.0467   0.763   0.4916  0.2211
          3.275 -   3.171     936      2217   0.244   0.303   0.177     936   4.337  0.4570  0.1835   2.52   1.77  0.9320     139 -0.2009   0.726   0.4994  0.2080
          3.171 -   3.076     936      2231   0.282   0.351   0.205     936   3.790  0.4386  0.1637   2.52   1.78  0.9197     142  0.1545   0.871   0.4856  0.1928
          3.076 -   2.986     935      2178   0.325   0.407   0.241     935   3.047  0.4095  0.1396   2.47   1.79  0.8886     132  0.0547   0.752   0.4622  0.1679
          2.986 -   2.900     937      2081   0.384   0.482   0.285     937   2.675  0.3812  0.1070   2.39   1.82  0.8724     114  0.1185   0.863   0.4250  0.1204
          2.900 -   2.809     937      1981   0.393   0.498   0.299     937   2.355  0.3180  0.0650   2.30   1.86  0.8147      75 -0.0128   0.914   0.3220  0.0583
          2.809 -   2.715     936      1975   0.420   0.538   0.329     936   2.166  0.2704  0.0433   2.28   1.95  0.7748      69  0.3299   0.924   0.2406  0.0228
          2.715 -   2.615     936      1977   0.484   0.625   0.387     936   1.919  0.2208  0.0295   2.26   1.91  0.7243      49  0.1593   0.890   0.1672  0.0020
          2.615 -   2.501     936      1927   0.645   0.846   0.540     936   1.392  0.1642  0.0189   2.20   1.75  0.5463      30  0.1671   0.939   0.1160  0.0000
 -----------------------------------------------------------------------------------------------------------------------------------------------------------------
 Total:  43.737 -   2.501   18723     42532   0.102   0.127   0.074   18723   6.985  0.4089  0.1692   2.45   1.69  0.9917    2786 -0.0005   0.811   0.4567  0.2041


 recommended resolution cut based on I/sigI       <    2.000  (precise) =    2.7136
 recommended resolution cut based on I/sigI       <    2.000  (rounded) =    2.75
  RESOLUTION  43.7370   2.7136



 Number of active ice-rings within this resolution range =  0

 Criteria used in determination of resolution cut:
 ------------------------------------------------- 
    Rpim           <=    0.6000
    I/sigI         >=    2.00
    CC(1/2)        >=    0.3000

                                              Overall  InnerShell  OuterShell
  ---------------------------------------------------------------------------
     Low resolution limit                      43.737      43.737       2.615
     High resolution limit                      2.501       7.449       2.501


     Rmerge  (all I+ & I-)                      0.102       0.043       0.645
     Rmerge  (within I+/I-)                     0.087       0.038       0.596
     Rmeas   (all I+ & I-)                      0.127       0.052       0.846
     Rmeas   (within I+/I-)                     0.119       0.053       0.805
     Rpim    (all I+ & I-)                      0.074       0.029       0.540
     Rpim    (within I+/I-)                     0.080       0.036       0.535
     Total number of observations               45903        2505        2062
     Total number unique                        18723         936         936
     Mean(I)/sd(I)                                7.0        18.5         1.4
     Completeness (spherical)                    40.9        52.3        16.4
     Completeness (ellipsoidal)                  45.7        52.3        11.6
     Multiplicity                                 2.5         2.7         2.2
     CC(1/2)                                    0.992       0.994       0.546


     Anomalous completeness (spherical)          16.9        37.4         1.9
     Anomalous completeness (ellipsoidal)        20.4        37.4         0.0
     Anomalous multiplicity                       1.7         1.6         1.7
     CC(ano)                                   -0.000      -0.102       0.167
     |DANO|/sd(DANO)                            0.811       0.821       0.939



 W0 = unweighted
 W1 = 1/(sigI**2) weighted

 ---------------------------------------------------------------------------------------------------------------------------------------------------------------------------------------
                                  merged                         Rmerge            Rmeas              Rpim                  Compl. Spher.                  Compl. Ellip.  
                            --------------------            ----------------  ----------------  ----------------  ----------------------------------  ----------------------------------
    BATCH     Nref <I/sigI>      <I>    <I/sigI>     #ref      W0      W1        W0      W1        W0      W1         All     Ano      -All    -Ano       All     Ano      -All    -Ano  
 ---------------------------------------------------------------------------------------------------------------------------------------------------------------------------------------
        2      279    6.142   6.009E+05    6.142      277    0.0716  0.1256    0.0912  0.1592    0.0552  0.0956    0.0061  0.0000    0.4089  0.1692    0.0069  0.0000    0.4568  0.2041
        3      401    5.696   5.364E+05    5.707      399    0.0710  0.1272    0.0893  0.1631    0.0528  0.0996    0.0148  0.0000    0.4088  0.1692    0.0166  0.0000    0.4567  0.2041
        4      349    4.717   4.458E+05    4.705      345    0.0802  0.1627    0.1028  0.2098    0.0628  0.1296    0.0224  0.0000    0.4088  0.1692    0.0249  0.0000    0.4566  0.2040
        5      393    5.053   4.556E+05    5.053      389    0.0813  0.1430    0.1033  0.1821    0.0622  0.1101    0.0310  0.0000    0.4087  0.1691    0.0346  0.0000    0.4565  0.2040
        6      384    5.294   4.599E+05    5.294      383    0.0835  0.1367    0.1076  0.1758    0.0663  0.1080    0.0393  0.0000    0.4086  0.1691    0.0441  0.0000    0.4564  0.2039
        7      395    5.856   5.574E+05    5.848      394    0.0680  0.1289    0.0869  0.1655    0.0528  0.1013    0.0479  0.0000    0.4086  0.1691    0.0535  0.0000    0.4564  0.2039
        8      382    6.011   5.928E+05    6.011      381    0.0645  0.1201    0.0820  0.1526    0.0495  0.0920    0.0561  0.0001    0.4086  0.1690    0.0627  0.0000    0.4564  0.2039
        9      399    4.949   4.673E+05    4.949      398    0.0769  0.1489    0.0996  0.1948    0.0620  0.1232    0.0647  0.0001    0.4086  0.1690    0.0723  0.0001    0.4564  0.2038
       10      388    5.095   4.942E+05    5.105      379    0.0735  0.1467    0.0944  0.1898    0.0580  0.1180    0.0730  0.0002    0.4085  0.1690    0.0816  0.0001    0.4563  0.2038
       11      366    5.019   4.869E+05    5.019      363    0.0844  0.1539    0.1061  0.1983    0.0624  0.1223    0.0809  0.0002    0.4083  0.1689    0.0905  0.0002    0.4561  0.2037
       12      359    5.150   5.042E+05    5.150      358    0.0732  0.1470    0.0947  0.1905    0.0590  0.1188    0.0886  0.0003    0.4083  0.1689    0.0992  0.0002    0.4560  0.2037
       13      387    4.993   4.780E+05    5.003      387    0.0818  0.1514    0.1033  0.1927    0.0618  0.1165    0.0968  0.0004    0.4082  0.1689    0.1083  0.0003    0.4560  0.2037
       14      384    5.325   4.899E+05    5.325      384    0.0781  0.1431    0.1002  0.1852    0.0615  0.1153    0.1049  0.0006    0.4082  0.1689    0.1172  0.0005    0.4560  0.2037
       15      381    5.379   5.264E+05    5.371      379    0.0688  0.1319    0.0878  0.1699    0.0535  0.1048    0.1129  0.0008    0.4082  0.1688    0.1261  0.0007    0.4560  0.2036
       16      382    5.110   4.771E+05    5.110      382    0.0797  0.1442    0.1030  0.1872    0.0640  0.1169    0.1209  0.0010    0.4082  0.1688    0.1352  0.0009    0.4560  0.2036
       17      381    5.382   5.357E+05    5.382      378    0.0770  0.1413    0.0983  0.1822    0.0598  0.1127    0.1288  0.0013    0.4082  0.1688    0.1441  0.0012    0.4560  0.2036
       18      370    5.185   4.968E+05    5.190      366    0.0756  0.1450    0.0960  0.1850    0.0578  0.1123    0.1365  0.0015    0.4081  0.1687    0.1527  0.0014    0.4559  0.2034
       19      379    5.509   5.151E+05    5.509      378    0.0768  0.1344    0.0981  0.1733    0.0597  0.1072    0.1442  0.0019    0.4080  0.1687    0.1615  0.0018    0.4558  0.2034
       20      356    5.353   5.397E+05    5.353      354    0.0768  0.1302    0.0980  0.1681    0.0594  0.1041    0.1515  0.0023    0.4080  0.1687    0.1698  0.0022    0.4557  0.2034
       21      350    5.175   5.240E+05    5.175      350    0.0674  0.1339    0.0851  0.1713    0.0509  0.1047    0.1585  0.0027    0.4080  0.1686    0.1774  0.0026    0.4557  0.2034
       22      357    5.148   5.396E+05    5.148      350    0.0709  0.1410    0.0909  0.1826    0.0557  0.1138    0.1658  0.0031    0.4080  0.1686    0.1859  0.0031    0.4557  0.2034
       23      374    5.259   5.479E+05    5.259      374    0.0695  0.1396    0.0884  0.1794    0.0535  0.1104    0.1732  0.0036    0.4078  0.1686    0.1940  0.0037    0.4555  0.2033
       24      335    5.260   5.793E+05    5.260      333    0.0660  0.1311    0.0828  0.1672    0.0489  0.1015    0.1796  0.0042    0.4078  0.1686    0.2013  0.0043    0.4555  0.2033
       25      348    5.375   5.744E+05    5.375      344    0.0684  0.1330    0.0877  0.1727    0.0538  0.1082    0.1865  0.0048    0.4078  0.1685    0.2090  0.0050    0.4555  0.2032
       26      338    5.007   4.325E+05    5.021      336    0.0968  0.1451    0.1235  0.1843    0.0753  0.1112    0.1931  0.0054    0.4077  0.1684    0.2166  0.0057    0.4553  0.2032
       27      323    4.913   5.319E+05    4.913      323    0.0761  0.1597    0.0971  0.2046    0.0591  0.1253    0.1993  0.0060    0.4077  0.1684    0.2235  0.0064    0.4553  0.2031
       28      333    4.951   4.175E+05    4.951      331    0.0948  0.1461    0.1211  0.1885    0.0739  0.1169    0.2056  0.0069    0.4077  0.1684    0.2306  0.0074    0.4553  0.2031
       29      338    5.030   4.549E+05    5.030      335    0.0816  0.1318    0.1041  0.1689    0.0634  0.1034    0.2119  0.0077    0.4076  0.1684    0.2376  0.0083    0.4552  0.2031
       30      365    5.310   5.343E+05    5.310      365    0.0789  0.1424    0.0990  0.1807    0.0585  0.1089    0.2185  0.0088    0.4075  0.1684    0.2451  0.0095    0.4552  0.2031
       31      326    5.265   4.952E+05    5.265      325    0.0809  0.1357    0.1003  0.1711    0.0580  0.1021    0.2241  0.0100    0.4075  0.1683    0.2515  0.0110    0.4552  0.2030
       32      326    4.898   5.314E+05    4.898      320    0.0776  0.1435    0.0964  0.1795    0.0561  0.1056    0.2298  0.0111    0.4075  0.1683    0.2579  0.0124    0.4552  0.2030
       33      314    5.152   4.902E+05    5.152      313    0.0817  0.1230    0.1022  0.1560    0.0602  0.0940    0.2352  0.0123    0.4074  0.1683    0.2639  0.0138    0.4550  0.2029
       34      314    4.642   4.094E+05    4.642      314    0.0927  0.1545    0.1145  0.1943    0.0660  0.1156    0.2406  0.0136    0.4074  0.1682    0.2698  0.0154    0.4550  0.2029
       35      299    4.791   4.913E+05    4.791      299    0.0880  0.1389    0.1093  0.1764    0.0632  0.1063    0.2454  0.0150    0.4074  0.1682    0.2751  0.0172    0.4550  0.2029
       36      348    5.128   5.419E+05    5.138      347    0.0873  0.1539    0.1071  0.1925    0.0605  0.1130    0.2509  0.0167    0.4074  0.1682    0.2815  0.0192    0.4550  0.2029
       37      303    5.173   5.518E+05    5.188      302    0.0845  0.1539    0.1048  0.1935    0.0607  0.1148    0.2556  0.0183    0.4074  0.1682    0.2867  0.0211    0.4550  0.2028
       38      327    4.293   3.727E+05    4.299      325    0.1152  0.1757    0.1416  0.2187    0.0808  0.1277    0.2605  0.0202    0.4073  0.1682    0.2922  0.0234    0.4549  0.2028
       39      274    4.940   4.724E+05    4.940      273    0.0998  0.1508    0.1221  0.1893    0.0689  0.1121    0.2646  0.0217    0.4073  0.1681    0.2967  0.0253    0.4549  0.2028
       40      338    5.049   4.909E+05    5.064      336    0.0969  0.1382    0.1169  0.1709    0.0639  0.0983    0.2694  0.0239    0.4073  0.1681    0.3018  0.0281    0.4549  0.2028
       41      298    4.827   4.950E+05    4.827      298    0.0895  0.1557    0.1080  0.1911    0.0591  0.1079    0.2734  0.0260    0.4072  0.1681    0.3058  0.0307    0.4548  0.2028
       42      288    4.905   5.998E+05    4.905      288    0.0822  0.1467    0.1005  0.1787    0.0566  0.0997    0.2770  0.0283    0.4072  0.1681    0.3099  0.0335    0.4548  0.2027
       43      293    5.388   5.518E+05    5.388      292    0.0854  0.1230    0.1031  0.1505    0.0566  0.0849    0.2805  0.0307    0.4072  0.1681    0.3140  0.0365    0.4548  0.2027
       44      307    4.481   4.637E+05    4.481      305    0.0985  0.1655    0.1176  0.2006    0.0629  0.1109    0.2839  0.0335    0.4072  0.1680    0.3179  0.0400    0.4548  0.2027
       45      285    4.229   4.218E+05    4.229      284    0.0958  0.1475    0.1152  0.1805    0.0629  0.1017    0.2873  0.0359    0.4072  0.1680    0.3218  0.0429    0.4547  0.2027
       46      311    4.571   5.497E+05    4.571      311    0.0863  0.1597    0.1037  0.1958    0.0563  0.1109    0.2907  0.0388    0.4071  0.1680    0.3256  0.0465    0.4547  0.2027
       47      294    4.463   4.219E+05    4.459      293    0.1058  0.1530    0.1266  0.1873    0.0681  0.1052    0.2939  0.0413    0.4071  0.1680    0.3292  0.0496    0.4547  0.2026
       48      284    5.076   5.494E+05    5.076      282    0.1011  0.1563    0.1205  0.1917    0.0644  0.1086    0.2970  0.0440    0.4071  0.1680    0.3325  0.0529    0.4547  0.2026
       49      318    4.607   4.577E+05    4.612      317    0.1196  0.1728    0.1436  0.2126    0.0778  0.1209    0.3005  0.0470    0.4071  0.1680    0.3361  0.0567    0.4546  0.2026
       50      282    4.259   3.915E+05    4.259      265    0.1374  0.1699    0.1638  0.2066    0.0874  0.1151    0.3035  0.0495    0.4070  0.1680    0.3394  0.0599    0.4546  0.2026
       51      289    4.670   5.158E+05    4.670      230    0.0949  0.1624    0.1179  0.2007    0.0693  0.1165    0.3063  0.0526    0.4067  0.1676    0.3424  0.0636    0.4543  0.2022
       52      280    4.587   4.981E+05    4.587      237    0.1016  0.1531    0.1250  0.1904    0.0716  0.1113    0.3089  0.0555    0.4054  0.1637    0.3453  0.0673    0.4532  0.1973
       53      276    4.669   4.911E+05    4.669      229    0.1069  0.1501    0.1329  0.1875    0.0778  0.1107    0.3117  0.0582    0.4044  0.1600    0.3484  0.0706    0.4524  0.1928
       54      293    4.470   4.606E+05    4.470      225    0.1262  0.1735    0.1544  0.2113    0.0877  0.1183    0.3145  0.0611    0.4034  0.1562    0.3516  0.0742    0.4514  0.1880
       55      262    4.373   4.715E+05    4.373      208    0.1026  0.1677    0.1274  0.2090    0.0746  0.1231    0.3171  0.0637    0.4019  0.1528    0.3544  0.0775    0.4499  0.1839
       56      285    4.290   4.354E+05    4.290      237    0.1215  0.1622    0.1499  0.1992    0.0867  0.1140    0.3198  0.0667    0.4006  0.1492    0.3574  0.0812    0.4488  0.1794
       57      274    4.146   3.616E+05    4.141      218    0.1298  0.1643    0.1613  0.2037    0.0944  0.1187    0.3224  0.0694    0.3996  0.1455    0.3604  0.0846    0.4479  0.1747
       58      266    4.165   4.158E+05    4.173      219    0.1375  0.1658    0.1689  0.2046    0.0963  0.1178    0.3249  0.0720    0.3983  0.1419    0.3631  0.0879    0.4466  0.1703
       59      284    4.129   4.277E+05    4.129      219    0.1134  0.1571    0.1415  0.1929    0.0834  0.1103    0.3276  0.0749    0.3972  0.1385    0.3659  0.0915    0.4455  0.1661
       60      264    4.638   5.034E+05    4.638      210    0.1212  0.1614    0.1486  0.2016    0.0848  0.1189    0.3301  0.0775    0.3957  0.1347    0.3687  0.0947    0.4444  0.1613
       61      292    3.976   4.328E+05    3.976      238    0.1216  0.1610    0.1508  0.1997    0.0880  0.1163    0.3328  0.0805    0.3944  0.1315    0.3716  0.0984    0.4433  0.1573
       62      272    4.242   4.831E+05    4.242      221    0.1554  0.1989    0.1890  0.2461    0.1055  0.1428    0.3352  0.0833    0.3931  0.1279    0.3743  0.1019    0.4421  0.1527
       63      261    3.944   4.994E+05    3.944      213    0.1318  0.1874    0.1615  0.2306    0.0920  0.1322    0.3375  0.0859    0.3919  0.1243    0.3769  0.1050    0.4409  0.1482
       64      259    4.072   4.847E+05    4.081      214    0.1249  0.2028    0.1538  0.2524    0.0883  0.1477    0.3398  0.0885    0.3908  0.1210    0.3794  0.1082    0.4398  0.1442
       65      250    4.164   4.683E+05    4.164      205    0.1231  0.1693    0.1513  0.2085    0.0865  0.1196    0.3417  0.0913    0.3896  0.1174    0.3815  0.1116    0.4387  0.1398
       66      249    3.764   3.743E+05    3.764      200    0.1527  0.1729    0.1873  0.2157    0.1066  0.1267    0.3440  0.0935    0.3884  0.1145    0.3842  0.1145    0.4376  0.1361
       67      218    4.180   4.385E+05    4.180      178    0.1319  0.1617    0.1615  0.1990    0.0917  0.1139    0.3459  0.0957    0.3872  0.1113    0.3864  0.1172    0.4363  0.1320
       68      252    3.803   4.346E+05    3.803      200    0.1575  0.2000    0.1939  0.2473    0.1113  0.1433    0.3481  0.0980    0.3862  0.1087    0.3888  0.1202    0.4353  0.1287
       69      248    4.045   4.102E+05    4.045      203    0.1495  0.1909    0.1830  0.2360    0.1041  0.1365    0.3500  0.1007    0.3849  0.1058    0.3910  0.1234    0.4338  0.1249
       70      283    4.062   4.740E+05    4.062      215    0.1144  0.1829    0.1407  0.2273    0.0807  0.1333    0.3523  0.1036    0.3837  0.1024    0.3935  0.1266    0.4326  0.1210
       71      238    3.989   4.521E+05    3.989      188    0.1366  0.1915    0.1664  0.2354    0.0935  0.1348    0.3542  0.1059    0.3818  0.0993    0.3957  0.1296    0.4308  0.1173
       72      239    3.844   4.900E+05    3.847      183    0.1390  0.1953    0.1697  0.2393    0.0958  0.1353    0.3561  0.1081    0.3805  0.0965    0.3977  0.1324    0.4295  0.1137
       73      248    4.304   5.317E+05    4.304      181    0.1330  0.1692    0.1620  0.2071    0.0908  0.1174    0.3583  0.1105    0.3790  0.0939    0.4001  0.1355    0.4279  0.1105
       74      225    4.155   5.364E+05    4.155      169    0.1470  0.1717    0.1783  0.2110    0.0993  0.1201    0.3601  0.1126    0.3772  0.0914    0.4021  0.1381    0.4260  0.1072
       75      243    3.844   5.270E+05    3.844      177    0.1469  0.2310    0.1807  0.2860    0.1034  0.1659    0.3620  0.1149    0.3756  0.0891    0.4043  0.1406    0.4241  0.1043
       76      252    3.676   3.702E+05    3.669      186    0.1822  0.2078    0.2229  0.2547    0.1265  0.1447    0.3640  0.1174    0.3736  0.0866    0.4066  0.1435    0.4221  0.1016
       77      235    3.674   4.410E+05    3.674      168    0.1401  0.1899    0.1716  0.2337    0.0973  0.1336    0.3659  0.1195    0.3717  0.0842    0.4085  0.1461    0.4199  0.0987
       78      239    3.595   3.980E+05    3.595      171    0.1658  0.1904    0.2017  0.2345    0.1128  0.1343    0.3678  0.1216    0.3697  0.0822    0.4105  0.1487    0.4178  0.0963
       79      224    3.529   4.112E+05    3.529      168    0.1407  0.1825    0.1751  0.2296    0.1023  0.1369    0.3694  0.1240    0.3677  0.0802    0.4123  0.1516    0.4156  0.0937
       80      237    3.658   4.204E+05    3.673      169    0.1781  0.2185    0.2195  0.2671    0.1261  0.1508    0.3713  0.1261    0.3657  0.0782    0.4144  0.1539    0.4134  0.0913
       81      241    3.512   3.800E+05    3.512      181    0.2075  0.2442    0.2593  0.3048    0.1527  0.1788    0.3728  0.1287    0.3635  0.0764    0.4162  0.1570    0.4109  0.0894
       82      223    3.371   3.769E+05    3.371      157    0.1845  0.2033    0.2309  0.2542    0.1359  0.1497    0.3746  0.1308    0.3614  0.0742    0.4181  0.1596    0.4082  0.0868
       83      206    4.157   5.072E+05    4.157      151    0.1419  0.1702    0.1773  0.2145    0.1039  0.1277    0.3761  0.1326    0.3590  0.0725    0.4199  0.1618    0.4056  0.0848
       84      243    3.465   4.238E+05    3.479      173    0.1889  0.2144    0.2383  0.2662    0.1424  0.1552    0.3778  0.1348    0.3569  0.0710    0.4218  0.1644    0.4029  0.0830
       85      228    3.216   4.024E+05    3.227      163    0.1566  0.2287    0.1992  0.2836    0.1208  0.1643    0.3795  0.1369    0.3543  0.0695    0.4236  0.1667    0.3999  0.0812
       86      218    2.836   3.620E+05    2.836      149    0.2075  0.3057    0.2616  0.3780    0.1560  0.2184    0.3811  0.1388    0.3518  0.0680    0.4254  0.1689    0.3970  0.0797
       87      215    3.892   5.412E+05    3.908      156    0.1289  0.1941    0.1635  0.2399    0.0986  0.1385    0.3826  0.1408    0.3493  0.0665    0.4270  0.1713    0.3940  0.0781
       88      230    3.222   3.928E+05    3.222      164    0.1822  0.2339    0.2283  0.2894    0.1347  0.1667    0.3842  0.1428    0.3468  0.0652    0.4288  0.1736    0.3911  0.0766
       89      220    2.774   3.402E+05    2.774      146    0.2153  0.2767    0.2750  0.3476    0.1677  0.2065    0.3860  0.1445    0.3441  0.0638    0.4308  0.1756    0.3879  0.0751
       90      228    3.390   3.827E+05    3.390      169    0.2101  0.2052    0.2697  0.2564    0.1656  0.1501    0.3873  0.1469    0.3412  0.0628    0.4323  0.1784    0.3845  0.0740
       91      218    3.833   5.964E+05    3.845      145    0.1549  0.2141    0.1917  0.2631    0.1105  0.1499    0.3890  0.1484    0.3382  0.0615    0.4342  0.1801    0.3809  0.0726
       92      228    3.254   4.577E+05    3.254      164    0.2332  0.2757    0.2915  0.3412    0.1704  0.1962    0.3905  0.1506    0.3355  0.0604    0.4358  0.1827    0.3777  0.0714
       93      222    3.275   4.236E+05    3.275      151    0.2375  0.2863    0.3022  0.3561    0.1832  0.2080    0.3920  0.1526    0.3324  0.0594    0.4375  0.1849    0.3739  0.0704
       94      208    2.657   4.264E+05    2.657      141    0.2603  0.3461    0.3370  0.4341    0.2096  0.2563    0.3935  0.1544    0.3293  0.0585    0.4392  0.1871    0.3703  0.0695
       95      213    3.305   4.904E+05    3.305      156    0.1988  0.2707    0.2472  0.3305    0.1433  0.1856    0.3948  0.1563    0.3263  0.0576    0.4405  0.1891    0.3667  0.0685
       96      213    3.118   4.219E+05    3.118      150    0.2621  0.2664    0.3300  0.3280    0.1951  0.1859    0.3962  0.1582    0.3235  0.0566    0.4421  0.1914    0.3633  0.0676
       97      205    2.566   3.090E+05    2.566      150    0.2763  0.2873    0.3496  0.3531    0.2093  0.2009    0.3974  0.1598    0.3205  0.0558    0.4435  0.1932    0.3596  0.0667
       98      220    2.950   4.063E+05    2.968      155    0.2308  0.3007    0.2917  0.3747    0.1743  0.2190    0.3989  0.1618    0.3178  0.0549    0.4451  0.1955    0.3564  0.0659
       99      202    3.247   4.604E+05    3.247      141    0.2117  0.2559    0.2634  0.3131    0.1530  0.1768    0.4002  0.1634    0.3145  0.0540    0.4467  0.1973    0.3525  0.0650
      100      166    2.471   3.091E+05    2.487      127    0.3057  0.3130    0.3902  0.3893    0.2376  0.2261    0.4011  0.1649    0.3118  0.0531    0.4478  0.1991    0.3490  0.0641
     1001      267    5.250   4.273E+05    5.250      134    0.0879  0.1252    0.1080  0.1552    0.0619  0.0907    0.4040  0.1673    0.3094  0.0524    0.4513  0.2019    0.3460  0.0634
     1002      386    5.844   6.003E+05    5.844      276    0.0790  0.1432    0.1004  0.1793    0.0607  0.1054    0.4065  0.1683    0.3060  0.0502    0.4539  0.2032    0.3421  0.0607
     1003      402    5.994   5.778E+05    5.994      395    0.0696  0.1265    0.0864  0.1610    0.0497  0.0971    0.4066  0.1683    0.3005  0.0475    0.4541  0.2032    0.3362  0.0574
     1004      364    4.668   4.095E+05    4.658      359    0.0814  0.1515    0.1037  0.1958    0.0628  0.1213    0.4067  0.1683    0.2953  0.0443    0.4542  0.2032    0.3306  0.0533
     1005      379    5.044   4.558E+05    5.044      378    0.0768  0.1437    0.0973  0.1815    0.0582  0.1081    0.4067  0.1684    0.2899  0.0421    0.4542  0.2032    0.3249  0.0506
     1006      386    5.190   4.771E+05    5.190      380    0.0802  0.1413    0.1022  0.1809    0.0618  0.1104    0.4069  0.1684    0.2847  0.0394    0.4544  0.2032    0.3193  0.0474
     1007      392    5.518   5.120E+05    5.511      388    0.0716  0.1314    0.0904  0.1678    0.0538  0.1019    0.4070  0.1684    0.2792  0.0368    0.4545  0.2032    0.3132  0.0441
     1008      393    5.779   5.700E+05    5.779      390    0.0678  0.1252    0.0864  0.1592    0.0524  0.0961    0.4070  0.1684    0.2737  0.0341    0.4546  0.2032    0.3072  0.0410
     1009      403    5.283   5.315E+05    5.283      397    0.0678  0.1448    0.0869  0.1858    0.0532  0.1140    0.4072  0.1684    0.2680  0.0315    0.4548  0.2032    0.3009  0.0378
     1010      390    5.094   4.995E+05    5.105      387    0.0758  0.1580    0.0969  0.2042    0.0591  0.1267    0.4072  0.1685    0.2619  0.0291    0.4548  0.2033    0.2941  0.0350
     1011      371    4.955   4.973E+05    4.955      366    0.0758  0.1501    0.0954  0.1922    0.0563  0.1173    0.4073  0.1685    0.2561  0.0267    0.4550  0.2033    0.2877  0.0321
     1012      363    5.077   5.093E+05    5.077      361    0.0727  0.1517    0.0931  0.1949    0.0569  0.1197    0.4074  0.1685    0.2506  0.0246    0.4550  0.2033    0.2815  0.0295
     1013      391    4.971   4.721E+05    4.979      389    0.0742  0.1606    0.0941  0.2049    0.0566  0.1242    0.4074  0.1685    0.2449  0.0227    0.4551  0.2033    0.2752  0.0271
     1014      386    5.479   5.163E+05    5.479      384    0.0734  0.1385    0.0932  0.1765    0.0560  0.1071    0.4075  0.1685    0.2388  0.0206    0.4552  0.2033    0.2687  0.0246
     1015      393    5.127   5.129E+05    5.120      392    0.0789  0.1507    0.0989  0.1920    0.0582  0.1162    0.4075  0.1686    0.2327  0.0186    0.4552  0.2034    0.2619  0.0222
     1016      370    5.074   4.681E+05    5.074      368    0.0716  0.1417    0.0918  0.1823    0.0561  0.1125    0.4075  0.1686    0.2264  0.0168    0.4552  0.2034    0.2551  0.0201
     1017      392    5.212   5.125E+05    5.224      388    0.0754  0.1472    0.0959  0.1891    0.0580  0.1163    0.4076  0.1686    0.2201  0.0154    0.4553  0.2034    0.2482  0.0183
     1018      356    5.297   5.132E+05    5.302      354    0.0661  0.1304    0.0840  0.1672    0.0506  0.1025    0.4077  0.1686    0.2133  0.0138    0.4554  0.2034    0.2405  0.0164
     1019      380    5.616   5.147E+05    5.616      378    0.0723  0.1348    0.0919  0.1725    0.0555  0.1055    0.4077  0.1686    0.2074  0.0124    0.4555  0.2034    0.2339  0.0146
     1020      367    4.786   5.161E+05    4.786      361    0.0717  0.1473    0.0910  0.1891    0.0547  0.1163    0.4078  0.1686    0.2008  0.0111    0.4556  0.2034    0.2265  0.0131
     1021      360    4.981   5.192E+05    4.981      360    0.0628  0.1339    0.0800  0.1716    0.0485  0.1052    0.4078  0.1686    0.1941  0.0100    0.4556  0.2034    0.2190  0.0118
     1022      343    5.091   5.513E+05    5.091      338    0.0712  0.1442    0.0903  0.1849    0.0545  0.1136    0.4079  0.1686    0.1875  0.0089    0.4558  0.2034    0.2118  0.0106
     1023      378    5.466   6.009E+05    5.466      375    0.0718  0.1359    0.0906  0.1750    0.0538  0.1079    0.4080  0.1686    0.1812  0.0081    0.4559  0.2034    0.2046  0.0095
     1024      348    5.055   5.686E+05    5.055      345    0.0803  0.1437    0.0998  0.1841    0.0579  0.1127    0.4081  0.1686    0.1741  0.0071    0.4559  0.2034    0.1967  0.0083
     1025      346    5.039   5.601E+05    5.039      343    0.0644  0.1411    0.0819  0.1817    0.0494  0.1123    0.4081  0.1686    0.1674  0.0064    0.4560  0.2034    0.1892  0.0075
     1026      336    4.994   4.398E+05    5.007      333    0.0840  0.1385    0.1067  0.1767    0.0646  0.1078    0.4082  0.1686    0.1611  0.0056    0.4561  0.2034    0.1823  0.0065
     1027      322    4.706   5.400E+05    4.706      321    0.0705  0.1580    0.0895  0.2017    0.0538  0.1226    0.4082  0.1687    0.1546  0.0049    0.4561  0.2035    0.1748  0.0057
     1028      342    4.845   4.030E+05    4.845      338    0.0849  0.1465    0.1082  0.1878    0.0659  0.1152    0.4083  0.1687    0.1485  0.0042    0.4562  0.2035    0.1681  0.0049
     1029      335    4.563   4.405E+05    4.563      333    0.0814  0.1518    0.1028  0.1929    0.0615  0.1164    0.4084  0.1687    0.1418  0.0037    0.4563  0.2035    0.1604  0.0043
     1030      375    4.958   5.093E+05    4.972      374    0.0838  0.1532    0.1050  0.1960    0.0618  0.1197    0.4084  0.1687    0.1352  0.0032    0.4563  0.2036    0.1531  0.0036
     1031      328    5.223   5.610E+05    5.223      328    0.0999  0.1605    0.1222  0.2015    0.0688  0.1192    0.4084  0.1688    0.1279  0.0025    0.4563  0.2036    0.1449  0.0029
     1032      321    4.676   5.210E+05    4.676      318    0.0898  0.1639    0.1113  0.2061    0.0646  0.1225    0.4084  0.1688    0.1215  0.0021    0.4563  0.2036    0.1376  0.0024
     1033      321    4.886   5.020E+05    4.886      318    0.1010  0.1458    0.1252  0.1850    0.0726  0.1115    0.4085  0.1688    0.1149  0.0019    0.4564  0.2036    0.1301  0.0021
     1034      308    4.552   4.549E+05    4.552      306    0.1080  0.1723    0.1323  0.2161    0.0751  0.1281    0.4086  0.1688    0.1084  0.0015    0.4565  0.2036    0.1229  0.0018
     1035      315    4.396   4.974E+05    4.396      314    0.1005  0.1791    0.1232  0.2261    0.0696  0.1348    0.4086  0.1689    0.1020  0.0013    0.4565  0.2036    0.1158  0.0015
     1036      349    4.615   5.314E+05    4.624      349    0.0800  0.1648    0.0985  0.2071    0.0561  0.1227    0.4086  0.1689    0.0956  0.0011    0.4565  0.2036    0.1089  0.0012
     1037      297    4.404   5.091E+05    4.418      296    0.0957  0.1831    0.1177  0.2291    0.0672  0.1349    0.4086  0.1689    0.0886  0.0008    0.4565  0.2037    0.1006  0.0009
     1038      335    3.707   3.500E+05    3.711      333    0.1208  0.1865    0.1481  0.2344    0.0839  0.1391    0.4086  0.1689    0.0825  0.0005    0.4566  0.2037    0.0938  0.0006
     1039      270    4.126   4.375E+05    4.121      268    0.1034  0.1693    0.1275  0.2146    0.0733  0.1292    0.4087  0.1689    0.0753  0.0005    0.4566  0.2037    0.0856  0.0006
     1040      338    4.318   5.116E+05    4.330      337    0.1005  0.1731    0.1215  0.2153    0.0667  0.1251    0.4087  0.1690    0.0698  0.0004    0.4566  0.2038    0.0794  0.0005
     1041      306    3.996   5.228E+05    3.996      305    0.1374  0.1982    0.1658  0.2480    0.0911  0.1455    0.4087  0.1690    0.0627  0.0003    0.4567  0.2039    0.0715  0.0003
     1042      286    3.971   6.661E+05    3.971      285    0.1584  0.2374    0.1924  0.2933    0.1072  0.1688    0.4087  0.1691    0.0563  0.0001    0.4567  0.2039    0.0648  0.0002
     1043      294    4.427   6.615E+05    4.427      294    0.1663  0.2176    0.2002  0.2668    0.1093  0.1511    0.4087  0.1691    0.0502  0.0001    0.4567  0.2040    0.0575  0.0001
     1044      304    3.485   5.086E+05    3.485      304    0.1955  0.2767    0.2339  0.3416    0.1259  0.1958    0.4087  0.1692    0.0440  0.0000    0.4567  0.2040    0.0503  0.0000
     1045      294    3.111   4.490E+05    3.111      293    0.2058  0.2770    0.2467  0.3394    0.1339  0.1920    0.4088  0.1692    0.0374  0.0000    0.4567  0.2040    0.0427  0.0000
     1046      301    3.475   5.801E+05    3.475      299    0.1308  0.2380    0.1574  0.2958    0.0860  0.1718    0.4088  0.1692    0.0311  0.0000    0.4567  0.2040    0.0355  0.0000
     1047      297    3.190   3.979E+05    3.188      296    0.1607  0.2460    0.1922  0.3032    0.1034  0.1727    0.4088  0.1692    0.0245  0.0000    0.4567  0.2041    0.0280  0.0000
     1048      287    3.335   4.734E+05    3.335      286    0.1636  0.2376    0.1943  0.2934    0.1029  0.1684    0.4089  0.1692    0.0181  0.0000    0.4568  0.2041    0.0206  0.0000
     1049      319    2.883   3.481E+05    2.875      318    0.2277  0.2880    0.2699  0.3524    0.1424  0.1983    0.4089  0.1692    0.0119  0.0000    0.4568  0.2041    0.0137  0.0000
     1050      228    2.740   3.080E+05    2.740      228    0.2412  0.2737    0.2849  0.3326    0.1491  0.1854    0.4089  0.1692    0.0050  0.0000    0.4568  0.2041    0.0058  0.0000
 ---------------------------------------------------------------------------------------------------------------------------------------------------------------------------------------
   Total     45903                                  42532                                                          0.4089  0.1692                      0.4568  0.2041

  Calling close_file ... 

 MRFANA: normal termination

