
 ##############################################################################
 # This software is licenced to : Global Phasing Ltd (www) 
 ##############################################################################

 ##############################################################################
 ##   Processing of diffraction images: Scaling of integrated intensities
 ##############################################################################

      Copyright (C) 2004-2019 by Global Phasing Limited
 
                All rights reserved.
 
                This software is proprietary to and embodies the confidential
                technology of Global Phasing Limited (GPhL). Possession, use,
                duplication or dissemination of the software is authorised
                only pursuant to a valid written licence from GPhL.

      Version:  1.0.5  <2020-01-16 02:41:20>

 ------------------------------------------------------------------------------

      Authors:  (2004-2007) C. Vonrhein
                (2008-2009) C. Flensburg, C. Vonrhein
                (2010-2015) G. Bricogne, C. Flensburg, P. Keller, W. Paciorek, A. Sharff, O. Smart, C. Vonrhein
                (2016-2019) G. Bricogne, C. Flensburg, P. Keller, W. Paciorek, A. Sharff, I. Tickle, C. Vonrhein

      External: (2006-2019) [POINTLESS] P. Evans
                (2011-2019) [AIMLESS] P. Evans
                (2005-2019) [XSCALE] W. Kabsch, K. Diederichs
 
      Contact:  proc-develop@GlobalPhasing.com
 
  Please cite:  Vonrhein, C., Flensburg, C., Keller, P., Sharff, A., Smart, O.,
                Paciorek, W., Womack, T. & Bricogne, G. (2011). Data processing
                and analysis with the autoPROC toolbox. Acta Cryst. D67, 293-302.
 
                see: http://journals.iucr.org/d/issues/2011/04/00/ba5166/ba5166bdy.html
 
 ==============================================================================
 
 
 NOTE : running with arguments "-mtz
        ../eocdgF42qmcTbhYV-SWS-xdsmtz-mrf.mtz -scale
        CONSTANT -M HighResCutOnCChalf RunTruncate=no"
 
 
 NOTE : running scaling with AIMLESS
        (/home/software/xtal/ccp4/7.0/ccp4-7.0/bin/aimless)
 
 
 NOTE : going to use 8 threads in AIMLESS
 
 
 NOTE : setting initial resolution limits = 43.75 2.49 (can
        be overwritten with -R flag)
 
awk: cmd. line:3: (FILENAME=- FNR=1) fatal: division by zero attempted

 ##############################################################################################
 # RUN-layout
 ##############################################################################################

      RUN        1 BATCH     2 TO   100
      NAME RUN   1 PROJECT XDSproject CRYSTAL XDScrystal_0.97918 DATASET 0.97918
      
      RUN        2 BATCH  1001 TO  1050
      NAME RUN   2 PROJECT XDSproject CRYSTAL XDScrystal_0.97918 DATASET 0.97918
      
 
 
 NOTE : time spent in preparation = 1 sec
 

 ##############################################################################################
 # CYCLE-1
 ##############################################################################################

mv: cannot stat `aimless_unmerged_fix_mrf_dcell.mtz': No such file or directory
/home/software/xtal/gphl/gphl-20200116/autoPROC/bin/linux64/aP_scale: 1: rmsmall: not found
   Cell:  190.95  110.30   64.28   90.00   96.29   90.00
   Wavelength:  0.97918 A
   Run number:    1 consists of batches          2 to        100
      Resolution range for run:    43.74    2.50
      Closest reciprocal axis to spindle: none
   Run number:    2 consists of batches       1001 to       1050
      Resolution range for run:    43.74    2.50
      Closest reciprocal axis to spindle: none
 
 ------------------------------------------------------------------------------------------------------------------------------------------------
                                                                                     Completeness    Multiplicity
                                                                                     --------------  ------------
            Resolution      #uniq     #Rfac  Rmerge   Rmeas    Rpim   #Isig  I/sigI     all     ano    all    ano CC(1/2)  #CCAno CC(ano)  SigAno
 ------------------------------------------------------------------------------------------------------------------------------------------------
         43.737 -  10.016     356       889   0.039   0.047   0.026     356  43.347  0.4850  0.3546   2.65   1.59  0.9945     102 -0.1096   1.273
         10.016 -   7.966     390       998   0.041   0.050   0.029     390  32.024  0.5417  0.3982   2.70   1.60  0.9966     113  0.2198   1.092
          7.966 -   6.964     395       931   0.057   0.070   0.039     395  21.813  0.5471  0.3452   2.55   1.62  0.9938      90  0.1470   1.083
          6.964 -   6.329     365       849   0.062   0.076   0.044     365  17.364  0.5091  0.2800   2.53   1.67  0.9939      77  0.0108   1.018
          6.329 -   5.876     405       959   0.066   0.082   0.047     405  15.164  0.5664  0.3432   2.57   1.65  0.9923      92  0.1092   0.927
          5.876 -   5.531     398       921   0.071   0.088   0.051     398  14.422  0.5694  0.3359   2.52   1.64  0.9920      82  0.0681   0.855
          5.531 -   5.254     422      1004   0.070   0.086   0.049     422  15.565  0.5919  0.3515   2.56   1.64  0.9903      88  0.1243   0.912
          5.254 -   5.026     426       964   0.070   0.086   0.049     426  14.640  0.6025  0.3314   2.49   1.65  0.9923      85  0.1122   0.976
          5.026 -   4.833     424       981   0.063   0.078   0.045     424  16.555  0.5889  0.3363   2.51   1.63  0.9901      81 -0.0543   0.926
          4.833 -   4.666     400       870   0.066   0.083   0.048     400  16.859  0.5610  0.2730   2.41   1.65  0.9894      65  0.0035   0.946
          4.666 -   4.520     370       811   0.068   0.082   0.046     370  17.111  0.5241  0.2630   2.44   1.68  0.9926      64 -0.4838   0.972
          4.520 -   4.391     411       877   0.080   0.100   0.057     411  14.260  0.5838  0.2861   2.39   1.66  0.9897      74 -0.1691   1.017
          4.391 -   4.276     414       918   0.071   0.087   0.050     414  14.672  0.5957  0.3039   2.43   1.63  0.9932      72 -0.0419   0.895
          4.276 -   4.171     432       945   0.082   0.101   0.058     432  13.290  0.5902  0.3055   2.41   1.59  0.9915      65  0.1874   0.907
          4.171 -   4.077     412       928   0.082   0.102   0.059     412  12.786  0.6023  0.3141   2.46   1.63  0.9895      66 -0.0709   0.986
          4.077 -   3.990     417       908   0.091   0.113   0.064     417  12.227  0.5932  0.2859   2.42   1.67  0.9852      68 -0.1972   0.871
          3.990 -   3.910     447       958   0.103   0.128   0.076     447   9.750  0.6252  0.2900   2.38   1.64  0.9839      65  0.0359   0.923
          3.910 -   3.837     442       967   0.127   0.159   0.093     442   8.937  0.6261  0.3035   2.42   1.63  0.9700      69  0.1162   0.943
          3.837 -   3.768     428       915   0.114   0.141   0.082     428   8.708  0.6194  0.2988   2.39   1.65  0.9801      66  0.0538   0.859
          3.768 -   3.704     446       954   0.146   0.183   0.108     446   7.306  0.6177  0.2935   2.37   1.59  0.9674      55 -0.0470   0.812
          3.704 -   3.644     447       958   0.139   0.173   0.101     447   7.673  0.6296  0.3100   2.39   1.65  0.9716      70  0.0406   0.849
          3.644 -   3.588     419       902   0.136   0.170   0.100     419   7.335  0.6189  0.2686   2.37   1.64  0.9778      51  0.1220   0.769
          3.588 -   3.536     362       761   0.163   0.202   0.116     362   7.156  0.5084  0.2217   2.37   1.69  0.9681      55  0.1897   0.918
          3.536 -   3.486     408       817   0.153   0.191   0.113     408   6.362  0.5862  0.2332   2.28   1.67  0.9692      48 -0.2203   0.841
          3.486 -   3.439     430       874   0.178   0.222   0.130     430   5.798  0.5964  0.2589   2.31   1.65  0.9699      55  0.1191   0.883
          3.439 -   3.394     415       862   0.202   0.254   0.151     415   4.845  0.6023  0.2560   2.33   1.64  0.9512      54  0.1023   0.757
          3.394 -   3.352     423       858   0.216   0.271   0.161     423   4.850  0.6052  0.2626   2.29   1.58  0.9473      47 -0.0914   0.804
          3.352 -   3.311     443       883   0.216   0.272   0.162     443   4.578  0.6119  0.2514   2.27   1.62  0.9402      47 -0.0593   0.845
          3.311 -   3.273     447       910   0.261   0.327   0.193     447   4.104  0.6305  0.2734   2.31   1.63  0.9214      53 -0.1688   0.769
          3.273 -   3.236     429       865   0.274   0.347   0.209     429   3.730  0.6480  0.2740   2.28   1.60  0.9184      50 -0.3930   0.746
          3.236 -   3.201     462       944   0.287   0.361   0.215     462   3.526  0.6329  0.2768   2.30   1.58  0.8874      48 -0.1431   0.748
          3.201 -   3.167     446       902   0.317   0.397   0.235     446   3.165  0.6229  0.2493   2.28   1.60  0.9067      46 -0.1861   0.845
          3.167 -   3.135     455       915   0.326   0.407   0.240     455   3.010  0.6575  0.2683   2.27   1.61  0.9076      51  0.0711   0.833
          3.135 -   3.104     453       879   0.390   0.491   0.293     453   2.756  0.6490  0.2570   2.23   1.59  0.8651      43  0.1145   0.811
          3.104 -   3.074     449       949   0.367   0.460   0.271     449   2.717  0.6479  0.2781   2.34   1.61  0.8887      56  0.2621   0.904
          3.074 -   3.045     472       963   0.465   0.585   0.349     472   2.202  0.6629  0.2739   2.30   1.61  0.8073      48  0.0937   0.798
          3.045 -   3.018     467       877   0.494   0.625   0.377     467   2.070  0.6380  0.2486   2.18   1.55  0.7823      44  0.0497   0.751
          3.018 -   2.991     459       962   0.433   0.542   0.320     459   2.186  0.6701  0.2928   2.33   1.60  0.8979      51 -0.0496   0.828
          2.991 -   2.965     455       850   0.563   0.709   0.424     455   1.863  0.6575  0.2389   2.18   1.61  0.7513      45  0.0699   0.889
          2.965 -   2.940     479       961   0.499   0.626   0.370     479   1.943  0.6746  0.2692   2.27   1.59  0.8684      43  0.1299   0.824
          2.940 -   2.916     421       855   0.646   0.807   0.476     421   1.553  0.6293  0.2615   2.29   1.59  0.8041      41  0.0526   0.800
          2.916 -   2.893     425       779   0.626   0.791   0.476     425   1.664  0.5790  0.2062   2.15   1.56  0.7062      34  0.0763   0.846
          2.893 -   2.870     431       804   0.615   0.772   0.459     431   1.491  0.5986  0.1926   2.17   1.64  0.6555      37 -0.4376   0.805
          2.870 -   2.848     423       760   0.627   0.785   0.464     423   1.462  0.6078  0.2074   2.14   1.63  0.7474      36  0.0667   0.798
          2.848 -   2.827     433       817   0.679   0.852   0.507     433   1.376  0.6521  0.2396   2.18   1.59  0.7094      39  0.0924   0.853
          2.827 -   2.807     452       865   0.758   0.950   0.564     452   1.350  0.6420  0.2237   2.20   1.61  0.6526      39 -0.0672   0.903
          2.807 -   2.786     447       893   0.754   0.949   0.566     447   1.338  0.6183  0.2342   2.26   1.61  0.7642      41 -0.0052   0.848
          2.786 -   2.767     439       795   0.740   0.943   0.574     439   1.283  0.6504  0.2317   2.13   1.56  0.5725      36  0.2863   0.813
          2.767 -   2.748     490       956   0.968   1.221   0.732     490   1.064  0.6631  0.2428   2.23   1.60  0.5406      44  0.1372   0.789
          2.748 -   2.730     442       849   0.856   1.079   0.647     442   1.047  0.6443  0.2370   2.21   1.57  0.6258      38 -0.1131   0.727
          2.730 -   2.712     450       858   1.121   1.421   0.861     450   0.888  0.6429  0.2261   2.19   1.60  0.4820      34  0.2073   0.794
          2.712 -   2.694     458       903   0.912   1.151   0.691     458   0.944  0.6599  0.2396   2.23   1.60  0.6170      40  0.0027   0.718
          2.694 -   2.677     460       886   1.390   1.757   1.059     460   0.804  0.6638  0.2405   2.20   1.58  0.3727      35  0.1215   0.765
          2.677 -   2.660     465       888   1.085   1.376   0.833     465   0.915  0.6586  0.2416   2.20   1.58  0.5318      38  0.1718   0.808
          2.660 -   2.644     477       895   1.138   1.452   0.887     477   0.861  0.6662  0.2278   2.15   1.57  0.5440      38  0.0660   0.734
          2.644 -   2.628     485       921   1.358   1.722   1.043     485   0.754  0.6850  0.2504   2.18   1.56  0.5045      38 -0.0655   0.790
          2.628 -   2.613     467       869   1.682   2.136   1.293     467   0.612  0.6671  0.2271   2.16   1.58  0.3869      38  0.0872   0.804
          2.613 -   2.598     442       836   1.651   2.097   1.274     442   0.616  0.6529  0.2436   2.18   1.55  0.3644      33 -0.2426   0.715
          2.598 -   2.583     507      1034   1.652   2.092   1.261     507   0.590  0.6936  0.2619   2.28   1.61  0.3346      49  0.0457   0.815
          2.583 -   2.569     436       818   1.518   1.933   1.179     436   0.655  0.6646  0.2245   2.15   1.56  0.3717      28  0.1184   0.804
          2.569 -   2.555     488       911   2.014   2.553   1.543     488   0.527  0.6864  0.2409   2.17   1.59  0.2986      35 -0.0004   0.773
          2.555 -   2.541     489       930   1.588   2.010   1.215     489   0.618  0.6662  0.2420   2.18   1.56  0.3571      35 -0.0694   0.727
          2.541 -   2.527     466       894   1.732   2.196   1.329     466   0.539  0.6582  0.2225   2.19   1.58  0.3286      35 -0.1553   0.753
          2.527 -   2.514     460       878   2.408   3.075   1.882     460   0.353  0.6855  0.2508   2.19   1.55  0.1028      32 -0.2059   0.759
          2.514 -   2.501     413       684   1.932   2.513   1.586     413   0.433  0.5908  0.2024   2.00   1.43  0.2190      16 -0.2995   0.801
 ------------------------------------------------------------------------------------------------------------------------------------------------
 Total:  43.737 -   2.501   28386     58017   0.132   0.165   0.097   28386   6.237  0.6199  0.2670   2.30   1.61  0.9912    3453 -0.0188   0.861
 
                                              Overall  InnerShell  OuterShell
  ---------------------------------------------------------------------------
     Low resolution limit                      43.737      43.737       2.514
     High resolution limit                      2.501      10.016       2.501


     Rmerge  (all I+ & I-)                      0.132       0.039       1.932
     Rmerge  (within I+/I-)                     0.107       0.033       1.355
     Rmeas   (all I+ & I-)                      0.165       0.047       2.513
     Rmeas   (within I+/I-)                     0.147       0.046       1.880
     Rpim    (all I+ & I-)                      0.097       0.026       1.586
     Rpim    (within I+/I-)                     0.100       0.032       1.299
     Total number of observations               65356         942         824
     Total number unique                        28386         356         413
     Mean(I)/sd(I)                                6.2        43.3         0.4
     Completeness                                62.0        48.5        59.1
     Multiplicity                                 2.3         2.6         2.0
     CC(1/2)                                    0.991       0.995       0.219


 
     Estimates (from AIMLESS) of resolution limits in reciprocal lattice directions:
       Along    1.00 a* + 0.00 c*
        from half-dataset correlation CC(1/2) >  0.00: limit =  2.50A  == maximum resolution
        from Mn(I/sd) >  0.00:                         limit =  2.50A  == maximum resolution
       Along k axis
        from half-dataset correlation CC(1/2) >  0.00: limit =  2.50A 
        from Mn(I/sd) >  0.00:                         limit =  2.50A  == maximum resolution
       Along   -0.34 a* + 0.94 c*
        from half-dataset correlation CC(1/2) >  0.00: limit =  2.68A 
        from Mn(I/sd) >  0.00:                         limit =  2.50A  == maximum resolution
 
  RESOLUTION RUN   1   43.75 2.5011 
  RESOLUTION RUN   2   43.75 2.5011 
 
 NOTE : time spent in cycle-1 = 9 sec
 

 ##############################################################################################
 # CYCLE-2
 ##############################################################################################

mv: cannot stat `aimless_unmerged_fix_mrf_dcell.mtz': No such file or directory
/home/software/xtal/gphl/gphl-20200116/autoPROC/bin/linux64/aP_scale: 1: rmsmall: not found
   Cell:  190.95  110.30   64.28   90.00   96.29   90.00
   Wavelength:  0.97918 A
   Run number:    1 consists of batches          2 to        100
      Resolution range for run:    43.74    2.50
      Closest reciprocal axis to spindle: none
   Run number:    2 consists of batches       1001 to       1050
      Resolution range for run:    43.74    2.50
      Closest reciprocal axis to spindle: none
 
 ------------------------------------------------------------------------------------------------------------------------------------------------
                                                                                     Completeness    Multiplicity
                                                                                     --------------  ------------
            Resolution      #uniq     #Rfac  Rmerge   Rmeas    Rpim   #Isig  I/sigI     all     ano    all    ano CC(1/2)  #CCAno CC(ano)  SigAno
 ------------------------------------------------------------------------------------------------------------------------------------------------
         43.737 -  10.018     356       889   0.039   0.047   0.027     356  43.988  0.4850  0.3546   2.65   1.59  0.9946     102 -0.0951   1.304
         10.018 -   7.967     390       997   0.041   0.050   0.029     390  32.737  0.5424  0.4003   2.69   1.60  0.9968     112  0.0101   1.115
          7.967 -   6.965     395       929   0.057   0.069   0.039     395  22.350  0.5479  0.3458   2.54   1.61  0.9939      90  0.0204   1.104
          6.965 -   6.330     364       848   0.061   0.076   0.044     364  18.012  0.5084  0.2789   2.53   1.68  0.9941      77  0.0723   1.052
          6.330 -   5.878     407       962   0.066   0.082   0.047     407  15.633  0.5684  0.3441   2.57   1.65  0.9922      92  0.2106   0.967
          5.878 -   5.532     397       919   0.072   0.089   0.051     397  14.842  0.5680  0.3359   2.52   1.64  0.9918      82 -0.0103   0.883
          5.532 -   5.255     422      1006   0.070   0.086   0.049     422  16.155  0.5919  0.3515   2.57   1.64  0.9909      88  0.1296   0.947
          5.255 -   5.027     426       960   0.069   0.086   0.049     426  15.062  0.6025  0.3299   2.48   1.65  0.9925      84  0.0280   1.014
          5.027 -   4.834     425       983   0.063   0.078   0.045     425  17.083  0.5903  0.3377   2.51   1.63  0.9901      81 -0.0295   0.963
          4.834 -   4.667     400       870   0.067   0.083   0.048     400  17.390  0.5602  0.2726   2.41   1.65  0.9898      65 -0.1323   0.984
          4.667 -   4.521     367       807   0.068   0.082   0.046     367  17.732  0.5228  0.2646   2.44   1.68  0.9924      64 -0.5244   1.011
          4.521 -   4.392     410       868   0.081   0.100   0.058     410  14.565  0.5824  0.2817   2.38   1.65  0.9901      73 -0.1773   1.035
          4.392 -   4.277     416       924   0.071   0.087   0.050     416  15.275  0.5968  0.3040   2.44   1.64  0.9932      72 -0.0899   0.945
          4.277 -   4.172     430       944   0.081   0.101   0.058     430  13.730  0.5907  0.3073   2.41   1.60  0.9915      66  0.1395   0.939
          4.172 -   4.077     412       925   0.083   0.103   0.060     412  13.080  0.6041  0.3140   2.46   1.63  0.9895      65 -0.1198   1.016
          4.077 -   3.991     419       910   0.091   0.112   0.064     419  12.643  0.5918  0.2838   2.42   1.67  0.9851      68 -0.1883   0.916
          3.991 -   3.911     446       963   0.102   0.128   0.075     446  10.088  0.6255  0.2938   2.39   1.65  0.9837      66  0.1152   0.955
          3.911 -   3.837     437       950   0.126   0.157   0.092     437   9.287  0.6216  0.2990   2.41   1.63  0.9704      68 -0.0977   0.980
          3.837 -   3.769     434       927   0.116   0.144   0.083     434   8.917  0.6236  0.2996   2.38   1.65  0.9798      66  0.0531   0.887
          3.769 -   3.705     444       949   0.144   0.181   0.107     444   7.555  0.6167  0.2929   2.37   1.59  0.9685      56 -0.1641   0.846
          3.705 -   3.645     444       962   0.140   0.174   0.101     444   7.981  0.6325  0.3152   2.41   1.65  0.9717      70  0.0504   0.891
          3.645 -   3.589     419       890   0.137   0.171   0.101     419   7.467  0.6126  0.2628   2.35   1.64  0.9776      49  0.0516   0.807
          3.589 -   3.536     363       775   0.163   0.202   0.116     363   7.441  0.5120  0.2282   2.40   1.69  0.9657      57  0.1955   0.933
          3.536 -   3.487     410       814   0.152   0.190   0.112     410   6.503  0.5849  0.2303   2.27   1.67  0.9712      48 -0.2130   0.859
          3.487 -   3.439     428       863   0.174   0.217   0.128     428   6.032  0.5978  0.2546   2.30   1.64  0.9701      54  0.0072   0.904
          3.439 -   3.395     417       870   0.207   0.260   0.155     417   4.892  0.6009  0.2589   2.34   1.64  0.9529      54  0.0228   0.801
          3.395 -   3.352     422       860   0.216   0.271   0.160     422   4.977  0.6063  0.2619   2.30   1.59  0.9450      47  0.0645   0.848
          3.352 -   3.312     442       879   0.216   0.271   0.162     442   4.711  0.6113  0.2521   2.27   1.61  0.9403      48  0.0525   0.879
          3.312 -   3.274     448       910   0.259   0.325   0.192     448   4.203  0.6328  0.2734   2.31   1.62  0.9247      52 -0.0977   0.797
          3.274 -   3.237     428       871   0.276   0.348   0.209     428   3.845  0.6514  0.2781   2.30   1.61  0.9163      51 -0.3721   0.784
          3.237 -   3.202     459       941   0.290   0.365   0.218     459   3.574  0.6270  0.2761   2.30   1.58  0.8857      47 -0.0712   0.779
          3.202 -   3.168     445       894   0.318   0.398   0.236     445   3.206  0.6198  0.2443   2.27   1.60  0.9077      46 -0.1049   0.885
          3.168 -   3.136     459       926   0.327   0.407   0.239     459   3.047  0.6652  0.2765   2.28   1.61  0.9073      52 -0.0018   0.867
          3.136 -   3.105     452       872   0.386   0.486   0.290     452   2.815  0.6457  0.2529   2.22   1.59  0.8669      43  0.1573   0.843
          3.105 -   3.075     449       951   0.368   0.460   0.271     449   2.775  0.6488  0.2774   2.35   1.61  0.8874      55  0.2424   0.942
          3.075 -   3.046     464       954   0.476   0.599   0.357     464   2.205  0.6563  0.2774   2.31   1.61  0.8029      48  0.0697   0.831
          3.046 -   3.018     472       881   0.492   0.623   0.376     472   2.074  0.6448  0.2486   2.17   1.55  0.7858      45  0.1239   0.773
          3.018 -   2.992     458       953   0.428   0.536   0.317     458   2.226  0.6667  0.2844   2.32   1.60  0.8972      51 -0.0415   0.852
          2.992 -   2.966     452       855   0.571   0.719   0.429     452   1.887  0.6560  0.2440   2.19   1.61  0.7523      45  0.1263   0.936
          2.966 -   2.941     481       956   0.501   0.628   0.372     481   1.950  0.6765  0.2706   2.25   1.58  0.8662      42  0.1137   0.852
          2.941 -   2.917     428       870   0.638   0.797   0.469     428   1.571  0.6331  0.2602   2.29   1.59  0.8086      42  0.1515   0.811
          2.917 -   2.893     421       774   0.633   0.801   0.483     421   1.670  0.5775  0.2059   2.15   1.56  0.7038      33  0.2325   0.885
          2.893 -   2.871     425       790   0.635   0.796   0.472     425   1.461  0.5919  0.1905   2.17   1.64  0.6390      36 -0.1875   0.849
          2.871 -   2.849     434       783   0.612   0.766   0.454     434   1.491  0.6165  0.2105   2.14   1.63  0.7534      37  0.0586   0.820
          2.849 -   2.828     425       802   0.678   0.851   0.505     425   1.386  0.6528  0.2433   2.19   1.60  0.7105      40 -0.0387   0.884
          2.828 -   2.807     456       872   0.770   0.969   0.577     456   1.334  0.6432  0.2206   2.20   1.60  0.6447      38 -0.2956   0.933
          2.807 -   2.787     445       897   0.771   0.967   0.574     445   1.342  0.6155  0.2371   2.27   1.62  0.7432      42 -0.0467   0.872
          2.787 -   2.768     437       791   0.714   0.910   0.555     437   1.320  0.6474  0.2287   2.12   1.56  0.6198      35  0.0948   0.853
          2.768 -   2.749     490       955   0.966   1.218   0.731     490   1.061  0.6622  0.2421   2.22   1.60  0.5437      44  0.0944   0.797
          2.749 -   2.730     445       850   0.852   1.072   0.641     445   1.048  0.6459  0.2389   2.20   1.57  0.6288      39 -0.0628   0.759
          2.730 -   2.712     445       840   1.129   1.435   0.873     445   0.861  0.6449  0.2179   2.17   1.60  0.4745      33  0.1115   0.789
          2.712 -   2.695     458       901   0.922   1.166   0.702     458   0.939  0.6599  0.2441   2.23   1.58  0.6242      38  0.0421   0.763
          2.695 -   2.678     462       898   1.386   1.747   1.047     462   0.805  0.6667  0.2416   2.22   1.59  0.3805      38  0.2644   0.800
          2.678 -   2.661     472       908   1.115   1.413   0.855     472   0.891  0.6574  0.2439   2.21   1.58  0.5281      38  0.1500   0.829
          2.661 -   2.645     466       855   1.173   1.500   0.920     466   0.810  0.6619  0.2225   2.12   1.55  0.5428      34 -0.0562   0.766
          2.645 -   2.629     481       935   1.288   1.630   0.983     481   0.815  0.6842  0.2529   2.21   1.58  0.5162      42 -0.3286   0.793
          2.629 -   2.613     473       877   1.659   2.104   1.272     473   0.608  0.6690  0.2298   2.15   1.58  0.3967      38  0.0248   0.847
          2.613 -   2.598     446       839   1.618   2.057   1.253     446   0.617  0.6588  0.2406   2.17   1.55  0.3549      33  0.0450   0.733
          2.598 -   2.584     504      1030   1.632   2.067   1.247     504   0.596  0.6885  0.2615   2.28   1.61  0.3356      49  0.0025   0.854
          2.584 -   2.569     439       826   1.564   1.991   1.214     439   0.637  0.6682  0.2288   2.15   1.55  0.3727      27  0.0713   0.825
          2.569 -   2.555     480       894   1.962   2.486   1.501     480   0.518  0.6789  0.2365   2.16   1.59  0.2927      35  0.1154   0.784
          2.555 -   2.541     490       926   1.547   1.959   1.185     490   0.631  0.6694  0.2441   2.17   1.55  0.3671      33 -0.0311   0.775
          2.541 -   2.528     470       910   1.807   2.290   1.385     470   0.521  0.6592  0.2221   2.21   1.59  0.3065      38 -0.3033   0.742
          2.528 -   2.515     450       862   2.394   3.058   1.872     450   0.349  0.6839  0.2516   2.19   1.55  0.1170      31 -0.2928   0.806
          2.515 -   2.502     435       720   1.887   2.451   1.543     435   0.433  0.6110  0.2084   2.00   1.43  0.2180      17  0.0340   0.824
 ------------------------------------------------------------------------------------------------------------------------------------------------
 Total:  43.737 -   2.502   28386     58012   0.132   0.165   0.097   28386   6.396  0.6202  0.2671   2.30   1.61  0.9912    3451 -0.0509   0.891
 
                                              Overall  InnerShell  OuterShell
  ---------------------------------------------------------------------------
     Low resolution limit                      43.737      43.737       2.515
     High resolution limit                      2.502      10.018       2.502


     Rmerge  (all I+ & I-)                      0.132       0.039       1.887
     Rmerge  (within I+/I-)                     0.107       0.033       1.330
     Rmeas   (all I+ & I-)                      0.165       0.047       2.451
     Rmeas   (within I+/I-)                     0.147       0.046       1.846
     Rpim    (all I+ & I-)                      0.097       0.027       1.543
     Rpim    (within I+/I-)                     0.100       0.032       1.276
     Total number of observations               65350         942         868
     Total number unique                        28386         356         435
     Mean(I)/sd(I)                                6.4        44.0         0.4
     Completeness                                62.0        48.5        61.1
     Multiplicity                                 2.3         2.6         2.0
     CC(1/2)                                    0.991       0.995       0.218


 
     Estimates (from AIMLESS) of resolution limits in reciprocal lattice directions:
       Along    1.00 a* + 0.00 c*
        from half-dataset correlation CC(1/2) >  0.10: limit =  2.50A  == maximum resolution
        from Mn(I/sd) >  0.00:                         limit =  2.50A  == maximum resolution
       Along k axis
        from half-dataset correlation CC(1/2) >  0.10: limit =  0.00A weak or missing data, all observed data below threshold
        from Mn(I/sd) >  0.00:                         limit =  2.50A  == maximum resolution
       Along   -0.33 a* + 0.94 c*
        from half-dataset correlation CC(1/2) >  0.10: limit =  3.08A 
        from Mn(I/sd) >  0.00:                         limit =  2.50A  == maximum resolution
 
  RESOLUTION RUN   1   43.75 2.5288 ! recommended resolution cut based on CC<    0.050
  RESOLUTION RUN   2   43.75 2.5015 
 
 NOTE : time spent in cycle-2 = 8 sec
 

 ##############################################################################################
 # CYCLE-3
 ##############################################################################################

mv: cannot stat `aimless_unmerged_fix_mrf_dcell.mtz': No such file or directory
/home/software/xtal/gphl/gphl-20200116/autoPROC/bin/linux64/aP_scale: 1: rmsmall: not found
   Cell:  190.95  110.30   64.28   90.00   96.29   90.00
   Wavelength:  0.97918 A
   Run number:    1 consists of batches          2 to        100
      Resolution range for run:    43.74    2.53
      Closest reciprocal axis to spindle: none
   Run number:    2 consists of batches       1001 to       1050
      Resolution range for run:    43.74    2.50
      Closest reciprocal axis to spindle: none
 
 ------------------------------------------------------------------------------------------------------------------------------------------------
                                                                                     Completeness    Multiplicity
                                                                                     --------------  ------------
            Resolution      #uniq     #Rfac  Rmerge   Rmeas    Rpim   #Isig  I/sigI     all     ano    all    ano CC(1/2)  #CCAno CC(ano)  SigAno
 ------------------------------------------------------------------------------------------------------------------------------------------------
         43.737 -   9.967     361       905   0.039   0.047   0.026     361  44.017  0.4813  0.3536   2.65   1.59  0.9947     104 -0.1757   1.318
          9.967 -   7.927     400      1015   0.041   0.051   0.030     400  32.505  0.5495  0.4009   2.67   1.59  0.9965     112  0.1811   1.105
          7.927 -   6.929     398       939   0.056   0.069   0.039     398  22.227  0.5400  0.3391   2.56   1.62  0.9941      92  0.0783   1.102
          6.929 -   6.298     375       872   0.061   0.075   0.043     375  18.046  0.5130  0.2849   2.53   1.67  0.9941      79  0.0378   1.062
          6.298 -   5.847     398       948   0.069   0.085   0.048     398  15.426  0.5686  0.3468   2.58   1.65  0.9921      90  0.2105   0.941
          5.847 -   5.503     422       981   0.069   0.085   0.049     422  15.334  0.5789  0.3406   2.53   1.65  0.9927      90  0.0634   0.919
          5.503 -   5.228     427       995   0.072   0.089   0.051     427  15.485  0.5857  0.3353   2.52   1.63  0.9897      82  0.1067   0.948
          5.228 -   5.001     427       971   0.069   0.085   0.049     427  15.632  0.6048  0.3467   2.49   1.63  0.9919      85  0.0570   0.998
          5.001 -   4.809     436       991   0.063   0.077   0.044     436  16.956  0.5948  0.3290   2.49   1.64  0.9905      82  0.0253   0.973
          4.809 -   4.643     382       834   0.067   0.084   0.049     382  17.693  0.5365  0.2599   2.42   1.65  0.9895      65 -0.1130   1.026
          4.643 -   4.498     395       874   0.070   0.086   0.048     395  17.166  0.5441  0.2752   2.44   1.66  0.9925      68  0.0066   1.048
          4.498 -   4.369     415       895   0.076   0.094   0.054     415  15.196  0.5887  0.2956   2.41   1.66  0.9901      73 -0.2403   0.962
          4.369 -   4.254     409       904   0.073   0.090   0.052     409  14.616  0.5818  0.2970   2.43   1.62  0.9928      69 -0.0466   0.916
          4.254 -   4.151     443       971   0.081   0.100   0.057     443  14.023  0.5907  0.3007   2.41   1.61  0.9917      68  0.1151   0.971
          4.151 -   4.056     429       940   0.085   0.106   0.061     429  12.885  0.6137  0.3047   2.43   1.65  0.9895      71 -0.1508   1.025
          4.056 -   3.970     441       984   0.095   0.119   0.069     441  11.820  0.6025  0.2971   2.44   1.65  0.9830      71 -0.0807   0.911
          3.970 -   3.891     440       928   0.106   0.132   0.077     440   9.746  0.6188  0.2880   2.36   1.63  0.9832      61  0.0787   0.958
          3.891 -   3.817     444       968   0.128   0.159   0.093     444   9.224  0.6361  0.3107   2.41   1.62  0.9676      67  0.1476   0.969
          3.817 -   3.749     443       966   0.123   0.153   0.089     443   8.613  0.6102  0.3017   2.42   1.65  0.9796      70 -0.1262   0.875
          3.749 -   3.686     443       916   0.141   0.177   0.104     443   7.785  0.6257  0.2834   2.32   1.60  0.9700      55  0.2166   0.887
          3.686 -   3.626     461      1017   0.138   0.172   0.100     461   7.859  0.6205  0.2976   2.43   1.67  0.9727      69 -0.1694   0.821
          3.626 -   3.571     404       861   0.149   0.185   0.108     404   7.298  0.5924  0.2659   2.37   1.63  0.9746      56  0.1272   0.907
          3.571 -   3.518     383       763   0.156   0.195   0.115     383   7.093  0.5239  0.2031   2.27   1.68  0.9653      48 -0.0479   0.892
          3.518 -   3.469     418       839   0.155   0.193   0.113     418   6.366  0.5896  0.2475   2.30   1.68  0.9731      55  0.1595   0.877
          3.469 -   3.422     442       908   0.184   0.231   0.136     442   5.598  0.6088  0.2627   2.31   1.62  0.9659      50  0.1826   0.879
          3.422 -   3.377     425       903   0.220   0.276   0.163     425   4.871  0.5969  0.2714   2.37   1.62  0.9443      55 -0.0087   0.800
          3.377 -   3.335     434       854   0.211   0.266   0.160     434   4.962  0.6113  0.2471   2.25   1.60  0.9419      45  0.1012   0.836
          3.335 -   3.295     441       908   0.232   0.291   0.173     441   4.480  0.6185  0.2658   2.31   1.60  0.9426      51 -0.1589   0.848
          3.295 -   3.257     443       897   0.262   0.330   0.196     443   4.104  0.6284  0.2665   2.30   1.64  0.9180      53 -0.0637   0.822
          3.257 -   3.220     452       913   0.280   0.352   0.210     452   3.673  0.6339  0.2687   2.29   1.61  0.9069      51 -0.2354   0.741
          3.220 -   3.185     458       922   0.294   0.370   0.220     458   3.530  0.6370  0.2719   2.27   1.57  0.9039      45 -0.1984   0.859
          3.185 -   3.152     470       934   0.351   0.440   0.261     470   3.014  0.6564  0.2634   2.25   1.60  0.9012      48 -0.1184   0.931
          3.152 -   3.119     462       939   0.357   0.446   0.263     462   2.822  0.6462  0.2650   2.30   1.62  0.8852      55  0.1800   0.847
          3.119 -   3.089     464       917   0.362   0.456   0.272     464   2.890  0.6480  0.2547   2.24   1.58  0.8744      42  0.1923   0.890
          3.089 -   3.059     444       930   0.411   0.513   0.302     444   2.475  0.6491  0.2952   2.34   1.61  0.8652      56  0.0443   0.882
          3.059 -   3.030     483       938   0.491   0.623   0.376     483   2.140  0.6562  0.2444   2.22   1.59  0.7706      47  0.0473   0.758
          3.030 -   3.003     465       957   0.460   0.574   0.338     465   2.113  0.6379  0.2716   2.31   1.60  0.8655      54  0.1405   0.857
          3.003 -   2.976     464       900   0.487   0.613   0.366     464   2.010  0.6648  0.2735   2.23   1.58  0.8464      46 -0.0582   0.885
          2.976 -   2.951     483       930   0.495   0.623   0.372     483   2.060  0.6822  0.2432   2.20   1.59  0.8596      38  0.2502   0.890
          2.951 -   2.926     465       960   0.576   0.721   0.426     465   1.683  0.6405  0.2766   2.31   1.57  0.8297      49  0.0462   0.821
          2.926 -   2.902     405       755   0.728   0.918   0.549     405   1.549  0.5947  0.2224   2.17   1.58  0.6883      31  0.3052   0.922
          2.902 -   2.879     422       801   0.630   0.789   0.467     422   1.655  0.5765  0.1950   2.20   1.63  0.6881      39 -0.1932   0.896
          2.879 -   2.856     464       837   0.568   0.711   0.420     464   1.444  0.6245  0.2067   2.14   1.65  0.7492      43  0.1284   0.760
          2.856 -   2.834     414       784   0.753   0.944   0.560     414   1.265  0.6254  0.2326   2.19   1.59  0.6826      35 -0.3151   0.915
          2.834 -   2.813     470       877   0.693   0.872   0.520     470   1.452  0.6555  0.2254   2.17   1.59  0.7001      43 -0.0114   0.858
          2.813 -   2.793     470       944   0.815   1.021   0.604     470   1.212  0.6275  0.2410   2.27   1.62  0.6682      44 -0.2938   0.877
          2.793 -   2.773     423       779   0.663   0.849   0.523     423   1.433  0.6239  0.2171   2.13   1.54  0.7221      28  0.0579   0.827
          2.773 -   2.753     485       926   0.894   1.125   0.670     485   1.123  0.6662  0.2430   2.20   1.60  0.5520      43  0.2154   0.850
          2.753 -   2.734     453       868   0.842   1.064   0.640     453   1.126  0.6398  0.2280   2.20   1.57  0.6073      39 -0.1290   0.773
          2.734 -   2.716     455       866   1.181   1.495   0.902     455   0.794  0.6445  0.2285   2.19   1.61  0.4447      35  0.1914   0.793
          2.716 -   2.698     479       932   0.910   1.154   0.699     479   0.975  0.6785  0.2424   2.21   1.58  0.6050      44  0.0163   0.766
          2.698 -   2.681     463       919   1.311   1.646   0.980     463   0.804  0.6494  0.2454   2.25   1.61  0.4658      39  0.0801   0.796
          2.681 -   2.664     476       892   1.173   1.488   0.902     476   0.882  0.6584  0.2325   2.17   1.56  0.5333      35  0.3386   0.819
          2.664 -   2.647     473       892   1.167   1.487   0.908     473   0.820  0.6728  0.2375   2.16   1.56  0.4994      38  0.0489   0.801
          2.647 -   2.631     498       953   1.274   1.617   0.978     498   0.815  0.6803  0.2503   2.19   1.57  0.5190      41 -0.0701   0.777
          2.631 -   2.615     470       867   1.595   2.021   1.221     470   0.625  0.6657  0.2279   2.15   1.57  0.4205      35 -0.0063   0.846
          2.615 -   2.600     464       881   1.706   2.175   1.328     464   0.570  0.6619  0.2402   2.18   1.55  0.3295      35 -0.0856   0.750
          2.600 -   2.585     500       992   1.484   1.880   1.134     500   0.652  0.6821  0.2469   2.24   1.62  0.3730      48  0.0140   0.835
          2.585 -   2.570     458       890   1.649   2.091   1.266     458   0.625  0.6846  0.2473   2.20   1.56  0.3543      33  0.0559   0.845
          2.570 -   2.556     487       898   1.869   2.374   1.440     487   0.519  0.6755  0.2345   2.14   1.57  0.3014      33  0.0581   0.802
          2.556 -   2.542     496       948   1.635   2.069   1.250     496   0.623  0.6667  0.2486   2.19   1.57  0.3501      35 -0.0377   0.773
          2.542 -   2.528     466       861   1.905   2.420   1.469     466   0.493  0.6463  0.2028   2.15   1.58  0.2879      35 -0.1975   0.750
          2.528 -   2.515     303        42   0.807   1.142   0.807     303   0.347  0.4536  0.0198   1.07   1.00  0.3318       0  0.0000   0.737
          2.515 -   2.502     257        22   1.030   1.457   1.030     257   0.362  0.3555  0.0071   1.04   1.00  0.2915       0  0.0000   0.943
 ------------------------------------------------------------------------------------------------------------------------------------------------
 Total:  43.737 -   2.502   28040     56413   0.129   0.162   0.095   28040   6.485  0.6126  0.2603   2.28   1.61  0.9913    3398 -0.0051   0.896
 
                                              Overall  InnerShell  OuterShell
  ---------------------------------------------------------------------------
     Low resolution limit                      43.737      43.737       2.515
     High resolution limit                      2.502       9.967       2.502


     Rmerge  (all I+ & I-)                      0.129       0.039       1.030
     Rmerge  (within I+/I-)                     0.105       0.033       0.923
     Rmeas   (all I+ & I-)                      0.162       0.047       1.457
     Rmeas   (within I+/I-)                     0.144       0.046       1.306
     Rpim    (all I+ & I-)                      0.095       0.026       1.030
     Rpim    (within I+/I-)                     0.098       0.031       0.923
     Total number of observations               64015         958         268
     Total number unique                        28040         361         257
     Mean(I)/sd(I)                                6.5        44.0         0.4
     Completeness                                61.3        48.1        35.5
     Multiplicity                                 2.3         2.7         1.0
     CC(1/2)                                    0.991       0.995       0.291


 
     Estimates (from AIMLESS) of resolution limits in reciprocal lattice directions:
       Along    1.00 a* + 0.00 c*
        from half-dataset correlation CC(1/2) >  0.20: limit =  2.50A  == maximum resolution
        from Mn(I/sd) >  0.00:                         limit =  2.50A  == maximum resolution
       Along k axis
        from half-dataset correlation CC(1/2) >  0.20: limit =  0.00A weak or missing data, all observed data below threshold
        from Mn(I/sd) >  0.00:                         limit =  2.50A  == maximum resolution
       Along   -0.33 a* + 0.94 c*
        from half-dataset correlation CC(1/2) >  0.20: limit =  3.01A 
        from Mn(I/sd) >  0.00:                         limit =  2.61A 
 
  RESOLUTION RUN   1   43.75 2.6154 ! recommended resolution cut based on CC<    0.100
  RESOLUTION RUN   2   43.75 2.5015 
 
 NOTE : time spent in cycle-3 = 9 sec
 

 ##############################################################################################
 # CYCLE-4
 ##############################################################################################

mv: cannot stat `aimless_unmerged_fix_mrf_dcell.mtz': No such file or directory
/home/software/xtal/gphl/gphl-20200116/autoPROC/bin/linux64/aP_scale: 1: rmsmall: not found
   Cell:  190.95  110.30   64.28   90.00   96.29   90.00
   Wavelength:  0.97918 A
   Run number:    1 consists of batches          2 to        100
      Resolution range for run:    43.74    2.62
      Closest reciprocal axis to spindle: none
   Run number:    2 consists of batches       1001 to       1050
      Resolution range for run:    43.74    2.50
      Closest reciprocal axis to spindle: none
 
 ------------------------------------------------------------------------------------------------------------------------------------------------
                                                                                     Completeness    Multiplicity
                                                                                     --------------  ------------
            Resolution      #uniq     #Rfac  Rmerge   Rmeas    Rpim   #Isig  I/sigI     all     ano    all    ano CC(1/2)  #CCAno CC(ano)  SigAno
 ------------------------------------------------------------------------------------------------------------------------------------------------
         43.737 -   9.757     389       964   0.039   0.047   0.027     389  44.568  0.4844  0.3536   2.63   1.58  0.9953     106  0.1696   1.314
          9.757 -   7.759     424      1080   0.042   0.052   0.030     424  31.695  0.5429  0.3887   2.69   1.62  0.9967     124  0.2458   1.105
          7.759 -   6.782     408       958   0.059   0.073   0.041     408  20.622  0.5271  0.3241   2.55   1.64  0.9940      92 -0.0867   1.055
          6.782 -   6.164     421       976   0.063   0.078   0.045     421  17.025  0.5425  0.3092   2.52   1.65  0.9926      88  0.0371   1.000
          6.164 -   5.723     423      1007   0.070   0.086   0.049     423  15.046  0.5588  0.3389   2.57   1.64  0.9922      93  0.3277   0.891
          5.723 -   5.386     451      1057   0.071   0.087   0.050     451  15.519  0.5812  0.3392   2.55   1.65  0.9908      96  0.2650   0.957
          5.386 -   5.117     454      1052   0.069   0.085   0.048     454  15.299  0.5935  0.3443   2.53   1.64  0.9923      92  0.0901   0.916
          5.117 -   4.895     459      1056   0.067   0.083   0.048     459  16.251  0.6024  0.3411   2.50   1.62  0.9902      84 -0.2586   0.988
          4.895 -   4.706     443       971   0.064   0.079   0.046     443  16.895  0.5716  0.2955   2.43   1.63  0.9901      80 -0.0345   0.980
          4.706 -   4.544     404       885   0.070   0.085   0.048     404  17.828  0.5316  0.2613   2.44   1.70  0.9916      67 -0.5510   0.994
          4.544 -   4.402     446       956   0.076   0.094   0.054     446  14.990  0.5770  0.2807   2.39   1.64  0.9904      78 -0.0893   0.998
          4.402 -   4.277     452       998   0.072   0.089   0.051     452  15.051  0.5947  0.3023   2.43   1.64  0.9929      81 -0.0022   0.942
          4.277 -   4.164     457      1008   0.082   0.101   0.058     457  13.640  0.5837  0.3016   2.42   1.61  0.9913      70  0.1597   0.920
          4.164 -   4.063     457      1000   0.082   0.101   0.058     457  13.162  0.6126  0.3074   2.42   1.64  0.9901      73 -0.0042   1.002
          4.063 -   3.970     469      1051   0.096   0.120   0.070     469  11.683  0.6021  0.2993   2.45   1.66  0.9827      77 -0.0336   0.891
          3.970 -   3.886     475      1009   0.109   0.136   0.079     475   9.557  0.6161  0.2924   2.37   1.63  0.9823      70 -0.1111   0.941
          3.886 -   3.808     468       997   0.127   0.158   0.093     468   8.907  0.6420  0.3050   2.37   1.62  0.9675      66  0.0250   0.936
          3.808 -   3.736     475      1044   0.127   0.159   0.093     475   8.307  0.6036  0.3042   2.42   1.63  0.9774      71 -0.0777   0.851
          3.736 -   3.670     470      1016   0.131   0.163   0.095     470   8.053  0.6326  0.2997   2.40   1.64  0.9755      66  0.0514   0.832
          3.670 -   3.607     486      1030   0.147   0.184   0.108     486   7.211  0.6336  0.2784   2.35   1.65  0.9722      65  0.0727   0.840
          3.607 -   3.549     405       868   0.155   0.191   0.110     405   7.404  0.5315  0.2490   2.40   1.67  0.9725      64  0.1497   0.880
          3.549 -   3.495     442       866   0.148   0.186   0.111     442   6.635  0.5595  0.2102   2.25   1.67  0.9693      46 -0.0168   0.865
          3.495 -   3.443     439       890   0.168   0.209   0.123     439   6.212  0.5940  0.2503   2.31   1.66  0.9688      60  0.1633   0.871
          3.443 -   3.395     460       962   0.206   0.259   0.155     460   4.882  0.6053  0.2646   2.34   1.64  0.9554      58 -0.0191   0.791
          3.395 -   3.349     453       928   0.222   0.278   0.164     453   4.921  0.6064  0.2639   2.31   1.60  0.9391      54 -0.0263   0.830
          3.349 -   3.305     483       968   0.209   0.263   0.157     483   4.673  0.6184  0.2575   2.28   1.61  0.9490      51 -0.0243   0.841
          3.305 -   3.264     488      1005   0.282   0.354   0.210     488   3.952  0.6297  0.2817   2.32   1.62  0.9103      57 -0.0187   0.777
          3.264 -   3.225     471       943   0.275   0.347   0.207     471   3.702  0.6399  0.2632   2.27   1.61  0.9122      52 -0.2458   0.742
          3.225 -   3.187     500      1005   0.281   0.353   0.210     500   3.586  0.6394  0.2672   2.27   1.58  0.9052      50 -0.2496   0.823
          3.187 -   3.152     486       966   0.351   0.440   0.261     486   2.982  0.6454  0.2600   2.25   1.59  0.8996      49 -0.0802   0.898
          3.152 -   3.117     497      1016   0.351   0.438   0.258     497   2.806  0.6455  0.2668   2.30   1.61  0.8877      58  0.0364   0.794
          3.117 -   3.085     491       977   0.378   0.476   0.285     491   2.808  0.6495  0.2561   2.25   1.58  0.8664      45  0.2742   0.908
          3.085 -   3.053     476       984   0.411   0.514   0.303     476   2.411  0.6467  0.2879   2.32   1.62  0.8645      61  0.1414   0.830
          3.053 -   3.023     522       999   0.518   0.656   0.396     522   1.997  0.6550  0.2526   2.20   1.57  0.7748      51  0.2155   0.766
          3.023 -   2.994     491      1022   0.426   0.533   0.314     491   2.261  0.6538  0.2802   2.32   1.59  0.8903      53  0.0640   0.825
          2.994 -   2.966     492       934   0.552   0.695   0.414     492   1.876  0.6586  0.2438   2.20   1.61  0.7736      49  0.0179   0.911
          2.966 -   2.939     519      1037   0.505   0.633   0.375     519   1.907  0.6732  0.2690   2.26   1.58  0.8661      45  0.1454   0.818
          2.939 -   2.913     449       896   0.672   0.843   0.500     449   1.497  0.6245  0.2550   2.27   1.59  0.7731      42  0.0811   0.828
          2.913 -   2.888     453       834   0.605   0.761   0.454     453   1.780  0.5756  0.1979   2.16   1.60  0.7211      36  0.2695   0.890
          2.888 -   2.863     474       876   0.606   0.759   0.449     474   1.436  0.6054  0.2008   2.17   1.65  0.6486      46 -0.3930   0.763
          2.863 -   2.840     446       828   0.692   0.866   0.514     446   1.360  0.6093  0.2258   2.17   1.58  0.7468      37  0.1231   0.859
          2.840 -   2.817     507       948   0.635   0.798   0.476     507   1.449  0.6610  0.2196   2.17   1.62  0.7093      46 -0.0935   0.881
          2.817 -   2.795     488       968   0.848   1.063   0.629     488   1.181  0.6305  0.2403   2.25   1.60  0.6739      43 -0.0424   0.881
          2.795 -   2.774     457       864   0.688   0.878   0.536     457   1.418  0.6277  0.2304   2.18   1.57  0.7230      38  0.1144   0.785
          2.774 -   2.753     521       991   0.885   1.117   0.669     521   1.132  0.6645  0.2393   2.19   1.60  0.5531      43  0.1484   0.832
          2.753 -   2.733     484       932   0.863   1.088   0.652     484   1.084  0.6436  0.2327   2.21   1.57  0.6062      43 -0.0489   0.770
          2.733 -   2.714     496       937   1.132   1.437   0.871     496   0.830  0.6484  0.2276   2.18   1.59  0.4475      36  0.1396   0.774
          2.714 -   2.695     496       970   0.940   1.189   0.717     496   0.942  0.6640  0.2410   2.22   1.59  0.6222      44  0.1432   0.748
          2.695 -   2.676     493       960   1.345   1.697   1.019     493   0.815  0.6547  0.2365   2.22   1.60  0.3907      41  0.2659   0.779
          2.676 -   2.658     495       931   1.140   1.445   0.876     495   0.860  0.6600  0.2404   2.18   1.57  0.5421      36  0.0460   0.836
          2.658 -   2.641     540      1027   1.156   1.475   0.900     540   0.883  0.6758  0.2333   2.17   1.57  0.5698      43  0.1904   0.712
          2.641 -   2.624     513       956   1.495   1.895   1.145     513   0.645  0.6777  0.2415   2.16   1.57  0.4144      39 -0.3107   0.788
          2.624 -   2.607     404       500   1.361   1.727   1.044     404   0.629  0.5572  0.1380   1.77   1.53  0.4396      24  0.4970   0.846
          2.607 -   2.591     375        68   1.357   1.920   1.357     375   0.489  0.4747  0.0322   1.09   1.00  0.3313       0  0.0000   0.584
          2.591 -   2.575     352        68   1.414   1.999   1.414     352   0.556  0.4632  0.0309   1.10   1.00  0.4242       0  0.0000   0.650
          2.575 -   2.560     330        58   0.620   0.877   0.620     330   0.448  0.4596  0.0274   1.09   1.00  0.3896       0  0.0000   0.735
          2.560 -   2.545     358        58   0.767   1.085   0.767     358   0.583  0.4442  0.0228   1.08   1.00  0.5128       0  0.0000   0.626
          2.545 -   2.530     346        60   0.954   1.349   0.954     346   0.581  0.4465  0.0237   1.09   1.00  0.3703       0  0.0000   0.472
          2.530 -   2.516     331        46   0.762   1.077   0.762     331   0.371  0.4616  0.0199   1.07   1.00  0.3291       0  0.0000   0.773
          2.516 -   2.502     271        24   1.058   1.496   1.058     271   0.387  0.3552  0.0081   1.04   1.00  0.3250       0  0.0000   0.857
 ------------------------------------------------------------------------------------------------------------------------------------------------
 Total:  43.737 -   2.502   27125     51285   0.121   0.152   0.089   27125   6.637  0.5926  0.2405   2.21   1.61  0.9915    3179  0.0056   0.884
 
                                              Overall  InnerShell  OuterShell
  ---------------------------------------------------------------------------
     Low resolution limit                      43.737      43.737       2.516
     High resolution limit                      2.502       9.757       2.502


     Rmerge  (all I+ & I-)                      0.121       0.039       1.058
     Rmerge  (within I+/I-)                     0.098       0.033       0.923
     Rmeas   (all I+ & I-)                      0.152       0.047       1.496
     Rmeas   (within I+/I-)                     0.134       0.046       1.305
     Rpim    (all I+ & I-)                      0.089       0.027       1.058
     Rpim    (within I+/I-)                     0.092       0.032       0.923
     Total number of observations               59874        1023         283
     Total number unique                        27125         389         271
     Mean(I)/sd(I)                                6.6        44.6         0.4
     Completeness                                59.3        48.4        35.5
     Multiplicity                                 2.2         2.6         1.0
     CC(1/2)                                    0.992       0.995       0.325


 
     Estimates (from AIMLESS) of resolution limits in reciprocal lattice directions:
       Along    1.00 a* + 0.00 c*
        from half-dataset correlation CC(1/2) >  0.30: limit =  2.50A  == maximum resolution
        from Mn(I/sd) >  0.00:                         limit =  2.50A  == maximum resolution
       Along k axis
        Insufficient CC(1/2) data to determine resolution limit
        from Mn(I/sd) >  0.00:                         limit =  2.50A  == maximum resolution
       Along   -0.34 a* + 0.94 c*
        from half-dataset correlation CC(1/2) >  0.30: limit =  3.04A 
        from Mn(I/sd) >  0.00:                         limit =  2.60A 
 
  RESOLUTION RUN   1   43.75 2.6572 ! recommended resolution cut based on CC<    0.150
  RESOLUTION RUN   2   43.75 2.5015 
 
 NOTE : time spent in cycle-4 = 9 sec
 

 ##############################################################################################
 # CYCLE-5
 ##############################################################################################

mv: cannot stat `aimless_unmerged_fix_mrf_dcell.mtz': No such file or directory
/home/software/xtal/gphl/gphl-20200116/autoPROC/bin/linux64/aP_scale: 1: rmsmall: not found
   Cell:  190.95  110.30   64.28   90.00   96.29   90.00
   Wavelength:  0.97918 A
   Run number:    1 consists of batches          2 to        100
      Resolution range for run:    43.74    2.66
      Closest reciprocal axis to spindle: none
   Run number:    2 consists of batches       1001 to       1050
      Resolution range for run:    43.74    2.50
      Closest reciprocal axis to spindle: none
 
 ------------------------------------------------------------------------------------------------------------------------------------------------
                                                                                     Completeness    Multiplicity
                                                                                     --------------  ------------
            Resolution      #uniq     #Rfac  Rmerge   Rmeas    Rpim   #Isig  I/sigI     all     ano    all    ano CC(1/2)  #CCAno CC(ano)  SigAno
 ------------------------------------------------------------------------------------------------------------------------------------------------
         43.737 -   9.649     406      1009   0.038   0.047   0.026     406  46.096  0.4868  0.3533   2.63   1.58  0.9947     111 -0.0033   1.311
          9.649 -   7.672     434      1092   0.042   0.052   0.030     434  31.739  0.5452  0.3905   2.67   1.61  0.9963     127  0.1840   1.104
          7.672 -   6.706     427       987   0.060   0.073   0.042     427  20.091  0.5259  0.3123   2.52   1.63  0.9939      90 -0.1282   1.050
          6.706 -   6.095     427       995   0.063   0.078   0.045     427  16.188  0.5453  0.3117   2.53   1.66  0.9929      92  0.0853   0.929
          6.095 -   5.659     459      1106   0.070   0.086   0.049     459  15.201  0.5577  0.3479   2.59   1.63  0.9924     102  0.1396   0.857
          5.659 -   5.326     450      1062   0.072   0.089   0.051     450  15.071  0.5875  0.3498   2.55   1.63  0.9898      94  0.0280   0.929
          5.326 -   5.060     484      1103   0.069   0.085   0.048     484  14.875  0.5983  0.3312   2.51   1.67  0.9923      97  0.0947   0.905
          5.060 -   4.840     484      1108   0.064   0.079   0.045     484  16.594  0.6050  0.3403   2.49   1.62  0.9906      91 -0.0366   0.913
          4.840 -   4.654     433       940   0.067   0.084   0.049     433  17.010  0.5474  0.2691   2.41   1.64  0.9892      71  0.0102   0.963
          4.654 -   4.493     435       949   0.070   0.085   0.048     435  16.816  0.5465  0.2713   2.42   1.66  0.9926      75 -0.4975   0.993
          4.493 -   4.353     456       982   0.077   0.095   0.055     456  14.416  0.5854  0.2886   2.41   1.66  0.9885      82 -0.1610   0.934
          4.353 -   4.229     460      1019   0.075   0.093   0.053     460  14.335  0.5897  0.3078   2.43   1.62  0.9922      75 -0.1190   0.853
          4.229 -   4.117     476      1077   0.080   0.099   0.056     476  13.466  0.5898  0.3055   2.47   1.64  0.9924      79  0.1566   0.932
          4.117 -   4.017     479      1011   0.089   0.111   0.065     479  12.251  0.6125  0.2938   2.35   1.61  0.9882      70 -0.0296   0.934
          4.017 -   3.926     481      1088   0.098   0.122   0.072     481  10.507  0.6028  0.3046   2.47   1.65  0.9824      78 -0.0194   0.858
          3.926 -   3.842     492      1034   0.125   0.156   0.092     492   8.861  0.6244  0.2848   2.36   1.63  0.9717      72  0.1674   0.908
          3.842 -   3.765     487      1052   0.115   0.142   0.082     487   8.692  0.6236  0.3037   2.40   1.66  0.9797      75  0.0507   0.848
          3.765 -   3.694     501      1075   0.147   0.184   0.108     501   7.323  0.6239  0.2951   2.38   1.60  0.9683      63  0.0268   0.816
          3.694 -   3.628     503      1088   0.135   0.168   0.098     503   7.796  0.6241  0.3009   2.40   1.65  0.9741      74 -0.0549   0.766
          3.628 -   3.567     444       959   0.155   0.193   0.111     444   6.824  0.5889  0.2661   2.40   1.66  0.9736      66  0.0371   0.853
          3.567 -   3.509     425       838   0.153   0.192   0.114     425   6.918  0.5247  0.2026   2.25   1.66  0.9679      49  0.0165   0.863
          3.509 -   3.455     465       940   0.160   0.198   0.115     465   6.006  0.5977  0.2530   2.31   1.66  0.9707      61 -0.0240   0.790
          3.455 -   3.405     474       972   0.191   0.240   0.143     474   5.041  0.6085  0.2517   2.30   1.63  0.9672      53 -0.0613   0.792
          3.405 -   3.357     479       999   0.220   0.276   0.163     479   4.841  0.6040  0.2777   2.35   1.62  0.9473      63 -0.0395   0.777
          3.357 -   3.311     488       973   0.213   0.268   0.161     488   4.614  0.6100  0.2487   2.27   1.61  0.9401      51 -0.0233   0.819
          3.311 -   3.268     507      1036   0.260   0.326   0.194     507   4.058  0.6314  0.2793   2.31   1.61  0.9208      58 -0.0611   0.718
          3.268 -   3.227     488       997   0.286   0.359   0.215     488   3.542  0.6421  0.2730   2.30   1.62  0.9118      59 -0.3187   0.723
          3.227 -   3.189     503       995   0.279   0.351   0.209     503   3.532  0.6311  0.2578   2.25   1.57  0.9067      49 -0.1450   0.773
          3.189 -   3.152     511      1027   0.345   0.433   0.256     511   2.987  0.6518  0.2668   2.26   1.60  0.8977      52  0.0453   0.852
          3.152 -   3.116     507      1037   0.351   0.438   0.258     507   2.744  0.6385  0.2644   2.30   1.61  0.8889      59 -0.0203   0.742
          3.116 -   3.082     522      1049   0.382   0.481   0.287     522   2.761  0.6650  0.2654   2.27   1.59  0.8651      51  0.2496   0.871
          3.082 -   3.050     499      1024   0.417   0.521   0.307     499   2.317  0.6464  0.2849   2.31   1.61  0.8607      60  0.1174   0.788
          3.050 -   3.019     524       999   0.497   0.629   0.379     524   2.045  0.6398  0.2456   2.20   1.57  0.7781      50  0.1620   0.737
          3.019 -   2.989     508      1049   0.437   0.547   0.324     508   2.133  0.6632  0.2784   2.31   1.61  0.8910      56  0.0850   0.806
          2.989 -   2.960     524       999   0.501   0.632   0.378     524   2.022  0.6633  0.2458   2.19   1.58  0.8188      46 -0.1084   0.827
          2.960 -   2.932     519      1052   0.562   0.703   0.416     519   1.698  0.6611  0.2758   2.29   1.58  0.8540      46  0.1122   0.817
          2.932 -   2.906     454       885   0.685   0.859   0.509     454   1.564  0.6029  0.2428   2.24   1.60  0.7165      47  0.2394   0.791
          2.906 -   2.880     473       882   0.620   0.779   0.464     473   1.661  0.5804  0.1904   2.17   1.62  0.7064      39 -0.1477   0.870
          2.880 -   2.855     501       906   0.577   0.722   0.427     501   1.415  0.6193  0.2038   2.15   1.66  0.7419      47  0.1337   0.723
          2.855 -   2.831     477       894   0.698   0.877   0.522     477   1.323  0.6394  0.2346   2.18   1.58  0.7063      40 -0.2150   0.819
          2.831 -   2.808     506       960   0.747   0.939   0.560     506   1.334  0.6438  0.2206   2.19   1.60  0.6450      43 -0.0287   0.848
          2.808 -   2.786     493       976   0.753   0.946   0.563     493   1.324  0.6178  0.2344   2.24   1.61  0.7575      43  0.1125   0.817
          2.786 -   2.764     507       948   0.742   0.944   0.575     507   1.244  0.6542  0.2354   2.16   1.56  0.6075      42  0.1125   0.770
          2.764 -   2.743     538      1009   0.936   1.184   0.714     538   1.104  0.6513  0.2250   2.17   1.59  0.5510      45 -0.0664   0.812
          2.743 -   2.722     499       979   1.004   1.259   0.747     499   0.913  0.6497  0.2490   2.25   1.61  0.5038      46  0.1450   0.683
          2.722 -   2.702     508       982   1.016   1.292   0.787     508   0.891  0.6615  0.2397   2.20   1.57  0.5119      41  0.1202   0.746
          2.702 -   2.683     516      1002   1.074   1.349   0.803     516   0.893  0.6523  0.2323   2.23   1.63  0.5859      45  0.2039   0.716
          2.683 -   2.664     519       987   1.169   1.482   0.899     519   0.889  0.6586  0.2340   2.18   1.55  0.5365      37  0.1767   0.776
          2.664 -   2.646     409       374   1.277   1.638   1.010     409   0.826  0.5298  0.1040   1.56   1.48  0.3695      12  0.0004   0.777
          2.646 -   2.628     369        64   0.711   1.006   0.711     369   0.749  0.4578  0.0254   1.09   1.00  0.5586       0  0.0000   0.738
          2.628 -   2.611     330        56   0.904   1.279   0.904     330   0.606  0.4258  0.0263   1.08   1.00  0.3360       0  0.0000   0.783
          2.611 -   2.594     371        68   0.971   1.373   0.971     371   0.573  0.4626  0.0293   1.09   1.00  0.4522       0  0.0000   0.594
          2.594 -   2.578     360        68   1.088   1.538   1.088     360   0.534  0.4688  0.0332   1.09   1.00  0.3385       0  0.0000   0.721
          2.578 -   2.562     345        60   0.661   0.935   0.661     345   0.560  0.4528  0.0259   1.09   1.00  0.3682       0  0.0000   0.848
          2.562 -   2.546     372        66   0.902   1.276   0.902     372   0.622  0.4564  0.0263   1.09   1.00  0.5963       0  0.0000   0.591
          2.546 -   2.531     356        60   0.983   1.390   0.983     356   0.613  0.4422  0.0215   1.08   1.00  0.3050       0  0.0000   0.509
          2.531 -   2.516     354        50   0.755   1.067   0.755     354   0.404  0.4658  0.0215   1.07   1.00  0.3492       0  0.0000   0.854
          2.516 -   2.502     278        24   1.057   1.495   1.057     278   0.405  0.3564  0.0079   1.04   1.00  0.5678       0  0.0000   0.927
 ------------------------------------------------------------------------------------------------------------------------------------------------
 Total:  43.737 -   2.502   26696     49022   0.118   0.147   0.086   26696   6.689  0.5833  0.2316   2.17   1.61  0.9916    3074 -0.0176   0.855
 
                                              Overall  InnerShell  OuterShell
  ---------------------------------------------------------------------------
     Low resolution limit                      43.737      43.737       2.516
     High resolution limit                      2.502       9.649       2.502


     Rmerge  (all I+ & I-)                      0.118       0.038       1.057
     Rmerge  (within I+/I-)                     0.095       0.033       0.922
     Rmeas   (all I+ & I-)                      0.147       0.047       1.495
     Rmeas   (within I+/I-)                     0.130       0.046       1.305
     Rpim    (all I+ & I-)                      0.086       0.026       1.057
     Rpim    (within I+/I-)                     0.089       0.031       0.922
     Total number of observations               58022        1069         290
     Total number unique                        26696         406         278
     Mean(I)/sd(I)                                6.7        46.1         0.4
     Completeness                                58.3        48.7        35.6
     Multiplicity                                 2.2         2.6         1.0
     CC(1/2)                                    0.992       0.995       0.568


 
     Estimates (from AIMLESS) of resolution limits in reciprocal lattice directions:
       Along    1.00 a* + 0.01 c*
        from half-dataset correlation CC(1/2) >  0.30: limit =  2.50A  == maximum resolution
        from Mn(I/sd) >  0.00:                         limit =  2.50A  == maximum resolution
       Along k axis
        Insufficient CC(1/2) data to determine resolution limit
        from Mn(I/sd) >  0.00:                         limit =  2.50A  == maximum resolution
       Along   -0.35 a* + 0.94 c*
        from half-dataset correlation CC(1/2) >  0.30: limit =  3.42A 
        from Mn(I/sd) >  0.00:                         limit =  2.57A 
 
  RESOLUTION RUN   1   43.75 2.6572 
  RESOLUTION RUN   2   43.75 2.5015 
 
 NOTE : time spent in cycle-5 = 8 sec
 
 
 NOTE : time spent in scaling = 43 sec
 
 
 NOTE : final statistics with 20 bins in aimless.mrfana20
 
mv: cannot stat `aimless_alldata_unmerged_fix_mrf_dcell.mtz': No such file or directory
/home/software/xtal/gphl/gphl-20200116/autoPROC/bin/linux64/aP_scale: 1: rmsmall: not found
 aimless_alldata.mtz -> staraniso_alldata.mtz ... done
 apply mask to unmerged data ... done
 
 
 NOTE : setting high-resolution limit based on ellipsoidal
        fit (out of STARANISO) to 2.5005 A
 
 
 NOTE : setting bins from staraniso_alldata.mrfana20_obs_ell
        to " -bins
        6.85179,5.51763,4.89085,4.45834,4.16267,3.93637,3.76303,3.61682,3.47875,3.36390,3.26447,3.17459,3.09200,3.01257,2.93717,2.85518,2.77017,2.68431,2.59652"
 
 
 NOTE : injecting " -bins
        6.85179,5.51763,4.89085,4.45834,4.16267,3.93637,3.76303,3.61682,3.47875,3.36390,3.26447,3.17459,3.09200,3.01257,2.93717,2.85518,2.77017,2.68431,2.59652"
        into staraniso_alldata.mrfana20_meas_ell.sh
 
 
 final MTZ files : staraniso_alldata.mtz
 
   >>> after STARANISO analysis of final scaled/merged data         : staraniso_alldata.mtz     staraniso_alldata.table1 staraniso_alldata.xml staraniso_alldata.stats
 
 NOTE : time spent in finalising steps = 39 sec
 

 Normal termination (89 sec)

 ##############################################################################

