

 #################################################################################################



 MRFANA: analyse multi-record MTZ files 
 
   (Authors: G. Bricogne, E. Blanc, M. Brandl, C. Flensburg, 
    P. Keller, W. Paciorek, P. Roversi, A. Sharff, O. Smart, 
    C. Vonrhein, T. Womack)

 Copyright (C) 2007-2019 Global Phasing Ltd.

               All rights reserved.


 Version     : MRFANA 0.1.0 for linux64-ifort made on Jan 16 2020 at 02:43:19

 Licenced to : Global Phasing Ltd (www)

    Today is                    Tue May 12 23:59:35 2020

 #################################################################################################



 contains SPLINE library by John Burkardt (from
 http://people.sc.fsu.edu/~jburkardt/f_src/spline/spline.html)

  Calling get_args ... 
 processing argument   -i
 processing argument   eocdgF42qmcTbhYV-SWS-iso-merged-mrf.mtz
 processing argument   -ell

   Eigenvalue matrix         =    0.76610   0.00000  -0.64270
                                  0.00000   1.00000   0.00000
                                  0.64270   0.00000   0.76610

   Ellipsoid rotation matrix =    0.76612   0.00000   0.64272
                                  0.00000   1.00000   0.00000
                                 -0.64272   0.00000   0.76612

   Eigenvalues               =    3.43200   2.23700   2.48200

 processing argument   -r
 processing argument   -bins


 setting explicit resolution bin   1 : R <=   7.4487 A
 setting explicit resolution bin   2 : R <=   5.9112 A
 setting explicit resolution bin   3 : R <=   5.2105 A
 setting explicit resolution bin   4 : R <=   4.7678 A
 setting explicit resolution bin   5 : R <=   4.4146 A
 setting explicit resolution bin   6 : R <=   4.1690 A
 setting explicit resolution bin   7 : R <=   3.9702 A
 setting explicit resolution bin   8 : R <=   3.8032 A
 setting explicit resolution bin   9 : R <=   3.6584 A
 setting explicit resolution bin  10 : R <=   3.5160 A
 setting explicit resolution bin  11 : R <=   3.3898 A
 setting explicit resolution bin  12 : R <=   3.2750 A
 setting explicit resolution bin  13 : R <=   3.1712 A
 setting explicit resolution bin  14 : R <=   3.0764 A
 setting explicit resolution bin  15 : R <=   2.9861 A
 setting explicit resolution bin  16 : R <=   2.9002 A
 setting explicit resolution bin  17 : R <=   2.8088 A
 setting explicit resolution bin  18 : R <=   2.7151 A
 setting explicit resolution bin  19 : R <=   2.6154 A
 setting explicit resolution bin  20 : R >    2.6154 A

 processing argument   -ice
 processing argument   -skip_empty_runs



 expecting keywords from stdin:


 Criteria for recommended resolution cut per RUN:
 ---------------------------------------------------- 
    Rmerge         <=   99.9999 (from  low-res limit)
    Rmeas          <=   99.9999 (from  low-res limit)
    Rpim           <=    0.6000 (from  low-res limit)
    I/sigI         >=    1.00   (from  low-res limit)
    Completeness   >=    0.0000 (from high-res limit)
    CC(1/2)        >=    0.3000 (from  low-res limit)

 Criteria for recommended resolution cut per DATASET:
 ---------------------------------------------------- 
    Rmerge         <=   99.9999 (from  low-res limit)
    Rmeas          <=   99.9999 (from  low-res limit)
    Rpim           <=    0.6000 (from  low-res limit)
    I/sigI         >=    2.00   (from  low-res limit)
    Completeness   >=    0.0000 (from high-res limit)
    CC(1/2)        >=    0.3000 (from  low-res limit)



 Setting random seed to 1855756355
 You can set this also with the -seed flag

  Calling open_file ... 

 NOTE: file type detected = MTZ

  Calling get_info ... 

 Dataset  1 cell =  190.95000 110.30000  64.28000  90.00000  96.29300  90.00000
   Orthogonalisation matrix =    190.95000     0.00000    -7.04591
                                   0.00000   110.30000     0.00000
                                   0.00000     0.00000    63.89267
   Inverse of above         =      0.00524    -0.00000     0.00058
                                   0.00000     0.00907    -0.00000
                                   0.00000     0.00000     0.01565

 Dataset  2 cell =  190.95000 110.30000  64.28000  90.00000  96.29300  90.00000
   Orthogonalisation matrix =    190.95000     0.00000    -7.04591
                                   0.00000   110.30000     0.00000
                                   0.00000     0.00000    63.89267
   Inverse of above         =      0.00524    -0.00000     0.00058
                                   0.00000     0.00907    -0.00000
                                   0.00000     0.00000     0.01565

 Overall cell =  190.95000 110.30000  64.28000  90.00000  96.29300  90.00000
 Orthogonalisation matrix =    190.95000     0.00000    -7.04591
                                 0.00000   110.30000     0.00000
                                 0.00000     0.00000    63.89267
 Inverse of above         =      0.00524    -0.00000     0.00058
                                 0.00000     0.00907    -0.00000
                                 0.00000     0.00000     0.01565
  Calling read_refl ... 
    reading reflection       3267 (   5.0 %)
    reading reflection       6534 (  10.0 %)
    reading reflection       9801 (  15.0 %)
    reading reflection      13068 (  20.0 %)
    reading reflection      16335 (  25.0 %)
    reading reflection      19602 (  30.0 %)
    reading reflection      22869 (  35.0 %)
    reading reflection      26136 (  40.0 %)
    reading reflection      29403 (  45.0 %)
    reading reflection      32670 (  50.0 %)
    reading reflection      35937 (  55.0 %)
    reading reflection      39204 (  60.0 %)
    reading reflection      42471 (  65.0 %)
    reading reflection      45738 (  70.0 %)
    reading reflection      49005 (  75.0 %)
    reading reflection      52272 (  80.0 %)
    reading reflection      55539 (  85.0 %)
    reading reflection      58806 (  90.0 %)
    reading reflection      62073 (  95.0 %)
    reading reflection      65340 ( 100.0 %)





 binning will be in  shells of equal number of reflections (based on   1000 measured unique reflections per shell)


 Highest resolution as defined by ellipsoid =    2.2370 A

 Nref (total) .................    65347
 Nref (used) ..................    65347
 Ncol .........................  13


 Resolution ...................   43.737 -    2.501 A
 Resolution (ellipsoid) .......   43.737 -    2.503 A
 Symmetry .....................   5 "C 1 2 1"
 Cell .........................    190.950   110.300    64.280  90.000  96.293  90.000

 Col-001 ......................    1 H
 Col-002 ......................    2 K
 Col-003 ......................    3 L
 Col-004 ......................    4 M/ISYM
 Col-005 ......................    5 BATCH
 Col-006 ......................    6 I
 Col-007 ......................    7 SIGI
 Col-008 ......................    8 SCALEUSED
 Col-009 ......................    9 SIGSCALEUSED
 Col-010 ......................   10 NPART
 Col-011 ......................   11 XDET
 Col-012 ......................   12 YDET
 Col-013 ......................   13 ROT
 Col-014 ......................   14 RESOL
 Col-015 ......................   15 RESO3
 Col-016 ......................   16 RUN
 Col-017 ......................   17 OUT
 Col-018 ......................   18 RAND
 Col-019 ......................   19 ELLIPSOID


  Calling read_batch ... 
  Calling stats ... 

 ####----------------------------------------------------------------
 #### NOTES
 ####----------------------------------------------------------------

 ####----------------------------------------------------------------
 #### Rmerge:
 
  According to [1] and Evans (2006) this is defined as
 
                   sum_i ( sum_j | Ij - <I> | )
    Rmerge(I) = --------------------------------                 (1)
                   sum_i ( sum_j        <I>   )
 
  with
 
    Ij  = the intensity of the jth observation of reflection i
    <I> = the mean of the intensities of all observations of reflection i
 
    sum_i is taken over all reflections
    sum_j is taken over all observations of each reflection.
 
  Diederichs & Karplus (1997), Weiss & Hilgenfeld (1997) and
  Weiss (2001) define this slightly different as
 
                   sum_i ( sum_j | Ij - <I> | )
    Rmerge(I) = --------------------------------                 (2)
                   sum_i ( sum_j   Ij         )
 
  which is identically to (1) if <I> is the mean (or average)
  intensity. However, it is the weighted (by variance) mean of
  the intensities we are computing during merging:
 
    <I> = sum_j ( Wj * Ij )                                      (3)
 
                    1     
    with:  Wj = ---------                                        (4)
                sd(Ij)**2
 
  Then equations (1) and (2) become different.
 
  Drenth (1994) calls (1) Rmerge and (2) Rsym.
 
 ####----------------------------------------------------------------
 #### Rmeas (also called Rrim):
 
  The redundancy-independent merging R factor value Rrim, also
  denoted Rmeas, for merging all intensities in a given shell.
 
           sum_i [Ni /( Ni - 1)]^(1/2) sum_j | Ij - <Ii> |
    Rrim = ---------------------------------------------         (5)
           sum_i (                  sum_j   Ij         )
 
    Ij   = the intensity of the jth observation of reflection i
    <Ii> = the mean of the intensities of all observations of reflection i
    Ni   = the redundancy (the number of times reflection i has been measured).
 
    sum_i is taken over all reflections
    sum_j is taken over all observations of each reflection.
 
  See Diederichs & Karplus (1997), Weiss & Hilgenfeld (1997), Weiss
  (2001) and [2].
 
  Evans (2006) defines this differently, with the denominator
  summing over <I> similar to the Rmerge equation (1) above:
 
           sum_i [Ni /( Ni - 1)]^(1/2) sum_j | Ij - <Ii> |
    Rrim = ---------------------------------------------         (6)
           sum_i (                  sum_j        <Ii>  )
 
 ####----------------------------------------------------------------
 #### Rpim:
 
  The precision-indicating merging R factor value Rpim,
  for merging all intensities in this data set is defined in [3],
  Diederichs & Karplus (1997), Weiss & Hilgenfeld (1997) and
  Weiss (2001) as
 
           sum_i [  1/(Ni - 1)]^(1/2) sum_j | Ij - <Ii> |
    Rpim = ---------------------------------------------         (7)
           sum_i (                  sum_j   Ij         )
 
  As above, Evans (2006) defines this differently as:
 
           sum_i [  1/(Ni - 1)]^(1/2) sum_j | Ij - <Ii> |
    Rrim = ---------------------------------------------         (8)
           sum_i (                  sum_j        <Ii>  )
 
 To add more complexity, all of the above statistics (Rmerge, Rmeas
 and Rpim) can be computed over all measurements of a unique reflection
 or separately for I+ and I-. The latter has the advantage that an
 existing anomalous signal will not result in an increase of R-value
 because of this. However, the original definitions above are not
 taking anomalous signal into account this way.
 
 ### References:
 
 [1] http://mmcif.wwpdb.org/dictionaries/mmcif_std.dic/Items/_reflns_shell.Rmerge_I_obs.html
 [2] http://www.iucr.org/__data/iucr/cifdic_html/2/mmcif_pdbx.dic/Ireflns.pdbx_Rrim_I_all.html
 [3] http://www.iucr.org/__data/iucr/cifdic_html/2/mmcif_pdbx.dic/Ireflns.pdbx_Rpim_I_all.html
 [4] Diederichs, K. & Karplus, P. A. (1997). Nature Struct. Biol. 4, 269-275.
 [5] Drenth, J. (1994). Principles of Protein X-ray Crystallography. Springer-Verlag, New York. p289-290.
 [6] Evans, P. (2006). Acta D62, 72-82.
 [7] Weiss, M. S. & Hilgenfeld, R. (1997). J. Appl. Cryst. 30, 203-205.
 [8] Weiss, M. S. (2001). J. Appl. Cryst. 34, 130-135.
 

 ############################################################
 #################### TOTAL 
 ############################################################

   Cell:  190.95  110.30   64.28   90.00   96.29   90.00
   Wavelength:  0.97918 A
   Run number:    0 consists of batches          2 to       1050
      Resolution range for run: InfinityInfinity
      Closest reciprocal axis to spindle: none


 We will be using a total of   20 bins for statistics as a function of resolution

 Resolution bins defined as : 7.44871,5.91121,5.21048,4.76784,4.41462,4.16899,3.97022,3.80318,3.65838,3.51601,3.38976,3.27503,3.17124,3.07641,2.98613,2.90023,2.80881,2.71511,2.61536 

 -----------------------------------------------------------------------------------------------------------------------------------------------------------------
                                                                                     Compl. Spher.   Multiplicity                                   Compl. Ellip. 
                                                                                     --------------  ------------                                  --------------- 
            Resolution      #uniq     #Rfac  Rmerge   Rmeas    Rpim   #Isig  I/sigI     all     ano    all    ano CC(1/2)  #CCAno CC(ano)  SigAno    all     ano
 -----------------------------------------------------------------------------------------------------------------------------------------------------------------
         43.737 -   7.449     935      2317   0.041   0.051   0.029     935  35.704  0.5223  0.3724   2.64   1.60  0.9953     256  0.0108   1.201   0.5223  0.3724
          7.449 -   5.911     936      2211   0.062   0.077   0.044     936  17.466  0.5339  0.3152   2.56   1.65  0.9931     204 -0.0219   0.987   0.5339  0.3152
          5.911 -   5.210     936      2195   0.070   0.087   0.049     936  15.368  0.5825  0.3440   2.54   1.64  0.9916     197  0.1393   0.921   0.5825  0.3440
          5.210 -   4.768     937      2115   0.067   0.082   0.047     937  16.129  0.6006  0.3324   2.48   1.63  0.9904     176  0.0399   0.962   0.6006  0.3324
          4.768 -   4.415     935      2036   0.071   0.087   0.050     935  16.730  0.5452  0.2650   2.42   1.67  0.9910     159 -0.0510   0.988   0.5452  0.2650
          4.415 -   4.169     937      2051   0.077   0.095   0.055     937  14.179  0.5893  0.3009   2.42   1.62  0.9921     156  0.0015   0.938   0.5893  0.3009
          4.169 -   3.970     941      2093   0.088   0.109   0.063     941  12.464  0.6055  0.3036   2.45   1.65  0.9874     153 -0.1471   0.941   0.6055  0.3036
          3.970 -   3.803     968      2064   0.117   0.145   0.085     968   9.213  0.6253  0.2980   2.38   1.63  0.9769     141 -0.0497   0.928   0.6253  0.2980
          3.803 -   3.658    1011      2183   0.131   0.164   0.096    1011   8.123  0.6218  0.3017   2.40   1.63  0.9748     144 -0.0187   0.857   0.6218  0.3017
          3.658 -   3.516    1053      2208   0.151   0.188   0.110    1053   7.156  0.5677  0.2423   2.35   1.66  0.9717     144 -0.0518   0.854   0.5677  0.2423
          3.516 -   3.390    1144      2340   0.178   0.223   0.132    1144   5.607  0.6012  0.2546   2.31   1.65  0.9665     144  0.0000   0.829   0.6043  0.2554
          3.390 -   3.275    1242      2508   0.227   0.285   0.169    1242   4.594  0.6161  0.2632   2.29   1.60  0.9372     137 -0.0592   0.822   0.6521  0.2778
          3.275 -   3.171    1288      2628   0.295   0.371   0.221    1288   3.529  0.6289  0.2655   2.30   1.61  0.9037     143 -0.2418   0.789   0.6905  0.3011
          3.171 -   3.076    1402      2819   0.355   0.445   0.264    1402   2.832  0.6570  0.2706   2.27   1.59  0.8912     150  0.1908   0.862   0.7333  0.3230
          3.076 -   2.986    1490      2961   0.465   0.585   0.349    1490   2.137  0.6526  0.2658   2.26   1.59  0.8345     153  0.0879   0.812   0.7354  0.3318
          2.986 -   2.900    1575      3077   0.575   0.722   0.429    1575   1.777  0.6408  0.2499   2.23   1.59  0.8127     146  0.1532   0.857   0.7222  0.3224
          2.900 -   2.809    1826      3415   0.662   0.831   0.493    1826   1.427  0.6196  0.2147   2.18   1.61  0.6991     159 -0.1344   0.839   0.6748  0.2828
          2.809 -   2.715    2223      4255   0.849   1.072   0.645    2223   1.131  0.6421  0.2321   2.20   1.59  0.6279     186  0.0406   0.803   0.7125  0.3193
          2.715 -   2.615    2829      5402   1.213   1.537   0.929    2829   0.817  0.6674  0.2400   2.19   1.58  0.5124     231  0.0788   0.781   0.7340  0.3472
          2.615 -   2.501    3778      7130   1.768   2.250   1.371    3778   0.537  0.6628  0.2357   2.17   1.56  0.3027     270 -0.0042   0.778   0.7020  0.3422
 -----------------------------------------------------------------------------------------------------------------------------------------------------------------
 Total:  43.737 -   2.501   28386     58008   0.132   0.165   0.097   28386   6.363  0.6199  0.2670   2.30   1.61  0.9912    3449 -0.0045   0.874   0.6403  0.3088


 resolution limit based on SigAno       <   1.1000  =    7.2839
 recommended resolution cut based on I/sigI       <    2.000  (precise) =    2.9416
 recommended resolution cut based on I/sigI       <    2.000  (rounded) =    2.95
  RESOLUTION  43.7370   2.9416



 Number of active ice-rings within this resolution range =  0

 Criteria used in determination of resolution cut:
 ------------------------------------------------- 
    Rpim           <=    0.6000
    I/sigI         >=    2.00
    CC(1/2)        >=    0.3000

                                              Overall  InnerShell  OuterShell
  ---------------------------------------------------------------------------
     Low resolution limit                      43.737      43.737       2.615
     High resolution limit                      2.501       7.449       2.501


     Rmerge  (all I+ & I-)                      0.132       0.041       1.768
     Rmerge  (within I+/I-)                     0.107       0.036       1.314
     Rmeas   (all I+ & I-)                      0.165       0.051       2.250
     Rmeas   (within I+/I-)                     0.147       0.050       1.815
     Rpim    (all I+ & I-)                      0.097       0.029       1.371
     Rpim    (within I+/I-)                     0.100       0.034       1.247
     Total number of observations               65347        2464        8194
     Total number unique                        28386         935        3778
     Mean(I)/sd(I)                                6.4        35.7         0.5
     Completeness (spherical)                    62.0        52.2        66.3
     Completeness (ellipsoidal)                  64.0        52.2        70.2
     Multiplicity                                 2.3         2.6         2.2
     CC(1/2)                                    0.991       0.995       0.303


     Anomalous completeness (spherical)          26.7        37.2        23.6
     Anomalous completeness (ellipsoidal)        30.9        37.2        34.2
     Anomalous multiplicity                       1.6         1.6         1.6
     CC(ano)                                   -0.004       0.011      -0.004
     |DANO|/sd(DANO)                            0.874       1.201       0.778



 W0 = unweighted
 W1 = 1/(sigI**2) weighted

 ---------------------------------------------------------------------------------------------------------------------------------------------------------------------------------------
                                  merged                         Rmerge            Rmeas              Rpim                  Compl. Spher.                  Compl. Ellip.  
                            --------------------            ----------------  ----------------  ----------------  ----------------------------------  ----------------------------------
    BATCH     Nref <I/sigI>      <I>    <I/sigI>     #ref      W0      W1        W0      W1        W0      W1         All     Ano      -All    -Ano       All     Ano      -All    -Ano  
 ---------------------------------------------------------------------------------------------------------------------------------------------------------------------------------------
        2      328    8.567   5.159E+05    8.567      326    0.0620  0.0776    0.0764  0.0957    0.0435  0.0547    0.0072  0.0000    0.6199  0.2670    0.0079  0.0000    0.6404  0.3089
        3      447    8.496   4.844E+05    8.512      445    0.0660  0.0729    0.0812  0.0910    0.0461  0.0531    0.0169  0.0000    0.6199  0.2670    0.0185  0.0000    0.6403  0.3088
        4      396    6.692   3.897E+05    6.650      392    0.0740  0.0963    0.0923  0.1217    0.0539  0.0726    0.0255  0.0000    0.6198  0.2669    0.0279  0.0000    0.6403  0.3087
        5      446    7.112   4.057E+05    7.112      442    0.0748  0.0880    0.0926  0.1097    0.0534  0.0639    0.0352  0.0000    0.6197  0.2669    0.0386  0.0000    0.6401  0.3086
        6      444    7.144   3.987E+05    7.144      443    0.0691  0.0778    0.0873  0.0985    0.0521  0.0589    0.0449  0.0000    0.6196  0.2668    0.0493  0.0000    0.6400  0.3086
        7      443    8.989   5.001E+05    8.948      442    0.0605  0.0700    0.0750  0.0877    0.0431  0.0515    0.0545  0.0000    0.6196  0.2667    0.0598  0.0000    0.6400  0.3085
        8      440    8.728   5.186E+05    8.728      439    0.0559  0.0682    0.0695  0.0851    0.0405  0.0498    0.0640  0.0001    0.6196  0.2666    0.0703  0.0000    0.6400  0.3084
        9      451    7.118   4.151E+05    7.118      450    0.0694  0.0879    0.0880  0.1126    0.0529  0.0689    0.0737  0.0001    0.6196  0.2666    0.0808  0.0001    0.6400  0.3084
       10      438    7.271   4.275E+05    7.284      429    0.0641  0.0783    0.0812  0.0997    0.0488  0.0605    0.0832  0.0001    0.6196  0.2665    0.0912  0.0001    0.6399  0.3083
       11      421    6.913   3.974E+05    6.913      418    0.0812  0.0964    0.1013  0.1216    0.0592  0.0723    0.0923  0.0002    0.6194  0.2664    0.1012  0.0001    0.6397  0.3083
       12      421    7.276   4.336E+05    7.276      420    0.0668  0.0850    0.0843  0.1078    0.0505  0.0648    0.1013  0.0002    0.6193  0.2664    0.1113  0.0001    0.6396  0.3083
       13      439    6.965   4.100E+05    6.978      439    0.0778  0.0930    0.0977  0.1167    0.0579  0.0690    0.1106  0.0004    0.6193  0.2664    0.1215  0.0003    0.6396  0.3082
       14      463    7.340   4.103E+05    7.340      463    0.0753  0.0830    0.0952  0.1056    0.0569  0.0639    0.1205  0.0006    0.6193  0.2664    0.1322  0.0004    0.6396  0.3082
       15      442    7.799   4.554E+05    7.780      440    0.0640  0.0749    0.0806  0.0946    0.0481  0.0566    0.1298  0.0007    0.6193  0.2663    0.1423  0.0006    0.6396  0.3081
       16      443    7.270   4.153E+05    7.270      443    0.0744  0.0831    0.0943  0.1056    0.0567  0.0638    0.1392  0.0010    0.6192  0.2663    0.1527  0.0008    0.6396  0.3081
       17      437    7.841   4.680E+05    7.841      434    0.0672  0.0800    0.0845  0.1011    0.0502  0.0605    0.1483  0.0012    0.6192  0.2663    0.1630  0.0011    0.6396  0.3081
       18      443    7.087   4.112E+05    7.095      438    0.0719  0.0851    0.0903  0.1070    0.0535  0.0634    0.1576  0.0015    0.6192  0.2661    0.1730  0.0013    0.6395  0.3079
       19      457    7.296   4.319E+05    7.296      456    0.0749  0.0857    0.0944  0.1086    0.0564  0.0652    0.1670  0.0019    0.6191  0.2661    0.1835  0.0017    0.6393  0.3079
       20      441    7.263   4.388E+05    7.263      439    0.0678  0.0718    0.0857  0.0914    0.0514  0.0554    0.1762  0.0022    0.6190  0.2660    0.1939  0.0020    0.6393  0.3078
       21      430    7.029   4.239E+05    7.029      430    0.0723  0.0874    0.0904  0.1101    0.0533  0.0657    0.1850  0.0026    0.6190  0.2660    0.2035  0.0024    0.6393  0.3077
       22      446    6.844   4.295E+05    6.844      439    0.0710  0.0870    0.0899  0.1108    0.0542  0.0674    0.1942  0.0030    0.6190  0.2659    0.2134  0.0028    0.6393  0.3077
       23      443    7.540   4.654E+05    7.540      443    0.0642  0.0826    0.0811  0.1044    0.0485  0.0626    0.2030  0.0035    0.6188  0.2659    0.2233  0.0034    0.6391  0.3076
       24      424    6.904   4.220E+05    6.904      422    0.0724  0.0832    0.0910  0.1046    0.0541  0.0621    0.2115  0.0041    0.6188  0.2659    0.2328  0.0040    0.6391  0.3076
       25      441    7.329   4.598E+05    7.329      437    0.0732  0.0809    0.0924  0.1032    0.0553  0.0628    0.2204  0.0046    0.6188  0.2658    0.2426  0.0046    0.6390  0.3075
       26      454    5.791   3.265E+05    5.803      452    0.1067  0.1013    0.1349  0.1272    0.0811  0.0754    0.2295  0.0052    0.6187  0.2657    0.2525  0.0053    0.6389  0.3074
       27      423    5.829   3.941E+05    5.829      423    0.0812  0.1018    0.1030  0.1293    0.0622  0.0781    0.2379  0.0059    0.6187  0.2656    0.2618  0.0061    0.6389  0.3074
       28      423    6.185   3.345E+05    6.185      421    0.1004  0.0949    0.1272  0.1206    0.0768  0.0730    0.2462  0.0068    0.6187  0.2656    0.2710  0.0071    0.6389  0.3073
       29      446    6.213   3.486E+05    6.213      443    0.0963  0.0883    0.1219  0.1114    0.0735  0.0666    0.2548  0.0076    0.6186  0.2656    0.2804  0.0080    0.6388  0.3073
       30      484    6.721   4.051E+05    6.721      483    0.0857  0.0954    0.1071  0.1196    0.0629  0.0706    0.2640  0.0087    0.6185  0.2656    0.2904  0.0092    0.6388  0.3073
       31      425    6.649   3.863E+05    6.649      424    0.0902  0.0913    0.1125  0.1139    0.0659  0.0668    0.2718  0.0099    0.6185  0.2655    0.2990  0.0106    0.6388  0.3072
       32      439    6.164   3.985E+05    6.164      433    0.0927  0.0940    0.1155  0.1171    0.0678  0.0686    0.2800  0.0111    0.6185  0.2655    0.3082  0.0120    0.6387  0.3072
       33      424    5.965   3.524E+05    5.965      423    0.0908  0.0817    0.1139  0.1027    0.0677  0.0612    0.2878  0.0122    0.6184  0.2654    0.3167  0.0134    0.6386  0.3071
       34      436    5.305   2.985E+05    5.305      435    0.1147  0.1093    0.1433  0.1373    0.0844  0.0817    0.2958  0.0136    0.6184  0.2653    0.3249  0.0150    0.6386  0.3070
       35      427    5.645   3.511E+05    5.645      427    0.1077  0.1036    0.1350  0.1306    0.0798  0.0779    0.3034  0.0150    0.6183  0.2652    0.3332  0.0167    0.6385  0.3070
       36      472    6.392   4.087E+05    6.402      470    0.0975  0.1031    0.1200  0.1279    0.0686  0.0740    0.3115  0.0167    0.6183  0.2652    0.3425  0.0188    0.6385  0.3069
       37      438    5.952   3.887E+05    5.964      436    0.1005  0.1046    0.1247  0.1306    0.0726  0.0767    0.3191  0.0184    0.6183  0.2651    0.3506  0.0207    0.6385  0.3068
       38      460    4.640   2.692E+05    4.645      458    0.1376  0.1257    0.1700  0.1564    0.0982  0.0912    0.3268  0.0204    0.6182  0.2651    0.3590  0.0230    0.6384  0.3068
       39      403    5.514   3.252E+05    5.514      402    0.1208  0.1043    0.1492  0.1307    0.0860  0.0772    0.3337  0.0219    0.6182  0.2651    0.3662  0.0249    0.6384  0.3068
       40      464    5.945   3.503E+05    5.958      460    0.1070  0.0913    0.1304  0.1124    0.0731  0.0641    0.3412  0.0242    0.6182  0.2650    0.3740  0.0277    0.6384  0.3067
       41      442    5.685   3.394E+05    5.685      441    0.1025  0.1028    0.1253  0.1264    0.0705  0.0718    0.3483  0.0264    0.6181  0.2650    0.3813  0.0302    0.6383  0.3067
       42      428    5.473   3.842E+05    5.473      428    0.0926  0.1130    0.1135  0.1389    0.0644  0.0791    0.3549  0.0287    0.6181  0.2649    0.3883  0.0331    0.6382  0.3066
       43      422    6.165   3.752E+05    6.165      420    0.1004  0.0829    0.1215  0.1012    0.0673  0.0569    0.3612  0.0312    0.6181  0.2648    0.3953  0.0361    0.6382  0.3066
       44      458    4.868   3.127E+05    4.868      455    0.1221  0.1247    0.1474  0.1515    0.0811  0.0842    0.3676  0.0342    0.6180  0.2648    0.4023  0.0397    0.6382  0.3065
       45      426    4.251   2.785E+05    4.251      425    0.1264  0.1286    0.1529  0.1573    0.0846  0.0889    0.3736  0.0370    0.6180  0.2647    0.4087  0.0430    0.6381  0.3064
       46      452    5.281   3.835E+05    5.281      452    0.1073  0.1144    0.1290  0.1401    0.0704  0.0792    0.3798  0.0403    0.6179  0.2647    0.4152  0.0471    0.6381  0.3064
       47      443    4.755   2.863E+05    4.749      442    0.1367  0.1147    0.1641  0.1398    0.0893  0.0782    0.3857  0.0434    0.6179  0.2646    0.4212  0.0508    0.6381  0.3063
       48      431    5.245   3.668E+05    5.245      429    0.1277  0.1290    0.1527  0.1567    0.0825  0.0874    0.3913  0.0468    0.6179  0.2646    0.4267  0.0550    0.6381  0.3063
       49      468    4.880   3.166E+05    4.872      465    0.1307  0.1302    0.1567  0.1590    0.0849  0.0892    0.3972  0.0506    0.6179  0.2645    0.4327  0.0598    0.6380  0.3062
       50      450    4.004   2.500E+05    4.004      425    0.1640  0.1418    0.1984  0.1733    0.1097  0.0975    0.4030  0.0540    0.6178  0.2645    0.4385  0.0639    0.6380  0.3062
       51      436    5.111   3.443E+05    5.111      342    0.1280  0.1333    0.1622  0.1679    0.0985  0.1008    0.4082  0.0579    0.6173  0.2638    0.4435  0.0688    0.6376  0.3055
       52      452    4.558   3.157E+05    4.565      371    0.1402  0.1318    0.1762  0.1663    0.1051  0.0997    0.4134  0.0620    0.6152  0.2575    0.4485  0.0737    0.6363  0.2978
       53      421    4.726   3.112E+05    4.726      341    0.1469  0.1370    0.1863  0.1734    0.1130  0.1047    0.4184  0.0657    0.6133  0.2514    0.4535  0.0781    0.6351  0.2904
       54      466    4.571   2.964E+05    4.581      354    0.1724  0.1367    0.2153  0.1690    0.1271  0.0975    0.4238  0.0699    0.6115  0.2452    0.4588  0.0830    0.6339  0.2829
       55      417    4.291   3.014E+05    4.291      322    0.1420  0.1448    0.1790  0.1822    0.1077  0.1093    0.4287  0.0736    0.6090  0.2394    0.4636  0.0876    0.6321  0.2758
       56      442    4.227   2.593E+05    4.227      352    0.1669  0.1251    0.2087  0.1554    0.1235  0.0909    0.4335  0.0779    0.6069  0.2334    0.4683  0.0927    0.6307  0.2685
       57      444    3.908   2.292E+05    3.901      325    0.1840  0.1382    0.2315  0.1733    0.1387  0.1031    0.4387  0.0816    0.6048  0.2277    0.4733  0.0973    0.6294  0.2612
       58      445    3.933   2.556E+05    3.936      341    0.1932  0.1466    0.2414  0.1828    0.1422  0.1071    0.4435  0.0857    0.6021  0.2220    0.4781  0.1022    0.6276  0.2541
       59      443    4.254   2.750E+05    4.254      313    0.1401  0.1105    0.1756  0.1379    0.1045  0.0811    0.4485  0.0897    0.5997  0.2165    0.4827  0.1072    0.6259  0.2473
       60      438    4.556   3.043E+05    4.556      329    0.1580  0.1371    0.1974  0.1722    0.1166  0.1026    0.4534  0.0938    0.5967  0.2108    0.4876  0.1120    0.6241  0.2400
       61      453    4.037   2.828E+05    4.037      322    0.1421  0.1192    0.1772  0.1485    0.1044  0.0872    0.4583  0.0981    0.5942  0.2054    0.4923  0.1171    0.6222  0.2334
       62      457    4.200   2.973E+05    4.200      332    0.1882  0.1573    0.2338  0.1963    0.1365  0.1156    0.4632  0.1023    0.5911  0.2002    0.4972  0.1223    0.6198  0.2269
       63      416    3.825   2.884E+05    3.825      301    0.1726  0.1647    0.2138  0.2040    0.1242  0.1184    0.4675  0.1062    0.5882  0.1947    0.5015  0.1269    0.6175  0.2200
       64      449    3.827   2.841E+05    3.826      331    0.1746  0.1765    0.2174  0.2210    0.1278  0.1308    0.4722  0.1105    0.5856  0.1898    0.5060  0.1320    0.6152  0.2142
       65      426    4.024   2.786E+05    4.024      297    0.1573  0.1386    0.1950  0.1717    0.1135  0.0997    0.4763  0.1148    0.5827  0.1842    0.5099  0.1372    0.6130  0.2074
       66      442    3.165   2.217E+05    3.165      310    0.2124  0.1639    0.2629  0.2059    0.1527  0.1225    0.4811  0.1187    0.5795  0.1796    0.5148  0.1419    0.6105  0.2019
       67      393    3.396   2.437E+05    3.405      273    0.1868  0.1643    0.2302  0.2035    0.1327  0.1180    0.4850  0.1226    0.5764  0.1745    0.5186  0.1467    0.6078  0.1954
       68      433    3.525   2.546E+05    3.525      296    0.2124  0.1734    0.2639  0.2158    0.1543  0.1263    0.4897  0.1263    0.5735  0.1703    0.5231  0.1513    0.6054  0.1903
       69      441    3.649   2.365E+05    3.656      302    0.1985  0.1531    0.2441  0.1895    0.1402  0.1098    0.4939  0.1307    0.5702  0.1656    0.5272  0.1564    0.6025  0.1846
       70      465    4.065   2.964E+05    4.065      312    0.1594  0.1468    0.1968  0.1826    0.1140  0.1070    0.4985  0.1352    0.5669  0.1605    0.5315  0.1615    0.5996  0.1788
       71      436    3.505   2.560E+05    3.505      298    0.1930  0.1636    0.2388  0.2037    0.1384  0.1195    0.5028  0.1395    0.5631  0.1557    0.5356  0.1665    0.5965  0.1731
       72      438    3.308   2.771E+05    3.307      296    0.1954  0.1988    0.2403  0.2456    0.1378  0.1417    0.5070  0.1437    0.5596  0.1510    0.5394  0.1715    0.5935  0.1675
       73      444    3.669   3.009E+05    3.669      288    0.1829  0.1801    0.2252  0.2231    0.1293  0.1295    0.5115  0.1479    0.5561  0.1465    0.5437  0.1766    0.5905  0.1621
       74      420    3.470   2.868E+05    3.470      274    0.2175  0.1644    0.2678  0.2045    0.1539  0.1194    0.5154  0.1520    0.5523  0.1420    0.5473  0.1815    0.5870  0.1567
       75      444    3.488   2.903E+05    3.488      287    0.2080  0.2035    0.2584  0.2534    0.1510  0.1486    0.5198  0.1561    0.5484  0.1379    0.5514  0.1861    0.5836  0.1518
       76      453    3.075   2.128E+05    3.065      296    0.2530  0.1800    0.3112  0.2216    0.1787  0.1271    0.5241  0.1605    0.5443  0.1335    0.5555  0.1912    0.5799  0.1468
       77      443    3.055   2.422E+05    3.055      286    0.1996  0.1899    0.2460  0.2345    0.1415  0.1353    0.5282  0.1647    0.5402  0.1293    0.5592  0.1961    0.5760  0.1420
       78      445    2.885   2.149E+05    2.885      284    0.2356  0.1923    0.2891  0.2375    0.1650  0.1370    0.5324  0.1687    0.5359  0.1254    0.5629  0.2009    0.5722  0.1374
       79      426    2.832   2.224E+05    2.832      282    0.2128  0.1766    0.2653  0.2209    0.1562  0.1306    0.5363  0.1731    0.5317  0.1214    0.5663  0.2060    0.5683  0.1329
       80      456    3.066   2.254E+05    3.073      299    0.2719  0.2122    0.3356  0.2610    0.1938  0.1494    0.5403  0.1775    0.5274  0.1175    0.5700  0.2108    0.5645  0.1285
       81      449    2.698   2.092E+05    2.698      303    0.3001  0.2534    0.3765  0.3176    0.2238  0.1883    0.5441  0.1822    0.5231  0.1135    0.5733  0.2161    0.5603  0.1243
       82      446    2.458   1.972E+05    2.458      289    0.2950  0.2446    0.3684  0.3042    0.2168  0.1779    0.5481  0.1867    0.5187  0.1091    0.5768  0.2213    0.5561  0.1197
       83      419    3.063   2.562E+05    3.063      279    0.2258  0.1876    0.2816  0.2349    0.1654  0.1390    0.5518  0.1907    0.5140  0.1054    0.5801  0.2260    0.5517  0.1155
       84      462    2.631   2.213E+05    2.650      307    0.2990  0.2288    0.3755  0.2840    0.2232  0.1655    0.5557  0.1950    0.5097  0.1016    0.5836  0.2309    0.5475  0.1114
       85      428    2.620   2.168E+05    2.625      275    0.2346  0.2096    0.2975  0.2623    0.1800  0.1548    0.5595  0.1990    0.5049  0.0979    0.5868  0.2354    0.5428  0.1073
       86      437    2.112   1.855E+05    2.112      275    0.3073  0.3218    0.3893  0.4000    0.2346  0.2337    0.5634  0.2031    0.5001  0.0948    0.5902  0.2400    0.5382  0.1040
       87      421    3.000   2.756E+05    3.005      271    0.1912  0.1912    0.2431  0.2381    0.1476  0.1395    0.5670  0.2071    0.4951  0.0914    0.5933  0.2444    0.5333  0.1005
       88      452    2.462   2.051E+05    2.462      299    0.2766  0.2543    0.3473  0.3141    0.2062  0.1808    0.5707  0.2112    0.4901  0.0884    0.5964  0.2489    0.5284  0.0974
       89      453    1.985   1.750E+05    2.001      288    0.3444  0.3321    0.4424  0.4191    0.2728  0.2514    0.5747  0.2153    0.4849  0.0851    0.5999  0.2533    0.5233  0.0940
       90      442    2.693   2.100E+05    2.693      296    0.2932  0.2066    0.3776  0.2597    0.2336  0.1543    0.5781  0.2199    0.4791  0.0822    0.6028  0.2585    0.5175  0.0912
       91      439    3.077   3.011E+05    3.082      283    0.2463  0.2471    0.3088  0.3056    0.1824  0.1764    0.5817  0.2237    0.4735  0.0790    0.6059  0.2626    0.5116  0.0881
       92      468    2.391   2.299E+05    2.396      313    0.3399  0.3015    0.4304  0.3771    0.2581  0.2218    0.5853  0.2282    0.4679  0.0762    0.6090  0.2673    0.5061  0.0853
       93      426    2.399   2.244E+05    2.404      269    0.3207  0.3148    0.4119  0.3955    0.2539  0.2353    0.5888  0.2322    0.4617  0.0733    0.6119  0.2717    0.4995  0.0826
       94      452    1.857   2.027E+05    1.857      296    0.3908  0.4547    0.5078  0.5756    0.3181  0.3460    0.5924  0.2363    0.4557  0.0711    0.6150  0.2762    0.4935  0.0806
       95      433    2.510   2.556E+05    2.510      292    0.2772  0.2695    0.3508  0.3366    0.2104  0.1977    0.5956  0.2405    0.4491  0.0687    0.6175  0.2806    0.4867  0.0783
       96      434    2.211   2.150E+05    2.211      287    0.3681  0.3412    0.4720  0.4302    0.2885  0.2557    0.5988  0.2445    0.4428  0.0667    0.6202  0.2852    0.4800  0.0766
       97      441    1.571   1.477E+05    1.573      294    0.4419  0.4297    0.5699  0.5413    0.3531  0.3231    0.6021  0.2484    0.4360  0.0648    0.6229  0.2891    0.4729  0.0748
       98      453    2.251   1.997E+05    2.260      306    0.3584  0.3666    0.4610  0.4635    0.2842  0.2778    0.6053  0.2527    0.4294  0.0630    0.6254  0.2936    0.4661  0.0734
       99      433    2.183   2.052E+05    2.183      289    0.3464  0.3451    0.4428  0.4376    0.2703  0.2639    0.6085  0.2567    0.4220  0.0613    0.6283  0.2978    0.4587  0.0719
      100      365    1.440   1.423E+05    1.444      257    0.4818  0.4652    0.6245  0.5931    0.3905  0.3611    0.6109  0.2603    0.4152  0.0596    0.6303  0.3012    0.4514  0.0704
     1001      309    3.517   3.727E+05    3.517      175    0.1341  0.2413    0.1656  0.3012    0.0958  0.1782    0.6139  0.2635    0.4091  0.0583    0.6338  0.3048    0.4452  0.0693
     1002      447    3.759   5.199E+05    3.759      335    0.1132  0.2442    0.1444  0.3057    0.0878  0.1799    0.6163  0.2650    0.4053  0.0555    0.6365  0.3066    0.4411  0.0659
     1003      445    3.963   5.222E+05    3.963      438    0.0907  0.1992    0.1135  0.2541    0.0665  0.1541    0.6165  0.2650    0.3994  0.0519    0.6367  0.3066    0.4350  0.0615
     1004      417    3.109   3.579E+05    3.105      412    0.1113  0.2479    0.1425  0.3180    0.0869  0.1949    0.6166  0.2650    0.3939  0.0481    0.6368  0.3066    0.4293  0.0566
     1005      432    3.381   4.009E+05    3.381      430    0.1063  0.2204    0.1350  0.2781    0.0813  0.1655    0.6166  0.2651    0.3881  0.0451    0.6369  0.3067    0.4233  0.0530
     1006      442    3.386   4.161E+05    3.386      435    0.1080  0.2246    0.1384  0.2871    0.0846  0.1748    0.6168  0.2651    0.3824  0.0417    0.6370  0.3067    0.4174  0.0490
     1007      439    3.693   4.581E+05    3.691      435    0.0987  0.2072    0.1254  0.2646    0.0755  0.1610    0.6169  0.2651    0.3761  0.0386    0.6371  0.3067    0.4107  0.0451
     1008      451    3.733   4.992E+05    3.733      446    0.0961  0.2063    0.1229  0.2626    0.0751  0.1590    0.6170  0.2651    0.3699  0.0357    0.6373  0.3067    0.4041  0.0417
     1009      461    3.479   4.657E+05    3.479      454    0.0959  0.2329    0.1234  0.2981    0.0763  0.1824    0.6172  0.2652    0.3632  0.0328    0.6375  0.3068    0.3967  0.0382
     1010      445    3.366   4.403E+05    3.371      442    0.1077  0.2581    0.1382  0.3327    0.0847  0.2061    0.6172  0.2654    0.3560  0.0302    0.6376  0.3070    0.3890  0.0352
     1011      423    3.317   4.366E+05    3.317      416    0.1073  0.2475    0.1350  0.3166    0.0799  0.1935    0.6174  0.2654    0.3490  0.0278    0.6377  0.3070    0.3813  0.0322
     1012      425    3.309   4.383E+05    3.309      422    0.1024  0.2471    0.1316  0.3169    0.0810  0.1945    0.6174  0.2654    0.3423  0.0257    0.6378  0.3070    0.3741  0.0296
     1013      447    3.316   4.143E+05    3.320      444    0.1028  0.2608    0.1309  0.3328    0.0794  0.2023    0.6175  0.2655    0.3354  0.0237    0.6379  0.3070    0.3665  0.0272
     1014      464    3.463   4.335E+05    3.463      460    0.1061  0.2430    0.1355  0.3105    0.0825  0.1897    0.6176  0.2655    0.3281  0.0216    0.6380  0.3071    0.3588  0.0247
     1015      463    3.232   4.364E+05    3.229      461    0.1074  0.2506    0.1359  0.3207    0.0817  0.1959    0.6177  0.2656    0.3203  0.0195    0.6380  0.3072    0.3502  0.0223
     1016      432    3.357   4.036E+05    3.357      430    0.0998  0.2328    0.1281  0.2990    0.0787  0.1842    0.6177  0.2656    0.3125  0.0177    0.6381  0.3072    0.3420  0.0202
     1017      447    3.434   4.513E+05    3.441      441    0.1031  0.2416    0.1317  0.3100    0.0804  0.1907    0.6178  0.2656    0.3049  0.0162    0.6382  0.3072    0.3338  0.0184
     1018      430    3.309   4.267E+05    3.309      427    0.0929  0.2215    0.1188  0.2845    0.0725  0.1752    0.6179  0.2656    0.2969  0.0146    0.6383  0.3072    0.3249  0.0165
     1019      452    3.549   4.355E+05    3.549      449    0.0984  0.2257    0.1261  0.2900    0.0773  0.1788    0.6180  0.2657    0.2895  0.0131    0.6384  0.3072    0.3168  0.0148
     1020      455    2.974   4.196E+05    2.974      449    0.1049  0.2525    0.1340  0.3250    0.0817  0.2009    0.6181  0.2657    0.2814  0.0118    0.6386  0.3073    0.3079  0.0132
     1021      446    3.046   4.207E+05    3.046      444    0.0922  0.2403    0.1185  0.3087    0.0730  0.1904    0.6181  0.2657    0.2727  0.0107    0.6386  0.3073    0.2982  0.0120
     1022      438    3.043   4.340E+05    3.043      432    0.0988  0.2537    0.1256  0.3254    0.0761  0.2003    0.6183  0.2658    0.2643  0.0096    0.6388  0.3074    0.2890  0.0107
     1023      450    3.470   5.058E+05    3.470      445    0.1024  0.2406    0.1299  0.3092    0.0781  0.1905    0.6184  0.2658    0.2559  0.0087    0.6389  0.3074    0.2801  0.0096
     1024      434    3.085   4.598E+05    3.085      431    0.1108  0.2553    0.1401  0.3279    0.0840  0.2022    0.6184  0.2659    0.2473  0.0077    0.6390  0.3075    0.2704  0.0085
     1025      437    3.034   4.465E+05    3.034      434    0.0936  0.2424    0.1200  0.3143    0.0736  0.1967    0.6185  0.2659    0.2387  0.0070    0.6390  0.3075    0.2609  0.0077
     1026      455    2.910   3.303E+05    2.915      451    0.1281  0.2511    0.1637  0.3222    0.1002  0.1986    0.6186  0.2659    0.2305  0.0061    0.6392  0.3075    0.2520  0.0066
     1027      424    2.739   4.121E+05    2.739      422    0.1076  0.2875    0.1371  0.3680    0.0833  0.2254    0.6186  0.2660    0.2214  0.0054    0.6392  0.3076    0.2421  0.0059
     1028      432    3.006   3.242E+05    3.006      427    0.1249  0.2512    0.1600  0.3239    0.0982  0.2009    0.6187  0.2660    0.2131  0.0047    0.6393  0.3076    0.2329  0.0050
     1029      441    2.668   3.382E+05    2.668      438    0.1202  0.2799    0.1524  0.3582    0.0920  0.2195    0.6188  0.2660    0.2045  0.0041    0.6394  0.3076    0.2231  0.0044
     1030      502    2.836   3.843E+05    2.842      501    0.1219  0.2907    0.1540  0.3747    0.0921  0.2322    0.6188  0.2661    0.1956  0.0036    0.6394  0.3077    0.2134  0.0037
     1031      431    3.066   4.308E+05    3.066      430    0.1384  0.2908    0.1712  0.3691    0.0986  0.2232    0.6189  0.2661    0.1856  0.0029    0.6394  0.3077    0.2026  0.0030
     1032      428    2.732   3.929E+05    2.732      425    0.1315  0.3120    0.1639  0.3948    0.0962  0.2377    0.6189  0.2661    0.1770  0.0024    0.6395  0.3078    0.1930  0.0025
     1033      436    2.823   3.736E+05    2.823      433    0.1366  0.2718    0.1716  0.3476    0.1020  0.2130    0.6190  0.2661    0.1680  0.0021    0.6396  0.3078    0.1829  0.0022
     1034      433    2.574   3.274E+05    2.574      429    0.1565  0.3313    0.1938  0.4210    0.1125  0.2555    0.6191  0.2662    0.1591  0.0018    0.6397  0.3079    0.1732  0.0018
     1035      443    2.469   3.589E+05    2.469      441    0.1445  0.3309    0.1792  0.4223    0.1037  0.2572    0.6192  0.2663    0.1500  0.0016    0.6398  0.3079    0.1635  0.0015
     1036      472    2.686   4.002E+05    2.689      470    0.1157  0.2984    0.1438  0.3776    0.0836  0.2269    0.6192  0.2663    0.1409  0.0013    0.6398  0.3079    0.1537  0.0013
     1037      432    2.345   3.524E+05    2.350      428    0.1389  0.3462    0.1727  0.4376    0.1007  0.2629    0.6193  0.2663    0.1312  0.0010    0.6398  0.3079    0.1426  0.0010
     1038      470    2.164   2.552E+05    2.164      465    0.1735  0.3351    0.2148  0.4236    0.1243  0.2543    0.6194  0.2663    0.1222  0.0007    0.6400  0.3079    0.1329  0.0006
     1039      391    2.240   3.071E+05    2.236      389    0.1548  0.3421    0.1932  0.4360    0.1135  0.2656    0.6194  0.2664    0.1121  0.0006    0.6400  0.3080    0.1219  0.0006
     1040      471    2.418   3.688E+05    2.423      469    0.1398  0.3299    0.1712  0.4169    0.0968  0.2495    0.6195  0.2664    0.1039  0.0005    0.6401  0.3080    0.1129  0.0005
     1041      451    2.143   3.567E+05    2.143      448    0.1879  0.3662    0.2308  0.4650    0.1313  0.2807    0.6196  0.2665    0.0940  0.0003    0.6402  0.3082    0.1023  0.0004
     1042      428    2.185   4.506E+05    2.185      426    0.2120  0.4302    0.2620  0.5410    0.1509  0.3220    0.6196  0.2666    0.0845  0.0002    0.6402  0.3083    0.0923  0.0002
     1043      427    2.436   4.566E+05    2.436      427    0.2130  0.4023    0.2609  0.4999    0.1477  0.2910    0.6196  0.2667    0.0753  0.0001    0.6402  0.3085    0.0821  0.0001
     1044      452    1.971   3.468E+05    1.971      451    0.2545  0.5070    0.3083  0.6351    0.1704  0.3746    0.6196  0.2668    0.0662  0.0000    0.6402  0.3086    0.0719  0.0000
     1045      441    1.781   3.022E+05    1.781      436    0.2560  0.4819    0.3129  0.5963    0.1765  0.3445    0.6198  0.2668    0.0564  0.0000    0.6403  0.3086    0.0611  0.0000
     1046      443    1.927   3.965E+05    1.927      441    0.1794  0.4574    0.2182  0.5744    0.1219  0.3408    0.6198  0.2668    0.0468  0.0000    0.6403  0.3086    0.0508  0.0000
     1047      446    1.702   2.665E+05    1.698      445    0.2181  0.4632    0.2634  0.5772    0.1449  0.3371    0.6198  0.2669    0.0373  0.0000    0.6403  0.3087    0.0404  0.0000
     1048      430    1.766   3.186E+05    1.766      427    0.2155  0.4313    0.2577  0.5350    0.1390  0.3105    0.6199  0.2669    0.0276  0.0000    0.6404  0.3087    0.0298  0.0000
     1049      468    1.589   2.403E+05    1.584      467    0.2857  0.4690    0.3418  0.5795    0.1842  0.3328    0.6199  0.2670    0.0183  0.0000    0.6404  0.3088    0.0199  0.0000
     1050      370    1.411   1.953E+05    1.411      370    0.3200  0.4870    0.3816  0.6000    0.2043  0.3440    0.6199  0.2670    0.0081  0.0000    0.6404  0.3089    0.0089  0.0000
 ---------------------------------------------------------------------------------------------------------------------------------------------------------------------------------------
   Total     65347                                  58008                                                          0.6199  0.2670                      0.6404  0.3089

  Calling close_file ... 

 MRFANA: normal termination

