 __   __   __      __   ___  __   __    __   __   _ 
|__) |  \ |__) __ |__) |__  |  \ /  \    /    _) (_)
|    |__/ |__)    |  \ |___ |__/ \__/   /  o /__ (_)
 
****** Optimisation setup ******
-Using a maximum of 7 CPU cores where possible
-PDB-REDO will optimise the structure model in /home/pdb-redo/PDB_REDO_data/andrea.thorn/0000000011/input/PDB/6y2e_.pdb
-Using the experimental data in /home/pdb-redo/PDB_REDO_data/andrea.thorn/0000000011/input/MTZ/6y2e_phases.mtz
-During the process your structure model will be called 'M0rk'
-The final result will be written to /home/pdb-redo/PDB_REDO_data/andrea.thorn/0000000011/output
 
 
****** Parsing input files ******
-Preparing the structure model
 o Performing DEFY flips
 o Checking carbohydrates
   * Running carbonanza
 o Running Platonyzer
 o Running prepper
   * Occupancies reset     : 0
   * B-factors reset       : 0
   * Deleted (hetero) atoms: 0
   * Deleted ANISOU records: 0
   * Deleted LINK   records: 0
   * Added   LINK   records: 0
   * Fixed   LINK   records: 0
   * Renamed water atoms   : 0
-Checking reflection data
-Extracting data from the PDB file
 o TLS groups created  :   1
 o TLS groups extracted:   0
 o Extracting the amino acid sequence
-Creating MTZ file
 
 
****** Structure model and data details ******
Cell axes            : 114.983 53.763 44.774
Cell angles          : 90.00 101.24 90.00
Space group          : C 1 2 1
Resolution (pdb)     : 1.75
Resolution (data)    : 1.75
Lowest resolution    : 48.53
Reported Rfactor     : 0.1710
Reported R-free      : 0.2220
Average B-factor     : 27.87
Wilson B from SFcheck: 32.83
Solvent percentage   : 38.30
Solvent model        : SIMP
VdW probe            : 1.20
Ion probe            : 0.80
Shrinkage            : 0.80
Reflections (data)   : 27172
Work set size        : 25863
Test set size (data) : 1309 (4.8%)
Test set size (used) : 1309
Completeness (pdb)   : 100.0
Completeness (used)  : 99.8
Wavelength           : 0.91840
Refinement tool      : REFMAC_5.8.0257
Deposition year      : 2000
 
 
****** R(-free) recalculation ******
-Running Refmac for 0 cycles (R-free = 0.2231)
 
 
****** R-factor and R-free details ******
Calculated R     : 0.1720
Calculated R-free: 0.2231
'Unbiased' R-free: 0.2087
sigma(R-free)    : 0.0062
R-free Z-score   : -2.32
 
 
****** Backbone correction ******
-Running fixDMC
 o FixDMC added 1 missing backbone atoms
 
 
****** Solvent mask optimisation ******
-Running Refmac grid search
 o VDW probe: 1.1
 o Ion probe: 0.9
 o Shrinkage: 0.9
 
 
****** Refinement settings ******
-B-factor model
 o Number of atoms      : 2685
 o Number of reflections: 25863
 o Reflections per atom : 9.6
 o B-factor type        : ISOTropic
 o TLS-models           : used
-Non-crystallographic symmetry
 o No NCS restraints/constraints used
-Twinning
 o No twinning detected
-High Refmac bond length or bond angle RMSZ detected
 o Bond length RMSZ: 0.780
 o Bond angle RMSZ : 1.026
 o Geometric targets will be relaxed
 
 
****** TLS group optimisation ******
-Testing 1 TLS group definition(s)
 o Tested tls groups from REDO.tls (R-free = 0.2576)
-Filtering results
-TLS groups in REDO.tls will be used in refinement
 
 
****** B-weight optimisation ******
-Testing B-factor restraint weights: 1.50 1.20 1.00 0.80 0.50 0.30 0.10
 o Performed B-weight test with weight 1.50 (R-free = 0.2256)
 o Performed B-weight test with weight 1.20 (R-free = 0.2218)
 o Performed B-weight test with weight 1.00 (R-free = 0.2192)
 o Performed B-weight test with weight 0.80 (R-free = 0.2160)
 o Performed B-weight test with weight 0.50 (R-free = 0.2106)
 o Performed B-weight test with weight 0.30 (R-free = 0.2089)
 o Performed B-weight test with weight 0.10 (R-free = 0.2104)
-Selecting best B weight
 o Best B weight: 0.50
 
 
****** Structure re-refinement ******
-Refining with geometric restraint weights: .005 0.01 0.03 0.05 0.10 0.30 0.50
 o Performed refinement with MATRIX weight .005 (R-free = 0.2330)
 o Performed refinement with MATRIX weight 0.01 (R-free = 0.2252)
 o Performed refinement with MATRIX weight 0.03 (R-free = 0.2161)
 o Performed refinement with MATRIX weight 0.05 (R-free = 0.2131)
 o Performed refinement with MATRIX weight 0.10 (R-free = 0.2095)
 o Performed refinement with MATRIX weight 0.30 (R-free = 0.2091)
 o Performed refinement with MATRIX weight 0.50 (R-free = 0.2109)
-Selecting best geometric restraint weight
 o Best geometric restraint weight: 0.10
 
 
****** Re-refinement details ******
Best matrix weight: 0.10
Resulting R-factor: 0.1671
Resulting R-free  : 0.2095
'Unbiased' R-free : 0.2027
sigma(R-free)     : 0.0058
R-free Z-score    : -1.17
 
 
****** Model validation ******
-Validating the input model with WHAT_CHECK
-Validating the re-refined model with WHAT_CHECK
 
 
****** Validation details ******
                                     Before  After
1st generation packing quality     : -0.510 -0.501
2nd generation packing quality     : -1.636 -1.549
Ramachandran plot appearance       : -0.870 -0.551
chi-1/chi-2 rotamer normality      : -2.734 -2.261
Backbone conformation              : -0.381 -0.216
 
Bond length RMS Z-score            : 0.719 0.571
Bond angle RMS Z-score             : 1.029 0.771
 
Total number of bumps              : 13 8
Weighted bump severity score       : 0.008 0.002
 
Unsatisfied H-bond donors/acceptors: 14 16
H-bond satisfaction fraction       : 0.902 0.892
 
 
****** Structure rebuilding ******
-Completing loops with loopwhole
 o No new loops were found
-Assigning secondary structure with DSSP
-Removing waters without density
-Performing peptide flips
-Refitting side chains
-Validation-based rebuilding
 
 
****** Rebuilding details ******
Loops added        : 0
Waters removed     : 26
Peptides flipped   : 0
Side chains built  : 0
Side chains flipped: 14
Chirality fixes    : 0
 
 
****** Carbohydrate (re)building ******
-Running carbivore
 o Carbohydrate tree processing results
   * Whole-trees built:  0
   * Trees rebuilt    :  0
   * Trees extended   :  0
 o Overall results
   * Carbohydrate residues added  :  0
   * Carbohydrate residues deleted:  0
   * Overlapping waters deleted   :  0
 
 
****** Final refinement ******
-Updating metal restraints
-Final restraint weight optimisation with MATRIX weights: 0.10 0.15 0.05
 o Performed 20-cycle refinement with MATRIX weight 0.10 (R-free = 0.2070)
 o Performed 20-cycle refinement with MATRIX weight 0.15 (R-free = 0.2076)
 o Performed 20-cycle refinement with MATRIX weight 0.05 (R-free = 0.2086)
 
 
****** Final refinement details ******
Best matrix weight: 0.10
Resulting R-factor: 0.1672
Resulting R-free  : 0.2070
'Unbiased' R-free : 0.2028
sigma(R-free)     : 0.0057
R-free Z-score    : -0.74
 
 
****** Reciprocal space correlation ******
                              Before  Final  Z-score
Work correlation coefficient: 0.968   0.969  1.83
Free correlation coefficient: 0.944   0.950  1.49
 
 
****** Validation details ******
-Running DSSP
-Running WHAT_CHECK
                                     Before  Re-ref  Final
1st generation packing quality     : -0.510 -0.501 -0.515
2nd generation packing quality     : -1.636 -1.549 -1.448
Ramachandran plot appearance       : -0.870 -0.551 -0.495
chi-1/chi-2 rotamer normality      : -2.734 -2.261 -1.730
Backbone conformation              : -0.381 -0.216 -0.171
 
Bond length RMS Z-score            : 0.719 0.571 0.566
Bond angle RMS Z-score             : 1.029 0.771 0.766
 
Total number of bumps              : 13 8 12
Weighted bump severity score       : 0.008 0.002 0.010
 
Unsatisfied H-bond donors/acceptors: 14 16 14
H-bond satisfaction fraction       : 0.902 0.892 0.905
 
 
****** Protein side chain details ******
-Analysing model changes
 
Changed rotamers     : 17
Hydrogen bond flips  : 9
Cis-trans flips      : 0
Trans-cis flips      : 0
Peptides fixed       : 0
Peptides distorted   : 0
 
 
****** Electron density map details ******
-Analysing density maps
 
                       Better Worse
Real-space CC        : 0 0
Real-space R-factor  : 0 0
EDIAm density fit    : 39 30
OPIA density coverage: 0 0
 
 
****** Creating final output ******
-Creating YASARA scenes
 o TLS-group scene
 o Atomic shift scene
-Creating Refmac command script
-Consolidating results
