Results from PDB-REDO --local --xyzin=6m03_refine_1.pdb --mtzin=6m03_refine_1.mtz --nproc=7 --dirout=pdb-redo
 __   __   __      __   ___  __   __    __   __  __ 
|__) |  \ |__) __ |__) |__  |  \ /  \    /    _)  / 
|    |__/ |__)    |  \ |___ |__/ \__/   /  o /__ /  
 
****** Optimisation setup ******
-PDB-REDO will optimise the structure model in /data/id30a3/inhouse/gianluca/coronavirus_structural_task_force/pdb/3c_like_proteinase/SARS-CoV-2/6m03/isolde/6m03_refine_1.pdb
-Using the experimental data in /data/id30a3/inhouse/gianluca/coronavirus_structural_task_force/pdb/3c_like_proteinase/SARS-CoV-2/6m03/isolde/6m03_refine_1.mtz
-Using a maximum of 7 CPU cores where possible
-During the process your structure model will be called 'Hts0'
-The final result will be written to /data/id30a3/inhouse/gianluca/coronavirus_structural_task_force/pdb/3c_like_proteinase/SARS-CoV-2/6m03/isolde/pdb-redo
 
 
****** Parsing input files ******
-Preparing the structure model
 o Performing DEFY flips
 o Checking carbohydrates
   * Running carbonanza
 o Running Platonyzer
 o Running prepper
 
WARNING!
------------
Your input coordinate file has phenix.refine-specific format errors. Trying to compensate.
Diagnostic output from prepper:
 
Trying to parse '**'
Error parsing PDB at line 2
Error trying to load file "/home/esrf/opid30/pdb-redo/tempdir/Hts0/Hts0_platonyzed.pdb"
Not a valid integer in PDB record
 
 o Running prepper
   * Occupancies reset     : 0
   * B-factors reset       : 0
   * Deleted (hetero) atoms: 0
   * Deleted ANISOU records: 0
   * Deleted LINK   records: 0
   * Added   LINK   records: 0
   * Fixed   LINK   records: 0
   * Renamed water atoms   : 0
-Checking reflection data
 o Anomalous data will be used to calculate anomalous maps
-Extracting data from the PDB file
 o TLS groups created  :   1
 o TLS groups extracted:   0
 o Extracting the amino acid sequence
 o BlastP is missing or not configured properly
 o Cannot generate homology-based restraints
-Creating MTZ file
 
 
****** Structure model and data details ******
Cell axes            : 113.964 53.450 45.029
Cell angles          : 90.00 101.83 90.00
Space group          : C 1 2 1
Resolution (pdb)     : 1.99
Resolution (data)    : 1.99
Lowest resolution    : 38.65
Reported Rfactor     : 0.2093
Reported R-free      : 0.2461
Average B-factor     : 48.34
Wilson B from SFcheck: 51.61
Solvent percentage   : 37.60
Solvent model        : SIMP
VdW probe            : 1.11
Ion probe            : 1.11
Shrinkage            : 0.90
Reflections (data)   : 18282
Work set size        : 16461
Test set size (data) : 1821 (10.0%)
Test set size (used) : 1821
Completeness (pdb)   : 99.6
Completeness (used)  : 99.5
Wavelength           : 1.00000
Refinement tool      : PHENIX_(1.17_3657:_???)
Deposition year      : 2000
 
 
****** R(-free) recalculation ******
-Running Refmac for 0 cycles (R-free = 0.2572)
 
 
****** R-factor and R-free details ******
Calculated R     : 0.2192
Calculated R-free: 0.2572
'Unbiased' R-free: 0.2819
sigma(R-free)    : 0.0060
R-free Z-score   : 4.12
 
 
****** Backbone correction ******
-Running fixDMC
 o The sequence is untrusted, no OXT atoms can be added
 o FixDMC added 0 missing backbone atoms
 
 
****** Solvent mask optimisation ******
-Running Refmac grid search
 o VDW probe: 1.1
 o Ion probe: 0.7
 o Shrinkage: 0.7
 
 
****** Refinement settings ******
-B-factor model
 o Number of atoms      : 2471
 o Number of reflections: 16461
 o Reflections per atom : 6.7
 o B-factor type        : ISOTropic
 o TLS-models           : used
-Non-crystallographic symmetry
 o No NCS restraints/constraints used
-Twinning
 o No twinning detected
-High Refmac bond length or bond angle RMSZ detected
 o Bond length RMSZ: 1.153
 o Bond angle RMSZ : 1.085
 o Geometric targets will be relaxed
 
 
****** TLS group optimisation ******
-Testing 1 TLS group definition(s)
 o Tested tls groups from REDO.tls (R-free = 0.2687)
-Filtering results
-TLS groups in REDO.tls will be used in refinement
 
 
****** B-weight optimisation ******
-Testing B-factor restraint weights: 1.50 1.20 1.00 0.80 0.50 0.30 0.10
 o Performed B-weight test with weight 1.50 (R-free = 0.2492)
 o Performed B-weight test with weight 1.20 (R-free = 0.2468)
 o Performed B-weight test with weight 1.00 (R-free = 0.2447)
 o Performed B-weight test with weight 0.80 (R-free = 0.2430)
 o Performed B-weight test with weight 0.50 (R-free = 0.2405)
 o Performed B-weight test with weight 0.30 (R-free = 0.2424)
 o Performed B-weight test with weight 0.10 (R-free = 0.2457)
-Selecting best B weight
 o Best B weight: 0.50
 
 
****** Structure re-refinement ******
-Refining with geometric restraint weights: 0.01 0.03 0.05 0.10 0.30 0.50 0.70
 o Performed refinement with MATRIX weight 0.01 (R-free = 0.2435)
 o Performed refinement with MATRIX weight 0.03 (R-free = 0.2443)
 o Performed refinement with MATRIX weight 0.05 (R-free = 0.2449)
 o Performed refinement with MATRIX weight 0.10 (R-free = 0.2480)
 o Performed refinement with MATRIX weight 0.30 (R-free = 0.2571)
 o Performed refinement with MATRIX weight 0.50 (R-free = 0.2671)
 o Performed refinement with MATRIX weight 0.70 (R-free = 0.2740)
-Selecting best geometric restraint weight
 o Best geometric restraint weight: 0.01
 
 
****** Re-refinement details ******
Best matrix weight: 0.01
Resulting R-factor: 0.1964
Resulting R-free  : 0.2435
'Unbiased' R-free : 0.2526
sigma(R-free)     : 0.0057
R-free Z-score    : 1.60
 
 
****** Model validation ******
-Validating the input model with WHAT_CHECK
-Validating the re-refined model with WHAT_CHECK
 o Validation failed
 o Validation failed
 
 
****** Validation details ******
                                     Before  After
1st generation packing quality     : NA NA
2nd generation packing quality     : NA NA
Ramachandran plot appearance       : NA NA
chi-1/chi-2 rotamer normality      : NA NA
Backbone conformation              : NA NA
 
Bond length RMS Z-score            : NA NA
Bond angle RMS Z-score             : NA NA
 
Total number of bumps              : NA NA
Weighted bump severity score       : NA NA
 
Unsatisfied H-bond donors/acceptors: NA NA
H-bond satisfaction fraction       : NA NA
 
 
****** Structure rebuilding ******
-Assigning secondary structure with DSSP
-Removing waters without density
-Performing peptide flips
-Refitting side chains
-Validation-based rebuilding
 o Validation-based rebuilding failed
 
 
****** Rebuilding details ******
Loops added        : 0
Waters removed     : 23
Peptides flipped   : 0
Side chains built  : 0
Side chains flipped: 0
Chirality fixes    : 0
 
 
****** Carbohydrate (re)building ******
-Running carbivore
 o Carbivore failed, no carbohydrates (rebuilt)
 
 
****** Final refinement ******
-Updating metal restraints
-Final restraint weight optimisation with MATRIX weights: 0.01 0.02 .005
 o Performed 20-cycle refinement with MATRIX weight 0.01 (R-free = 0.2493)
 o Performed 20-cycle refinement with MATRIX weight 0.02 (R-free = 0.2470)
 o Performed 20-cycle refinement with MATRIX weight .005 (R-free = 0.2526)
 
 
****** Final refinement details ******
Best matrix weight: 0.01
Resulting R-factor: 0.1980
Resulting R-free  : 0.2493
'Unbiased' R-free : 0.2547
sigma(R-free)     : 0.0058
R-free Z-score    : 0.93
 
 
****** Reciprocal space correlation ******
                              Before  Final  Z-score
Work correlation coefficient: 0.956   0.965  10.59
Free correlation coefficient: 0.941   0.943  0.54
 
 
****** Validation details ******
-Running DSSP
-Running WHAT_CHECK
 o Validation failed
                                     Before  Re-ref  Final
1st generation packing quality     : NA NA NA
2nd generation packing quality     : NA NA NA
Ramachandran plot appearance       : NA NA NA
chi-1/chi-2 rotamer normality      : NA NA NA
Backbone conformation              : NA NA NA
 
Bond length RMS Z-score            : NA NA NA
Bond angle RMS Z-score             : NA NA NA
 
Total number of bumps              : NA NA NA
Weighted bump severity score       : NA NA NA
 
Unsatisfied H-bond donors/acceptors: NA NA NA
H-bond satisfaction fraction       : NA NA NA
 
 
****** Protein side chain details ******
-Analysing model changes
 
Changed rotamers     : 12
Hydrogen bond flips  : 6
Cis-trans flips      : 0
Trans-cis flips      : 0
Peptides fixed       : 0
Peptides distorted   : 0
 
 
****** Electron density map details ******
-Analysing density maps
 
                       Better Worse
Real-space CC        : 4 0
Real-space R-factor  : 7 0
EDIAm density fit    : 65 81
OPIA density coverage: 0 0
 
 
****** Creating final output ******
-YASARA not installed, cannot make visualisation scenes
-Creating Refmac command script
-Consolidating results
