Results from PDB-REDO --local --xyzin=6m3m_refine_6.pdb --mtzin=6m3m_refine_6.mtz --nproc=7 --dirout=pdb-redo
 __   __   __      __   ___  __   __    __   __  __ 
|__) |  \ |__) __ |__) |__  |  \ /  \    /    _)  / 
|    |__/ |__)    |  \ |___ |__/ \__/   /  o /__ /  
 
****** Optimisation setup ******
-PDB-REDO will optimise the structure model in /data/id30a3/inhouse/gianluca/coronavirus_structural_task_force/pdb/nucleocapsid_protein/SARS-CoV-2/6m3m/isolde/6m3m_refine_6.pdb
-Using the experimental data in /data/id30a3/inhouse/gianluca/coronavirus_structural_task_force/pdb/nucleocapsid_protein/SARS-CoV-2/6m3m/isolde/6m3m_refine_6.mtz
-Using a maximum of 7 CPU cores where possible
-During the process your structure model will be called '3DZj'
-The final result will be written to /data/id30a3/inhouse/gianluca/coronavirus_structural_task_force/pdb/nucleocapsid_protein/SARS-CoV-2/6m3m/isolde/pdb-redo
 
 
****** Parsing input files ******
-Preparing the structure model
 o Performing DEFY flips
 o Checking carbohydrates
   * Running carbonanza
 o Running Platonyzer
 o Running prepper
 
WARNING!
------------
Your input coordinate file has phenix.refine-specific format errors. Trying to compensate.
Diagnostic output from prepper:
 
Dropped unsupported records: REMAR
Trying to parse '**'
Error parsing PDB at line 2
Error trying to load file "/home/esrf/opid30/pdb-redo/tempdir/3DZj/3DZj_platonyzed.pdb"
Not a valid integer in PDB record
 
 o Running prepper
   * Occupancies reset     : 0
   * B-factors reset       : 0
   * Deleted (hetero) atoms: 0
   * Deleted ANISOU records: 0
   * Deleted LINK   records: 0
   * Added   LINK   records: 0
   * Fixed   LINK   records: 0
   * Renamed water atoms   : 0
-Checking reflection data
-Extracting data from the PDB file
 o TLS groups created  :   4
 o TLS groups extracted:   4
 o Extracting the amino acid sequence
 o BlastP is missing or not configured properly
 o Cannot generate homology-based restraints
-Creating MTZ file
 
 
****** Structure model and data details ******
Cell axes            : 58.888 92.685 97.325
Cell angles          : 90.00 90.00 90.00
Space group          : P 21 21 21
Resolution (pdb)     : 2.70
Resolution (data)    : 2.70
Lowest resolution    : 21.22
Reported Rfactor     : 0.2520
Reported R-free      : 0.2913
Average B-factor     : 38.01
Wilson B from SFcheck: 46.65
Solvent percentage   : 49.15
Solvent model        : SIMP
VdW probe            : 1.11
Ion probe            : 1.11
Shrinkage            : 0.90
Reflections (data)   : 15127
Work set size        : 13613
Test set size (data) : 1514 (10.0%)
Test set size (used) : 1514
Completeness (pdb)   : 99.8
Completeness (used)  : 99.8
Wavelength           : 1.00000
Twin fraction alpha  : -0.003
Refinement tool      : PHENIX_(1.17_3657:_???)
Deposition year      : 2000
 
 
****** R(-free) recalculation ******
-Recalculating R-factors with original TLS tensors    (R-free = 0.3181)
-Recalculating R-factors without original TLS tensors (R-free = 0.2984)
 o Recalculating the R-factor without TLS tensors gives the best result
 
 
****** R-factor and R-free details ******
Calculated R     : 0.2629
Calculated R-free: 0.2984
'Unbiased' R-free: 0.3155
sigma(R-free)    : 0.0077
R-free Z-score   : 2.22
 
 
****** Backbone correction ******
-Running fixDMC
 o The sequence is untrusted, no OXT atoms can be added
 o FixDMC added 0 missing backbone atoms
 
 
****** Solvent mask optimisation ******
-Running Refmac grid search
 o VDW probe: 1.1
 o Ion probe: 0.7
 o Shrinkage: 0.7
 
 
****** Refinement settings ******
-B-factor model
 o Number of atoms      : 3973
 o Number of reflections: 13613
 o Reflections per atom : 3.4
 o B-factor type        : ISOTropic
 o TLS-models           : used
-Non-crystallographic symmetry
 o Using local NCS restraints
-Twinning
 o No twinning detected
-High Refmac bond length or bond angle RMSZ detected
 o Bond length RMSZ: 1.137
 o Bond angle RMSZ : 1.034
 o Geometric targets will be relaxed
 
 
****** TLS group optimisation ******
-Testing 2 TLS group definition(s)
 o Tested tls groups from REDO.tls (R-free = 0.2967)
 o Tested tls groups from 3DZj.tls (R-free = 0.2967)
-Filtering results
-TLS groups in REDO.tls will be used in refinement
 
 
****** Testing B-factor refinement type ******
-Testing isotropic B-factors
-Testing one overall B-factor
-PDB-REDO will use one overall B-factor in refinement
 
 
****** Structure re-refinement ******
-Refining with geometric restraint weights: 0.01 0.03 0.05 0.10 0.30 0.50 0.70
 o Performed refinement with MATRIX weight 0.01 (R-free = 0.2911)
 o Performed refinement with MATRIX weight 0.03 (R-free = 0.2981)
 o Performed refinement with MATRIX weight 0.05 (R-free = 0.2965)
 o Performed refinement with MATRIX weight 0.10 (R-free = 0.3019)
 o Performed refinement with MATRIX weight 0.30 (R-free = 0.3210)
 o Performed refinement with MATRIX weight 0.50 (R-free = 0.3322)
 o Performed refinement with MATRIX weight 0.70 (R-free = 0.3406)
-Selecting best geometric restraint weight
 o Best geometric restraint weight: 0.01
 
 
****** Re-refinement details ******
Best matrix weight: 0.01
Resulting R-factor: 0.2469
Resulting R-free  : 0.2911
'Unbiased' R-free : 0.2923
sigma(R-free)     : 0.0075
R-free Z-score    : 0.16
 
 
****** Model validation ******
-Validating the input model with WHAT_CHECK
-Validating the re-refined model with WHAT_CHECK
 o Validation failed
 o Validation failed
 
 
****** Validation details ******
                                     Before  After
1st generation packing quality     : NA NA
2nd generation packing quality     : NA NA
Ramachandran plot appearance       : NA NA
chi-1/chi-2 rotamer normality      : NA NA
Backbone conformation              : NA NA
 
Bond length RMS Z-score            : NA NA
Bond angle RMS Z-score             : NA NA
 
Total number of bumps              : NA NA
Weighted bump severity score       : NA NA
 
Unsatisfied H-bond donors/acceptors: NA NA
H-bond satisfaction fraction       : NA NA
 
 
****** Structure rebuilding ******
-Assigning secondary structure with DSSP
-Removing waters without density
-Performing peptide flips
-Refitting side chains
-Validation-based rebuilding
 o Validation-based rebuilding failed
 
 
****** Rebuilding details ******
Loops added        : 0
Waters removed     : 4
Peptides flipped   : 3
Side chains built  : 10
Side chains flipped: 0
Chirality fixes    : 0
 
 
****** Carbohydrate (re)building ******
-Running carbivore
 o Carbivore failed, no carbohydrates (rebuilt)
 
 
****** Final refinement ******
-Updating metal restraints
-Final restraint weight optimisation with MATRIX weights: 0.01 0.02 .005
 o Performed 20-cycle refinement with MATRIX weight 0.01 (R-free = 0.2964)
 o Performed 20-cycle refinement with MATRIX weight 0.02 (R-free = 0.2997)
 o Performed 20-cycle refinement with MATRIX weight .005 (R-free = 0.2930)
 
 
****** Final refinement details ******
Best matrix weight: .005
Resulting R-factor: 0.2545
Resulting R-free  : 0.2930
'Unbiased' R-free : 0.3013
sigma(R-free)     : 0.0075
R-free Z-score    : 1.11
 
 
****** Reciprocal space correlation ******
                              Before  Final  Z-score
Work correlation coefficient: 0.879   0.888  3.39
Free correlation coefficient: 0.835   0.840  0.46
 
 
****** Validation details ******
-Running DSSP
-Running WHAT_CHECK
 o Validation failed
                                     Before  Re-ref  Final
1st generation packing quality     : NA NA NA
2nd generation packing quality     : NA NA NA
Ramachandran plot appearance       : NA NA NA
chi-1/chi-2 rotamer normality      : NA NA NA
Backbone conformation              : NA NA NA
 
Bond length RMS Z-score            : NA NA NA
Bond angle RMS Z-score             : NA NA NA
 
Total number of bumps              : NA NA NA
Weighted bump severity score       : NA NA NA
 
Unsatisfied H-bond donors/acceptors: NA NA NA
H-bond satisfaction fraction       : NA NA NA
 
 
****** Protein side chain details ******
-Analysing model changes
 
Changed rotamers     : 54
Hydrogen bond flips  : 11
Cis-trans flips      : 0
Trans-cis flips      : 0
Peptides fixed       : 0
Peptides distorted   : 0
 
 
****** Electron density map details ******
-Analysing density maps
 
                       Better Worse
Real-space CC        : 0 0
Real-space R-factor  : 3 0
EDIAm density fit    : 117 128
OPIA density coverage: 0 0
 
 
****** Creating final output ******
-YASARA not installed, cannot make visualisation scenes
-Creating Refmac command script
-Consolidating results
