Results from PDB-REDO --local --xyzin=3r24_refine_2.pdb --mtzin=3r24_refine_2.mtz --nproc=7 --dirout=pdb-redo
 __   __   __      __   ___  __   __    __   __  __ 
|__) |  \ |__) __ |__) |__  |  \ /  \    /    _)  / 
|    |__/ |__)    |  \ |___ |__/ \__/   /  o /__ /  
 
****** Optimisation setup ******
-PDB-REDO will optimise the structure model in /data/id30a3/inhouse/gianluca/coronavirus_structural_task_force/pdb/nsp16-nsp10/SARS-CoV/3r24/isolde/3r24_refine_2.pdb
-Using the experimental data in /data/id30a3/inhouse/gianluca/coronavirus_structural_task_force/pdb/nsp16-nsp10/SARS-CoV/3r24/isolde/3r24_refine_2.mtz
-Using a maximum of 7 CPU cores where possible
-During the process your structure model will be called 'nNNB'
-The final result will be written to /data/id30a3/inhouse/gianluca/coronavirus_structural_task_force/pdb/nsp16-nsp10/SARS-CoV/3r24/isolde/pdb-redo
 
 
****** Parsing input files ******
-Preparing the structure model
 o Performing DEFY flips
 o Checking carbohydrates
   * Running carbonanza
 o Running Platonyzer
 o Running prepper
 
WARNING!
------------
Your input coordinate file has phenix.refine-specific format errors. Trying to compensate.
Diagnostic output from prepper:
 
Trying to parse '**'
Error parsing PDB at line 2
Error trying to load file "/home/esrf/opid30/pdb-redo/tempdir/nNNB/nNNB_platonyzed.pdb"
Not a valid integer in PDB record
 
 o Running prepper
   * Occupancies reset     : 0
   * B-factors reset       : 0
   * Deleted (hetero) atoms: 0
   * Deleted ANISOU records: 0
   * Deleted LINK   records: 0
   * Added   LINK   records: 0
   * Fixed   LINK   records: 0
   * Renamed water atoms   : 0
-Checking reflection data
-Extracting data from the PDB file
 o TLS groups created  :   2
 o TLS groups extracted:   0
 o Extracting the amino acid sequence
 o BlastP is missing or not configured properly
 o Cannot generate homology-based restraints
-Creating MTZ file
 
 
****** Structure model and data details ******
Cell axes            : 67.330 184.520 128.590
Cell angles          : 90.00 90.00 90.00
Space group          : C 2 2 21
Resolution (pdb)     : 2.00
Resolution (data)    : 2.00
Lowest resolution    : 46.13
Reported Rfactor     : 0.1746
Reported R-free      : 0.1913
Average B-factor     : 33.20
Wilson B from SFcheck: 34.14
Solvent percentage   : 71.20
Solvent model        : SIMP
VdW probe            : 1.11
Ion probe            : 1.11
Shrinkage            : 0.90
Reflections (data)   : 54058
Work set size        : 51313
Test set size (data) : 2745 (5.1%)
Test set size (used) : 2745
Completeness (pdb)   : 99.2
Completeness (used)  : 99.1
Wavelength           : 1.00000
Refinement tool      : PHENIX_(DEV_3768:_???)
Deposition year      : 2000
 
 
****** R(-free) recalculation ******
-Running Refmac for 0 cycles (R-free = 0.1942)
 
 
****** R-factor and R-free details ******
Calculated R     : 0.1780
Calculated R-free: 0.1942
'Unbiased' R-free: 0.2077
sigma(R-free)    : 0.0037
R-free Z-score   : 3.65
 
 
****** Chirality validation ******
-Found 1 chirality problems
 o Running chiron
   * Chirality errors tested :  1
   * Chiral centers fixed    :  0
   * Chiral centers not fixed:  1
   * Unknown chiral centers  :  0
 
 
****** Backbone correction ******
-Running fixDMC
 o The sequence is untrusted, no OXT atoms can be added
 o FixDMC added 0 missing backbone atoms
 
 
****** Solvent mask optimisation ******
-Running Refmac grid search
 o VDW probe: 1.1
 o Ion probe: 0.7
 o Shrinkage: 0.7
 
 
****** Refinement settings ******
-B-factor model
 o Number of atoms      : 3729
 o Number of reflections: 51313
 o Reflections per atom : 13.8
 o B-factor type        : ISOTropic
 o TLS-models           : used
-Non-crystallographic symmetry
 o No NCS restraints/constraints used
-Twinning
 o No twinning detected
-High Refmac bond length or bond angle RMSZ detected
 o Bond length RMSZ: 1.405
 o Bond angle RMSZ : 1.127
 o Geometric targets will be relaxed
 
 
****** TLS group optimisation ******
-Testing 1 TLS group definition(s)
 o Tested tls groups from REDO.tls (R-free = 0.2339)
-Filtering results
-TLS groups in REDO.tls will be used in refinement
 
 
****** B-weight optimisation ******
-Testing B-factor restraint weights: 1.50 1.20 1.00 0.80 0.50 0.30 0.10
 o Performed B-weight test with weight 1.50 (R-free = 0.1916)
 o Performed B-weight test with weight 1.20 (R-free = 0.1881)
 o Performed B-weight test with weight 1.00 (R-free = 0.1854)
 o Performed B-weight test with weight 0.80 (R-free = 0.1826)
 o Performed B-weight test with weight 0.50 (R-free = 0.1795)
 o Performed B-weight test with weight 0.30 (R-free = 0.1774)
 o Performed B-weight test with weight 0.10 (R-free = 0.1799)
-Selecting best B weight
 o Best B weight: 0.30
 
 
****** Structure re-refinement ******
-Refining with geometric restraint weights: 0.01 0.03 0.05 0.10 0.30 0.50 0.70
 o Performed refinement with MATRIX weight 0.01 (R-free = 0.1885)
 o Performed refinement with MATRIX weight 0.03 (R-free = 0.1814)
 o Performed refinement with MATRIX weight 0.05 (R-free = 0.1789)
 o Performed refinement with MATRIX weight 0.10 (R-free = 0.1774)
 o Performed refinement with MATRIX weight 0.30 (R-free = 0.1769)
 o Performed refinement with MATRIX weight 0.50 (R-free = 0.1771)
 o Performed refinement with MATRIX weight 0.70 (R-free = 0.1833)
-Selecting best geometric restraint weight
 o Best geometric restraint weight: 0.10
 
 
****** Re-refinement details ******
Best matrix weight: 0.10
Resulting R-factor: 0.1518
Resulting R-free  : 0.1774
'Unbiased' R-free : 0.1772
sigma(R-free)     : 0.0034
R-free Z-score    : -0.06
 
 
****** Model validation ******
-Validating the input model with WHAT_CHECK
-Validating the re-refined model with WHAT_CHECK
 o Validation failed
 o Validation failed
 
 
****** Validation details ******
                                     Before  After
1st generation packing quality     : NA NA
2nd generation packing quality     : NA NA
Ramachandran plot appearance       : NA NA
chi-1/chi-2 rotamer normality      : NA NA
Backbone conformation              : NA NA
 
Bond length RMS Z-score            : NA NA
Bond angle RMS Z-score             : NA NA
 
Total number of bumps              : NA NA
Weighted bump severity score       : NA NA
 
Unsatisfied H-bond donors/acceptors: NA NA
H-bond satisfaction fraction       : NA NA
 
 
****** Structure rebuilding ******
-Assigning secondary structure with DSSP
-Removing waters without density
-Performing peptide flips
-Refitting side chains
-Validation-based rebuilding
 o Validation-based rebuilding failed
 
 
****** Rebuilding details ******
Loops added        : 0
Waters removed     : 54
Peptides flipped   : 2
Side chains built  : 1
Side chains flipped: 0
Chirality fixes    : 0
 
 
****** Carbohydrate (re)building ******
-Running carbivore
 o Carbivore failed, no carbohydrates (rebuilt)
 
 
****** Final refinement ******
-Updating metal restraints
-Final restraint weight optimisation with MATRIX weights: 0.10 0.15 0.05
 o Performed 20-cycle refinement with MATRIX weight 0.10 (R-free = 0.1766)
 o Performed 20-cycle refinement with MATRIX weight 0.15 (R-free = 0.1765)
 o Performed 20-cycle refinement with MATRIX weight 0.05 (R-free = 0.1771)
 
 
****** Final refinement details ******
Best matrix weight: 0.10
Resulting R-factor: 0.1489
Resulting R-free  : 0.1766
'Unbiased' R-free : 0.1738
sigma(R-free)     : 0.0034
R-free Z-score    : -0.82
 
 
****** Reciprocal space correlation ******
                              Before  Final  Z-score
Work correlation coefficient: 0.955   0.967  25.33
Free correlation coefficient: 0.945   0.953  2.99
 
 
****** Validation details ******
-Running DSSP
-Running WHAT_CHECK
 o Validation failed
                                     Before  Re-ref  Final
1st generation packing quality     : NA NA NA
2nd generation packing quality     : NA NA NA
Ramachandran plot appearance       : NA NA NA
chi-1/chi-2 rotamer normality      : NA NA NA
Backbone conformation              : NA NA NA
 
Bond length RMS Z-score            : NA NA NA
Bond angle RMS Z-score             : NA NA NA
 
Total number of bumps              : NA NA NA
Weighted bump severity score       : NA NA NA
 
Unsatisfied H-bond donors/acceptors: NA NA NA
H-bond satisfaction fraction       : NA NA NA
 
 
****** Protein side chain details ******
-Analysing model changes
 
Changed rotamers     : 32
Hydrogen bond flips  : 10
Cis-trans flips      : 0
Trans-cis flips      : 0
Peptides fixed       : 0
Peptides distorted   : 0
 
 
****** Electron density map details ******
-Analysing density maps
 
                       Better Worse
Real-space CC        : 39 0
Real-space R-factor  : 154 1
EDIAm density fit    : 79 40
OPIA density coverage: 0 0
 
****** Ligand validation ******
 
****** Ligand validation details (SAM A 302) ******
 
                                    Before  Final
Real-space R-factor               : 0.111   0.064
Real-space correlation            : 0.923   0.966
EDIAm density fit                 : 0.927   1.020
OPIA density coverage (%)         : 92.6    96.3
 
 
****** Creating final output ******
-YASARA not installed, cannot make visualisation scenes
-Creating Refmac command script
-Consolidating results
