Results from PDB-REDO --local --xyzin=6m0j_refine_14.pdb --mtzin=6m0j_refine_14.mtz --nproc=7 --dirout=pdb-redo
 __   __   __      __   ___  __   __    __   __  __ 
|__) |  \ |__) __ |__) |__  |  \ /  \    /    _)  / 
|    |__/ |__)    |  \ |___ |__/ \__/   /  o /__ /  
 
****** Optimisation setup ******
-PDB-REDO will optimise the structure model in /data/id30a3/inhouse/gianluca/coronavirus_structural_task_force/pdb/surface_glycoprotein/SARS-CoV-2/6m0j/isolde/6m0j_refine_14.pdb
-Using the experimental data in /data/id30a3/inhouse/gianluca/coronavirus_structural_task_force/pdb/surface_glycoprotein/SARS-CoV-2/6m0j/isolde/6m0j_refine_14.mtz
-Using a maximum of 7 CPU cores where possible
-During the process your structure model will be called 'zc1b'
-The final result will be written to /data/id30a3/inhouse/gianluca/coronavirus_structural_task_force/pdb/surface_glycoprotein/SARS-CoV-2/6m0j/isolde/pdb-redo
 
 
****** Parsing input files ******
-Preparing the structure model
 o Performing DEFY flips
 o Checking carbohydrates
   * Running carbonanza
 o Running Platonyzer
 o Running prepper
 
WARNING!
------------
Your input coordinate file has phenix.refine-specific format errors. Trying to compensate.
Diagnostic output from prepper:
 
Trying to parse '**'
Error parsing PDB at line 2
Error trying to load file "/home/esrf/opid30/pdb-redo/tempdir/zc1b/zc1b_platonyzed.pdb"
Not a valid integer in PDB record
 
 o Running prepper
   * Occupancies reset     : 0
   * B-factors reset       : 0
   * Deleted (hetero) atoms: 0
   * Deleted ANISOU records: 0
   * Deleted LINK   records: 0
   * Added   LINK   records: 0
   * Fixed   LINK   records: 0
   * Renamed water atoms   : 0
-Checking reflection data
-Extracting data from the PDB file
 o TLS groups created  :   2
 o TLS groups extracted:   0
 o Extracting the amino acid sequence
 o BlastP is missing or not configured properly
 o Cannot generate homology-based restraints
-Creating MTZ file
 
 
****** Structure model and data details ******
Cell axes            : 104.670 104.670 228.720
Cell angles          : 90.00 90.00 90.00
Space group          : P 41 21 2
Resolution (pdb)     : 2.45
Resolution (data)    : 2.45
Lowest resolution    : 53.10
Reported Rfactor     : 0.2095
Reported R-free      : 0.2405
Average B-factor     : 68.20
Wilson B from SFcheck: 74.64
Solvent percentage   : 63.38
Solvent model        : SIMP
VdW probe            : 1.11
Ion probe            : 1.11
Shrinkage            : 0.90
Reflections (data)   : 47555
Work set size        : 45129
Test set size (data) : 2426 (5.1%)
Test set size (used) : 2426
Completeness (pdb)   : 99.9
Completeness (used)  : 99.8
Wavelength           : 1.00000
Refinement tool      : PHENIX_(1.17_3657:_???)
Deposition year      : 2000
 
 
****** R(-free) recalculation ******
-Running Refmac for 0 cycles (R-free = 0.2474)
 
 
****** R-factor and R-free details ******
Calculated R     : 0.2191
Calculated R-free: 0.2474
'Unbiased' R-free: 0.2804
sigma(R-free)    : 0.0050
R-free Z-score   : 6.60
 
 
****** Backbone correction ******
-Running fixDMC
 o The sequence is untrusted, no OXT atoms can be added
 o FixDMC added 0 missing backbone atoms
 
 
****** Solvent mask optimisation ******
-Running Refmac grid search
 o VDW probe: 1.1
 o Ion probe: 0.8
 o Shrinkage: 0.8
 
 
****** Refinement settings ******
-B-factor model
 o Number of atoms      : 6606
 o Number of reflections: 45129
 o Reflections per atom : 6.8
 o B-factor type        : ISOTropic
 o TLS-models           : used
-Non-crystallographic symmetry
 o No NCS restraints/constraints used
-Twinning
 o No twinning detected
-High Refmac bond length or bond angle RMSZ detected
 o Bond length RMSZ: 1.048
 o Bond angle RMSZ : 1.058
 o Geometric targets will be relaxed
 
 
****** TLS group optimisation ******
-Testing 1 TLS group definition(s)
 o Tested tls groups from REDO.tls (R-free = 0.2636)
-Filtering results
-TLS groups in REDO.tls will be used in refinement
 
 
****** B-weight optimisation ******
-Testing B-factor restraint weights: 1.50 1.20 1.00 0.80 0.50 0.30 0.10
 o Performed B-weight test with weight 1.50 (R-free = 0.2339)
 o Performed B-weight test with weight 1.20 (R-free = 0.2324)
 o Performed B-weight test with weight 1.00 (R-free = 0.2321)
 o Performed B-weight test with weight 0.80 (R-free = 0.2311)
 o Performed B-weight test with weight 0.50 (R-free = 0.2322)
 o Performed B-weight test with weight 0.30 (R-free = 0.2337)
 o Performed B-weight test with weight 0.10 (R-free = 0.2364)
-Selecting best B weight
 o Best B weight: 1.20
 
 
****** Structure re-refinement ******
-Refining with geometric restraint weights: 0.01 0.03 0.05 0.10 0.30 0.50 0.70
 o Performed refinement with MATRIX weight 0.01 (R-free = 0.2338)
 o Performed refinement with MATRIX weight 0.03 (R-free = 0.2341)
 o Performed refinement with MATRIX weight 0.05 (R-free = 0.2363)
 o Performed refinement with MATRIX weight 0.10 (R-free = 0.2392)
 o Performed refinement with MATRIX weight 0.30 (R-free = 0.2454)
 o Performed refinement with MATRIX weight 0.50 (R-free = 0.2474)
 o Performed refinement with MATRIX weight 0.70 (R-free = 0.2505)
-Selecting best geometric restraint weight
 o Best geometric restraint weight: 0.01
 
 
****** Re-refinement details ******
Best matrix weight: 0.01
Resulting R-factor: 0.1981
Resulting R-free  : 0.2338
'Unbiased' R-free : 0.2535
sigma(R-free)     : 0.0047
R-free Z-score    : 4.19
 
 
****** Model validation ******
-Validating the input model with WHAT_CHECK
-Validating the re-refined model with WHAT_CHECK
 o Validation failed
 o Validation failed
 
 
****** Validation details ******
                                     Before  After
1st generation packing quality     : NA NA
2nd generation packing quality     : NA NA
Ramachandran plot appearance       : NA NA
chi-1/chi-2 rotamer normality      : NA NA
Backbone conformation              : NA NA
 
Bond length RMS Z-score            : NA NA
Bond angle RMS Z-score             : NA NA
 
Total number of bumps              : NA NA
Weighted bump severity score       : NA NA
 
Unsatisfied H-bond donors/acceptors: NA NA
H-bond satisfaction fraction       : NA NA
 
 
****** Structure rebuilding ******
-Assigning secondary structure with DSSP
-Removing waters without density
-Performing peptide flips
-Refitting side chains
-Validation-based rebuilding
 o Validation-based rebuilding failed
 
 
****** Rebuilding details ******
Loops added        : 0
Waters removed     : 25
Peptides flipped   : 2
Side chains built  : 0
Side chains flipped: 0
Chirality fixes    : 0
 
 
****** Carbohydrate (re)building ******
-Running carbivore
 o Carbivore failed, no carbohydrates (rebuilt)
 
 
****** Final refinement ******
-Updating metal restraints
-Final restraint weight optimisation with MATRIX weights: 0.01 0.02 .005
 o Performed 20-cycle refinement with MATRIX weight 0.01 (R-free = 0.2352)
 o Performed 20-cycle refinement with MATRIX weight 0.02 (R-free = 0.2345)
 o Performed 20-cycle refinement with MATRIX weight .005 (R-free = 0.2355)
 
 
****** Final refinement details ******
Best matrix weight: 0.01
Resulting R-factor: 0.1996
Resulting R-free  : 0.2352
'Unbiased' R-free : 0.2555
sigma(R-free)     : 0.0048
R-free Z-score    : 4.23
 
 
****** Reciprocal space correlation ******
                              Before  Final  Z-score
Work correlation coefficient: 0.951   0.959  13.69
Free correlation coefficient: 0.933   0.936  0.82
 
 
****** Validation details ******
-Running DSSP
-Running WHAT_CHECK
 o Validation failed
                                     Before  Re-ref  Final
1st generation packing quality     : NA NA NA
2nd generation packing quality     : NA NA NA
Ramachandran plot appearance       : NA NA NA
chi-1/chi-2 rotamer normality      : NA NA NA
Backbone conformation              : NA NA NA
 
Bond length RMS Z-score            : NA NA NA
Bond angle RMS Z-score             : NA NA NA
 
Total number of bumps              : NA NA NA
Weighted bump severity score       : NA NA NA
 
Unsatisfied H-bond donors/acceptors: NA NA NA
H-bond satisfaction fraction       : NA NA NA
 
 
****** Protein side chain details ******
-Analysing model changes
 
Changed rotamers     : 57
Hydrogen bond flips  : 14
Cis-trans flips      : 0
Trans-cis flips      : 0
Peptides fixed       : 0
Peptides distorted   : 0
 
 
****** Electron density map details ******
-Analysing density maps
 
                       Better Worse
Real-space CC        : 43 0
Real-space R-factor  : 18 1
EDIAm density fit    : 177 137
OPIA density coverage: 0 0
 
 
****** Creating final output ******
-YASARA not installed, cannot make visualisation scenes
-Creating Refmac command script
-Consolidating results
