Results from PDB-REDO --local --xyzin=6lxt_refine_6.pdb --mtzin=6lxt_refine_6.mtz --nproc=7 --dirout=pdb-redo
 __   __   __      __   ___  __   __    __   __  __ 
|__) |  \ |__) __ |__) |__  |  \ /  \    /    _)  / 
|    |__/ |__)    |  \ |___ |__/ \__/   /  o /__ /  
 
****** Optimisation setup ******
-PDB-REDO will optimise the structure model in /data/id30a3/inhouse/gianluca/coronavirus_structural_task_force/pdb/surface_glycoprotein/SARS-CoV-2/6lxt/isolde/6lxt_refine_6.pdb
-Using the experimental data in /data/id30a3/inhouse/gianluca/coronavirus_structural_task_force/pdb/surface_glycoprotein/SARS-CoV-2/6lxt/isolde/6lxt_refine_6.mtz
-Using a maximum of 7 CPU cores where possible
-During the process your structure model will be called 'QtRM'
-The final result will be written to /data/id30a3/inhouse/gianluca/coronavirus_structural_task_force/pdb/surface_glycoprotein/SARS-CoV-2/6lxt/isolde/pdb-redo
 
 
****** Parsing input files ******
-Preparing the structure model
 o Performing DEFY flips
 o Checking carbohydrates
   * Running carbonanza
 o Running Platonyzer
 o Running prepper
 
WARNING!
------------
Your input coordinate file has phenix.refine-specific format errors. Trying to compensate.
Diagnostic output from prepper:
 
Trying to parse '**'
Error parsing PDB at line 2
Error trying to load file "/home/esrf/opid30/pdb-redo/tempdir/QtRM/QtRM_platonyzed.pdb"
Not a valid integer in PDB record
 
 o Running prepper
   * Occupancies reset     : 0
   * B-factors reset       : 0
   * Deleted (hetero) atoms: 0
   * Deleted ANISOU records: 0
   * Deleted LINK   records: 0
   * Added   LINK   records: 0
   * Fixed   LINK   records: 0
   * Renamed water atoms   : 0
-Checking reflection data
-Extracting data from the PDB file
 o TLS groups created  :   6
 o TLS groups extracted:   2
 o Extracting the amino acid sequence
 o BlastP is missing or not configured properly
 o Cannot generate homology-based restraints
-Creating MTZ file
 
 
****** Structure model and data details ******
Cell axes            : 51.240 57.580 115.720
Cell angles          : 90.00 91.58 90.00
Space group          : P 1 21 1
Resolution (pdb)     : 2.90
Resolution (data)    : 2.90
Lowest resolution    : 47.32
Reported Rfactor     : 0.2842
Reported R-free      : 0.3224
Average B-factor     : 89.21
Wilson B from SFcheck: 78.13
Solvent percentage   : 45.09
Solvent model        : SIMP
VdW probe            : 1.11
Ion probe            : 1.11
Shrinkage            : 0.90
Reflections (data)   : 14315
Work set size        : 13578
Test set size (data) : 737 (5.1%)
Test set size (used) : 737
Completeness (pdb)   : 94.1
Completeness (used)  : 94.0
Wavelength           : 1.00000
Twin fraction alpha  : 0.011
Refinement tool      : PHENIX_(DEV_3768:_???)
Deposition year      : 2000
 
 
****** R(-free) recalculation ******
-Recalculating R-factors with original TLS tensors    (R-free = 0.3245)
-Recalculating R-factors without original TLS tensors (R-free = 0.3203)
 o Recalculating the R-factor without TLS tensors gives the best result
 
 
****** R-factor and R-free details ******
Calculated R     : 0.2835
Calculated R-free: 0.3203
'Unbiased' R-free: 0.3402
sigma(R-free)    : 0.0118
R-free Z-score   : 1.69
 
 
****** Backbone correction ******
-Running fixDMC
 o The sequence is untrusted, no OXT atoms can be added
 o FixDMC added 0 missing backbone atoms


****** Structure specific restraints ******
 
 
****** Solvent mask optimisation ******
-Running Refmac grid search
 o VDW probe: 1.0
 o Ion probe: 0.9
 o Shrinkage: 0.9
 
 
****** Refinement settings ******
-B-factor model
 o Number of atoms      : 5265
 o Number of reflections: 13578
 o Reflections per atom : 2.6
 o B-factor type        : ISOTropic
 o TLS-models           : used
-Non-crystallographic symmetry
 o Using local NCS restraints
-Twinning
 o No twinning detected
-High Refmac bond length or bond angle RMSZ detected
 o Bond length RMSZ: 1.162
 o Bond angle RMSZ : 1.018
 o Geometric targets will be relaxed
-Additional restraints
 o Using jelly-body restraints
 
 
****** TLS group optimisation ******
-Testing 2 TLS group definition(s)
 o Tested tls groups from QtRM.tls (R-free = 0.3327)
 o Tested tls groups from REDO.tls (R-free = 0.3388)
-Filtering results
 o TLS group definition REDO.tls causes over-fitting
-TLS groups in QtRM.tls will be used in refinement
 
 
****** Testing B-factor refinement type ******
-Testing isotropic B-factors
-Testing one overall B-factor
-PDB-REDO will use isotropic B-factors in refinement
 
 
****** B-weight optimisation ******
-Testing B-factor restraint weights: 1.50 1.20 1.00 0.80 0.50 0.30
 o Performed B-weight test with weight 1.50 (R-free = 0.3081)
 o Performed B-weight test with weight 1.20 (R-free = 0.3048)
 o Performed B-weight test with weight 1.00 (R-free = 0.3037)
 o Performed B-weight test with weight 0.80 (R-free = 0.3033)
 o Performed B-weight test with weight 0.50 (R-free = 0.3047)
 o Performed B-weight test with weight 0.30 (R-free = 0.3089)
-Selecting best B weight
 o Best B weight: 1.50
 
 
****** Structure re-refinement ******
-Refining with geometric restraint weights: .002 .005 0.01 0.03 0.05 0.10
 o Performed refinement with MATRIX weight .002 (R-free = 0.3079)
 o Performed refinement with MATRIX weight .005 (R-free = 0.3076)
 o Performed refinement with MATRIX weight 0.01 (R-free = 0.3076)
 o Performed refinement with MATRIX weight 0.03 (R-free = 0.3200)
 o Performed refinement with MATRIX weight 0.05 (R-free = 0.3320)
 o Performed refinement with MATRIX weight 0.10 (R-free = 0.3487)
-Selecting best geometric restraint weight
 o Best geometric restraint weight: .002
 
 
****** Re-refinement details ******
Best matrix weight: .002
Resulting R-factor: 0.2717
Resulting R-free  : 0.3079
'Unbiased' R-free : 0.3260
sigma(R-free)     : 0.0113
R-free Z-score    : 1.60
 
 
****** Model validation ******
-Validating the input model with WHAT_CHECK
-Validating the re-refined model with WHAT_CHECK
 o Validation failed
 o Validation failed
 
 
****** Validation details ******
                                     Before  After
1st generation packing quality     : NA NA
2nd generation packing quality     : NA NA
Ramachandran plot appearance       : NA NA
chi-1/chi-2 rotamer normality      : NA NA
Backbone conformation              : NA NA
 
Bond length RMS Z-score            : NA NA
Bond angle RMS Z-score             : NA NA
 
Total number of bumps              : NA NA
Weighted bump severity score       : NA NA
 
Unsatisfied H-bond donors/acceptors: NA NA
H-bond satisfaction fraction       : NA NA
 
 
****** Structure rebuilding ******
-Assigning secondary structure with DSSP
-Skipping centrifuge run
-Performing peptide flips
-Refitting side chains
-Validation-based rebuilding
 o Validation-based rebuilding failed
 
 
****** Rebuilding details ******
Loops added        : 0
Waters removed     : 0
Peptides flipped   : 9
Side chains built  : 0
Side chains flipped: 0
Chirality fixes    : 0
 
 
****** Carbohydrate (re)building ******
-Running carbivore
 o Carbivore failed, no carbohydrates (rebuilt)
 
 
****** Final refinement ******
-Updating metal restraints
-Final restraint weight optimisation with MATRIX weights: .002 .005 .001
 o Performed 20-cycle refinement with MATRIX weight .002 (R-free = 0.3104)
 o Performed 20-cycle refinement with MATRIX weight .005 (R-free = 0.3100)
 o Performed 20-cycle refinement with MATRIX weight .001 (R-free = 0.3147)
 
 
****** Final refinement details ******
Best matrix weight: .002
Resulting R-factor: 0.2643
Resulting R-free  : 0.3104
'Unbiased' R-free : 0.3172
sigma(R-free)     : 0.0114
R-free Z-score    : 0.60
 
 
****** Reciprocal space correlation ******
                              Before  Final  Z-score
Work correlation coefficient: 0.921   0.935  8.33
Free correlation coefficient: 0.893   0.902  0.89
 
 
****** Validation details ******
-Running DSSP
-Running WHAT_CHECK
 o Validation failed
                                     Before  Re-ref  Final
1st generation packing quality     : NA NA NA
2nd generation packing quality     : NA NA NA
Ramachandran plot appearance       : NA NA NA
chi-1/chi-2 rotamer normality      : NA NA NA
Backbone conformation              : NA NA NA
 
Bond length RMS Z-score            : NA NA NA
Bond angle RMS Z-score             : NA NA NA
 
Total number of bumps              : NA NA NA
Weighted bump severity score       : NA NA NA
 
Unsatisfied H-bond donors/acceptors: NA NA NA
H-bond satisfaction fraction       : NA NA NA
 
 
****** Protein side chain details ******
-Analysing model changes
 
Changed rotamers     : 140
Hydrogen bond flips  : 19
Cis-trans flips      : 0
Trans-cis flips      : 0
Peptides fixed       : 0
Peptides distorted   : 0
 
 
****** Electron density map details ******
-Analysing density maps
 
                       Better Worse
Real-space CC        : 11 1
Real-space R-factor  : 3 0
EDIAm density fit    : 197 147
OPIA density coverage: 0 0
 
 
****** Creating final output ******
-YASARA not installed, cannot make visualisation scenes
-Creating Refmac command script
-Consolidating results
