 __   __   __      __   ___  __   __    __   __   _ 
|__) |  \ |__) __ |__) |__  |  \ /  \    /    _) (_)
|    |__/ |__)    |  \ |___ |__/ \__/   /  o /__ (_)
 
****** Optimisation setup ******
-Using a maximum of 7 CPU cores where possible
-PDB-REDO will optimise the structure model in /home/pdb-redo/PDB_REDO_data/andrea.thorn/0000000012/input/PDB/6y2g_.pdb
-Using the experimental data in /home/pdb-redo/PDB_REDO_data/andrea.thorn/0000000012/input/MTZ/6y2g_phases.mtz
-During the process your structure model will be called 'S9q6'
-The final result will be written to /home/pdb-redo/PDB_REDO_data/andrea.thorn/0000000012/output
 
 
****** Parsing input files ******
-Preparing the structure model
 o Performing DEFY flips
 o Checking carbohydrates
   * Running carbonanza
 o Running Platonyzer
 o Running prepper
   * Occupancies reset     : 0
   * B-factors reset       : 0
   * Deleted (hetero) atoms: 0
   * Deleted ANISOU records: 0
   * Deleted LINK   records: 0
   * Added   LINK   records: 0
   * Fixed   LINK   records: 0
   * Renamed water atoms   : 0
-Checking reflection data
-Extracting data from the PDB file
 o TLS groups created  :   2
 o TLS groups extracted:   0
 o Extracting the amino acid sequence
-Creating MTZ file
 
 
****** Structure model and data details ******
Cell axes            : 68.566 101.602 103.696
Cell angles          : 90.00 90.00 90.00
Space group          : P 21 21 21
Resolution (pdb)     : 2.20
Resolution (data)    : 2.20
Lowest resolution    : 41.36
Reported Rfactor     : 0.1860
Reported R-free      : 0.2470
Average B-factor     : 44.26
Wilson B from SFcheck: 47.23
Solvent percentage   : 53.46
Solvent model        : SIMP
VdW probe            : 1.20
Ion probe            : 0.80
Shrinkage            : 0.80
Reflections (data)   : 37448
Work set size        : 35550
Test set size (data) : 1898 (5.1%)
Test set size (used) : 1898
Completeness (pdb)   : 99.9
Completeness (used)  : 99.8
Wavelength           : 0.91840
Twin fraction alpha  : 0.004
Refinement tool      : REFMAC_5.8.0257
Deposition year      : 2000
 
 
****** R(-free) recalculation ******
-Running Refmac for 0 cycles  
 o New ligand encountered, retrying (R-free = 0.2498)
 
 
****** R-factor and R-free details ******
Calculated R     : 0.1886
Calculated R-free: 0.2498
'Unbiased' R-free: 0.2402
sigma(R-free)    : 0.0057
R-free Z-score   : -1.68
 
 
****** Chirality validation ******
-Found 2 chirality problems
 o Running chiron
   * Chirality errors tested :  2
   * Chiral centers fixed    :  0
   * Chiral centers not fixed:  2
   * Unknown chiral centers  :  0
 
 
****** Backbone correction ******
-Running fixDMC
 o FixDMC added 0 missing backbone atoms
 
 
****** Solvent mask optimisation ******
-Running Refmac grid search
 o VDW probe: 1.1
 o Ion probe: 0.8
 o Shrinkage: 0.8
 
 
****** Refinement settings ******
-B-factor model
 o Number of atoms      : 5072
 o Number of reflections: 35550
 o Reflections per atom : 7.0
 o B-factor type        : ISOTropic
 o TLS-models           : used
-Non-crystallographic symmetry
 o Using local NCS restraints
-Twinning
 o No twinning detected
-High Refmac bond length or bond angle RMSZ detected
 o Bond length RMSZ: 0.855
 o Bond angle RMSZ : 1.146
 o Geometric targets will be relaxed
 
 
****** TLS group optimisation ******
-Testing 1 TLS group definition(s)
 o Tested tls groups from REDO.tls (R-free = 0.2638)
-Filtering results
-TLS groups in REDO.tls will be used in refinement
 
 
****** B-weight optimisation ******
-Testing B-factor restraint weights: 1.50 1.20 1.00 0.80 0.50 0.30 0.10
 o Performed B-weight test with weight 1.50 (R-free = 0.2394)
 o Performed B-weight test with weight 1.20 (R-free = 0.2386)
 o Performed B-weight test with weight 1.00 (R-free = 0.2368)
 o Performed B-weight test with weight 0.80 (R-free = 0.2363)
 o Performed B-weight test with weight 0.50 (R-free = 0.2352)
 o Performed B-weight test with weight 0.30 (R-free = 0.2359)
 o Performed B-weight test with weight 0.10 (R-free = 0.2419)
-Selecting best B weight
 o Best B weight: 0.80
 
 
****** Structure re-refinement ******
-Refining with geometric restraint weights: .005 0.01 0.03 0.05 0.10 0.30 0.50
 o Performed refinement with MATRIX weight .005 (R-free = 0.2464)
 o Performed refinement with MATRIX weight 0.01 (R-free = 0.2415)
 o Performed refinement with MATRIX weight 0.03 (R-free = 0.2364)
 o Performed refinement with MATRIX weight 0.05 (R-free = 0.2357)
 o Performed refinement with MATRIX weight 0.10 (R-free = 0.2384)
 o Performed refinement with MATRIX weight 0.30 (R-free = 0.2477)
 o Performed refinement with MATRIX weight 0.50 (R-free = 0.2530)
-Selecting best geometric restraint weight
 o Best geometric restraint weight: 0.05
 
 
****** Re-refinement details ******
Best matrix weight: 0.05
Resulting R-factor: 0.1873
Resulting R-free  : 0.2357
'Unbiased' R-free : 0.2386
sigma(R-free)     : 0.0054
R-free Z-score    : 0.54
 
 
****** Model validation ******
-Validating the input model with WHAT_CHECK
-Validating the re-refined model with WHAT_CHECK
 
 
****** Validation details ******
                                     Before  After
1st generation packing quality     : -0.957 -0.680
2nd generation packing quality     : -1.824 -1.741
Ramachandran plot appearance       : -2.537 -1.485
chi-1/chi-2 rotamer normality      : -3.924 -3.312
Backbone conformation              : -0.289 -0.092
 
Bond length RMS Z-score            : 0.790 0.689
Bond angle RMS Z-score             : 1.157 0.888
 
Total number of bumps              : 36 24
Weighted bump severity score       : 0.012 0.011
 
Unsatisfied H-bond donors/acceptors: 45 39
H-bond satisfaction fraction       : 0.874 0.877
 
 
****** Structure rebuilding ******
-Completing loops with loopwhole
 o No new loops were found
-Assigning secondary structure with DSSP
-Removing waters without density
-Performing peptide flips
-Refitting side chains
-Validation-based rebuilding
 
 
****** Rebuilding details ******
Loops added        : 0
Waters removed     : 20
Peptides flipped   : 0
Side chains built  : 0
Side chains flipped: 18
Chirality fixes    : 0
 
 
****** Carbohydrate (re)building ******
-Running carbivore
 o Carbohydrate tree processing results
   * Whole-trees built:  0
   * Trees rebuilt    :  0
   * Trees extended   :  0
 o Overall results
   * Carbohydrate residues added  :  0
   * Carbohydrate residues deleted:  0
   * Overlapping waters deleted   :  0
 
 
****** Final refinement ******
-Updating metal restraints
-Final restraint weight optimisation with MATRIX weights: 0.05 0.07 0.03
 o Performed 20-cycle refinement with MATRIX weight 0.05 (R-free = 0.2330)
 o Performed 20-cycle refinement with MATRIX weight 0.07 (R-free = 0.2343)
 o Performed 20-cycle refinement with MATRIX weight 0.03 (R-free = 0.2324)
 
 
****** Final refinement details ******
Best matrix weight: 0.03
Resulting R-factor: 0.1937
Resulting R-free  : 0.2324
'Unbiased' R-free : 0.2467
sigma(R-free)     : 0.0053
R-free Z-score    : 2.70
 
 
****** Reciprocal space correlation ******
                              Before  Final  Z-score
Work correlation coefficient: 0.960   0.959  -1.68
Free correlation coefficient: 0.926   0.940  3.34
 
 
****** Validation details ******
-Running DSSP
-Running WHAT_CHECK
                                     Before  Re-ref  Final
1st generation packing quality     : -0.957 -0.680 -0.669
2nd generation packing quality     : -1.824 -1.741 -1.515
Ramachandran plot appearance       : -2.537 -1.485 -1.168
chi-1/chi-2 rotamer normality      : -3.924 -3.312 -2.819
Backbone conformation              : -0.289 -0.092 -0.070
 
Bond length RMS Z-score            : 0.790 0.689 0.535
Bond angle RMS Z-score             : 1.157 0.888 0.772
 
Total number of bumps              : 36 24 23
Weighted bump severity score       : 0.012 0.011 0.008
 
Unsatisfied H-bond donors/acceptors: 45 39 35
H-bond satisfaction fraction       : 0.874 0.877 0.883
 
 
****** Protein side chain details ******
-Analysing model changes
 
Changed rotamers     : 34
Hydrogen bond flips  : 28
Cis-trans flips      : 0
Trans-cis flips      : 0
Peptides fixed       : 0
Peptides distorted   : 0
 
 
****** Electron density map details ******
-Analysing density maps
 
                       Better Worse
Real-space CC        : 0 1
Real-space R-factor  : 3 1
EDIAm density fit    : 84 196
OPIA density coverage: 0 0
 
****** Ligand validation ******
-Validating residue A402
-Validating residue B401
 
****** Ligand validation details (O6K A 402) ******
 
                                    Before  Final
Real-space R-factor               : 0.094   0.104
Real-space correlation            : 0.947   0.930
EDIAm density fit                 : 0.694   0.628
OPIA density coverage (%)         : 55.8    62.8
 
Energy of formation (kJ/mol)      : 1256.802 1411.103
Hydrogen bond energy (kJ/mol)     : -82.3  -57.75
Number of hydrogen bonds          : 5  3
Number of bumps                   : 19  23
Number of hydrophobic interactions: 23  22
Hydrophobic interaction strength  : 17.768  16.476
Number of Pi-Pi interactions      : 0  0
Pi-Pi interaction strength        : 0.000  0.000
Number of cation-Pi interactions  : 0  0
Cation-Pi interaction strength    : 0.000  0.000
 
Atoms shifted more than 0.50A     : 2
All atom RMSD for residue (A)     : 0.2500
 
 
****** Ligand validation details (O6K B 401) ******
 
                                    Before  Final
Real-space R-factor               : 0.081   0.096
Real-space correlation            : 0.940   0.911
EDIAm density fit                 : 0.765   0.738
OPIA density coverage (%)         : 58.1    55.8
 
Energy of formation (kJ/mol)      : 1281.835 1408.130
Hydrogen bond energy (kJ/mol)     : -77.27  -46.88
Number of hydrogen bonds          : 4  2
Number of bumps                   : 19  18
Number of hydrophobic interactions: 17  24
Hydrophobic interaction strength  : 13.457  19.124
Number of Pi-Pi interactions      : 0  0
Pi-Pi interaction strength        : 0.000  0.000
Number of cation-Pi interactions  : 0  0
Cation-Pi interaction strength    : 0.000  0.000
 
Atoms shifted more than 0.50A     : 3
All atom RMSD for residue (A)     : 0.2603
 
 
****** Creating final output ******
-Creating YASARA scenes
 o TLS-group scene
 o Atomic shift scene
-Creating Refmac command script
-Consolidating results
