Results from PDB-REDO --local --xyzin=6w41_refine_5.pdb --mtzin=6w41_refine_5.mtz --nproc=7 --dirout=pdb-redo
 __   __   __      __   ___  __   __    __   __  __ 
|__) |  \ |__) __ |__) |__  |  \ /  \    /    _)  / 
|    |__/ |__)    |  \ |___ |__/ \__/   /  o /__ /  
 
****** Optimisation setup ******
-PDB-REDO will optimise the structure model in /data/id30a3/inhouse/gianluca/coronavirus_structural_task_force/pdb/surface_glycoprotein/SARS-CoV-2/6w41/isolde/6w41_refine_5.pdb
-Using the experimental data in /data/id30a3/inhouse/gianluca/coronavirus_structural_task_force/pdb/surface_glycoprotein/SARS-CoV-2/6w41/isolde/6w41_refine_5.mtz
-Using a maximum of 7 CPU cores where possible
-During the process your structure model will be called '9gv9'
-The final result will be written to /data/id30a3/inhouse/gianluca/coronavirus_structural_task_force/pdb/surface_glycoprotein/SARS-CoV-2/6w41/isolde/pdb-redo
 
 
****** Parsing input files ******
-Preparing the structure model
 o Performing DEFY flips
 o Checking carbohydrates
   * Running carbonanza
 o Running Platonyzer
 o Running prepper
 
WARNING!
------------
Your input coordinate file has phenix.refine-specific format errors. Trying to compensate.
Diagnostic output from prepper:
 
Trying to parse '**'
Error parsing PDB at line 2
Error trying to load file "/home/esrf/opid30/pdb-redo/tempdir/9gv9/9gv9_platonyzed.pdb"
Not a valid integer in PDB record
 
 o Running prepper
   * Occupancies reset     : 0
   * B-factors reset       : 0
   * Deleted (hetero) atoms: 0
   * Deleted ANISOU records: 0
   * Deleted LINK   records: 0
   * Added   LINK   records: 0
   * Fixed   LINK   records: 0
   * Renamed water atoms   : 0
-Checking reflection data
-Extracting data from the PDB file
 o TLS groups created  :   3
 o TLS groups extracted:   0
 o Extracting the amino acid sequence
 o BlastP is missing or not configured properly
 o Cannot generate homology-based restraints
-Creating MTZ file
 
 
****** Structure model and data details ******
Cell axes            : 147.535 147.535 200.156
Cell angles          : 90.00 90.00 90.00
Space group          : P 41 2 2
Resolution (pdb)     : 3.08
Resolution (data)    : 3.08
Lowest resolution    : 50.04
Reported Rfactor     : 0.2117
Reported R-free      : 0.2380
Average B-factor     : 101.14
Wilson B from SFcheck: 92.48
Solvent percentage   : 83.91
Solvent model        : SIMP
VdW probe            : 1.11
Ion probe            : 1.11
Shrinkage            : 0.90
Reflections (data)   : 41123
Work set size        : 39093
Test set size (data) : 2030 (4.9%)
Test set size (used) : 2030
Completeness (pdb)   : 99.4
Completeness (used)  : 99.1
Wavelength           : 1.00000
Refinement tool      : PHENIX_(DEV_3768:_???)
Deposition year      : 2000
 
 
****** R(-free) recalculation ******
-Running Refmac for 0 cycles (R-free = 0.2467)
 
 
****** R-factor and R-free details ******
Calculated R     : 0.2195
Calculated R-free: 0.2467
'Unbiased' R-free: 0.2634
sigma(R-free)    : 0.0055
R-free Z-score   : 3.04
 
 
****** Backbone correction ******
-Running fixDMC
 o The sequence is untrusted, no OXT atoms can be added
 o FixDMC added 0 missing backbone atoms


****** Structure specific restraints ******
 
 
****** Solvent mask optimisation ******
-Running Refmac grid search
 o VDW probe: 1.1
 o Ion probe: 0.9
 o Shrinkage: 0.9
 
 
****** Refinement settings ******
-B-factor model
 o Number of atoms      : 4984
 o Number of reflections: 39093
 o Reflections per atom : 7.8
 o B-factor type        : ISOTropic
 o TLS-models           : used
-Non-crystallographic symmetry
 o No NCS restraints/constraints used
-Twinning
 o No twinning detected
-High Refmac bond length or bond angle RMSZ detected
 o Bond length RMSZ: 1.181
 o Bond angle RMSZ : 1.031
 o Geometric targets will be relaxed
-Additional restraints
 o Using jelly-body restraints
 
 
****** TLS group optimisation ******
-Testing 1 TLS group definition(s)
 o Tested tls groups from REDO.tls (R-free = 0.2399)
-Filtering results
-TLS groups in REDO.tls will be used in refinement
 
 
****** B-weight optimisation ******
-Testing B-factor restraint weights: 1.50 1.20 1.00 0.80 0.50 0.30
 o Performed B-weight test with weight 1.50 (R-free = 0.2079)
 o Performed B-weight test with weight 1.20 (R-free = 0.2068)
 o Performed B-weight test with weight 1.00 (R-free = 0.2054)
 o Performed B-weight test with weight 0.80 (R-free = 0.2044)
 o Performed B-weight test with weight 0.50 (R-free = 0.2065)
 o Performed B-weight test with weight 0.30 (R-free = 0.2038)
-Selecting best B weight
 o Best B weight: 1.50
 
 
****** Structure re-refinement ******
-Refining with geometric restraint weights: .002 .005 0.01 0.03 0.05 0.10
 o Performed refinement with MATRIX weight .002 (R-free = 0.2182)
 o Performed refinement with MATRIX weight .005 (R-free = 0.2140)
 o Performed refinement with MATRIX weight 0.01 (R-free = 0.2107)
 o Performed refinement with MATRIX weight 0.03 (R-free = 0.2051)
 o Performed refinement with MATRIX weight 0.05 (R-free = 0.2030)
 o Performed refinement with MATRIX weight 0.10 (R-free = 0.2014)
-Selecting best geometric restraint weight
 o Best geometric restraint weight: .005
 
 
****** Re-refinement details ******
Best matrix weight: .005
Resulting R-factor: 0.1913
Resulting R-free  : 0.2140
'Unbiased' R-free : 0.2296
sigma(R-free)     : 0.0047
R-free Z-score    : 3.32
 
 
****** Model validation ******
-Validating the input model with WHAT_CHECK
-Validating the re-refined model with WHAT_CHECK
 o Validation failed
 o Validation failed
 
 
****** Validation details ******
                                     Before  After
1st generation packing quality     : NA NA
2nd generation packing quality     : NA NA
Ramachandran plot appearance       : NA NA
chi-1/chi-2 rotamer normality      : NA NA
Backbone conformation              : NA NA
 
Bond length RMS Z-score            : NA NA
Bond angle RMS Z-score             : NA NA
 
Total number of bumps              : NA NA
Weighted bump severity score       : NA NA
 
Unsatisfied H-bond donors/acceptors: NA NA
H-bond satisfaction fraction       : NA NA
 
 
****** Structure rebuilding ******
-Assigning secondary structure with DSSP
-Removing waters without density
-Performing peptide flips
-Refitting side chains
-Validation-based rebuilding
 o Validation-based rebuilding failed
 
 
****** Rebuilding details ******
Loops added        : 0
Waters removed     : 6
Peptides flipped   : 18
Side chains built  : 0
Side chains flipped: 0
Chirality fixes    : 0
 
 
****** Carbohydrate (re)building ******
-Running carbivore
 o Carbivore failed, no carbohydrates (rebuilt)
 
 
****** Final refinement ******
-Updating metal restraints
-Final restraint weight optimisation with MATRIX weights: .005 .007 .002
 o Performed 20-cycle refinement with MATRIX weight .005 (R-free = 0.2253)
 o Performed 20-cycle refinement with MATRIX weight .007 (R-free = 0.2225)
 o Performed 20-cycle refinement with MATRIX weight .002 (R-free = 0.2343)
 
 
****** Final refinement details ******
Best matrix weight: .007
Resulting R-factor: 0.1943
Resulting R-free  : 0.2225
'Unbiased' R-free : 0.2332
sigma(R-free)     : 0.0049
R-free Z-score    : 2.18
 
 
****** Reciprocal space correlation ******
                              Before  Final  Z-score
Work correlation coefficient: 0.939   0.951  15.74
Free correlation coefficient: 0.920   0.931  2.45
 
 
****** Validation details ******
-Running DSSP
-Running WHAT_CHECK
 o Validation failed
                                     Before  Re-ref  Final
1st generation packing quality     : NA NA NA
2nd generation packing quality     : NA NA NA
Ramachandran plot appearance       : NA NA NA
chi-1/chi-2 rotamer normality      : NA NA NA
Backbone conformation              : NA NA NA
 
Bond length RMS Z-score            : NA NA NA
Bond angle RMS Z-score             : NA NA NA
 
Total number of bumps              : NA NA NA
Weighted bump severity score       : NA NA NA
 
Unsatisfied H-bond donors/acceptors: NA NA NA
H-bond satisfaction fraction       : NA NA NA
 
 
****** Protein side chain details ******
-Analysing model changes
 
Changed rotamers     : 123
Hydrogen bond flips  : 13
Cis-trans flips      : 0
Trans-cis flips      : 0
Peptides fixed       : 0
Peptides distorted   : 1
 
 
****** Electron density map details ******
-Analysing density maps
 
                       Better Worse
Real-space CC        : 40 2
Real-space R-factor  : 17 1
EDIAm density fit    : 152 184
OPIA density coverage: 0 0
 
****** Ligand validation ******
 
****** Ligand validation details (CIT C 608) ******
 
                                    Before  Final
Real-space R-factor               : 0.168   0.106
Real-space correlation            : 0.811   0.884
EDIAm density fit                 : 0.021   0.161
OPIA density coverage (%)         : 7.7    15.4
 
 
****** Creating final output ******
-YASARA not installed, cannot make visualisation scenes
-Creating Refmac command script
-Consolidating results
