

 #################################################################################################



 MRFANA: analyse multi-record MTZ files 
 
   (Authors: G. Bricogne, E. Blanc, M. Brandl, C. Flensburg, 
    P. Keller, W. Paciorek, P. Roversi, A. Sharff, O. Smart, 
    C. Vonrhein, T. Womack)

 Copyright (C) 2007-2019 Global Phasing Ltd.

               All rights reserved.


 Version     : MRFANA 0.1.0 for linux64-ifort made on Jan 16 2020 at 02:43:19

 Licenced to : Global Phasing Ltd (www)

    Today is                    Tue May 12 21:40:20 2020

 #################################################################################################



 contains SPLINE library by John Burkardt (from
 http://people.sc.fsu.edu/~jburkardt/f_src/spline/spline.html)

  Calling get_args ... 
 processing argument   -i
 processing argument   cLDhZJ1an4c6wZ94-SWS-iso-merged-mrf.mtz
 processing argument   -ell

   Eigenvalue matrix         =    0.72170   0.00000   0.69220
                                  0.00000   1.00000   0.00000
                                 -0.69220   0.00000   0.72170

   Ellipsoid rotation matrix =    0.72171   0.00000  -0.69221
                                  0.00000   1.00000   0.00000
                                  0.69221   0.00000   0.72171

   Eigenvalues               =    3.47900   2.23300   2.45600

 processing argument   -r
 processing argument   -bins


 setting explicit resolution bin   1 : R <=   7.4661 A
 setting explicit resolution bin   2 : R <=   5.9424 A
 setting explicit resolution bin   3 : R <=   5.2334 A
 setting explicit resolution bin   4 : R <=   4.7873 A
 setting explicit resolution bin   5 : R <=   4.4296 A
 setting explicit resolution bin   6 : R <=   4.1839 A
 setting explicit resolution bin   7 : R <=   3.9831 A
 setting explicit resolution bin   8 : R <=   3.8181 A
 setting explicit resolution bin   9 : R <=   3.6716 A
 setting explicit resolution bin  10 : R <=   3.5284 A
 setting explicit resolution bin  11 : R <=   3.4011 A
 setting explicit resolution bin  12 : R <=   3.2874 A
 setting explicit resolution bin  13 : R <=   3.1823 A
 setting explicit resolution bin  14 : R <=   3.0872 A
 setting explicit resolution bin  15 : R <=   2.9969 A
 setting explicit resolution bin  16 : R <=   2.9080 A
 setting explicit resolution bin  17 : R <=   2.8188 A
 setting explicit resolution bin  18 : R <=   2.7229 A
 setting explicit resolution bin  19 : R <=   2.6209 A
 setting explicit resolution bin  20 : R >    2.6209 A

 processing argument   -ice
 processing argument   -skip_empty_runs



 expecting keywords from stdin:


 Criteria for recommended resolution cut per RUN:
 ---------------------------------------------------- 
    Rmerge         <=   99.9999 (from  low-res limit)
    Rmeas          <=   99.9999 (from  low-res limit)
    Rpim           <=    0.6000 (from  low-res limit)
    I/sigI         >=    1.00   (from  low-res limit)
    Completeness   >=    0.0000 (from high-res limit)
    CC(1/2)        >=    0.3000 (from  low-res limit)

 Criteria for recommended resolution cut per DATASET:
 ---------------------------------------------------- 
    Rmerge         <=   99.9999 (from  low-res limit)
    Rmeas          <=   99.9999 (from  low-res limit)
    Rpim           <=    0.6000 (from  low-res limit)
    I/sigI         >=    2.00   (from  low-res limit)
    Completeness   >=    0.0000 (from high-res limit)
    CC(1/2)        >=    0.3000 (from  low-res limit)



 Setting random seed to 1772201987
 You can set this also with the -seed flag

  Calling open_file ... 

 NOTE: file type detected = MTZ

  Calling get_info ... 

 Dataset  1 cell =  190.95000 110.30000  64.28000  90.00000  96.29300  90.00000
   Orthogonalisation matrix =    190.95000     0.00000    -7.04591
                                   0.00000   110.30000     0.00000
                                   0.00000     0.00000    63.89267
   Inverse of above         =      0.00524    -0.00000     0.00058
                                   0.00000     0.00907    -0.00000
                                   0.00000     0.00000     0.01565

 Dataset  2 cell =  190.95000 110.30000  64.28000  90.00000  96.29300  90.00000
   Orthogonalisation matrix =    190.95000     0.00000    -7.04591
                                   0.00000   110.30000     0.00000
                                   0.00000     0.00000    63.89267
   Inverse of above         =      0.00524    -0.00000     0.00058
                                   0.00000     0.00907    -0.00000
                                   0.00000     0.00000     0.01565

 Overall cell =  190.95000 110.30000  64.28000  90.00000  96.29300  90.00000
 Orthogonalisation matrix =    190.95000     0.00000    -7.04591
                                 0.00000   110.30000     0.00000
                                 0.00000     0.00000    63.89267
 Inverse of above         =      0.00524    -0.00000     0.00058
                                 0.00000     0.00907    -0.00000
                                 0.00000     0.00000     0.01565
  Calling read_refl ... 
    reading reflection       3046 (   5.0 %)
    reading reflection       6092 (  10.0 %)
    reading reflection       9138 (  15.0 %)
    reading reflection      12184 (  20.0 %)
    reading reflection      15230 (  25.0 %)
    reading reflection      18276 (  30.0 %)
    reading reflection      21322 (  35.0 %)
    reading reflection      24368 (  40.0 %)
    reading reflection      27414 (  45.0 %)
    reading reflection      30460 (  50.0 %)
    reading reflection      33506 (  55.0 %)
    reading reflection      36552 (  60.0 %)
    reading reflection      39598 (  65.0 %)
    reading reflection      42644 (  70.0 %)
    reading reflection      45690 (  75.0 %)
    reading reflection      48736 (  80.0 %)
    reading reflection      51782 (  85.0 %)
    reading reflection      54828 (  90.0 %)
    reading reflection      57874 (  95.0 %)
    reading reflection      60920 ( 100.0 %)





 binning will be in  shells of equal number of reflections (based on   1000 measured unique reflections per shell)


 Highest resolution as defined by ellipsoid =    2.2330 A

 Nref (total) .................    60927
 Nref (used) ..................    60927
 Ncol .........................  13


 Resolution ...................   41.748 -    2.502 A
 Resolution (ellipsoid) .......   41.748 -    2.502 A
 Symmetry .....................   5 "C 1 2 1"
 Cell .........................    190.950   110.300    64.280  90.000  96.293  90.000

 Col-001 ......................    1 H
 Col-002 ......................    2 K
 Col-003 ......................    3 L
 Col-004 ......................    4 M/ISYM
 Col-005 ......................    5 BATCH
 Col-006 ......................    6 I
 Col-007 ......................    7 SIGI
 Col-008 ......................    8 SCALEUSED
 Col-009 ......................    9 SIGSCALEUSED
 Col-010 ......................   10 NPART
 Col-011 ......................   11 XDET
 Col-012 ......................   12 YDET
 Col-013 ......................   13 ROT
 Col-014 ......................   14 RESOL
 Col-015 ......................   15 RESO3
 Col-016 ......................   16 RUN
 Col-017 ......................   17 OUT
 Col-018 ......................   18 RAND
 Col-019 ......................   19 ELLIPSOID


  Calling read_batch ... 
  Calling stats ... 

 ####----------------------------------------------------------------
 #### NOTES
 ####----------------------------------------------------------------

 ####----------------------------------------------------------------
 #### Rmerge:
 
  According to [1] and Evans (2006) this is defined as
 
                   sum_i ( sum_j | Ij - <I> | )
    Rmerge(I) = --------------------------------                 (1)
                   sum_i ( sum_j        <I>   )
 
  with
 
    Ij  = the intensity of the jth observation of reflection i
    <I> = the mean of the intensities of all observations of reflection i
 
    sum_i is taken over all reflections
    sum_j is taken over all observations of each reflection.
 
  Diederichs & Karplus (1997), Weiss & Hilgenfeld (1997) and
  Weiss (2001) define this slightly different as
 
                   sum_i ( sum_j | Ij - <I> | )
    Rmerge(I) = --------------------------------                 (2)
                   sum_i ( sum_j   Ij         )
 
  which is identically to (1) if <I> is the mean (or average)
  intensity. However, it is the weighted (by variance) mean of
  the intensities we are computing during merging:
 
    <I> = sum_j ( Wj * Ij )                                      (3)
 
                    1     
    with:  Wj = ---------                                        (4)
                sd(Ij)**2
 
  Then equations (1) and (2) become different.
 
  Drenth (1994) calls (1) Rmerge and (2) Rsym.
 
 ####----------------------------------------------------------------
 #### Rmeas (also called Rrim):
 
  The redundancy-independent merging R factor value Rrim, also
  denoted Rmeas, for merging all intensities in a given shell.
 
           sum_i [Ni /( Ni - 1)]^(1/2) sum_j | Ij - <Ii> |
    Rrim = ---------------------------------------------         (5)
           sum_i (                  sum_j   Ij         )
 
    Ij   = the intensity of the jth observation of reflection i
    <Ii> = the mean of the intensities of all observations of reflection i
    Ni   = the redundancy (the number of times reflection i has been measured).
 
    sum_i is taken over all reflections
    sum_j is taken over all observations of each reflection.
 
  See Diederichs & Karplus (1997), Weiss & Hilgenfeld (1997), Weiss
  (2001) and [2].
 
  Evans (2006) defines this differently, with the denominator
  summing over <I> similar to the Rmerge equation (1) above:
 
           sum_i [Ni /( Ni - 1)]^(1/2) sum_j | Ij - <Ii> |
    Rrim = ---------------------------------------------         (6)
           sum_i (                  sum_j        <Ii>  )
 
 ####----------------------------------------------------------------
 #### Rpim:
 
  The precision-indicating merging R factor value Rpim,
  for merging all intensities in this data set is defined in [3],
  Diederichs & Karplus (1997), Weiss & Hilgenfeld (1997) and
  Weiss (2001) as
 
           sum_i [  1/(Ni - 1)]^(1/2) sum_j | Ij - <Ii> |
    Rpim = ---------------------------------------------         (7)
           sum_i (                  sum_j   Ij         )
 
  As above, Evans (2006) defines this differently as:
 
           sum_i [  1/(Ni - 1)]^(1/2) sum_j | Ij - <Ii> |
    Rrim = ---------------------------------------------         (8)
           sum_i (                  sum_j        <Ii>  )
 
 To add more complexity, all of the above statistics (Rmerge, Rmeas
 and Rpim) can be computed over all measurements of a unique reflection
 or separately for I+ and I-. The latter has the advantage that an
 existing anomalous signal will not result in an increase of R-value
 because of this. However, the original definitions above are not
 taking anomalous signal into account this way.
 
 ### References:
 
 [1] http://mmcif.wwpdb.org/dictionaries/mmcif_std.dic/Items/_reflns_shell.Rmerge_I_obs.html
 [2] http://www.iucr.org/__data/iucr/cifdic_html/2/mmcif_pdbx.dic/Ireflns.pdbx_Rrim_I_all.html
 [3] http://www.iucr.org/__data/iucr/cifdic_html/2/mmcif_pdbx.dic/Ireflns.pdbx_Rpim_I_all.html
 [4] Diederichs, K. & Karplus, P. A. (1997). Nature Struct. Biol. 4, 269-275.
 [5] Drenth, J. (1994). Principles of Protein X-ray Crystallography. Springer-Verlag, New York. p289-290.
 [6] Evans, P. (2006). Acta D62, 72-82.
 [7] Weiss, M. S. & Hilgenfeld, R. (1997). J. Appl. Cryst. 30, 203-205.
 [8] Weiss, M. S. (2001). J. Appl. Cryst. 34, 130-135.
 

 ############################################################
 #################### TOTAL 
 ############################################################

   Cell:  190.95  110.30   64.28   90.00   96.29   90.00
   Wavelength:  0.97918 A
   Run number:    0 consists of batches          2 to       1040
      Resolution range for run: InfinityInfinity
      Closest reciprocal axis to spindle: none


 We will be using a total of   20 bins for statistics as a function of resolution

 Resolution bins defined as : 7.46613,5.94240,5.23338,4.78725,4.42958,4.18393,3.98311,3.81810,3.67160,3.52844,3.40109,3.28744,3.18232,3.08724,2.99688,2.90802,2.81876,2.72292,2.62092 

 -----------------------------------------------------------------------------------------------------------------------------------------------------------------
                                                                                     Compl. Spher.   Multiplicity                                   Compl. Ellip. 
                                                                                     --------------  ------------                                  --------------- 
            Resolution      #uniq     #Rfac  Rmerge   Rmeas    Rpim   #Isig  I/sigI     all     ano    all    ano CC(1/2)  #CCAno CC(ano)  SigAno    all     ano
 -----------------------------------------------------------------------------------------------------------------------------------------------------------------
         41.748 -   7.466     925      2132   0.038   0.048   0.028     925  31.686  0.5214  0.3705   2.47   1.48  0.9960     195  0.1611   1.089   0.5214  0.3705
          7.466 -   5.942     924      2007   0.058   0.073   0.043     924  15.752  0.5375  0.3171   2.39   1.52  0.9934     147  0.2650   0.886   0.5375  0.3171
          5.942 -   5.233     925      1987   0.065   0.082   0.049     925  13.588  0.5796  0.3401   2.36   1.50  0.9919     129  0.0457   0.827   0.5796  0.3401
          5.233 -   4.787     925      1947   0.061   0.077   0.045     925  14.530  0.6026  0.3386   2.33   1.50  0.9919     118 -0.2631   0.874   0.6026  0.3386
          4.787 -   4.430     925      1840   0.065   0.082   0.049     925  15.096  0.5403  0.2659   2.25   1.51  0.9915     100 -0.1245   0.924   0.5403  0.2659
          4.430 -   4.184     923      1846   0.070   0.088   0.052     923  12.859  0.5909  0.3027   2.26   1.49  0.9924      93  0.0520   0.837   0.5909  0.3027
          4.184 -   3.983     928      1877   0.083   0.105   0.063     928  11.366  0.6003  0.3000   2.27   1.49  0.9882      86 -0.0978   0.863   0.6003  0.3000
          3.983 -   3.818     962      1921   0.109   0.138   0.083     962   8.692  0.6300  0.2999   2.25   1.51  0.9784      89 -0.0921   0.843   0.6300  0.2999
          3.818 -   3.672     992      1948   0.123   0.156   0.094     992   7.493  0.6185  0.2992   2.23   1.49  0.9742      80  0.0640   0.763   0.6185  0.2992
          3.672 -   3.528    1044      1985   0.139   0.177   0.107    1044   6.709  0.5671  0.2458   2.18   1.51  0.9719      83  0.2046   0.759   0.5671  0.2458
          3.528 -   3.401    1143      2127   0.168   0.214   0.130    1143   5.355  0.6041  0.2530   2.15   1.50  0.9639      79  0.1189   0.755   0.5996  0.2468
          3.401 -   3.287    1209      2242   0.214   0.274   0.168    1209   4.392  0.6146  0.2632   2.15   1.47  0.9356      79  0.3473   0.730   0.5846  0.2256
          3.287 -   3.182    1301      2391   0.279   0.357   0.220    1301   3.399  0.6316  0.2677   2.13   1.46  0.9004      81 -0.1586   0.710   0.5749  0.1906
          3.182 -   3.087    1371      2492   0.332   0.425   0.261    1371   2.762  0.6495  0.2599   2.11   1.46  0.8795      75 -0.0664   0.776   0.5675  0.1577
          3.087 -   2.997    1477      2699   0.428   0.547   0.336    1477   2.116  0.6498  0.2714   2.12   1.46  0.8384      83  0.0371   0.721   0.5427  0.1435
          2.997 -   2.908    1594      2847   0.529   0.676   0.414    1594   1.723  0.6467  0.2569   2.09   1.46  0.8162      84  0.2295   0.758   0.5186  0.1221
          2.908 -   2.819    1776      2948   0.638   0.812   0.495    1776   1.394  0.6160  0.2099   2.02   1.49  0.6733      94  0.0666   0.770   0.4918  0.1026
          2.819 -   2.723    2239      3849   0.804   1.027   0.629    2239   1.116  0.6423  0.2337   2.06   1.47  0.6209     114  0.0987   0.732   0.4687  0.0851
          2.723 -   2.621    2853      4853   1.114   1.430   0.883    2853   0.802  0.6660  0.2376   2.04   1.46  0.5078     137 -0.0658   0.699   0.4719  0.0690
          2.621 -   2.502    3930      6624   1.717   2.206   1.366    3930   0.519  0.6651  0.2371   2.03   1.46  0.2961     197 -0.1085   0.707   0.4684  0.0519
 -----------------------------------------------------------------------------------------------------------------------------------------------------------------
 Total:  41.748 -   2.502   28366     52562   0.125   0.159   0.096   28366   5.777  0.6200  0.2669   2.15   1.48  0.9912    2143  0.0376   0.788   0.5498  0.2144


 recommended resolution cut based on I/sigI       <    2.000  (precise) =    2.9620
 recommended resolution cut based on I/sigI       <    2.000  (rounded) =    3.00
  RESOLUTION  41.7485   2.9620



 Number of active ice-rings within this resolution range =  0

 Criteria used in determination of resolution cut:
 ------------------------------------------------- 
    Rpim           <=    0.6000
    I/sigI         >=    2.00
    CC(1/2)        >=    0.3000

                                              Overall  InnerShell  OuterShell
  ---------------------------------------------------------------------------
     Low resolution limit                      41.748      41.748       2.621
     High resolution limit                      2.502       7.466       2.502


     Rmerge  (all I+ & I-)                      0.125       0.038       1.717
     Rmerge  (within I+/I-)                     0.098       0.033       1.216
     Rmeas   (all I+ & I-)                      0.159       0.048       2.206
     Rmeas   (within I+/I-)                     0.135       0.045       1.686
     Rpim    (all I+ & I-)                      0.096       0.028       1.366
     Rpim    (within I+/I-)                     0.092       0.031       1.163
     Total number of observations               60927        2285        7964
     Total number unique                        28366         925        3930
     Mean(I)/sd(I)                                5.8        31.7         0.5
     Completeness (spherical)                    62.0        52.1        66.5
     Completeness (ellipsoidal)                  55.0        52.1        46.8
     Multiplicity                                 2.1         2.5         2.0
     CC(1/2)                                    0.991       0.996       0.296


     Anomalous completeness (spherical)          26.7        37.0        23.7
     Anomalous completeness (ellipsoidal)        21.4        37.0         5.2
     Anomalous multiplicity                       1.5         1.5         1.5
     CC(ano)                                    0.038       0.161      -0.108
     |DANO|/sd(DANO)                            0.788       1.089       0.707



 W0 = unweighted
 W1 = 1/(sigI**2) weighted

 ---------------------------------------------------------------------------------------------------------------------------------------------------------------------------------------
                                  merged                         Rmerge            Rmeas              Rpim                  Compl. Spher.                  Compl. Ellip.  
                            --------------------            ----------------  ----------------  ----------------  ----------------------------------  ----------------------------------
    BATCH     Nref <I/sigI>      <I>    <I/sigI>     #ref      W0      W1        W0      W1        W0      W1         All     Ano      -All    -Ano       All     Ano      -All    -Ano  
 ---------------------------------------------------------------------------------------------------------------------------------------------------------------------------------------
        2      328    7.469   5.168E+05    7.469      326    0.0708  0.0892    0.0890  0.1123    0.0529  0.0669    0.0072  0.0000    0.6200  0.2669    0.0070  0.0000    0.5498  0.2144
        3      447    7.383   4.840E+05    7.396      445    0.0745  0.0846    0.0937  0.1076    0.0557  0.0651    0.0169  0.0000    0.6200  0.2668    0.0168  0.0000    0.5497  0.2144
        4      397    5.870   3.926E+05    5.835      393    0.0839  0.1118    0.1069  0.1435    0.0651  0.0883    0.0256  0.0000    0.6199  0.2667    0.0252  0.0000    0.5496  0.2144
        5      446    6.175   4.062E+05    6.175      442    0.0855  0.1015    0.1080  0.1291    0.0648  0.0781    0.0353  0.0000    0.6198  0.2667    0.0348  0.0000    0.5495  0.2144
        6      444    6.208   3.960E+05    6.208      443    0.0817  0.0931    0.1054  0.1199    0.0654  0.0741    0.0450  0.0000    0.6198  0.2666    0.0441  0.0000    0.5494  0.2143
        7      443    7.814   4.994E+05    7.784      442    0.0683  0.0802    0.0864  0.1023    0.0518  0.0621    0.0546  0.0000    0.6197  0.2666    0.0537  0.0000    0.5494  0.2143
        8      440    7.611   5.185E+05    7.611      439    0.0633  0.0780    0.0803  0.0990    0.0484  0.0599    0.0641  0.0001    0.6197  0.2665    0.0628  0.0000    0.5494  0.2143
        9      451    6.184   4.149E+05    6.184      450    0.0802  0.1041    0.1033  0.1354    0.0641  0.0851    0.0738  0.0001    0.6197  0.2664    0.0721  0.0000    0.5494  0.2142
       10      440    6.437   4.331E+05    6.448      431    0.0739  0.0909    0.0950  0.1171    0.0587  0.0727    0.0833  0.0001    0.6197  0.2664    0.0814  0.0000    0.5493  0.2141
       11      421    6.008   3.971E+05    6.008      418    0.0914  0.1117    0.1159  0.1430    0.0700  0.0877    0.0924  0.0002    0.6195  0.2663    0.0903  0.0001    0.5491  0.2141
       12      421    6.335   4.348E+05    6.335      420    0.0772  0.0988    0.0990  0.1273    0.0610  0.0789    0.1014  0.0002    0.6194  0.2663    0.0989  0.0001    0.5490  0.2141
       13      441    6.215   4.170E+05    6.227      441    0.0873  0.1044    0.1112  0.1328    0.0677  0.0807    0.1108  0.0004    0.6194  0.2662    0.1077  0.0002    0.5490  0.2141
       14      463    6.372   4.108E+05    6.372      463    0.0858  0.0979    0.1099  0.1261    0.0676  0.0782    0.1207  0.0006    0.6194  0.2662    0.1169  0.0004    0.5490  0.2141
       15      442    6.749   4.558E+05    6.732      440    0.0740  0.0881    0.0945  0.1129    0.0577  0.0692    0.1300  0.0007    0.6194  0.2662    0.1257  0.0006    0.5490  0.2140
       16      443    6.301   4.160E+05    6.301      443    0.0859  0.0979    0.1102  0.1259    0.0678  0.0777    0.1394  0.0010    0.6193  0.2661    0.1342  0.0008    0.5489  0.2140
       17      438    6.833   4.703E+05    6.833      435    0.0767  0.0929    0.0979  0.1190    0.0598  0.0729    0.1486  0.0012    0.6193  0.2661    0.1430  0.0010    0.5489  0.2140
       18      444    6.215   4.122E+05    6.222      439    0.0809  0.0970    0.1030  0.1238    0.0628  0.0755    0.1578  0.0015    0.6193  0.2660    0.1514  0.0013    0.5488  0.2139
       19      457    6.378   4.325E+05    6.378      456    0.0851  0.1014    0.1089  0.1303    0.0668  0.0803    0.1673  0.0019    0.6192  0.2660    0.1603  0.0016    0.5487  0.2139
       20      441    6.301   4.407E+05    6.301      439    0.0767  0.0870    0.0984  0.1123    0.0607  0.0699    0.1764  0.0022    0.6191  0.2659    0.1688  0.0019    0.5487  0.2138
       21      431    6.200   4.309E+05    6.200      431    0.0798  0.0980    0.1010  0.1249    0.0609  0.0761    0.1852  0.0026    0.6191  0.2658    0.1766  0.0023    0.5486  0.2137
       22      448    6.065   4.386E+05    6.065      441    0.0797  0.1011    0.1020  0.1300    0.0627  0.0805    0.1945  0.0030    0.6191  0.2658    0.1852  0.0027    0.5486  0.2137
       23      443    6.535   4.701E+05    6.535      443    0.0727  0.0962    0.0927  0.1230    0.0566  0.0753    0.2034  0.0036    0.6190  0.2657    0.1932  0.0033    0.5485  0.2137
       24      425    6.057   4.335E+05    6.057      423    0.0848  0.0974    0.1073  0.1238    0.0647  0.0749    0.2118  0.0042    0.6190  0.2657    0.2006  0.0039    0.5485  0.2137
       25      441    6.381   4.638E+05    6.381      437    0.0835  0.0951    0.1067  0.1225    0.0652  0.0760    0.2207  0.0047    0.6189  0.2656    0.2086  0.0045    0.5485  0.2136
       26      454    5.045   3.294E+05    5.056      452    0.1228  0.1172    0.1566  0.1492    0.0958  0.0908    0.2299  0.0053    0.6188  0.2655    0.2167  0.0052    0.5483  0.2135
       27      425    5.230   4.132E+05    5.230      425    0.0936  0.1165    0.1196  0.1496    0.0733  0.0921    0.2383  0.0060    0.6188  0.2654    0.2238  0.0059    0.5483  0.2135
       28      423    5.389   3.374E+05    5.389      421    0.1150  0.1110    0.1470  0.1425    0.0902  0.0878    0.2466  0.0069    0.6188  0.2654    0.2314  0.0068    0.5483  0.2135
       29      445    5.352   3.490E+05    5.352      442    0.1099  0.1022    0.1404  0.1307    0.0861  0.0801    0.2552  0.0077    0.6187  0.2654    0.2388  0.0077    0.5483  0.2135
       30      483    5.885   4.066E+05    5.885      482    0.0950  0.1060    0.1197  0.1343    0.0715  0.0809    0.2644  0.0088    0.6187  0.2654    0.2469  0.0089    0.5482  0.2135
       31      425    5.786   3.865E+05    5.786      424    0.1014  0.1054    0.1278  0.1331    0.0764  0.0797    0.2722  0.0100    0.6186  0.2653    0.2535  0.0103    0.5482  0.2134
       32      439    5.404   3.979E+05    5.404      433    0.1042  0.1053    0.1308  0.1324    0.0779  0.0788    0.2804  0.0112    0.6186  0.2653    0.2601  0.0116    0.5481  0.2134
       33      426    5.420   3.553E+05    5.420      425    0.1012  0.0883    0.1283  0.1123    0.0776  0.0682    0.2882  0.0123    0.6185  0.2652    0.2668  0.0129    0.5480  0.2134
       34      437    4.712   2.974E+05    4.712      436    0.1273  0.1210    0.1601  0.1533    0.0956  0.0926    0.2963  0.0136    0.6185  0.2651    0.2737  0.0144    0.5480  0.2133
       35      426    4.955   3.458E+05    4.955      426    0.1184  0.1148    0.1496  0.1458    0.0899  0.0883    0.3039  0.0150    0.6184  0.2651    0.2798  0.0160    0.5479  0.2133
       36      472    5.627   4.035E+05    5.636      470    0.1044  0.1122    0.1296  0.1405    0.0754  0.0828    0.3120  0.0168    0.6184  0.2650    0.2863  0.0179    0.5479  0.2133
       37      438    5.227   3.838E+05    5.237      435    0.1105  0.1151    0.1385  0.1447    0.0821  0.0862    0.3196  0.0185    0.6184  0.2650    0.2921  0.0198    0.5479  0.2132
       38      460    4.046   2.660E+05    4.050      458    0.1556  0.1449    0.1934  0.1817    0.1129  0.1075    0.3273  0.0204    0.6183  0.2649    0.2982  0.0220    0.5479  0.2132
       39      402    4.711   3.214E+05    4.711      401    0.1481  0.1329    0.1841  0.1677    0.1075  0.1004    0.3342  0.0220    0.6183  0.2649    0.3038  0.0239    0.5479  0.2132
       40      466    5.162   3.576E+05    5.173      422    0.1313  0.1260    0.1618  0.1560    0.0927  0.0900    0.3417  0.0243    0.6183  0.2648    0.3097  0.0264    0.5479  0.2131
       41      443    4.905   3.392E+05    4.905      306    0.1001  0.1066    0.1283  0.1354    0.0790  0.0819    0.3488  0.0265    0.6173  0.2640    0.3151  0.0287    0.5467  0.2123
       42      430    4.826   4.110E+05    4.826      321    0.0912  0.1077    0.1179  0.1384    0.0737  0.0856    0.3554  0.0288    0.6143  0.2588    0.3201  0.0314    0.5442  0.2078
       43      423    5.278   3.824E+05    5.278      318    0.1107  0.1090    0.1424  0.1396    0.0885  0.0860    0.3617  0.0314    0.6119  0.2530    0.3249  0.0340    0.5420  0.2027
       44      458    4.163   3.100E+05    4.163      352    0.1242  0.1279    0.1583  0.1615    0.0968  0.0971    0.3681  0.0344    0.6095  0.2475    0.3297  0.0371    0.5399  0.1982
       45      429    3.765   2.883E+05    3.765      331    0.1622  0.1383    0.2113  0.1767    0.1336  0.1083    0.3741  0.0373    0.6071  0.2413    0.3346  0.0397    0.5378  0.1929
       46      452    4.552   3.861E+05    4.552      358    0.1087  0.1213    0.1381  0.1541    0.0841  0.0938    0.3803  0.0406    0.6050  0.2353    0.3396  0.0428    0.5355  0.1881
       47      442    4.193   2.917E+05    4.188      346    0.1392  0.1244    0.1769  0.1576    0.1077  0.0951    0.3862  0.0437    0.6029  0.2290    0.3444  0.0453    0.5334  0.1829
       48      431    4.680   3.734E+05    4.680      338    0.1282  0.1255    0.1632  0.1600    0.0997  0.0978    0.3917  0.0471    0.6007  0.2229    0.3490  0.0483    0.5310  0.1781
       49      468    4.403   3.218E+05    4.397      370    0.1273  0.1193    0.1613  0.1517    0.0976  0.0923    0.3977  0.0509    0.5985  0.2168    0.3542  0.0514    0.5287  0.1731
       50      452    3.677   2.557E+05    3.677      356    0.1549  0.1263    0.1971  0.1607    0.1202  0.0978    0.4035  0.0543    0.5962  0.2107    0.3589  0.0543    0.5262  0.1682
       51      436    4.445   3.485E+05    4.445      341    0.1332  0.1381    0.1694  0.1745    0.1035  0.1053    0.4087  0.0583    0.5939  0.2043    0.3634  0.0575    0.5238  0.1632
       52      452    3.959   3.195E+05    3.965      371    0.1489  0.1408    0.1874  0.1780    0.1120  0.1071    0.4139  0.0623    0.5917  0.1980    0.3674  0.0607    0.5214  0.1582
       53      423    4.263   3.264E+05    4.263      343    0.1458  0.1366    0.1852  0.1732    0.1128  0.1050    0.4189  0.0661    0.5897  0.1920    0.3718  0.0638    0.5196  0.1535
       54      466    3.959   2.998E+05    3.967      353    0.1759  0.1417    0.2213  0.1772    0.1324  0.1045    0.4243  0.0702    0.5878  0.1857    0.3762  0.0665    0.5177  0.1484
       55      416    3.690   3.029E+05    3.690      321    0.1457  0.1513    0.1844  0.1913    0.1117  0.1157    0.4292  0.0739    0.5850  0.1801    0.3802  0.0697    0.5150  0.1443
       56      442    3.673   2.620E+05    3.673      352    0.1720  0.1320    0.2156  0.1649    0.1281  0.0973    0.4340  0.0782    0.5827  0.1741    0.3845  0.0729    0.5129  0.1395
       57      444    3.398   2.318E+05    3.392      325    0.1879  0.1438    0.2372  0.1816    0.1430  0.1092    0.4392  0.0819    0.5805  0.1683    0.3888  0.0761    0.5107  0.1345
       58      445    3.444   2.580E+05    3.447      341    0.1973  0.1497    0.2474  0.1880    0.1467  0.1116    0.4440  0.0861    0.5776  0.1626    0.3930  0.0792    0.5082  0.1299
       59      443    3.697   2.777E+05    3.697      313    0.1426  0.1151    0.1797  0.1448    0.1080  0.0866    0.4491  0.0901    0.5750  0.1572    0.3975  0.0825    0.5058  0.1254
       60      438    3.955   3.059E+05    3.955      329    0.1613  0.1414    0.2031  0.1798    0.1216  0.1094    0.4539  0.0942    0.5718  0.1516    0.4013  0.0856    0.5030  0.1206
       61      453    3.529   2.845E+05    3.529      322    0.1477  0.1252    0.1849  0.1568    0.1099  0.0930    0.4588  0.0984    0.5689  0.1464    0.4055  0.0891    0.5007  0.1165
       62      457    3.674   2.987E+05    3.674      332    0.1930  0.1646    0.2414  0.2081    0.1427  0.1253    0.4638  0.1027    0.5657  0.1412    0.4097  0.0926    0.4984  0.1115
       63      417    3.481   3.201E+05    3.481      302    0.1604  0.1685    0.2003  0.2102    0.1182  0.1237    0.4681  0.1066    0.5624  0.1358    0.4133  0.0955    0.4955  0.1070
       64      450    3.334   2.852E+05    3.332      332    0.1787  0.1840    0.2252  0.2342    0.1351  0.1426    0.4727  0.1109    0.5595  0.1310    0.4173  0.0987    0.4931  0.1029
       65      426    3.504   2.786E+05    3.504      297    0.1587  0.1418    0.1978  0.1776    0.1164  0.1052    0.4769  0.1152    0.5560  0.1258    0.4209  0.1019    0.4903  0.0986
       66      441    2.723   2.219E+05    2.723      308    0.2178  0.1709    0.2721  0.2161    0.1608  0.1301    0.4817  0.1191    0.5526  0.1214    0.4248  0.1048    0.4877  0.0947
       67      394    3.001   2.460E+05    3.008      274    0.1905  0.1719    0.2366  0.2148    0.1384  0.1266    0.4856  0.1230    0.5489  0.1165    0.4282  0.1077    0.4848  0.0909
       68      434    3.119   2.558E+05    3.119      297    0.2166  0.1742    0.2714  0.2196    0.1610  0.1315    0.4902  0.1267    0.5458  0.1124    0.4320  0.1107    0.4822  0.0874
       69      442    3.237   2.443E+05    3.243      303    0.1935  0.1550    0.2423  0.1952    0.1438  0.1168    0.4945  0.1312    0.5421  0.1079    0.4356  0.1141    0.4790  0.0838
       70      465    3.531   2.978E+05    3.531      312    0.1621  0.1539    0.2025  0.1933    0.1198  0.1152    0.4991  0.1357    0.5381  0.1033    0.4396  0.1174    0.4757  0.0802
       71      436    3.055   2.568E+05    3.055      298    0.1998  0.1706    0.2500  0.2153    0.1478  0.1293    0.5034  0.1400    0.5337  0.0990    0.4432  0.1206    0.4719  0.0770
       72      438    2.889   2.779E+05    2.889      296    0.2006  0.2064    0.2506  0.2581    0.1478  0.1523    0.5075  0.1441    0.5297  0.0945    0.4467  0.1237    0.4685  0.0734
       73      444    3.199   3.014E+05    3.199      288    0.1842  0.1856    0.2314  0.2332    0.1377  0.1388    0.5120  0.1484    0.5255  0.0905    0.4507  0.1271    0.4647  0.0706
       74      420    3.026   2.903E+05    3.026      274    0.2217  0.1695    0.2792  0.2132    0.1668  0.1271    0.5160  0.1524    0.5211  0.0864    0.4541  0.1300    0.4605  0.0678
       75      444    3.033   2.931E+05    3.033      286    0.2104  0.2091    0.2668  0.2651    0.1615  0.1603    0.5203  0.1566    0.5166  0.0829    0.4577  0.1327    0.4564  0.0652
       76      453    2.682   2.145E+05    2.674      296    0.2544  0.1850    0.3207  0.2313    0.1919  0.1364    0.5247  0.1610    0.5117  0.0791    0.4615  0.1360    0.4522  0.0631
       77      443    2.656   2.431E+05    2.656      286    0.1989  0.1974    0.2511  0.2467    0.1505  0.1454    0.5288  0.1652    0.5068  0.0754    0.4650  0.1392    0.4477  0.0607
       78      445    2.515   2.160E+05    2.515      283    0.2339  0.1973    0.2957  0.2474    0.1777  0.1468    0.5330  0.1692    0.5018  0.0722    0.4687  0.1424    0.4432  0.0586
       79      426    2.404   2.191E+05    2.404      282    0.2158  0.1869    0.2779  0.2377    0.1727  0.1449    0.5369  0.1736    0.4966  0.0689    0.4720  0.1458    0.4383  0.0565
       80      456    2.674   2.261E+05    2.680      299    0.2726  0.2168    0.3455  0.2705    0.2088  0.1589    0.5409  0.1780    0.4915  0.0656    0.4757  0.1487    0.4338  0.0543
       81      449    2.355   2.103E+05    2.355      303    0.3003  0.2594    0.3909  0.3327    0.2464  0.2047    0.5447  0.1827    0.4861  0.0625    0.4790  0.1522    0.4290  0.0525
       82      446    2.143   1.987E+05    2.143      288    0.2969  0.2497    0.3799  0.3163    0.2331  0.1911    0.5487  0.1872    0.4805  0.0593    0.4824  0.1554    0.4238  0.0507
       83      420    2.746   2.593E+05    2.746      279    0.2207  0.1728    0.2841  0.2189    0.1760  0.1316    0.5524  0.1913    0.4749  0.0563    0.4856  0.1585    0.4190  0.0487
       84      464    2.423   2.341E+05    2.440      309    0.2786  0.2289    0.3605  0.2896    0.2250  0.1746    0.5563  0.1956    0.4692  0.0537    0.4891  0.1618    0.4140  0.0471
       85      428    2.289   2.190E+05    2.293      274    0.2315  0.2107    0.3030  0.2706    0.1926  0.1668    0.5601  0.1996    0.4631  0.0511    0.4924  0.1648    0.4087  0.0456
       86      437    1.843   1.872E+05    1.843      274    0.3090  0.3320    0.4014  0.4231    0.2520  0.2581    0.5640  0.2037    0.4567  0.0494    0.4959  0.1676    0.4032  0.0444
       87      422    2.672   2.819E+05    2.677      271    0.1899  0.1914    0.2473  0.2430    0.1562  0.1475    0.5676  0.2077    0.4502  0.0472    0.4991  0.1705    0.3978  0.0432
       88      452    2.149   2.068E+05    2.149      299    0.2759  0.2622    0.3569  0.3327    0.2227  0.2010    0.5713  0.2119    0.4439  0.0453    0.5023  0.1736    0.3926  0.0420
       89      453    1.734   1.762E+05    1.748      288    0.3419  0.3326    0.4494  0.4299    0.2870  0.2681    0.5753  0.2159    0.4372  0.0434    0.5060  0.1764    0.3872  0.0407
       90      442    2.349   2.119E+05    2.349      296    0.2886  0.2150    0.3795  0.2762    0.2424  0.1699    0.5787  0.2205    0.4302  0.0415    0.5091  0.1799    0.3814  0.0396
       91      439    2.698   3.033E+05    2.701      283    0.2431  0.2383    0.3129  0.3033    0.1935  0.1843    0.5823  0.2243    0.4230  0.0398    0.5125  0.1826    0.3753  0.0383
       92      468    2.079   2.321E+05    2.083      313    0.3416  0.3104    0.4401  0.3966    0.2721  0.2419    0.5859  0.2288    0.4159  0.0382    0.5160  0.1859    0.3697  0.0372
       93      427    2.125   2.280E+05    2.130      270    0.3263  0.3222    0.4254  0.4137    0.2686  0.2554    0.5894  0.2328    0.4082  0.0366    0.5193  0.1888    0.3635  0.0363
       94      452    1.624   2.048E+05    1.624      296    0.3930  0.4558    0.5174  0.5889    0.3310  0.3664    0.5930  0.2370    0.4011  0.0353    0.5227  0.1922    0.3576  0.0354
       95      433    2.188   2.575E+05    2.188      292    0.2804  0.2780    0.3593  0.3522    0.2204  0.2123    0.5962  0.2411    0.3933  0.0339    0.5257  0.1950    0.3514  0.0343
       96      434    1.932   2.171E+05    1.932      287    0.3641  0.3376    0.4707  0.4302    0.2925  0.2610    0.5994  0.2451    0.3861  0.0325    0.5290  0.1981    0.3458  0.0334
       97      441    1.375   1.486E+05    1.377      294    0.4438  0.4323    0.5780  0.5519    0.3644  0.3373    0.6027  0.2491    0.3784  0.0314    0.5320  0.2007    0.3395  0.0326
       98      453    1.960   2.006E+05    1.968      306    0.3594  0.3728    0.4650  0.4749    0.2899  0.2886    0.6059  0.2534    0.3709  0.0301    0.5352  0.2040    0.3339  0.0318
       99      434    1.972   2.132E+05    1.972      290    0.3347  0.3423    0.4321  0.4401    0.2684  0.2719    0.6091  0.2575    0.3629  0.0289    0.5383  0.2067    0.3275  0.0308
      100      365    1.259   1.432E+05    1.263      257    0.4807  0.4644    0.6304  0.6001    0.4019  0.3735    0.6115  0.2610    0.3553  0.0276    0.5407  0.2092    0.3217  0.0298
     1001      309    4.102   3.733E+05    4.102      175    0.1195  0.1845    0.1494  0.2356    0.0882  0.1448    0.6145  0.2643    0.3486  0.0268    0.5441  0.2122    0.3165  0.0294
     1002      447    4.411   5.194E+05    4.411      335    0.0953  0.1882    0.1226  0.2385    0.0757  0.1437    0.6169  0.2658    0.3438  0.0251    0.5468  0.2136    0.3118  0.0273
     1003      445    4.664   5.206E+05    4.664      438    0.0805  0.1573    0.1013  0.2014    0.0600  0.1233    0.6171  0.2658    0.3362  0.0231    0.5470  0.2136    0.3048  0.0250
     1004      417    3.623   3.577E+05    3.617      412    0.0964  0.1946    0.1235  0.2509    0.0758  0.1556    0.6172  0.2658    0.3291  0.0207    0.5471  0.2136    0.2980  0.0222
     1005      432    3.941   4.000E+05    3.941      430    0.0924  0.1783    0.1179  0.2255    0.0716  0.1353    0.6172  0.2658    0.3217  0.0192    0.5471  0.2136    0.2911  0.0205
     1006      442    3.963   4.163E+05    3.963      435    0.0958  0.1784    0.1229  0.2291    0.0756  0.1412    0.6174  0.2658    0.3143  0.0174    0.5473  0.2136    0.2841  0.0184
     1007      440    4.339   4.576E+05    4.335      436    0.0866  0.1643    0.1111  0.2105    0.0681  0.1292    0.6175  0.2658    0.3065  0.0158    0.5474  0.2136    0.2766  0.0165
     1008      451    4.386   4.989E+05    4.386      446    0.0856  0.1646    0.1100  0.2101    0.0679  0.1282    0.6176  0.2659    0.2986  0.0143    0.5475  0.2136    0.2687  0.0149
     1009      461    4.071   4.661E+05    4.071      454    0.0823  0.1818    0.1062  0.2335    0.0660  0.1441    0.6177  0.2660    0.2904  0.0128    0.5477  0.2137    0.2612  0.0133
     1010      445    3.943   4.406E+05    3.950      442    0.0944  0.1989    0.1210  0.2571    0.0743  0.1602    0.6178  0.2661    0.2819  0.0116    0.5477  0.2138    0.2531  0.0119
     1011      423    3.873   4.362E+05    3.873      416    0.0917  0.1932    0.1160  0.2478    0.0696  0.1526    0.6180  0.2661    0.2738  0.0103    0.5479  0.2139    0.2453  0.0103
     1012      425    3.862   4.381E+05    3.862      422    0.0903  0.1910    0.1167  0.2458    0.0727  0.1523    0.6180  0.2661    0.2659  0.0093    0.5480  0.2139    0.2378  0.0092
     1013      447    3.875   4.143E+05    3.879      444    0.0891  0.2037    0.1140  0.2601    0.0697  0.1587    0.6181  0.2662    0.2576  0.0085    0.5481  0.2139    0.2301  0.0083
     1014      464    4.057   4.331E+05    4.057      460    0.0911  0.1888    0.1171  0.2420    0.0724  0.1489    0.6182  0.2662    0.2490  0.0076    0.5482  0.2139    0.2221  0.0073
     1015      463    3.790   4.342E+05    3.785      461    0.0946  0.1981    0.1194  0.2531    0.0714  0.1545    0.6183  0.2662    0.2401  0.0066    0.5482  0.2139    0.2138  0.0063
     1016      432    3.912   4.034E+05    3.912      430    0.0852  0.1809    0.1096  0.2322    0.0678  0.1430    0.6183  0.2662    0.2313  0.0057    0.5483  0.2139    0.2055  0.0053
     1017      447    4.023   4.513E+05    4.031      441    0.0904  0.1876    0.1157  0.2406    0.0709  0.1481    0.6184  0.2663    0.2227  0.0051    0.5484  0.2139    0.1978  0.0047
     1018      430    3.875   4.286E+05    3.876      427    0.0821  0.1725    0.1057  0.2217    0.0653  0.1369    0.6185  0.2663    0.2139  0.0044    0.5484  0.2139    0.1894  0.0039
     1019      451    4.153   4.362E+05    4.153      448    0.0870  0.1775    0.1118  0.2282    0.0691  0.1409    0.6186  0.2663    0.2053  0.0038    0.5485  0.2140    0.1815  0.0034
     1020      454    3.453   4.196E+05    3.453      448    0.0902  0.1966    0.1151  0.2527    0.0702  0.1560    0.6187  0.2663    0.1963  0.0032    0.5486  0.2140    0.1731  0.0028
     1021      446    3.561   4.226E+05    3.561      444    0.0785  0.1878    0.1009  0.2408    0.0623  0.1482    0.6187  0.2663    0.1870  0.0028    0.5486  0.2140    0.1644  0.0024
     1022      438    3.554   4.344E+05    3.554      432    0.0856  0.1967    0.1087  0.2521    0.0657  0.1553    0.6189  0.2664    0.1779  0.0022    0.5488  0.2140    0.1565  0.0018
     1023      450    4.060   5.090E+05    4.060      445    0.0894  0.1861    0.1133  0.2391    0.0683  0.1474    0.6190  0.2664    0.1688  0.0019    0.5489  0.2140    0.1482  0.0015
     1024      434    3.611   4.612E+05    3.611      431    0.0963  0.1997    0.1215  0.2561    0.0726  0.1575    0.6190  0.2664    0.1595  0.0016    0.5490  0.2140    0.1396  0.0013
     1025      437    3.545   4.474E+05    3.545      434    0.0851  0.1895    0.1090  0.2453    0.0669  0.1535    0.6191  0.2664    0.1504  0.0013    0.5490  0.2140    0.1314  0.0010
     1026      455    3.386   3.329E+05    3.391      451    0.1100  0.1979    0.1402  0.2534    0.0854  0.1558    0.6192  0.2664    0.1413  0.0011    0.5491  0.2141    0.1233  0.0007
     1027      424    3.196   4.127E+05    3.196      422    0.0921  0.2228    0.1173  0.2848    0.0714  0.1743    0.6192  0.2665    0.1317  0.0009    0.5491  0.2141    0.1144  0.0006
     1028      432    3.500   3.266E+05    3.500      427    0.1064  0.1961    0.1361  0.2523    0.0835  0.1561    0.6193  0.2665    0.1227  0.0007    0.5492  0.2141    0.1069  0.0004
     1029      441    3.121   3.426E+05    3.121      438    0.0999  0.2160    0.1269  0.2758    0.0769  0.1687    0.6194  0.2665    0.1136  0.0005    0.5492  0.2141    0.0983  0.0003
     1030      502    3.334   3.918E+05    3.341      501    0.1114  0.2291    0.1409  0.2948    0.0845  0.1824    0.6194  0.2666    0.1042  0.0004    0.5493  0.2142    0.0899  0.0002
     1031      430    3.599   4.388E+05    3.599      429    0.1372  0.2407    0.1683  0.3035    0.0957  0.1817    0.6195  0.2666    0.0935  0.0002    0.5493  0.2142    0.0803  0.0001
     1032      428    3.207   4.041E+05    3.207      425    0.1261  0.2569    0.1568  0.3240    0.0917  0.1941    0.6195  0.2666    0.0843  0.0001    0.5493  0.2142    0.0722  0.0001
     1033      436    3.316   3.820E+05    3.316      433    0.1331  0.2235    0.1670  0.2853    0.0991  0.1744    0.6196  0.2667    0.0751  0.0000    0.5494  0.2142    0.0643  0.0000
     1034      434    3.031   3.384E+05    3.031      430    0.1540  0.2709    0.1898  0.3430    0.1091  0.2070    0.6197  0.2667    0.0656  0.0000    0.5495  0.2143    0.0559  0.0000
     1035      442    2.887   3.667E+05    2.887      440    0.1414  0.2723    0.1739  0.3458    0.0992  0.2091    0.6197  0.2668    0.0562  0.0000    0.5496  0.2144    0.0477  0.0000
     1036      471    3.167   4.110E+05    3.170      469    0.1044  0.2417    0.1296  0.3045    0.0752  0.1815    0.6198  0.2668    0.0466  0.0000    0.5496  0.2144    0.0394  0.0000
     1037      432    2.738   3.541E+05    2.743      428    0.1193  0.2757    0.1485  0.3473    0.0869  0.2075    0.6198  0.2668    0.0364  0.0000    0.5496  0.2144    0.0306  0.0000
     1038      469    2.478   2.465E+05    2.478      464    0.1586  0.2689    0.1953  0.3374    0.1118  0.2000    0.6200  0.2668    0.0270  0.0000    0.5497  0.2144    0.0230  0.0000
     1039      389    2.534   2.791E+05    2.529      387    0.1717  0.2799    0.2111  0.3528    0.1206  0.2107    0.6200  0.2669    0.0168  0.0000    0.5497  0.2144    0.0143  0.0000
     1040      380    2.641   2.986E+05    2.647      379    0.1729  0.2738    0.2090  0.3383    0.1150  0.1946    0.6200  0.2669    0.0083  0.0000    0.5498  0.2144    0.0071  0.0000
 ---------------------------------------------------------------------------------------------------------------------------------------------------------------------------------------
   Total     60927                                  52562                                                          0.6200  0.2669                      0.5498  0.2144

  Calling close_file ... 

 MRFANA: normal termination

