

 #################################################################################################



 MRFANA: analyse multi-record MTZ files 
 
   (Authors: G. Bricogne, E. Blanc, M. Brandl, C. Flensburg, 
    P. Keller, W. Paciorek, P. Roversi, A. Sharff, O. Smart, 
    C. Vonrhein, T. Womack)

 Copyright (C) 2007-2019 Global Phasing Ltd.

               All rights reserved.


 Version     : MRFANA 0.1.0 for linux64-ifort made on Jan 16 2020 at 02:43:19

 Licenced to : Global Phasing Ltd (www)

    Today is                    Tue May 12 21:40:20 2020

 #################################################################################################



 contains SPLINE library by John Burkardt (from
 http://people.sc.fsu.edu/~jburkardt/f_src/spline/spline.html)

  Calling get_args ... 
 processing argument   -i
 processing argument   cLDhZJ1an4c6wZ94-SWS-aniso-masked-mrf.mtz
 processing argument   -ell

   Eigenvalue matrix         =    0.72170   0.00000   0.69220
                                  0.00000   1.00000   0.00000
                                 -0.69220   0.00000   0.72170

   Ellipsoid rotation matrix =    0.72171   0.00000  -0.69221
                                  0.00000   1.00000   0.00000
                                  0.69221   0.00000   0.72171

   Eigenvalues               =    3.47900   2.23300   2.45600

 processing argument   -bins


 setting explicit resolution bin   1 : R <=   7.4661 A
 setting explicit resolution bin   2 : R <=   5.9424 A
 setting explicit resolution bin   3 : R <=   5.2334 A
 setting explicit resolution bin   4 : R <=   4.7873 A
 setting explicit resolution bin   5 : R <=   4.4296 A
 setting explicit resolution bin   6 : R <=   4.1839 A
 setting explicit resolution bin   7 : R <=   3.9831 A
 setting explicit resolution bin   8 : R <=   3.8181 A
 setting explicit resolution bin   9 : R <=   3.6716 A
 setting explicit resolution bin  10 : R <=   3.5284 A
 setting explicit resolution bin  11 : R <=   3.4011 A
 setting explicit resolution bin  12 : R <=   3.2874 A
 setting explicit resolution bin  13 : R <=   3.1823 A
 setting explicit resolution bin  14 : R <=   3.0872 A
 setting explicit resolution bin  15 : R <=   2.9969 A
 setting explicit resolution bin  16 : R <=   2.9080 A
 setting explicit resolution bin  17 : R <=   2.8188 A
 setting explicit resolution bin  18 : R <=   2.7229 A
 setting explicit resolution bin  19 : R <=   2.6209 A
 setting explicit resolution bin  20 : R >    2.6209 A

 processing argument   -ice
 processing argument   -skip_empty_runs



 expecting keywords from stdin:


 Criteria for recommended resolution cut per RUN:
 ---------------------------------------------------- 
    Rmerge         <=   99.9999 (from  low-res limit)
    Rmeas          <=   99.9999 (from  low-res limit)
    Rpim           <=    0.6000 (from  low-res limit)
    I/sigI         >=    1.00   (from  low-res limit)
    Completeness   >=    0.0000 (from high-res limit)
    CC(1/2)        >=    0.3000 (from  low-res limit)

 Criteria for recommended resolution cut per DATASET:
 ---------------------------------------------------- 
    Rmerge         <=   99.9999 (from  low-res limit)
    Rmeas          <=   99.9999 (from  low-res limit)
    Rpim           <=    0.6000 (from  low-res limit)
    I/sigI         >=    2.00   (from  low-res limit)
    Completeness   >=    0.0000 (from high-res limit)
    CC(1/2)        >=    0.3000 (from  low-res limit)



 Setting random seed to 1772204813
 You can set this also with the -seed flag

  Calling open_file ... 

 NOTE: file type detected = MTZ

  Calling get_info ... 

 Dataset  1 cell =  190.95000 110.30000  64.28000  90.00000  96.29300  90.00000
   Orthogonalisation matrix =    190.95000     0.00000    -7.04591
                                   0.00000   110.30000     0.00000
                                   0.00000     0.00000    63.89267
   Inverse of above         =      0.00524    -0.00000     0.00058
                                   0.00000     0.00907    -0.00000
                                   0.00000     0.00000     0.01565

 Dataset  2 cell =  190.95000 110.30000  64.28000  90.00000  96.29300  90.00000
   Orthogonalisation matrix =    190.95000     0.00000    -7.04591
                                   0.00000   110.30000     0.00000
                                   0.00000     0.00000    63.89267
   Inverse of above         =      0.00524    -0.00000     0.00058
                                   0.00000     0.00907    -0.00000
                                   0.00000     0.00000     0.01565

 Overall cell =  190.95000 110.30000  64.28000  90.00000  96.29300  90.00000
 Orthogonalisation matrix =    190.95000     0.00000    -7.04591
                                 0.00000   110.30000     0.00000
                                 0.00000     0.00000    63.89267
 Inverse of above         =      0.00524    -0.00000     0.00058
                                 0.00000     0.00907    -0.00000
                                 0.00000     0.00000     0.01565
  Calling read_refl ... 
    reading reflection       2124 (   5.0 %)
    reading reflection       4248 (  10.0 %)
    reading reflection       6372 (  15.0 %)
    reading reflection       8496 (  20.0 %)
    reading reflection      10620 (  25.0 %)
    reading reflection      12744 (  30.0 %)
    reading reflection      14868 (  35.0 %)
    reading reflection      16992 (  40.0 %)
    reading reflection      19116 (  45.0 %)
    reading reflection      21240 (  50.0 %)
    reading reflection      23364 (  55.0 %)
    reading reflection      25488 (  60.0 %)
    reading reflection      27612 (  65.0 %)
    reading reflection      29736 (  70.0 %)
    reading reflection      31860 (  75.0 %)
    reading reflection      33984 (  80.0 %)
    reading reflection      36108 (  85.0 %)
    reading reflection      38232 (  90.0 %)
    reading reflection      40356 (  95.0 %)
    reading reflection      42480 ( 100.0 %)





 binning will be in  shells of equal number of reflections (based on   1000 measured unique reflections per shell)


 Highest resolution as defined by ellipsoid =    2.2330 A

 Nref (total) .................    42480
 Nref (used) ..................    42480
 Ncol .........................  13


 Resolution ...................   41.748 -    2.502 A
 Resolution (ellipsoid) .......   41.748 -    2.502 A
 Symmetry .....................   5 "C 1 2 1"
 Cell .........................    190.950   110.300    64.280  90.000  96.293  90.000

 Col-001 ......................    1 H
 Col-002 ......................    2 K
 Col-003 ......................    3 L
 Col-004 ......................    4 M/ISYM
 Col-005 ......................    5 BATCH
 Col-006 ......................    6 I
 Col-007 ......................    7 SIGI
 Col-008 ......................    8 SCALEUSED
 Col-009 ......................    9 SIGSCALEUSED
 Col-010 ......................   10 NPART
 Col-011 ......................   11 XDET
 Col-012 ......................   12 YDET
 Col-013 ......................   13 ROT
 Col-014 ......................   14 RESOL
 Col-015 ......................   15 RESO3
 Col-016 ......................   16 RUN
 Col-017 ......................   17 OUT
 Col-018 ......................   18 RAND
 Col-019 ......................   19 ELLIPSOID


  Calling read_batch ... 
  Calling stats ... 

 ####----------------------------------------------------------------
 #### NOTES
 ####----------------------------------------------------------------

 ####----------------------------------------------------------------
 #### Rmerge:
 
  According to [1] and Evans (2006) this is defined as
 
                   sum_i ( sum_j | Ij - <I> | )
    Rmerge(I) = --------------------------------                 (1)
                   sum_i ( sum_j        <I>   )
 
  with
 
    Ij  = the intensity of the jth observation of reflection i
    <I> = the mean of the intensities of all observations of reflection i
 
    sum_i is taken over all reflections
    sum_j is taken over all observations of each reflection.
 
  Diederichs & Karplus (1997), Weiss & Hilgenfeld (1997) and
  Weiss (2001) define this slightly different as
 
                   sum_i ( sum_j | Ij - <I> | )
    Rmerge(I) = --------------------------------                 (2)
                   sum_i ( sum_j   Ij         )
 
  which is identically to (1) if <I> is the mean (or average)
  intensity. However, it is the weighted (by variance) mean of
  the intensities we are computing during merging:
 
    <I> = sum_j ( Wj * Ij )                                      (3)
 
                    1     
    with:  Wj = ---------                                        (4)
                sd(Ij)**2
 
  Then equations (1) and (2) become different.
 
  Drenth (1994) calls (1) Rmerge and (2) Rsym.
 
 ####----------------------------------------------------------------
 #### Rmeas (also called Rrim):
 
  The redundancy-independent merging R factor value Rrim, also
  denoted Rmeas, for merging all intensities in a given shell.
 
           sum_i [Ni /( Ni - 1)]^(1/2) sum_j | Ij - <Ii> |
    Rrim = ---------------------------------------------         (5)
           sum_i (                  sum_j   Ij         )
 
    Ij   = the intensity of the jth observation of reflection i
    <Ii> = the mean of the intensities of all observations of reflection i
    Ni   = the redundancy (the number of times reflection i has been measured).
 
    sum_i is taken over all reflections
    sum_j is taken over all observations of each reflection.
 
  See Diederichs & Karplus (1997), Weiss & Hilgenfeld (1997), Weiss
  (2001) and [2].
 
  Evans (2006) defines this differently, with the denominator
  summing over <I> similar to the Rmerge equation (1) above:
 
           sum_i [Ni /( Ni - 1)]^(1/2) sum_j | Ij - <Ii> |
    Rrim = ---------------------------------------------         (6)
           sum_i (                  sum_j        <Ii>  )
 
 ####----------------------------------------------------------------
 #### Rpim:
 
  The precision-indicating merging R factor value Rpim,
  for merging all intensities in this data set is defined in [3],
  Diederichs & Karplus (1997), Weiss & Hilgenfeld (1997) and
  Weiss (2001) as
 
           sum_i [  1/(Ni - 1)]^(1/2) sum_j | Ij - <Ii> |
    Rpim = ---------------------------------------------         (7)
           sum_i (                  sum_j   Ij         )
 
  As above, Evans (2006) defines this differently as:
 
           sum_i [  1/(Ni - 1)]^(1/2) sum_j | Ij - <Ii> |
    Rrim = ---------------------------------------------         (8)
           sum_i (                  sum_j        <Ii>  )
 
 To add more complexity, all of the above statistics (Rmerge, Rmeas
 and Rpim) can be computed over all measurements of a unique reflection
 or separately for I+ and I-. The latter has the advantage that an
 existing anomalous signal will not result in an increase of R-value
 because of this. However, the original definitions above are not
 taking anomalous signal into account this way.
 
 ### References:
 
 [1] http://mmcif.wwpdb.org/dictionaries/mmcif_std.dic/Items/_reflns_shell.Rmerge_I_obs.html
 [2] http://www.iucr.org/__data/iucr/cifdic_html/2/mmcif_pdbx.dic/Ireflns.pdbx_Rrim_I_all.html
 [3] http://www.iucr.org/__data/iucr/cifdic_html/2/mmcif_pdbx.dic/Ireflns.pdbx_Rpim_I_all.html
 [4] Diederichs, K. & Karplus, P. A. (1997). Nature Struct. Biol. 4, 269-275.
 [5] Drenth, J. (1994). Principles of Protein X-ray Crystallography. Springer-Verlag, New York. p289-290.
 [6] Evans, P. (2006). Acta D62, 72-82.
 [7] Weiss, M. S. & Hilgenfeld, R. (1997). J. Appl. Cryst. 30, 203-205.
 [8] Weiss, M. S. (2001). J. Appl. Cryst. 34, 130-135.
 

 ############################################################
 #################### TOTAL 
 ############################################################

   Cell:  190.95  110.30   64.28   90.00   96.29   90.00
   Wavelength:  0.97918 A
   Run number:    0 consists of batches          2 to       1040
      Resolution range for run: InfinityInfinity
      Closest reciprocal axis to spindle: none


 We will be using a total of   20 bins for statistics as a function of resolution

 Resolution bins defined as : 7.46613,5.94240,5.23338,4.78725,4.42958,4.18393,3.98311,3.81810,3.67160,3.52844,3.40109,3.28744,3.18232,3.08724,2.99688,2.90802,2.81876,2.72292,2.62092 

 -----------------------------------------------------------------------------------------------------------------------------------------------------------------
                                                                                     Compl. Spher.   Multiplicity                                   Compl. Ellip. 
                                                                                     --------------  ------------                                  --------------- 
            Resolution      #uniq     #Rfac  Rmerge   Rmeas    Rpim   #Isig  I/sigI     all     ano    all    ano CC(1/2)  #CCAno CC(ano)  SigAno    all     ano
 -----------------------------------------------------------------------------------------------------------------------------------------------------------------
         41.748 -   7.466     925      2154   0.038   0.048   0.028     925  19.402  0.5214  0.3724   2.49   1.50  0.9962     202  0.0609   0.824   0.5214  0.3724
          7.466 -   5.942     924      2012   0.058   0.073   0.043     924  12.396  0.5375  0.3183   2.39   1.52  0.9930     149  0.0066   0.810   0.5375  0.3183
          5.942 -   5.233     925      1987   0.065   0.082   0.049     925  11.163  0.5796  0.3401   2.36   1.50  0.9919     129  0.1133   0.773   0.5796  0.3401
          5.233 -   4.787     925      1948   0.060   0.076   0.045     925  11.737  0.6026  0.3386   2.34   1.50  0.9918     118 -0.1645   0.791   0.6026  0.3386
          4.787 -   4.430     925      1841   0.065   0.082   0.049     925  12.064  0.5403  0.2659   2.25   1.52  0.9916     100  0.2706   0.844   0.5403  0.2659
          4.430 -   4.184     923      1849   0.070   0.088   0.052     923  10.554  0.5909  0.3027   2.26   1.49  0.9917      94  0.0629   0.790   0.5909  0.3027
          4.184 -   3.983     926      1878   0.083   0.105   0.063     926   9.698  0.5990  0.3007   2.27   1.49  0.9881      86 -0.0673   0.846   0.5990  0.3007
          3.983 -   3.818     925      1922   0.108   0.138   0.083     925   8.090  0.6058  0.2999   2.30   1.51  0.9785      90 -0.0308   0.817   0.6058  0.2999
          3.818 -   3.672     924      1940   0.122   0.155   0.093     924   7.319  0.5761  0.2966   2.32   1.49  0.9744      80 -0.0703   0.758   0.5761  0.2966
          3.672 -   3.528     925      1946   0.136   0.172   0.104     925   6.817  0.5024  0.2351   2.31   1.53  0.9734      83  0.1685   0.764   0.5024  0.2351
          3.528 -   3.401     925      1994   0.155   0.195   0.117     925   6.025  0.4889  0.2181   2.35   1.57  0.9697      79  0.1820   0.759   0.4882  0.2149
          3.401 -   3.287     925      2032   0.190   0.240   0.144     925   5.366  0.4703  0.2108   2.38   1.58  0.9515      79  0.2211   0.740   0.4623  0.1882
          3.287 -   3.182     924      2014   0.229   0.288   0.172     924   4.413  0.4485  0.1838   2.37   1.62  0.9358      81 -0.2016   0.717   0.4426  0.1457
          3.182 -   3.087     925      2007   0.266   0.336   0.202     925   3.781  0.4382  0.1596   2.35   1.65  0.9162      75  0.0169   0.851   0.4308  0.1117
          3.087 -   2.997     924      1985   0.304   0.385   0.233     924   3.078  0.4065  0.1418   2.33   1.65  0.8946      75  0.0236   0.727   0.3928  0.0872
          2.997 -   2.908     926      1899   0.345   0.439   0.267     926   2.682  0.3757  0.1078   2.26   1.68  0.8864      67  0.1544   0.800   0.3508  0.0593
          2.908 -   2.819     924      1742   0.387   0.493   0.300     924   2.309  0.3205  0.0647   2.14   1.76  0.8151      61  0.2275   0.916   0.3055  0.0294
          2.819 -   2.723     925      1789   0.387   0.498   0.306     925   2.202  0.2653  0.0421   2.17   1.85  0.7872      58  0.2286   0.898   0.2523  0.0094
          2.723 -   2.621     925      1805   0.468   0.610   0.383     925   1.873  0.2159  0.0287   2.15   1.80  0.7178      38  0.0613   0.845   0.2059  0.0019
          2.621 -   2.502     925      1804   0.610   0.804   0.517     925   1.405  0.1570  0.0181   2.13   1.65  0.5688      21  0.1103   0.922   0.1665  0.0000
 -----------------------------------------------------------------------------------------------------------------------------------------------------------------
 Total:  41.748 -   2.502   18495     38548   0.096   0.121   0.073   18495   7.119  0.4044  0.1675   2.30   1.56  0.9925    1765  0.0535   0.798   0.4453  0.1843


 recommended resolution cut based on I/sigI       <    2.000  (precise) =    2.7179
 recommended resolution cut based on I/sigI       <    2.000  (rounded) =    2.75
  RESOLUTION  41.7485   2.7179



 Number of active ice-rings within this resolution range =  0

 Criteria used in determination of resolution cut:
 ------------------------------------------------- 
    Rpim           <=    0.6000
    I/sigI         >=    2.00
    CC(1/2)        >=    0.3000

                                              Overall  InnerShell  OuterShell
  ---------------------------------------------------------------------------
     Low resolution limit                      41.748      41.748       2.621
     High resolution limit                      2.502       7.466       2.502


     Rmerge  (all I+ & I-)                      0.096       0.038       0.610
     Rmerge  (within I+/I-)                     0.081       0.035       0.566
     Rmeas   (all I+ & I-)                      0.121       0.048       0.804
     Rmeas   (within I+/I-)                     0.111       0.048       0.764
     Rpim    (all I+ & I-)                      0.073       0.028       0.517
     Rpim    (within I+/I-)                     0.075       0.033       0.509
     Total number of observations               42480        2307        1973
     Total number unique                        18495         925         925
     Mean(I)/sd(I)                                7.1        19.4         1.4
     Completeness (spherical)                    40.4        52.1        15.7
     Completeness (ellipsoidal)                  44.5        52.1        16.7
     Multiplicity                                 2.3         2.5         2.1
     CC(1/2)                                    0.992       0.996       0.569


     Anomalous completeness (spherical)          16.8        37.2         1.8
     Anomalous completeness (ellipsoidal)        18.4        37.2         0.0
     Anomalous multiplicity                       1.6         1.5         1.6
     CC(ano)                                    0.054       0.061       0.110
     |DANO|/sd(DANO)                            0.798       0.824       0.922



 W0 = unweighted
 W1 = 1/(sigI**2) weighted

 ---------------------------------------------------------------------------------------------------------------------------------------------------------------------------------------
                                  merged                         Rmerge            Rmeas              Rpim                  Compl. Spher.                  Compl. Ellip.  
                            --------------------            ----------------  ----------------  ----------------  ----------------------------------  ----------------------------------
    BATCH     Nref <I/sigI>      <I>    <I/sigI>     #ref      W0      W1        W0      W1        W0      W1         All     Ano      -All    -Ano       All     Ano      -All    -Ano  
 ---------------------------------------------------------------------------------------------------------------------------------------------------------------------------------------
        2      278    6.314   6.035E+05    6.314      276    0.0710  0.1189    0.0908  0.1518    0.0555  0.0924    0.0061  0.0000    0.4044  0.1675    0.0065  0.0000    0.4453  0.1843
        3      400    5.871   5.370E+05    5.882      398    0.0711  0.1210    0.0902  0.1560    0.0543  0.0964    0.0148  0.0000    0.4044  0.1675    0.0159  0.0000    0.4452  0.1842
        4      348    4.844   4.481E+05    4.831      344    0.0780  0.1536    0.1008  0.1993    0.0625  0.1246    0.0224  0.0000    0.4043  0.1675    0.0240  0.0000    0.4452  0.1842
        5      391    5.184   4.583E+05    5.184      387    0.0817  0.1366    0.1046  0.1754    0.0640  0.1079    0.0309  0.0000    0.4042  0.1674    0.0331  0.0000    0.4450  0.1841
        6      382    5.431   4.623E+05    5.431      381    0.0826  0.1286    0.1076  0.1672    0.0676  0.1047    0.0392  0.0000    0.4042  0.1674    0.0419  0.0000    0.4449  0.1841
        7      393    6.061   5.596E+05    6.051      392    0.0691  0.1225    0.0891  0.1584    0.0550  0.0984    0.0478  0.0000    0.4041  0.1674    0.0511  0.0000    0.4449  0.1841
        8      379    6.215   5.966E+05    6.215      379    0.0656  0.1150    0.0839  0.1470    0.0513  0.0899    0.0559  0.0001    0.4041  0.1674    0.0596  0.0000    0.4449  0.1841
        9      394    5.106   4.720E+05    5.106      393    0.0770  0.1413    0.1003  0.1856    0.0632  0.1184    0.0644  0.0001    0.4041  0.1673    0.0684  0.0000    0.4449  0.1840
       10      387    5.245   4.957E+05    5.255      378    0.0721  0.1391    0.0935  0.1809    0.0584  0.1136    0.0727  0.0002    0.4041  0.1673    0.0773  0.0001    0.4449  0.1840
       11      364    5.156   4.893E+05    5.156      361    0.0840  0.1463    0.1064  0.1897    0.0638  0.1185    0.0806  0.0002    0.4039  0.1672    0.0856  0.0001    0.4446  0.1839
       12      359    5.288   5.057E+05    5.288      358    0.0737  0.1371    0.0963  0.1794    0.0610  0.1139    0.0883  0.0003    0.4038  0.1672    0.0937  0.0002    0.4445  0.1839
       13      381    5.179   4.852E+05    5.190      381    0.0811  0.1433    0.1036  0.1838    0.0632  0.1129    0.0963  0.0004    0.4038  0.1672    0.1021  0.0003    0.4445  0.1839
       14      380    5.518   4.954E+05    5.518      380    0.0776  0.1354    0.1003  0.1762    0.0625  0.1108    0.1044  0.0006    0.4038  0.1672    0.1103  0.0004    0.4445  0.1839
       15      375    5.574   5.324E+05    5.566      373    0.0688  0.1247    0.0885  0.1616    0.0546  0.1008    0.1122  0.0008    0.4038  0.1672    0.1186  0.0006    0.4445  0.1838
       16      380    5.256   4.804E+05    5.256      380    0.0792  0.1372    0.1031  0.1786    0.0648  0.1123    0.1202  0.0010    0.4038  0.1671    0.1267  0.0008    0.4445  0.1838
       17      378    5.566   5.412E+05    5.566      375    0.0732  0.1328    0.0945  0.1720    0.0586  0.1074    0.1281  0.0013    0.4038  0.1671    0.1351  0.0011    0.4445  0.1838
       18      368    5.347   5.000E+05    5.353      364    0.0748  0.1350    0.0960  0.1736    0.0592  0.1071    0.1357  0.0015    0.4037  0.1670    0.1430  0.0014    0.4444  0.1837
       19      375    5.682   5.206E+05    5.682      374    0.0752  0.1302    0.0969  0.1688    0.0600  0.1056    0.1434  0.0019    0.4036  0.1670    0.1512  0.0017    0.4443  0.1837
       20      355    5.512   5.433E+05    5.512      353    0.0750  0.1239    0.0964  0.1605    0.0593  0.1003    0.1506  0.0023    0.4036  0.1670    0.1590  0.0021    0.4442  0.1837
       21      341    5.430   5.395E+05    5.430      341    0.0646  0.1218    0.0820  0.1560    0.0494  0.0957    0.1575  0.0027    0.4035  0.1669    0.1660  0.0025    0.4442  0.1836
       22      357    5.284   5.430E+05    5.284      350    0.0690  0.1332    0.0889  0.1735    0.0552  0.1092    0.1648  0.0031    0.4035  0.1669    0.1738  0.0029    0.4442  0.1836
       23      371    5.441   5.578E+05    5.441      371    0.0680  0.1323    0.0870  0.1704    0.0532  0.1053    0.1721  0.0036    0.4034  0.1669    0.1815  0.0035    0.4440  0.1835
       24      334    5.423   5.858E+05    5.423      332    0.0668  0.1233    0.0842  0.1580    0.0502  0.0969    0.1785  0.0042    0.4034  0.1669    0.1884  0.0042    0.4440  0.1835
       25      346    5.564   5.827E+05    5.564      342    0.0705  0.1275    0.0906  0.1657    0.0559  0.1041    0.1854  0.0048    0.4033  0.1668    0.1955  0.0047    0.4440  0.1834
       26      336    5.137   4.390E+05    5.152      334    0.0956  0.1373    0.1224  0.1757    0.0752  0.1077    0.1919  0.0054    0.4033  0.1667    0.2024  0.0054    0.4439  0.1833
       27      319    5.076   5.435E+05    5.076      319    0.0803  0.1515    0.1027  0.1951    0.0628  0.1206    0.1981  0.0060    0.4032  0.1667    0.2089  0.0062    0.4438  0.1833
       28      331    5.082   4.235E+05    5.082      329    0.0926  0.1386    0.1188  0.1792    0.0731  0.1116    0.2043  0.0069    0.4032  0.1667    0.2157  0.0071    0.4438  0.1833
       29      333    5.235   4.645E+05    5.235      330    0.0815  0.1241    0.1041  0.1590    0.0636  0.0975    0.2105  0.0077    0.4032  0.1667    0.2222  0.0080    0.4438  0.1833
       30      360    5.512   5.420E+05    5.512      360    0.0774  0.1320    0.0975  0.1679    0.0580  0.1017    0.2170  0.0088    0.4031  0.1667    0.2292  0.0092    0.4437  0.1833
       31      324    5.437   4.988E+05    5.437      323    0.0779  0.1272    0.0973  0.1610    0.0572  0.0967    0.2226  0.0100    0.4031  0.1666    0.2351  0.0106    0.4437  0.1832
       32      323    5.066   5.357E+05    5.066      317    0.0756  0.1339    0.0943  0.1680    0.0553  0.0995    0.2283  0.0111    0.4031  0.1666    0.2409  0.0118    0.4437  0.1832
       33      310    5.324   4.904E+05    5.324      309    0.0801  0.1165    0.1008  0.1482    0.0600  0.0899    0.2336  0.0123    0.4030  0.1666    0.2466  0.0132    0.4436  0.1832
       34      313    4.807   4.105E+05    4.807      313    0.0925  0.1436    0.1145  0.1812    0.0663  0.1085    0.2390  0.0136    0.4029  0.1665    0.2523  0.0147    0.4435  0.1832
       35      294    4.940   4.901E+05    4.940      294    0.0839  0.1262    0.1044  0.1602    0.0607  0.0968    0.2437  0.0150    0.4029  0.1665    0.2574  0.0163    0.4435  0.1832
       36      346    5.278   5.382E+05    5.288      345    0.0824  0.1391    0.1015  0.1743    0.0580  0.1026    0.2491  0.0167    0.4029  0.1665    0.2630  0.0183    0.4435  0.1832
       37      297    5.372   5.539E+05    5.388      295    0.0819  0.1391    0.1016  0.1746    0.0591  0.1036    0.2537  0.0183    0.4029  0.1665    0.2678  0.0201    0.4435  0.1831
       38      324    4.392   3.711E+05    4.399      322    0.1156  0.1693    0.1424  0.2114    0.0817  0.1241    0.2585  0.0202    0.4029  0.1665    0.2728  0.0223    0.4435  0.1831
       39      269    5.138   4.745E+05    5.138      268    0.1154  0.1562    0.1421  0.1961    0.0813  0.1161    0.2626  0.0217    0.4028  0.1665    0.2773  0.0242    0.4435  0.1831
       40      335    5.247   4.908E+05    5.263      299    0.1131  0.1498    0.1374  0.1835    0.0765  0.1038    0.2672  0.0239    0.4028  0.1665    0.2821  0.0267    0.4434  0.1831
       41      296    5.037   4.983E+05    5.037      218    0.0811  0.1372    0.1019  0.1709    0.0608  0.1001    0.2712  0.0260    0.4020  0.1659    0.2864  0.0291    0.4424  0.1824
       42      285    5.099   6.066E+05    5.099      228    0.0755  0.1234    0.0952  0.1551    0.0573  0.0923    0.2748  0.0283    0.4003  0.1625    0.2901  0.0318    0.4405  0.1786
       43      288    5.640   5.633E+05    5.640      226    0.0860  0.1188    0.1088  0.1502    0.0657  0.0907    0.2783  0.0307    0.3990  0.1585    0.2940  0.0344    0.4390  0.1739
       44      305    4.569   4.544E+05    4.569      246    0.0987  0.1500    0.1231  0.1872    0.0724  0.1103    0.2816  0.0335    0.3976  0.1550    0.2975  0.0374    0.4373  0.1699
       45      277    4.443   4.400E+05    4.443      220    0.1070  0.1390    0.1368  0.1743    0.0838  0.1036    0.2848  0.0359    0.3963  0.1509    0.3012  0.0400    0.4358  0.1653
       46      307    4.727   5.596E+05    4.727      248    0.0815  0.1403    0.1018  0.1762    0.0604  0.1052    0.2882  0.0388    0.3950  0.1473    0.3049  0.0430    0.4343  0.1611
       47      287    4.661   4.381E+05    4.658      229    0.0994  0.1372    0.1239  0.1712    0.0729  0.1004    0.2913  0.0413    0.3937  0.1432    0.3085  0.0455    0.4328  0.1565
       48      277    5.267   5.712E+05    5.267      218    0.0907  0.1272    0.1133  0.1598    0.0670  0.0955    0.2943  0.0439    0.3923  0.1395    0.3119  0.0484    0.4312  0.1523
       49      311    4.758   4.740E+05    4.763      247    0.0948  0.1295    0.1182  0.1630    0.0696  0.0974    0.2976  0.0469    0.3910  0.1357    0.3158  0.0513    0.4296  0.1479
       50      276    4.447   4.067E+05    4.447      220    0.1085  0.1378    0.1350  0.1724    0.0790  0.1021    0.3005  0.0494    0.3894  0.1321    0.3193  0.0541    0.4279  0.1437
       51      285    4.790   5.226E+05    4.790      226    0.0957  0.1541    0.1194  0.1912    0.0707  0.1118    0.3033  0.0525    0.3880  0.1284    0.3225  0.0571    0.4263  0.1393
       52      278    4.720   5.073E+05    4.720      237    0.1048  0.1483    0.1293  0.1853    0.0745  0.1093    0.3058  0.0554    0.3866  0.1245    0.3254  0.0602    0.4246  0.1350
       53      273    4.808   4.997E+05    4.808      227    0.1078  0.1444    0.1344  0.1809    0.0791  0.1074    0.3085  0.0581    0.3856  0.1209    0.3287  0.0630    0.4236  0.1309
       54      282    4.713   4.812E+05    4.713      219    0.1203  0.1568    0.1486  0.1926    0.0859  0.1095    0.3112  0.0610    0.3845  0.1170    0.3318  0.0657    0.4222  0.1264
       55      261    4.413   4.744E+05    4.413      207    0.1019  0.1593    0.1273  0.1995    0.0754  0.1187    0.3138  0.0635    0.3829  0.1139    0.3349  0.0686    0.4205  0.1229
       56      280    4.441   4.474E+05    4.441      233    0.1203  0.1508    0.1488  0.1861    0.0865  0.1075    0.3165  0.0665    0.3815  0.1103    0.3380  0.0715    0.4190  0.1187
       57      267    4.321   3.757E+05    4.317      214    0.1274  0.1523    0.1586  0.1898    0.0933  0.1117    0.3190  0.0691    0.3803  0.1066    0.3411  0.0743    0.4176  0.1143
       58      265    4.258   4.214E+05    4.266      218    0.1367  0.1562    0.1686  0.1939    0.0970  0.1128    0.3214  0.0717    0.3790  0.1031    0.3441  0.0772    0.4160  0.1105
       59      279    4.278   4.384E+05    4.278      216    0.1103  0.1453    0.1387  0.1804    0.0830  0.1054    0.3241  0.0745    0.3777  0.0998    0.3473  0.0801    0.4145  0.1065
       60      260    4.813   5.126E+05    4.813      208    0.1193  0.1490    0.1478  0.1890    0.0860  0.1143    0.3266  0.0771    0.3760  0.0962    0.3502  0.0829    0.4126  0.1025
       61      288    4.087   4.407E+05    4.087      236    0.1189  0.1529    0.1484  0.1907    0.0876  0.1122    0.3293  0.0801    0.3745  0.0932    0.3532  0.0860    0.4111  0.0989
       62      267    4.412   4.939E+05    4.412      217    0.1488  0.1865    0.1829  0.2343    0.1045  0.1394    0.3316  0.0828    0.3731  0.0895    0.3560  0.0891    0.4097  0.0945
       63      260    4.028   5.012E+05    4.028      213    0.1279  0.1789    0.1596  0.2219    0.0939  0.1293    0.3339  0.0854    0.3716  0.0862    0.3587  0.0917    0.4078  0.0907
       64      257    4.202   4.912E+05    4.213      213    0.1257  0.1946    0.1573  0.2480    0.0930  0.1508    0.3361  0.0880    0.3702  0.0830    0.3614  0.0945    0.4062  0.0871
       65      247    4.305   4.737E+05    4.305      203    0.1196  0.1565    0.1481  0.1953    0.0859  0.1146    0.3380  0.0908    0.3685  0.0799    0.3638  0.0972    0.4044  0.0834
       66      244    3.806   3.804E+05    3.806      196    0.1490  0.1652    0.1851  0.2092    0.1080  0.1262    0.3403  0.0930    0.3672  0.0771    0.3666  0.0997    0.4028  0.0803
       67      216    4.277   4.435E+05    4.277      177    0.1340  0.1563    0.1658  0.1954    0.0961  0.1150    0.3421  0.0951    0.3655  0.0742    0.3688  0.1020    0.4010  0.0769
       68      250    3.910   4.391E+05    3.910      199    0.1562  0.1872    0.1945  0.2356    0.1139  0.1406    0.3443  0.0974    0.3643  0.0718    0.3715  0.1045    0.3994  0.0741
       69      248    4.126   4.110E+05    4.126      203    0.1406  0.1760    0.1763  0.2217    0.1047  0.1325    0.3462  0.1002    0.3625  0.0691    0.3738  0.1074    0.3973  0.0711
       70      278    4.221   4.846E+05    4.221      211    0.1117  0.1674    0.1397  0.2111    0.0827  0.1268    0.3485  0.1030    0.3608  0.0662    0.3767  0.1101    0.3953  0.0680
       71      236    4.096   4.570E+05    4.096      187    0.1355  0.1799    0.1681  0.2259    0.0977  0.1343    0.3504  0.1053    0.3583  0.0637    0.3790  0.1127    0.3926  0.0654
       72      236    3.950   4.975E+05    3.954      181    0.1347  0.1853    0.1684  0.2317    0.0991  0.1360    0.3523  0.1075    0.3565  0.0610    0.3813  0.1152    0.3904  0.0625
       73      246    4.408   5.359E+05    4.408      180    0.1320  0.1631    0.1654  0.2043    0.0975  0.1206    0.3545  0.1099    0.3544  0.0590    0.3840  0.1180    0.3878  0.0603
       74      225    4.236   5.429E+05    4.236      169    0.1462  0.1630    0.1834  0.2042    0.1084  0.1203    0.3562  0.1120    0.3521  0.0570    0.3863  0.1204    0.3848  0.0580
       75      242    3.946   5.342E+05    3.946      175    0.1454  0.2113    0.1835  0.2692    0.1100  0.1639    0.3582  0.1142    0.3498  0.0552    0.3887  0.1226    0.3820  0.0560
       76      249    3.768   3.776E+05    3.761      184    0.1755  0.1896    0.2219  0.2372    0.1331  0.1398    0.3602  0.1167    0.3471  0.0533    0.3912  0.1253    0.3790  0.0543
       77      230    3.808   4.518E+05    3.808      166    0.1331  0.1816    0.1673  0.2270    0.0993  0.1334    0.3620  0.1188    0.3446  0.0515    0.3934  0.1277    0.3758  0.0526
       78      236    3.697   4.043E+05    3.697      168    0.1505  0.1738    0.1899  0.2184    0.1132  0.1297    0.3638  0.1209    0.3421  0.0500    0.3957  0.1302    0.3729  0.0510
       79      221    3.609   4.161E+05    3.609      166    0.1346  0.1737    0.1725  0.2214    0.1061  0.1352    0.3655  0.1232    0.3394  0.0484    0.3977  0.1329    0.3695  0.0494
       80      235    3.767   4.257E+05    3.783      168    0.1729  0.2007    0.2188  0.2494    0.1317  0.1451    0.3673  0.1253    0.3369  0.0468    0.4000  0.1351    0.3664  0.0478
       81      237    3.554   3.846E+05    3.554      178    0.1964  0.2293    0.2539  0.2923    0.1580  0.1778    0.3689  0.1278    0.3343  0.0454    0.4019  0.1380    0.3632  0.0465
       82      220    3.447   3.847E+05    3.447      154    0.1764  0.1871    0.2246  0.2370    0.1365  0.1430    0.3706  0.1299    0.3313  0.0439    0.4040  0.1404    0.3595  0.0452
       83      204    4.273   5.171E+05    4.273      149    0.1412  0.1580    0.1792  0.2016    0.1082  0.1227    0.3721  0.1317    0.3287  0.0425    0.4058  0.1426    0.3563  0.0438
       84      240    3.604   4.384E+05    3.618      172    0.1794  0.1956    0.2311  0.2461    0.1432  0.1469    0.3738  0.1339    0.3260  0.0413    0.4080  0.1452    0.3531  0.0426
       85      224    3.295   4.091E+05    3.307      160    0.1539  0.2167    0.2006  0.2757    0.1266  0.1672    0.3754  0.1359    0.3231  0.0400    0.4099  0.1475    0.3494  0.0414
       86      214    2.909   3.710E+05    2.909      145    0.2041  0.2926    0.2608  0.3665    0.1594  0.2172    0.3770  0.1378    0.3199  0.0392    0.4120  0.1496    0.3456  0.0406
       87      210    4.051   5.597E+05    4.068      151    0.1218  0.1735    0.1572  0.2172    0.0978  0.1288    0.3785  0.1398    0.3170  0.0380    0.4138  0.1519    0.3419  0.0397
       88      224    3.353   4.073E+05    3.353      158    0.1765  0.2204    0.2249  0.2761    0.1367  0.1628    0.3801  0.1417    0.3141  0.0370    0.4157  0.1543    0.3384  0.0388
       89      219    2.804   3.440E+05    2.804      146    0.2110  0.2616    0.2738  0.3332    0.1713  0.2027    0.3819  0.1434    0.3111  0.0360    0.4179  0.1562    0.3349  0.0378
       90      224    3.487   3.910E+05    3.487      167    0.2032  0.1953    0.2632  0.2464    0.1640  0.1468    0.3832  0.1457    0.3078  0.0351    0.4195  0.1590    0.3309  0.0371
       91      215    3.959   6.089E+05    3.972      144    0.1524  0.1942    0.1915  0.2422    0.1136  0.1420    0.3849  0.1472    0.3045  0.0341    0.4216  0.1607    0.3267  0.0362
       92      225    3.329   4.677E+05    3.329      162    0.2341  0.2636    0.2952  0.3287    0.1758  0.1921    0.3863  0.1494    0.3014  0.0332    0.4234  0.1633    0.3231  0.0353
       93      220    3.330   4.297E+05    3.330      150    0.2376  0.2756    0.3050  0.3470    0.1878  0.2071    0.3878  0.1513    0.2980  0.0324    0.4253  0.1655    0.3189  0.0347
       94      207    2.692   4.331E+05    2.692      140    0.2614  0.3289    0.3409  0.4167    0.2145  0.2506    0.3893  0.1532    0.2947  0.0316    0.4272  0.1678    0.3150  0.0340
       95      212    3.367   4.965E+05    3.367      155    0.2028  0.2596    0.2547  0.3198    0.1507  0.1831    0.3906  0.1550    0.2915  0.0308    0.4288  0.1699    0.3110  0.0332
       96      210    3.176   4.309E+05    3.176      147    0.2557  0.2480    0.3242  0.3074    0.1949  0.1773    0.3920  0.1569    0.2884  0.0299    0.4306  0.1721    0.3073  0.0325
       97      200    2.632   3.194E+05    2.632      147    0.2732  0.2736    0.3487  0.3392    0.2125  0.1966    0.3932  0.1585    0.2852  0.0292    0.4320  0.1740    0.3032  0.0319
       98      220    3.001   4.079E+05    3.019      155    0.2329  0.2923    0.2956  0.3652    0.1780  0.2147    0.3946  0.1605    0.2822  0.0284    0.4337  0.1764    0.2997  0.0313
       99      198    3.355   4.725E+05    3.355      138    0.2097  0.2470    0.2631  0.3058    0.1557  0.1769    0.3960  0.1621    0.2788  0.0276    0.4354  0.1782    0.2954  0.0305
      100      165    2.477   3.127E+05    2.492      126    0.3030  0.3006    0.3924  0.3786    0.2450  0.2252    0.3968  0.1636    0.2758  0.0267    0.4366  0.1799    0.2917  0.0297
     1001      264    5.490   4.327E+05    5.490      131    0.0909  0.1203    0.1122  0.1503    0.0648  0.0891    0.3998  0.1659    0.2732  0.0262    0.4399  0.1825    0.2884  0.0294
     1002      384    6.148   6.032E+05    6.148      275    0.0731  0.1284    0.0937  0.1624    0.0574  0.0974    0.4022  0.1669    0.2693  0.0245    0.4426  0.1837    0.2842  0.0273
     1003      401    6.304   5.775E+05    6.304      394    0.0668  0.1179    0.0836  0.1508    0.0491  0.0920    0.4023  0.1669    0.2631  0.0225    0.4427  0.1837    0.2778  0.0250
     1004      363    4.857   4.106E+05    4.846      358    0.0788  0.1405    0.1009  0.1826    0.0617  0.1144    0.4024  0.1669    0.2569  0.0202    0.4428  0.1837    0.2713  0.0222
     1005      377    5.253   4.571E+05    5.253      376    0.0739  0.1365    0.0942  0.1733    0.0571  0.1044    0.4025  0.1670    0.2507  0.0187    0.4429  0.1838    0.2649  0.0205
     1006      384    5.432   4.802E+05    5.432      378    0.0792  0.1319    0.1016  0.1703    0.0623  0.1057    0.4026  0.1670    0.2444  0.0169    0.4430  0.1838    0.2584  0.0184
     1007      391    5.810   5.143E+05    5.801      387    0.0700  0.1220    0.0894  0.1570    0.0544  0.0969    0.4027  0.1670    0.2379  0.0153    0.4432  0.1838    0.2514  0.0165
     1008      392    6.076   5.717E+05    6.076      389    0.0680  0.1196    0.0872  0.1528    0.0536  0.0933    0.4027  0.1670    0.2311  0.0139    0.4432  0.1838    0.2439  0.0149
     1009      398    5.581   5.391E+05    5.581      392    0.0652  0.1334    0.0841  0.1721    0.0522  0.1068    0.4029  0.1670    0.2241  0.0124    0.4434  0.1838    0.2369  0.0133
     1010      388    5.352   5.027E+05    5.364      385    0.0750  0.1446    0.0965  0.1883    0.0595  0.1186    0.4029  0.1671    0.2169  0.0112    0.4435  0.1838    0.2294  0.0119
     1011      369    5.168   4.999E+05    5.168      364    0.0747  0.1411    0.0948  0.1819    0.0572  0.1127    0.4030  0.1671    0.2100  0.0099    0.4436  0.1838    0.2220  0.0103
     1012      363    5.297   5.095E+05    5.297      361    0.0723  0.1394    0.0936  0.1806    0.0583  0.1129    0.4031  0.1671    0.2033  0.0089    0.4437  0.1838    0.2151  0.0092
     1013      387    5.210   4.768E+05    5.219      385    0.0728  0.1496    0.0931  0.1919    0.0568  0.1178    0.4031  0.1671    0.1964  0.0081    0.4438  0.1838    0.2078  0.0083
     1014      381    5.802   5.231E+05    5.802      379    0.0721  0.1286    0.0926  0.1653    0.0570  0.1020    0.4032  0.1671    0.1891  0.0072    0.4438  0.1838    0.2004  0.0073
     1015      387    5.434   5.176E+05    5.426      386    0.0761  0.1390    0.0956  0.1778    0.0567  0.1086    0.4032  0.1672    0.1819  0.0063    0.4438  0.1839    0.1928  0.0063
     1016      368    5.290   4.707E+05    5.290      366    0.0699  0.1327    0.0903  0.1715    0.0561  0.1067    0.4032  0.1672    0.1748  0.0054    0.4439  0.1839    0.1853  0.0053
     1017      390    5.460   5.151E+05    5.473      386    0.0740  0.1365    0.0947  0.1759    0.0580  0.1089    0.4033  0.1672    0.1676  0.0048    0.4440  0.1839    0.1779  0.0047
     1018      354    5.556   5.187E+05    5.561      352    0.0660  0.1220    0.0847  0.1574    0.0521  0.0976    0.4034  0.1672    0.1599  0.0041    0.4441  0.1839    0.1700  0.0039
     1019      375    5.905   5.208E+05    5.905      373    0.0699  0.1241    0.0898  0.1600    0.0553  0.0991    0.4034  0.1672    0.1530  0.0036    0.4441  0.1839    0.1627  0.0034
     1020      365    4.962   5.182E+05    4.962      359    0.0685  0.1379    0.0874  0.1777    0.0533  0.1101    0.4035  0.1672    0.1457  0.0031    0.4443  0.1839    0.1549  0.0028
     1021      352    5.298   5.330E+05    5.298      352    0.0605  0.1248    0.0773  0.1601    0.0472  0.0985    0.4035  0.1672    0.1382  0.0026    0.4443  0.1839    0.1469  0.0024
     1022      342    5.324   5.539E+05    5.324      337    0.0710  0.1337    0.0903  0.1718    0.0547  0.1060    0.4037  0.1672    0.1312  0.0021    0.4444  0.1839    0.1397  0.0018
     1023      375    5.736   6.094E+05    5.736      372    0.0698  0.1260    0.0886  0.1631    0.0536  0.1015    0.4037  0.1672    0.1242  0.0018    0.4445  0.1839    0.1323  0.0015
     1024      347    5.301   5.726E+05    5.301      344    0.0775  0.1341    0.0969  0.1724    0.0569  0.1062    0.4038  0.1672    0.1165  0.0015    0.4446  0.1839    0.1241  0.0013
     1025      344    5.293   5.649E+05    5.293      341    0.0649  0.1317    0.0830  0.1703    0.0508  0.1061    0.4039  0.1672    0.1093  0.0012    0.4447  0.1839    0.1163  0.0010
     1026      334    5.197   4.460E+05    5.211      331    0.0829  0.1304    0.1054  0.1669    0.0640  0.1024    0.4039  0.1672    0.1022  0.0010    0.4447  0.1839    0.1090  0.0007
     1027      318    4.936   5.472E+05    4.936      317    0.0676  0.1450    0.0864  0.1862    0.0528  0.1145    0.4039  0.1673    0.0952  0.0008    0.4447  0.1840    0.1014  0.0006
     1028      340    5.049   4.087E+05    5.049      336    0.0828  0.1363    0.1059  0.1753    0.0649  0.1082    0.4040  0.1673    0.0886  0.0006    0.4448  0.1840    0.0945  0.0004
     1029      330    4.822   4.533E+05    4.822      328    0.0747  0.1368    0.0952  0.1747    0.0580  0.1066    0.4041  0.1673    0.0814  0.0004    0.4449  0.1840    0.0867  0.0003
     1030      371    5.224   5.250E+05    5.238      370    0.0841  0.1436    0.1062  0.1846    0.0634  0.1139    0.4041  0.1673    0.0744  0.0003    0.4449  0.1841    0.0792  0.0002
     1031      325    5.461   5.753E+05    5.461      325    0.1091  0.1587    0.1333  0.1988    0.0751  0.1173    0.4041  0.1674    0.0666  0.0002    0.4449  0.1841    0.0706  0.0001
     1032      318    4.897   5.408E+05    4.897      315    0.1016  0.1618    0.1258  0.2037    0.0730  0.1215    0.4042  0.1674    0.0597  0.0001    0.4450  0.1841    0.0632  0.0001
     1033      318    5.095   5.177E+05    5.095      315    0.1109  0.1471    0.1379  0.1871    0.0803  0.1134    0.4042  0.1674    0.0529  0.0000    0.4450  0.1841    0.0562  0.0000
     1034      307    4.774   4.736E+05    4.774      305    0.1249  0.1714    0.1525  0.2153    0.0861  0.1280    0.4043  0.1674    0.0460  0.0000    0.4451  0.1841    0.0488  0.0000
     1035      310    4.617   5.157E+05    4.617      309    0.1100  0.1736    0.1344  0.2193    0.0754  0.1311    0.4043  0.1675    0.0393  0.0000    0.4451  0.1842    0.0418  0.0000
     1036      347    4.847   5.484E+05    4.857      347    0.0804  0.1553    0.0993  0.1954    0.0570  0.1160    0.4043  0.1675    0.0326  0.0000    0.4451  0.1842    0.0345  0.0000
     1037      290    4.655   5.227E+05    4.670      289    0.0895  0.1687    0.1108  0.2114    0.0640  0.1250    0.4043  0.1675    0.0251  0.0000    0.4452  0.1842    0.0266  0.0000
     1038      331    3.819   3.411E+05    3.825      329    0.1233  0.1753    0.1508  0.2194    0.0852  0.1292    0.4044  0.1675    0.0188  0.0000    0.4452  0.1842    0.0199  0.0000
     1039      264    4.293   4.046E+05    4.287      262    0.1293  0.1733    0.1576  0.2169    0.0884  0.1278    0.4044  0.1675    0.0116  0.0000    0.4452  0.1842    0.0124  0.0000
     1040      268    4.363   4.227E+05    4.377      267    0.1386  0.1775    0.1658  0.2157    0.0892  0.1199    0.4044  0.1675    0.0058  0.0000    0.4453  0.1843    0.0062  0.0000
 ---------------------------------------------------------------------------------------------------------------------------------------------------------------------------------------
   Total     42480                                  38548                                                          0.4044  0.1675                      0.4453  0.1843

  Calling close_file ... 

 MRFANA: normal termination

