Results from PDB-REDO --local --xyzin=6vyo_refine_2.pdb --mtzin=6vyo_refine_2.mtz --nproc=7 --dirout=pdb-redo
 __   __   __      __   ___  __   __    __   __  __ 
|__) |  \ |__) __ |__) |__  |  \ /  \    /    _)  / 
|    |__/ |__)    |  \ |___ |__/ \__/   /  o /__ /  
 
****** Optimisation setup ******
-PDB-REDO will optimise the structure model in /data/id30a3/inhouse/gianluca/coronavirus_structural_task_force/pdb/nucleocapsid_protein/SARS-CoV-2/6vyo/isolde/6vyo_refine_2.pdb
-Using the experimental data in /data/id30a3/inhouse/gianluca/coronavirus_structural_task_force/pdb/nucleocapsid_protein/SARS-CoV-2/6vyo/isolde/6vyo_refine_2.mtz
-Using a maximum of 7 CPU cores where possible
-During the process your structure model will be called '5KTy'
-The final result will be written to /data/id30a3/inhouse/gianluca/coronavirus_structural_task_force/pdb/nucleocapsid_protein/SARS-CoV-2/6vyo/isolde/pdb-redo
 
 
****** Parsing input files ******
-Preparing the structure model
 o Performing DEFY flips
 o Checking carbohydrates
   * Running carbonanza
 o Running Platonyzer
 o Running prepper
 
WARNING!
------------
Your input coordinate file has phenix.refine-specific format errors. Trying to compensate.
Diagnostic output from prepper:
 
Trying to parse '**'
Error parsing PDB at line 2
Error trying to load file "/home/esrf/opid30/pdb-redo/tempdir/5KTy/5KTy_platonyzed.pdb"
Not a valid integer in PDB record
 
 o Running prepper
   * Occupancies reset     : 0
   * B-factors reset       : 0
   * Deleted (hetero) atoms: 0
   * Deleted ANISOU records: 0
   * Deleted LINK   records: 0
   * Added   LINK   records: 0
   * Fixed   LINK   records: 0
   * Renamed water atoms   : 0
-Checking reflection data
-Extracting data from the PDB file
 o TLS groups created  :   4
 o TLS groups extracted:   0
 o Extracting the amino acid sequence
 o BlastP is missing or not configured properly
 o Cannot generate homology-based restraints
-Creating MTZ file
 
 
****** Structure model and data details ******
Cell axes            : 66.238 77.430 114.039
Cell angles          : 90.00 90.00 90.00
Space group          : P 21 21 21
Resolution (pdb)     : 1.70
Resolution (data)    : 1.70
Lowest resolution    : 46.05
Reported Rfactor     : 0.1511
Reported R-free      : 0.1944
Average B-factor     : 21.63
Wilson B from SFcheck: 23.80
Solvent percentage   : 52.32
Solvent model        : SIMP
VdW probe            : 1.11
Ion probe            : 1.11
Shrinkage            : 0.90
Reflections (data)   : 56873
Work set size        : 54073
Test set size (data) : 2800 (4.9%)
Test set size (used) : 2800
Completeness (pdb)   : 87.3
Completeness (used)  : 87.1
Wavelength           : 1.00000
Refinement tool      : PHENIX_(DEV_3768:_???)
Deposition year      : 2000
 
 
****** R(-free) recalculation ******
-Running Refmac for 0 cycles (R-free = 0.2002)
 
 
****** R-factor and R-free details ******
Calculated R     : 0.1608
Calculated R-free: 0.2002
'Unbiased' R-free: 0.1913
sigma(R-free)    : 0.0038
R-free Z-score   : -2.34
 
 
****** Backbone correction ******
-Running fixDMC
 o The sequence is untrusted, no OXT atoms can be added
 o FixDMC added 0 missing backbone atoms
 
 
****** Solvent mask optimisation ******
-Running Refmac grid search
 o VDW probe: 1.1
 o Ion probe: 0.8
 o Shrinkage: 0.8
 
 
****** Refinement settings ******
-B-factor model
 o Number of atoms      : 4758
 o Number of reflections: 54073
 o Reflections per atom : 11.4
 o B-factor type        : ISOTropic
 o TLS-models           : used
-Non-crystallographic symmetry
 o Using local NCS restraints
-Twinning
 o No twinning detected
-High Refmac bond length or bond angle RMSZ detected
 o Bond length RMSZ: 1.612
 o Bond angle RMSZ : 1.169
 o Geometric targets will be relaxed
 
 
****** TLS group optimisation ******
-Testing 1 TLS group definition(s)
 o Tested tls groups from REDO.tls (R-free = 0.2556)
-Filtering results
-TLS groups in REDO.tls will be used in refinement
 
 
****** B-weight optimisation ******
-Testing B-factor restraint weights: 1.50 1.20 1.00 0.80 0.50 0.30 0.10
 o Performed B-weight test with weight 1.50 (R-free = 0.2176)
 o Performed B-weight test with weight 1.20 (R-free = 0.2143)
 o Performed B-weight test with weight 1.00 (R-free = 0.2111)
 o Performed B-weight test with weight 0.80 (R-free = 0.2082)
 o Performed B-weight test with weight 0.50 (R-free = 0.2040)
 o Performed B-weight test with weight 0.30 (R-free = 0.2004)
 o Performed B-weight test with weight 0.10 (R-free = 0.2025)
-Selecting best B weight
 o Best B weight: none
 
 
****** Structure re-refinement ******
-Refining with geometric restraint weights: 0.10 0.30 0.50 0.70 1.00 1.50 2.00
 o Performed refinement with MATRIX weight 0.10 (R-free = 0.2090)
 o Performed refinement with MATRIX weight 0.30 (R-free = 0.2052)
 o Performed refinement with MATRIX weight 0.50 (R-free = 0.2047)
 o Performed refinement with MATRIX weight 0.70 (R-free = 0.2055)
 o Performed refinement with MATRIX weight 1.00 (R-free = 0.2056)
 o Performed refinement with MATRIX weight 1.50 (R-free = 0.2070)
 o Performed refinement with MATRIX weight 2.00 (R-free = 0.2080)
-Selecting best geometric restraint weight
 o Best geometric restraint weight: none
 
 
****** Re-refinement details ******
Best matrix weight: none
Resulting R-factor: 0.1608
Resulting R-free  : 0.2002
'Unbiased' R-free : NA
sigma(R-free)     : NA
R-free Z-score    : NA
 
 
****** Model validation ******
-Validating the input model with WHAT_CHECK
-Validating the re-refined model with WHAT_CHECK
 o Validation failed
 o Validation failed
 
 
****** Validation details ******
                                     Before  After
1st generation packing quality     : NA NA
2nd generation packing quality     : NA NA
Ramachandran plot appearance       : NA NA
chi-1/chi-2 rotamer normality      : NA NA
Backbone conformation              : NA NA
 
Bond length RMS Z-score            : NA NA
Bond angle RMS Z-score             : NA NA
 
Total number of bumps              : NA NA
Weighted bump severity score       : NA NA
 
Unsatisfied H-bond donors/acceptors: NA NA
H-bond satisfaction fraction       : NA NA
 
 
****** Structure rebuilding ******
-Assigning secondary structure with DSSP
-Removing waters without density
-Performing peptide flips
-Refitting side chains
-Validation-based rebuilding
 o Validation-based rebuilding failed
 
 
****** Rebuilding details ******
Loops added        : 0
Waters removed     : 5
Peptides flipped   : 0
Side chains built  : 0
Side chains flipped: 0
Chirality fixes    : 0
 
 
****** Carbohydrate (re)building ******
-Running carbivore
 o Carbivore failed, no carbohydrates (rebuilt)
 
 
****** Final refinement ******
-Updating metal restraints
-Final restraint weight optimisation with AUTO weights: 2.50
 o Performed 20-cycle refinement with AUTO weight 2.50 (R-free = 0.2182)
 
 
****** Final refinement details ******
Resulting R-factor: 0.1878
Resulting R-free  : 0.2182
'Unbiased' R-free : 0.2235
sigma(R-free)     : 0.0041
R-free Z-score    : 1.29
 
 
****** Reciprocal space correlation ******
                              Before  Final  Z-score
Work correlation coefficient: 0.963   0.955  -16.43
Free correlation coefficient: 0.943   0.933  -3.12
 
 
****** Validation details ******
-Running DSSP
-Running WHAT_CHECK
 o Validation failed
                                     Before  Re-ref  Final
1st generation packing quality     : NA NA NA
2nd generation packing quality     : NA NA NA
Ramachandran plot appearance       : NA NA NA
chi-1/chi-2 rotamer normality      : NA NA NA
Backbone conformation              : NA NA NA
 
Bond length RMS Z-score            : NA NA NA
Bond angle RMS Z-score             : NA NA NA
 
Total number of bumps              : NA NA NA
Weighted bump severity score       : NA NA NA
 
Unsatisfied H-bond donors/acceptors: NA NA NA
H-bond satisfaction fraction       : NA NA NA
 
 
****** Protein side chain details ******
-Analysing model changes
 
Changed rotamers     : 18
Hydrogen bond flips  : 10
Cis-trans flips      : 0
Trans-cis flips      : 0
Peptides fixed       : 0
Peptides distorted   : 0
 
 
****** Electron density map details ******
-Analysing density maps
 
                       Better Worse
Real-space CC        : 0 37
Real-space R-factor  : 25 34
EDIAm density fit    : 48 106
OPIA density coverage: 0 0
 
 
****** Creating final output ******
-YASARA not installed, cannot make visualisation scenes
-Creating Refmac command script
-Consolidating results
