 __   __   __      __   ___  __   __    __   __   _ 
|__) |  \ |__) __ |__) |__  |  \ /  \    /    _) (_)
|    |__/ |__)    |  \ |___ |__/ \__/   /  o /__ (_)
 
****** Optimisation setup ******
-Using a maximum of 7 CPU cores where possible
-PDB-REDO will optimise the structure model in /home/pdb-redo/PDB_REDO_data/andrea.thorn/0000000010/input/PDB/6y2f_.pdb
-Using the experimental data in /home/pdb-redo/PDB_REDO_data/andrea.thorn/0000000010/input/MTZ/6y2f_phases.mtz
-During the process your structure model will be called '1lQz'
-The final result will be written to /home/pdb-redo/PDB_REDO_data/andrea.thorn/0000000010/output
 
 
****** Parsing input files ******
-Preparing the structure model
 o Performing DEFY flips
 o Checking carbohydrates
   * Running carbonanza
 o Running Platonyzer
 o Running prepper
   * Occupancies reset     : 0
   * B-factors reset       : 0
   * Deleted (hetero) atoms: 0
   * Deleted ANISOU records: 0
   * Deleted LINK   records: 0
   * Added   LINK   records: 0
   * Fixed   LINK   records: 0
   * Renamed water atoms   : 0
-Checking reflection data
-Extracting data from the PDB file
 o TLS groups created  :   1
 o TLS groups extracted:   0
 o Extracting the amino acid sequence
-Creating MTZ file
 
 
****** Structure model and data details ******
Cell axes            : 98.085 80.926 51.659
Cell angles          : 90.00 114.84 90.00
Space group          : C 1 2 1
Resolution (pdb)     : 1.95
Resolution (data)    : 1.95
Lowest resolution    : 43.33
Reported Rfactor     : 0.1780
Reported R-free      : 0.2190
Average B-factor     : 39.68
Wilson B from SFcheck: 39.89
Solvent percentage   : 54.66
Solvent model        : SIMP
VdW probe            : 1.20
Ion probe            : 0.80
Shrinkage            : 0.80
Reflections (data)   : 26755
Work set size        : 25462
Test set size (data) : 1293 (4.8%)
Test set size (used) : 1293
Completeness (pdb)   : 100.0
Completeness (used)  : 99.8
Wavelength           : 0.91840
Refinement tool      : REFMAC_5.8.0257
Deposition year      : 2000
 
 
****** R(-free) recalculation ******
-Running Refmac for 0 cycles  
 o New ligand encountered, retrying (R-free = 0.2237)
 
 
****** R-factor and R-free details ******
Calculated R     : 0.1813
Calculated R-free: 0.2237
'Unbiased' R-free: 0.2191
sigma(R-free)    : 0.0062
R-free Z-score   : -0.74
 
 
****** Chirality validation ******
-Found 1 chirality problems
 o Running chiron
   * Chirality errors tested :  1
   * Chiral centers fixed    :  0
   * Chiral centers not fixed:  1
   * Unknown chiral centers  :  0
 
 
****** Backbone correction ******
-Running fixDMC
 o FixDMC added 0 missing backbone atoms
 
 
****** Solvent mask optimisation ******
-Running Refmac grid search
 o VDW probe: 1.1
 o Ion probe: 0.7
 o Shrinkage: 0.7
 
 
****** Refinement settings ******
-B-factor model
 o Number of atoms      : 2565
 o Number of reflections: 25462
 o Reflections per atom : 9.9
 o B-factor type        : ISOTropic
 o TLS-models           : used
-Non-crystallographic symmetry
 o No NCS restraints/constraints used
-Twinning
 o No twinning detected
-High Refmac bond length or bond angle RMSZ detected
 o Bond length RMSZ: 0.814
 o Bond angle RMSZ : 1.090
 o Geometric targets will be relaxed
 
 
****** TLS group optimisation ******
-Testing 1 TLS group definition(s)
 o Tested tls groups from REDO.tls (R-free = 0.2475)
-Filtering results
-TLS groups in REDO.tls will be used in refinement
 
 
****** B-weight optimisation ******
-Testing B-factor restraint weights: 1.50 1.20 1.00 0.80 0.50 0.30 0.10
 o Performed B-weight test with weight 1.50 (R-free = 0.2067)
 o Performed B-weight test with weight 1.20 (R-free = 0.2043)
 o Performed B-weight test with weight 1.00 (R-free = 0.2027)
 o Performed B-weight test with weight 0.80 (R-free = 0.2011)
 o Performed B-weight test with weight 0.50 (R-free = 0.1990)
 o Performed B-weight test with weight 0.30 (R-free = 0.1989)
 o Performed B-weight test with weight 0.10 (R-free = 0.2040)
-Selecting best B weight
 o Best B weight: 0.50
 
 
****** Structure re-refinement ******
-Refining with geometric restraint weights: .005 0.01 0.03 0.05 0.10 0.30 0.50
 o Performed refinement with MATRIX weight .005 (R-free = 0.2105)
 o Performed refinement with MATRIX weight 0.01 (R-free = 0.2042)
 o Performed refinement with MATRIX weight 0.03 (R-free = 0.2001)
 o Performed refinement with MATRIX weight 0.05 (R-free = 0.1986)
 o Performed refinement with MATRIX weight 0.10 (R-free = 0.1988)
 o Performed refinement with MATRIX weight 0.30 (R-free = 0.2017)
 o Performed refinement with MATRIX weight 0.50 (R-free = 0.2049)
-Selecting best geometric restraint weight
 o Best geometric restraint weight: 0.05
 
 
****** Re-refinement details ******
Best matrix weight: 0.05
Resulting R-factor: 0.1661
Resulting R-free  : 0.1986
'Unbiased' R-free : 0.2007
sigma(R-free)     : 0.0055
R-free Z-score    : 0.38
 
 
****** Model validation ******
-Validating the input model with WHAT_CHECK
-Validating the re-refined model with WHAT_CHECK
 
 
****** Validation details ******
                                     Before  After
1st generation packing quality     : -0.836 -0.656
2nd generation packing quality     : -1.028 -1.082
Ramachandran plot appearance       : -1.971 -1.067
chi-1/chi-2 rotamer normality      : -3.885 -2.602
Backbone conformation              : -0.195 -0.187
 
Bond length RMS Z-score            : 0.727 0.493
Bond angle RMS Z-score             : 1.097 0.726
 
Total number of bumps              : 17 14
Weighted bump severity score       : 0.021 0.018
 
Unsatisfied H-bond donors/acceptors: 18 16
H-bond satisfaction fraction       : 0.876 0.884
 
 
****** Structure rebuilding ******
-Completing loops with loopwhole
 o No new loops were found
-Assigning secondary structure with DSSP
-Removing waters without density
-Performing peptide flips
-Refitting side chains
-Validation-based rebuilding
 
 
****** Rebuilding details ******
Loops added        : 0
Waters removed     : 21
Peptides flipped   : 0
Side chains built  : 0
Side chains flipped: 7
Chirality fixes    : 0
 
 
****** Carbohydrate (re)building ******
-Running carbivore
 o Carbohydrate tree processing results
   * Whole-trees built:  0
   * Trees rebuilt    :  0
   * Trees extended   :  0
 o Overall results
   * Carbohydrate residues added  :  0
   * Carbohydrate residues deleted:  0
   * Overlapping waters deleted   :  0
 
 
****** Final refinement ******
-Updating metal restraints
-Final restraint weight optimisation with MATRIX weights: 0.05 0.07 0.03
 o Performed 20-cycle refinement with MATRIX weight 0.05 (R-free = 0.2001)
 o Performed 20-cycle refinement with MATRIX weight 0.07 (R-free = 0.1999)
 o Performed 20-cycle refinement with MATRIX weight 0.03 (R-free = 0.2016)
 
 
****** Final refinement details ******
Best matrix weight: 0.05
Resulting R-factor: 0.1665
Resulting R-free  : 0.2001
'Unbiased' R-free : 0.2012
sigma(R-free)     : 0.0056
R-free Z-score    : 0.20
 
 
****** Reciprocal space correlation ******
                              Before  Final  Z-score
Work correlation coefficient: 0.966   0.970  7.18
Free correlation coefficient: 0.948   0.959  3.09
 
 
****** Validation details ******
-Running DSSP
-Running WHAT_CHECK
                                     Before  Re-ref  Final
1st generation packing quality     : -0.836 -0.656 -0.640
2nd generation packing quality     : -1.028 -1.082 -0.953
Ramachandran plot appearance       : -1.971 -1.067 -1.002
chi-1/chi-2 rotamer normality      : -3.885 -2.602 -2.318
Backbone conformation              : -0.195 -0.187 -0.096
 
Bond length RMS Z-score            : 0.727 0.493 0.497
Bond angle RMS Z-score             : 1.097 0.726 0.726
 
Total number of bumps              : 17 14 16
Weighted bump severity score       : 0.021 0.018 0.018
 
Unsatisfied H-bond donors/acceptors: 18 16 16
H-bond satisfaction fraction       : 0.876 0.884 0.891
 
 
****** Protein side chain details ******
-Analysing model changes
 
Changed rotamers     : 17
Hydrogen bond flips  : 11
Cis-trans flips      : 0
Trans-cis flips      : 0
Peptides fixed       : 0
Peptides distorted   : 0
 
 
****** Electron density map details ******
-Analysing density maps
 
                       Better Worse
Real-space CC        : 8 0
Real-space R-factor  : 31 0
EDIAm density fit    : 31 66
OPIA density coverage: 0 0
 
****** Ligand validation ******
-Validating residue A502
 
****** Ligand validation details (O6K A 502) ******
 
                                    Before  Final
Real-space R-factor               : 0.081   0.097
Real-space correlation            : 0.957   0.944
EDIAm density fit                 : 0.728   0.674
OPIA density coverage (%)         : 83.7    74.4
 
Energy of formation (kJ/mol)      : 1278.787 1422.385
Hydrogen bond energy (kJ/mol)     : -102.4  -72.58
Number of hydrogen bonds          : 5  4
Number of bumps                   : 15  15
Number of hydrophobic interactions: 25  22
Hydrophobic interaction strength  : 18.302  16.777
Number of Pi-Pi interactions      : 0  0
Pi-Pi interaction strength        : 0.000  0.000
Number of cation-Pi interactions  : 0  0
Cation-Pi interaction strength    : 0.000  0.000
 
Atoms shifted more than 0.50A     : 1
All atom RMSD for residue (A)     : 0.1859
 
 
****** Creating final output ******
-Creating YASARA scenes
 o TLS-group scene
 o Atomic shift scene
-Creating Refmac command script
-Consolidating results
