This is pdfTeX, Version 3.14159265-2.6-1.40.18 (TeX Live 2017/Debian) (preloaded format=latex 2020.3.21)  24 MAR 2020 02:45
entering extended mode
 restricted \write18 enabled.
 %&-line parsing enabled.
**pdbout
(./pdbout.tex
LaTeX2e <2017-04-15>
Babel <3.18> and hyphenation patterns for 3 language(s) loaded.
(/usr/share/texlive/texmf-dist/tex/latex/base/article.cls
Document Class: article 2014/09/29 v1.4h Standard LaTeX document class
(/usr/share/texlive/texmf-dist/tex/latex/base/size10.clo
File: size10.clo 2014/09/29 v1.4h Standard LaTeX file (size option)
)
\c@part=\count79
\c@section=\count80
\c@subsection=\count81
\c@subsubsection=\count82
\c@paragraph=\count83
\c@subparagraph=\count84
\c@figure=\count85
\c@table=\count86
\abovecaptionskip=\skip41
\belowcaptionskip=\skip42
\bibindent=\dimen102
)
(/usr/share/texlive/texmf-dist/tex/latex/graphics/epsfig.sty
Package: epsfig 2017/06/25 v1.7b (e)psfig emulation (SPQR)

(/usr/share/texlive/texmf-dist/tex/latex/graphics/graphicx.sty
Package: graphicx 2017/06/01 v1.1a Enhanced LaTeX Graphics (DPC,SPQR)

(/usr/share/texlive/texmf-dist/tex/latex/graphics/keyval.sty
Package: keyval 2014/10/28 v1.15 key=value parser (DPC)
\KV@toks@=\toks14
)
(/usr/share/texlive/texmf-dist/tex/latex/graphics/graphics.sty
Package: graphics 2017/06/25 v1.2c Standard LaTeX Graphics (DPC,SPQR)

(/usr/share/texlive/texmf-dist/tex/latex/graphics/trig.sty
Package: trig 2016/01/03 v1.10 sin cos tan (DPC)
)
(/usr/share/texlive/texmf-dist/tex/latex/graphics-cfg/graphics.cfg
File: graphics.cfg 2016/06/04 v1.11 sample graphics configuration
)
Package graphics Info: Driver file: dvips.def on input line 99.

(/usr/share/texlive/texmf-dist/tex/latex/graphics-def/dvips.def
File: dvips.def 2017/06/20 v3.1d Graphics/color driver for dvips
))
\Gin@req@height=\dimen103
\Gin@req@width=\dimen104
)
\epsfxsize=\dimen105
\epsfysize=\dimen106
)
(./supertab.sty
\maxsize=\dimen107
\actsize=\dimen108
\twocolsize=\dimen109
\parboxheight=\dimen110
\addspace=\dimen111
\midlineheight=\dimen112
\pargcorrection=\dimen113
\computedimens=\dimen114
\tabparbox=\box26
\tabularwidth=\dimen115
) Including the errors Including the warnings
Including the notes
No file pdbout.aux.
\openout1 = `pdbout.aux'.

LaTeX Font Info:    Checking defaults for OML/cmm/m/it on input line 135.
LaTeX Font Info:    ... okay on input line 135.
LaTeX Font Info:    Checking defaults for T1/cmr/m/n on input line 135.
LaTeX Font Info:    ... okay on input line 135.
LaTeX Font Info:    Checking defaults for OT1/cmr/m/n on input line 135.
LaTeX Font Info:    ... okay on input line 135.
LaTeX Font Info:    Checking defaults for OMS/cmsy/m/n on input line 135.
LaTeX Font Info:    ... okay on input line 135.
LaTeX Font Info:    Checking defaults for OMX/cmex/m/n on input line 135.
LaTeX Font Info:    ... okay on input line 135.
LaTeX Font Info:    Checking defaults for U/cmr/m/n on input line 135.
LaTeX Font Info:    ... okay on input line 135.
LaTeX Font Info:    External font `cmex10' loaded for size
(Font)              <12> on input line 140.
LaTeX Font Info:    External font `cmex10' loaded for size
(Font)              <8> on input line 140.
LaTeX Font Info:    External font `cmex10' loaded for size
(Font)              <6> on input line 140.
LaTeX Font Info:    Try loading font information for OMS+cmr on input line 166.

(/usr/share/texlive/texmf-dist/tex/latex/base/omscmr.fd
File: omscmr.fd 2014/09/29 v2.5h Standard LaTeX font definitions
)
LaTeX Font Info:    Font shape `OMS/cmr/m/n' in size <10> not available
(Font)              Font shape `OMS/cmsy/m/n' tried instead on input line 166.
LaTeX Font Info:    External font `cmex10' loaded for size
(Font)              <7> on input line 184.
LaTeX Font Info:    External font `cmex10' loaded for size
(Font)              <5> on input line 184.
 [1

] [2] [3]
File: eps0001.eps Graphic file (type eps)

<eps0001.eps>
Overfull \hbox (22.9728pt too wide) in paragraph at lines 390--398
\OT1/cmr/m/n/10 turn (T) and coil (blank) are shown [REF]. All DSSP re-lated in
-for-ma-tion can be found at swift.cmbi.ru.nl/gv/dssp/
 []

[4

]
Underfull \hbox (badness 10000) in paragraph at lines 462--464

 []

[5] [6

]

! LaTeX Error: Cannot determine size of graphic in sct0001.eps (no BoundingBox)
.

See the LaTeX manual or LaTeX Companion for explanation.
Type  H <return>  for immediate help.
 ...                                              
                                                  
l.637 }
       % End of ParBox
? 
File: sct0001.eps Graphic file (type eps)
<sct0001.eps> [7] [8] [9] [10] [11] [12] [13

] [14

] [15

] [16]

! LaTeX Error: Cannot determine size of graphic in sct0002.eps (no BoundingBox)
.

See the LaTeX manual or LaTeX Companion for explanation.
Type  H <return>  for immediate help.
 ...                                              
                                                  
l.1314 }
        % End of ParBox
? 
File: sct0002.eps Graphic file (type eps)
<sct0002.eps> [17]

! LaTeX Error: Cannot determine size of graphic in sct0003.eps (no BoundingBox)
.

See the LaTeX manual or LaTeX Companion for explanation.
Type  H <return>  for immediate help.
 ...                                              
                                                  
l.1392 }
        % End of ParBox
? 
File: sct0003.eps Graphic file (type eps)
<sct0003.eps> [18

]

! LaTeX Error: Cannot determine size of graphic in sct0004.eps (no BoundingBox)
.

See the LaTeX manual or LaTeX Companion for explanation.
Type  H <return>  for immediate help.
 ...                                              
                                                  
l.1434 }
        % End of ParBox
? 
File: sct0004.eps Graphic file (type eps)
<sct0004.eps> [19] [20

] [21

] [22] [23] [24] [25] (./pdbout.aux) ) 
Here is how much of TeX's memory you used:
 745 strings out of 494924
 9078 string characters out of 6180768
 77944 words of memory out of 5000000
 4101 multiletter control sequences out of 15000+600000
 8409 words of font info for 30 fonts, out of 8000000 for 9000
 14 hyphenation exceptions out of 8191
 32i,10n,26p,304b,262s stack positions out of 5000i,500n,10000p,200000b,80000s

Output written on pdbout.dvi (25 pages, 85744 bytes).
