    1 SER (   1-)A  -       1.75 Bump checker
    2 GLY (   2-)A  -       1.75 Bump checker
    4 ARG (   4-)A  -       1.75 Bump checker
  299 GLN ( 299-)A  -       1.75 Bump checker
    4 ARG (   4-)A  -       0.37 Bump checker
  299 GLN ( 299-)A  -       0.37 Bump checker
   44 CYS (  44-)A  -       0.36 Bump checker
   54 TYR (  54-)A  -       0.36 Bump checker
   50 LEU (  50-)A  -       0.32 Bump checker
  188 ARG ( 188-)A  -       0.32 Bump checker
   62 SER (  62-)A  -       1.51 Bump checker
   65 ASN (  65-)A  -       1.51 Bump checker
   63 ASN (  63-)A  -       0.24 Bump checker
   80 HIS (  80-)A  -       0.24 Bump checker
   71 GLY (  71-)A  -       0.25 Bump checker
   72 ASN (  72-)A  -       0.25 Bump checker
  126 TYR ( 126-)A  -       0.43 Bump checker
  128 CYS ( 128-)A  -       0.43 Bump checker
  131 ARG ( 131-)A  -       0.77 Bump checker
  289 ASP ( 289-)A  -       0.77 Bump checker
  153 ASP ( 153-)A  -       0.17 Bump checker
  154 TYR ( 154-)A  -       0.17 Bump checker
  218 TRP ( 218-)A  -       0.20 Bump checker
  279 ARG ( 279-)A  -       0.20 Bump checker
  231 ASN ( 231-)A  -       1.41 Bump checker
  235 MET ( 235-)A  -       1.41 Bump checker
  269 LYS ( 269-)A  -       0.69 Bump checker
  273 GLN ( 273-)A  -       0.69 Bump checker
  298 ARG ( 298-)A  -       0.74 Bump checker
  302 GLY ( 302-)A  -       0.74 Bump checker
