 -----------------------------------
--- MTZ file :output_file_name.mtz

  No  Label                       type

    1  H                               H
    2  K                               H
    3  L                               H
    4  IMEAN                           J
    5  SIGIMEAN                        Q
    6  FP                              F
    7  SIGFP                           Q
 -----------------------------------

 --- SFCHECK -- /Vers 7.05.03; 04.06.2019/

LABIN F=FP SIGF=SIGFP
 ANGSTR:0.0   0.5   1.0   1.5   2.0   2.5   3.0   3.5   4.0   4.5   5.0   5.5
 Nacent      0     0     0     0     0     0  6076  3256  1934  1168   821

 Test    0.000 0.000 0.000 0.000 0.000 0.000 3.276 2.608 2.398 2.160 2.196

 ANGSTR:5.5   6.0   6.5   7.0   7.5   8.0   8.5   9.0   9.5  10.0  10.5  11.0
 Nacent    559   382   250   204   173   122    94    78    68    47   282

 Test    2.389 2.189 2.526 2.046 2.150 1.901 1.848 1.872 2.134 1.994 2.217
 ANGSTR:0.0   0.5   1.0   1.5   2.0   2.5   3.0   3.5   4.0   4.5   5.0   5.5
 Nacent      0     0     0     0     0     0  6076  3256  1934  1168   821

 Test    0.000 0.000 0.000 0.000 0.000 0.000 3.276 2.608 2.398 2.160 2.196

 ANGSTR:5.5   6.0   6.5   7.0   7.5   8.0   8.5   9.0   9.5  10.0  10.5  11.0
 Nacent    559   382   250   204   173   122    94    78    68    47   282

 Test    2.389 2.189 2.526 2.046 2.150 1.901 1.848 1.872 2.134 1.994 2.217
 ANGSTR:0.0   0.5   1.0   1.5   2.0   2.5   3.0   3.5   4.0   4.5   5.0   5.5
 Nacent      0     0     0     0     0     0  6076  3256  1934  1168   821

 Test    0.000 0.000 0.000 0.000 0.000 0.000 3.276 2.608 2.398 2.160 2.196

 ANGSTR:5.5   6.0   6.5   7.0   7.5   8.0   8.5   9.0   9.5  10.0  10.5  11.0
 Nacent    559   382   250   204   173   122    94    78    68    47   282

 Test    2.389 2.189 2.526 2.046 2.150 1.901 1.848 1.872 2.134 1.994 2.217
 ANGSTR:0.0   0.5   1.0   1.5   2.0   2.5   3.0   3.5   4.0   4.5   5.0   5.5
 Nacent      0     0     0     0     0     0  6076  3256  1934  1168   821

 Test    0.000 0.000 0.000 0.000 0.000 0.000 3.276 2.608 2.398 2.160 2.196

 ANGSTR:5.5   6.0   6.5   7.0   7.5   8.0   8.5   9.0   9.5  10.0  10.5  11.0
 Nacent    559   382   250   204   173   122    94    78    68    47   282

 Test    2.389 2.189 2.526 2.046 2.150 1.901 1.848 1.872 2.134 1.994 2.217
 ANGSTR:0.0   0.5   1.0   1.5   2.0   2.5   3.0   3.5   4.0   4.5   5.0   5.5
 Nacent      0     0     0     0     0     0  6076  3256  1934  1168   821

 Test    0.000 0.000 0.000 0.000 0.000 0.000 3.276 2.608 2.398 2.160 2.196

 ANGSTR:5.5   6.0   6.5   7.0   7.5   8.0   8.5   9.0   9.5  10.0  10.5  11.0
 Nacent    559   382   250   204   173   122    94    78    68    47   282

 Test    2.389 2.189 2.526 2.046 2.150 1.901 1.848 1.872 2.134 1.994 2.217

 ----------------------------------------------

   --- Crystal ---

 PDB_code : XXXX
 Name : XXXXXXXX    ?
 Date :XX-XXX-XX
 Cell:    190.95   110.30    64.28  90.00  96.29  90.00
 Space group : C 1 2 1
 No symmetry operators :    4

 ----------------------------------------------

   --- Structure factors ---

 Resolution /input data/ :  43.74 -  2.50
 Number of reflections :   28341 ( in_file :   28341)
 Number of reflections with I > sigma(I) :    22305
 Number of reflections with I > 3sigma(I):     9398
 R_stand(I) = <sig(I)>/<I> :    0.118
 Number of acceptable reflections:   28341
 for resolution :  43.74 -  2.50
 Optical Resolution:   1.96
 Boveral,Effres,Padd:        0.000       0.000       0.000
 Expected Optical Resolution for complete data set:   1.96
   / Optical resolution - expected minimal distance between
             two resolved peaks in the electron density map./
 Resmax_used(opt):  3.34
 Number of max possible refls :   45856 actual :   28341
 Completeness : 61.8 %
 R_stand(F) = <sig(F)>/<F> :0.148
 Boverall /estimated by Patterson/       :   44.26
 Minimal estimated error :  0.3273
 Pseudo-translation is not detected.
 Minimal estimated error :  0.3273

 Perfect twinning test <I^2>/<I>^2 :  2.8748

 Partial Twinning test:
1/2h+3/2k,1/2h-1/2k,-l
 Polar angles:   90.00   30.00  180.00
 Alpha(twin fraction),Npair,Ior,Tol : 0.091   18024    2  5.46

--- Partial Twinning Test : H = !I(h1)-I(h2)!/(I(h1)+I(h2)) ---

                   Alpha(twinning fraction) = 1/2 - <H>

 Reflection related to hkl :
1/2h+3/2k,1/2h-1/2k,-l

      Cumulative distribution of H

   0  0.1 0.2 0.3 0.4 0.5 0.6 0.7 0.8 0.9  1
   *---+---+---+---+---+---+---+---+---+---+
    O+++.+  .   .   .   .   .   .   .   .   !
    !O++.+  . + .   .   .   .   .   .   .   !
    !  O++  +   .  +.   .   .   .   .   .   !
0.10!---O+-+--+---------+-------------------!
    !   .+O +   .+  .   .   .+  .   .   .   !
    !   . +O+ + .  +.   .   .   . + .   .   !
    !   .  +O+  +   . + .   .   .   .  +.   !
0.20!-------+-O--+------+-------------------+ alpha=0.4
    !   .   .+ O.  +.   .  +.   .   .   .   +
    !   .   . + O+  .+  .   .+  .   .   .   +
    !   .   .  +.O+ . + .   .   +   .   .   +
0.30!-----------+--O----+---------+---------+
    !   .   .   .+  O   . + .   .   .+  .   +
    !   .   .   . + .O+ .  +.   .   .  +.   +
    !   .   .   .  +. O+.   .+  .   .   . + +
0.40!---------------+--O+------+------------+ alpha=0.3
    !   .   .   .   .+  .O  .   +   .   .   +
    !   .   .   .   . + . O+.   . + .   .   +
    !   .   .   .   .  +.  O+   .   +   .   +
0.50!-------------------+---O+-------+------+
    !   .   .   .   .   .+  .O+ .   .  +.   +
    !   .   .   .   .   . + . O +   .   .+  +
    !   .   .   .   .   .  +.  O.+  .   . + +
0.60!-----------------------+---O-+---------+ alpha=0.2
    !   .   .   .   .   .   .+  .O +.   .   +
    !   .   .   .   .   .   . + .O  .+  .   +
    !   .   .   .   .   .   .  +. O . + .   +
0.70!---------------------------+--O---+----+
    !   .   .   .   .   .   .   .+  O   +   +
    !   .   .   .   .   .   .   . + .O  . + +
    !   .   .   .   .   .   .   .  +.O  .  ++
0.80!-------------------------------+-O-----+ alpha=0.1
    !   .   .   .   .   .   .   .   .+ O.   +
    !   .   .   .   .   .   .   .   . + O   +
    !   .   .   .   .   .   .   .   .  +O   +
0.90!-----------------------------------+O--+
    !   .   .   .   .   .   .   .   .   .+O +
    !   .   .   .   .   .   .   .   .   . O +
    !   .   .   .   .   .   .   .   .   .  O+
H  *---+---+---+---+---+---+---+---+---+---* alpha=0
   0  0.1 0.2 0.3 0.4 0.5 0.6 0.7 0.8 0.9  1


 Anisotropic distribution of Structure Factors:
 Ratio of Eigen values :  0.4881  0.4521  1.0000

   Distributions:
 Rs - resolution /angstroms/
 sd/F - R_stand(F)
 Comp - completeness


Rs 43.738 23.969 16.508 12.589 10.174  8.536  7.353  6.457  5.756  5.193  4.730
<F>   2149.0 1341.2 1483.9 1582.4 1394.9 1030.9  849.8  784.5  816.1  911.5
N       25.    57.    90.   164.   267.   364.   446.   617.   814.   981.
Comp    51.0   49.6   42.7   50.2   54.7   56.2   51.2   55.5   58.5   59.4
sd/F   0.020  0.020  0.020  0.022  0.024  0.035  0.049  0.064  0.062  0.058
Twin     2.5    1.6    1.8    2.1    2.0    2.0    2.4    2.2    2.3    2.2

Rs  4.730  4.342  4.014  3.731  3.486  3.271  3.081  2.912  2.760  2.624  2.500
<F>    933.9  883.4  688.2  596.1  469.0  347.2  250.4  185.8  133.4   93.4
N     1110.  1393.  1685.  1824.  2177.  2588.  2911.  3155.  3691.  3982.
Comp    55.7   59.8   61.7   58.8   60.9   64.5   65.0   62.4   66.1   64.9
sd/F   0.059  0.074  0.106  0.132  0.175  0.232  0.304  0.367  0.433  0.485
Twin     2.2    2.5    2.5    2.6    2.7    3.0    3.5    3.3    3.6    2.6
 ----------------------------------------------

   ---  Wilson plot---

 Boverall /estimated by Wilson plot/     :   85.15
 --------------------------------
   N   Resolution     (*) <F>     (+) <F>*EXP(-Bover*S**2)
                0                                            max=     2572.98
 ----------------------------------------------------------------------
    25   33.85  .         .         .         .         .         *         +
    57   20.24  .         .         .         .*        .         .       + .
    90   14.55  .         .         .         .   *     .         .    +    .
   164   11.38  .         .         .         .     *   .         .+        .
   267    9.36  .         .         .         . *       .      +  .         .
   364    7.94  .         .         .   *     .         .  +      .         .
   446    6.91  .         .        *.         .        +.         .         .
   617    6.11  .         .       * .         .   +     .         .         .
   814    5.47  .         .        *.         +         .         .         .
   981    4.96  .         .         .*   +    .         .         .         .
  1110    4.54  .         .         .#        .         .         .         .
  1393    4.18  .         .       + *         .         .         .         .
  1685    3.87  .         .   + *   .         .         .         .         .
  1824    3.61  .         .+ *      .         .         .         .         .
  2177    3.38  .        +*         .         .         .         .         .
  2588    3.18  .      +* .         .         .         .         .         .
  2911    3.00  .    #    .         .         .         .         .         .
  3155    2.84  .   #     .         .         .         .         .         .
  3691    2.69  .  #      .         .         .         .         .         .
  3982    2.56  . #       .         .         .         .         .         .
 ----------------------------------------------------------------------
 ----------------------------------------------

 -- Res_eff and Res_eff for atom with B :   0.000 --

  min:     1.959
 ----------------------------------------------------------------------
 Ratio Resolution  (*) Res_eff    (+) Res_eff for SC*EXP(-Bover*S^2)
             0.00        0.84        1.68        2.52        3.36        4.20
 ----------------------------------------------------------------------
   -     43.74  #           .           .           .           .           .
   -     23.97  #           .           .           .           .           .
   -     16.51  #           .           .           .           .           .
   -     12.59  #           .           .           .           .           .
0.9672   10.17  o           .           .           .           .        * +.
0.8639    8.54  o           .           .           .           .  #        .
0.7848    7.35  o           .           .           .        +* .           .
0.7055    6.46  o           .           .           .   + *     .           .
0.6253    5.76  o           .           .           +*          .           .
0.5728    5.19  o           .           .         # .           .           .
0.5319    4.73  o           .           .      *+   .           .           .
0.5163    4.34  o           .           .     #     .           .           .
0.4938    4.01  o           .           .    #      .           .           .
0.4883    3.73  o           .           .   +*      .           .           .
0.4765    3.49  o           .           .  +*       .           .           .
0.4686    3.27  o           .           .  #        .           .           .
0.4742    3.08  o           .           . + *       .           .           .
0.4713    2.91  o           .           .+  *       .           .           .
0.4695    2.76  o           .           +   *       .           .           .
0.4685    2.62  o           .           +  *        .           .           .
 ----------------------------------------------------------------------
#Res,Dopt --------
#Res,Dopt:    1    23.9692    0.0000
#Res,Dopt:    2    16.5079    0.0000
#Res,Dopt:    3    12.5891    0.0000
#Res,Dopt:    4    10.1739    0.0000
#Res,Dopt:    5     8.5362    4.0449
#Res,Dopt:    6     7.3527    3.6131
#Res,Dopt:    7     6.4574    3.2821
#Res,Dopt:    8     5.7565    2.9505
#Res,Dopt:    9     5.1928    2.6151
#Res,Dopt:   10     4.7297    2.3956
#Res,Dopt:   11     4.3424    2.2243
#Res,Dopt:   12     4.0137    2.1590
#Res,Dopt:   13     3.7313    2.0650
#Res,Dopt:   14     3.4860    2.0424
#Res,Dopt:   15     3.2710    1.9929
#Res,Dopt:   16     3.0810    1.9599
#Res,Dopt:   17     2.9118    1.9833
#Res,Dopt:   18     2.7602    1.9712
#Res,Dopt:   19     2.6237    1.9636
#Res,Dopt:   20     2.5000    1.9595
#Res,Dopt: Resmax_used(opt):  3.34
#Res,Dopt --------

 --- sig(r) - expected min coordinate error ---
  min :    0.2990

 ----------------------------------------------------------------------
 Ratio Resolution     (*) min_sig(r)
             0.00        0.15        0.30        0.45        0.60        0.75
 ----------------------------------------------------------------------
   -      0.00  o           .           .           .           .           *
   -      0.00  o           .           .           .           .           *
   -      0.00  o           .           .           .           .           *
   -      0.00  o           .           .           .           .           *
   -      0.00  o           .           .           .           .           *
1.0000    0.00  o           .           .           .           .          *.
0.9246    0.00  o           .           .           .           .     *     .
0.8928    0.00  o           .           .           .           .   *       .
0.7564    0.00  o           .           .           .       *   .           .
0.5902    0.00  o           .           .          *.           .           .
0.4807    0.00  o           .           .   *       .           .           .
0.4255    0.00  o           .           .*          .           .           .
0.4152    0.00  o           .           *           .           .           .
0.4032    0.00  o           .          *.           .           .           .
0.4074    0.00  o           .           *           .           .           .
0.4178    0.00  o           .           *           .           .           .
0.4279    0.00  o           .           .*          .           .           .
0.4357    0.00  o           .           .*          .           .           .
0.4405    0.00  o           .           . *         .           .           .
0.4413    0.00  o           .           . *         .           .           .
 ----------------------------------------------------------------------

 --- Stereogram of averaged radial completeness ---

 Coordinates of axis:

 H  theta,phi:   83.707   0.000
 K  theta,phi:   90.000  90.000
 L  theta,phi:    0.000   0.000

           45       90      135      180      225      270      315
            !        !        !        !        !        !        !  Phi
   -------------------------------------------------------------------------
   !....................................                                    !
10 !........1154455676788887776665554444                                    !
   !.....1234455677888999999999888876655                                    !
20 !.....234568999*99**9999999******9988                                    !
   !....13456789999999*****9999999999999                                    !
30 !....1246889999*99*****************99                                    !
   !....24689999******************9*****                                    !
40 !.....4899*9************************9                                    !
   !....15899***************************                                    !
50 !....27*9**9*************************                                    !
   !....38*9****************************                                    !
60 !....589*89*99**9**9**9**************                                    !
   !...168645*9*9*9***99*9**************                                    !
70 !..1233128*9*99999989899****99*******                                    !
   !135511.2998765333333447889**9*******                                    !
80 !58951..354311.........12256899******                                    !
   !9*9423321................113689*****                                    !
90 !***7776.....................1479****                                    !
   -------------------------------------------------------------------------
Theta            Completeness:
         *  - means         compl = 100%
         9  - means  90% =< compl < 100%
         8  - means  80% =< compl <  90%
              . . . . . . . .
         0  - means   0%  < compl <  10%
         .  - means         compl = 0%
        " " - can not be data in this place


 ----------------------------------------------


 =============  NOTES ==================

Ropt   - optical resolution - expected minimal distance
         between two resolved peaks in the electron density which is
         twice the standard deviation "sigma", or the width of the atomic
         peak W which equals 2 sigma.
         Expected width of atomic peak W is computed as

      Ropt = W = sqrt ( 2 (sigma_patt^2 + sigma_res^2) )

         where sigma_patt - standard deviation of the Gaussian corresponded
                            to the Patterson origin peak.
               sigma_res  - standard deviation of the Gaussian corresponded
                            to the origin peak of spherical interference
                            function which is Fourier transform of the sphere
                            in the reciprocal space with radius 1/d_min.
                            sigma_res = 0.356 d_min.  d_min is minimum
                            d-spacing, or the "nominal resolution"

Ropt_C - optical resolution for complete  data  set computed using
         average value !F! for missing data in corresponding resolution bin
         Plot of Optical resolution for  an  atom with B=0 shows behavior
         of the part of Optical  resolution  corresponded on the termination.

Boff   - program uses all data applying the "soft" resolution cut-off

         Fnew = Fold (1-exp(-Boff*s^2)) , where Boff = 4dmax^2

Scaling - Program scales Fobs and Fcalc by the Patterson origin peak.

          Fcalc_scaled = Fcalc * scale * exp(-Badd*s^2)

                     where
          Badd = Boverall_obs - Boverall_calc
                           sum(Fobs^2*(1-exp(-Boff*s^2)))

          scale = sqrt(----------------------------------------------)
                       sum(Fcalc**exp(-Badd*s^2)*(1-exp(-Boff*s^2)))

        The program computes R-factor and Correlation coefficient for
        the reported resolution range and reported sigma cut-off without
        applying Boff.

sig(r)min   - expected minimal error in coordinates estimated
              by experimental sigmas(F).
sig(r) =sqrt(3)*(sig(Ah)/Ahh)  (in A)
   sig(Ah) = (2pi*sqrt(sum(h^2*(sigF)^2)))/(VOL*A)
   Ahh     = (2pi^2*sum(h^2*F))/(VOL*A^2)
   VOL - volume of cell, A - cell parameter, summation over all refls.

    If there is no experimental sigma for observaed data, the program
    uses  sigma = Fobs * 0.04 for all reflections.

sig(r)max   - upper estimation erorr in coordinates by
              difference between !Fobs! and !Fcalc!.

sig(r) =sqrt(3)*(sig(Ah)/Ahh)  (in A)
   sig(Ah) = (2pi*sqrt(sum(h^2*(F1-F2)^2)))/(VOL*A)
   Ahh     = (2pi^2*sum(h^2*F))/(VOL*A^2)
   VOL - volume of cell, A - cell parameter, summation over all refls.

    For missing reflections the program uses the average value of
    sigma(Fobs) for the corresponding resolution shell instead
    of (Fobs-Fcalc).

DPI(sig(x)) - DPI Cruckshank"s diffraction-data precision indicator.
          (the Refinement of Macromolecular structure
           Proceedingof CCP4 Study weekend. pp11-22. 1996)

    sig(x) = sqr(Natoms/(Nobs-4Natoms)) C^-1/3 Resmax Rfact

    where C - fractional completeness.

    If Rfree flags are specified, the program uses the Murshudov"s
    approach to calculate DPI:

    sig(x) = sqr(Natoms/Nobs) C^-1/3 dmin Rfree

Solvent content -  is the fraction of the unit cell volume not occ
       upied by the model. The model consists of ALL atoms present in the
       coordinate file.

Local error estimation

Displacement of atoms from electron density is estimated from the
       difference (Fobs - Fcal) map. The displacement vector is the ratio of
       the gradient of difference density to the curvature.

The density correlation coefficient is calculated for each residue
       from atomic densities of (2Fobs-Fcalc) map - "Robs" and the model
       map (Fcalc) - "Rcalc" :

    D_corr =  <Robs><Rcalc>/sqrt(<Robs**2><Rcalc**2>)

    where <Robs> is the mean of "obsereved" densities of atoms of residue
                 (backbone or side chain).
           <Rcalc> is the mean of "calculateded" densities of atoms of residue.
    Value of density for some atom from map R(x) is:

             sum_i ( R(xi) * Ratom(xi - xa) )
    Dens =  ----------------------------------
                sum_i ( Ratom(xi - xa) )

    where  Ratom(x) is atomic electron density for x-th point of grid.
           xa - vector of the centre of atom.
           xi - vector of the i-th point of grid.
           Sum is taken over all grid points which have distance
           from the centre of atom less than Radius_limit.
           For all atoms Radius_limit = 2.5 A.

Index of density is the product of the (2Fobs-Fcal) electron
     density values for the backbone atoms (or side chain), i.e. the
     geometric mean value for these atoms.
     The index of connectivity is a similar indicator which is calculated
     for backbone atoms N, CA and C of a given residue.
     (or for atoms P,O5",C5",C3",O3")
