Results from PDB-REDO --local --xyzin=6vww_refine_14.pdb --mtzin=6vww_refine_14.mtz --nproc=7 --dirout=pdb-redo
 __   __   __      __   ___  __   __    __   __  __ 
|__) |  \ |__) __ |__) |__  |  \ /  \    /    _)  / 
|    |__/ |__)    |  \ |___ |__/ \__/   /  o /__ /  
 
****** Optimisation setup ******
-PDB-REDO will optimise the structure model in /data/id30a3/inhouse/gianluca/coronavirus_structural_task_force/pdb/exonuclease/SARS-CoV-2/6vww/isolde/6vww_refine_14.pdb
-Using the experimental data in /data/id30a3/inhouse/gianluca/coronavirus_structural_task_force/pdb/exonuclease/SARS-CoV-2/6vww/isolde/6vww_refine_14.mtz
-Using a maximum of 7 CPU cores where possible
-During the process your structure model will be called 'UW8C'
-The final result will be written to /data/id30a3/inhouse/gianluca/coronavirus_structural_task_force/pdb/exonuclease/SARS-CoV-2/6vww/isolde/pdb-redo
 
 
****** Parsing input files ******
-Preparing the structure model
 o Performing DEFY flips
 o Checking carbohydrates
   * Running carbonanza
 o Running Platonyzer
 o Running prepper
 
WARNING!
------------
Your input coordinate file has phenix.refine-specific format errors. Trying to compensate.
Diagnostic output from prepper:
 
Trying to parse '**'
Error parsing PDB at line 2
Error trying to load file "/home/esrf/opid30/pdb-redo/tempdir/UW8C/UW8C_platonyzed.pdb"
Not a valid integer in PDB record
 
 o Running prepper
   * Occupancies reset     : 0
   * B-factors reset       : 0
   * Deleted (hetero) atoms: 0
   * Deleted ANISOU records: 0
   * Deleted LINK   records: 0
   * Added   LINK   records: 0
   * Fixed   LINK   records: 0
   * Renamed water atoms   : 0
-Checking reflection data
 o Anomalous data will be used to calculate anomalous maps
-Extracting data from the PDB file
 o TLS groups created  :   2
 o TLS groups extracted:   9
 o Extracting the amino acid sequence
 o BlastP is missing or not configured properly
 o Cannot generate homology-based restraints
-Creating MTZ file
 o Both SFCHECK and PHASER suggest the data are twinned
 
 
****** Structure model and data details ******
Cell axes            : 150.539 150.539 111.310
Cell angles          : 90.00 90.00 120.00
Space group          : P 63
Resolution (pdb)     : 2.20
Resolution (data)    : 2.20
Lowest resolution    : 45.06
Reported Rfactor     : 0.1569
Reported R-free      : 0.1760
Average B-factor     : 42.00
Wilson B from SFcheck: 47.51
Solvent percentage   : 73.10
Solvent model        : SIMP
VdW probe            : 1.11
Ion probe            : 1.11
Shrinkage            : 0.90
Reflections (data)   : 71192
Work set size        : 67545
Test set size (data) : 3565 (5.0%)
Test set size (used) : 3647
Completeness (pdb)   : 95.6
Completeness (used)  : 97.8
Wavelength           : 1.00000
Twin fraction alpha  : 0.236
Refinement tool      : PHENIX_(DEV_3768:_???)
Deposition year      : 2000
 
 
****** R(-free) recalculation ******
-Recalculating R-factors with original TLS tensors    (R-free = 0.2621)
-Recalculating R-factors without original TLS tensors (R-free = 0.2418)
 o Recalculating the R-factor without TLS tensors gives the best result
 o Problem reproducing the R-factors
-Trying de-twinning (R-free = 0.1728)
 
 
****** R-factor and R-free details ******
Calculated R     : 0.1551
Calculated R-free: 0.1728
'Unbiased' R-free: 0.1855
sigma(R-free)    : 0.0029
R-free Z-score   : 4.38
 
 
****** Backbone correction ******
-Running fixDMC
 o The sequence is untrusted, no OXT atoms can be added
 o FixDMC added 0 missing backbone atoms
 
 
****** Solvent mask optimisation ******
-Running Refmac grid search
 o VDW probe: 1.1
 o Ion probe: 0.7
 o Shrinkage: 0.7
 
 
****** Refinement settings ******
-B-factor model
 o Number of atoms      : 6218
 o Number of reflections: 67545
 o Reflections per atom : 10.9
 o B-factor type        : ISOTropic
 o TLS-models           : used
-Non-crystallographic symmetry
 o Using local NCS restraints
-Twinning
 o Detwinning during refinement
-High Refmac bond length or bond angle RMSZ detected
 o Bond length RMSZ: 1.241
 o Bond angle RMSZ : 1.021
 o Geometric targets will be relaxed
 
 
****** TLS group optimisation ******
-Testing 2 TLS group definition(s)
 o Tested tls groups from REDO.tls (R-free = 0.1941)
 o Tested tls groups from UW8C.tls (R-free = 0.1876)
-Filtering results
-TLS groups in UW8C.tls will be used in refinement
 
 
****** B-weight optimisation ******
-Testing B-factor restraint weights: 1.50 1.20 1.00 0.80 0.50 0.30 0.10
 o Performed B-weight test with weight 1.50 (R-free = 0.1631)
 o Performed B-weight test with weight 1.20 (R-free = 0.1616)
 o Performed B-weight test with weight 1.00 (R-free = 0.1603)
 o Performed B-weight test with weight 0.80 (R-free = 0.1589)
 o Performed B-weight test with weight 0.50 (R-free = 0.1573)
 o Performed B-weight test with weight 0.30 (R-free = 0.1569)
 o Performed B-weight test with weight 0.10 (R-free = 0.1583)
-Selecting best B weight
 o Best B weight: 0.50
 
 
****** Structure re-refinement ******
-Refining with geometric restraint weights: 0.01 0.03 0.05 0.10 0.30 0.50 0.70
 o Performed refinement with MATRIX weight 0.01 (R-free = 0.1610)
 o Performed refinement with MATRIX weight 0.03 (R-free = 0.1568)
 o Performed refinement with MATRIX weight 0.05 (R-free = 0.1564)
 o Performed refinement with MATRIX weight 0.10 (R-free = 0.1572)
 o Performed refinement with MATRIX weight 0.30 (R-free = 0.1618)
 o Performed refinement with MATRIX weight 0.50 (R-free = 0.1628)
 o Performed refinement with MATRIX weight 0.70 (R-free = 0.1665)
-Selecting best geometric restraint weight
 o Best geometric restraint weight: 0.05
 
 
****** Re-refinement details ******
Best matrix weight: 0.05
Resulting R-factor: 0.1390
Resulting R-free  : 0.1564
'Unbiased' R-free : 0.1662
sigma(R-free)     : 0.0026
R-free Z-score    : 3.77
 
 
****** Model validation ******
-Validating the input model with WHAT_CHECK
-Validating the re-refined model with WHAT_CHECK
 o Validation failed
 o Validation failed
 
 
****** Validation details ******
                                     Before  After
1st generation packing quality     : NA NA
2nd generation packing quality     : NA NA
Ramachandran plot appearance       : NA NA
chi-1/chi-2 rotamer normality      : NA NA
Backbone conformation              : NA NA
 
Bond length RMS Z-score            : NA NA
Bond angle RMS Z-score             : NA NA
 
Total number of bumps              : NA NA
Weighted bump severity score       : NA NA
 
Unsatisfied H-bond donors/acceptors: NA NA
H-bond satisfaction fraction       : NA NA
 
 
****** Structure rebuilding ******
-Assigning secondary structure with DSSP
-Removing waters without density
-Performing peptide flips
-Refitting side chains
-Validation-based rebuilding
 o Validation-based rebuilding failed
 
 
****** Rebuilding details ******
Loops added        : 0
Waters removed     : 83
Peptides flipped   : 0
Side chains built  : 0
Side chains flipped: 0
Chirality fixes    : 0
 
 
****** Carbohydrate (re)building ******
-Running carbivore
 o Carbivore failed, no carbohydrates (rebuilt)
 
 
****** Final refinement ******
-Updating metal restraints
-Final restraint weight optimisation with MATRIX weights: 0.05 0.07 0.03
 o Performed 20-cycle refinement with MATRIX weight 0.05 (R-free = 0.1602)
 o Performed 20-cycle refinement with MATRIX weight 0.07 (R-free = 0.1587)
 o Performed 20-cycle refinement with MATRIX weight 0.03 (R-free = 0.1599)
 
 
****** Final refinement details ******
Best matrix weight: 0.07
Resulting R-factor: 0.1378
Resulting R-free  : 0.1587
'Unbiased' R-free : 0.1648
sigma(R-free)     : 0.0026
R-free Z-score    : 2.35
 
 
****** Reciprocal space correlation ******
                              Before  Final  Z-score
Work correlation coefficient: 0.965   0.971  17.56
Free correlation coefficient: 0.956   0.962  3.19
 
 
****** Validation details ******
-Running DSSP
-Running WHAT_CHECK
 o Validation failed
                                     Before  Re-ref  Final
1st generation packing quality     : NA NA NA
2nd generation packing quality     : NA NA NA
Ramachandran plot appearance       : NA NA NA
chi-1/chi-2 rotamer normality      : NA NA NA
Backbone conformation              : NA NA NA
 
Bond length RMS Z-score            : NA NA NA
Bond angle RMS Z-score             : NA NA NA
 
Total number of bumps              : NA NA NA
Weighted bump severity score       : NA NA NA
 
Unsatisfied H-bond donors/acceptors: NA NA NA
H-bond satisfaction fraction       : NA NA NA
 
 
****** Protein side chain details ******
-Analysing model changes
 
Changed rotamers     : 33
Hydrogen bond flips  : 14
Cis-trans flips      : 0
Trans-cis flips      : 0
Peptides fixed       : 1
Peptides distorted   : 0
 
 
****** Electron density map details ******
-Analysing density maps
 
                       Better Worse
Real-space CC        : 27 0
Real-space R-factor  : 134 3
EDIAm density fit    : 201 113
OPIA density coverage: 0 0
 
 
****** Creating final output ******
-YASARA not installed, cannot make visualisation scenes
-Creating Refmac command script
-Consolidating results
