Results from PDB-REDO --local --xyzin=6lvn_refine_3.pdb --mtzin=6lvn_refine_3.mtz --nproc=7 --dirout=pdb-redo
 __   __   __      __   ___  __   __    __   __  __ 
|__) |  \ |__) __ |__) |__  |  \ /  \    /    _)  / 
|    |__/ |__)    |  \ |___ |__/ \__/   /  o /__ /  
 
****** Optimisation setup ******
-PDB-REDO will optimise the structure model in /data/id30a3/inhouse/gianluca/coronavirus_structural_task_force/pdb/surface_glycoprotein/SARS-CoV-2/6lvn/isolde/6lvn_refine_3.pdb
-Using the experimental data in /data/id30a3/inhouse/gianluca/coronavirus_structural_task_force/pdb/surface_glycoprotein/SARS-CoV-2/6lvn/isolde/6lvn_refine_3.mtz
-Using a maximum of 7 CPU cores where possible
-During the process your structure model will be called 'Wcwr'
-The final result will be written to /data/id30a3/inhouse/gianluca/coronavirus_structural_task_force/pdb/surface_glycoprotein/SARS-CoV-2/6lvn/isolde/pdb-redo
 
 
****** Parsing input files ******
-Preparing the structure model
 o Performing DEFY flips
 o Checking carbohydrates
   * Running carbonanza
 o Running Platonyzer
 o Running prepper
 
WARNING!
------------
Your input coordinate file has phenix.refine-specific format errors. Trying to compensate.
Diagnostic output from prepper:
 
Trying to parse '**'
Error parsing PDB at line 2
Error trying to load file "/home/esrf/opid30/pdb-redo/tempdir/Wcwr/Wcwr_platonyzed.pdb"
Not a valid integer in PDB record
 
 o Running prepper
   * Occupancies reset     : 0
   * B-factors reset       : 0
   * Deleted (hetero) atoms: 0
   * Deleted ANISOU records: 0
   * Deleted LINK   records: 0
   * Added   LINK   records: 0
   * Fixed   LINK   records: 0
   * Renamed water atoms   : 0
-Checking reflection data
 o Original R-free set too small, a new one will be created
-Extracting data from the PDB file
 o TLS groups created  :   4
 o TLS groups extracted:   4
 o Extracting the amino acid sequence
 o BlastP is missing or not configured properly
 o Cannot generate homology-based restraints
-Creating MTZ file
 o Generating R-free set using 0.10 fraction of all reflections
 
 
****** Structure model and data details ******
Cell axes            : 28.195 49.729 89.576
Cell angles          : 90.00 90.00 90.00
Space group          : P 21 21 21
Resolution (pdb)     : 2.47
Resolution (data)    : 2.47
Lowest resolution    : 26.89
Reported Rfactor     : 0.2212
Reported R-free      : 0.2622
Average B-factor     : 36.70
Wilson B from SFcheck: 39.81
Solvent percentage   : 40.12
Solvent model        : SIMP
VdW probe            : 1.11
Ion probe            : 1.11
Shrinkage            : 0.90
Reflections (data)   : 4860
Work set size        : 4311
Test set size (data) : 0 (0.0%)
Test set size (used) : 549
Completeness (pdb)   : 99.2
Completeness (used)  : 99.0
Wavelength           : 1.00000
Refinement tool      : PHENIX_(DEV_3768:_???)
Deposition year      : 2000
 
 
****** R(-free) recalculation ******
-Recalculating R-factors with original TLS tensors    (R-free = 0.2833)
-Recalculating R-factors without original TLS tensors (R-free = 0.2737)
 o Recalculating the R-factor without TLS tensors gives the best result
 
 
****** R-factor and R-free details ******
Calculated R     : 0.2274
Calculated R-free: 0.2737
'Unbiased' R-free: 0.3297
sigma(R-free)    : 0.0117
R-free Z-score   : 4.79
 
 
****** Backbone correction ******
-Running fixDMC
 o The sequence is untrusted, no OXT atoms can be added
 o FixDMC added 0 missing backbone atoms
 
 
****** Solvent mask optimisation ******
-Running Refmac grid search
 o VDW probe: 1.1
 o Ion probe: 0.8
 o Shrinkage: 0.8
 
 
****** Refinement settings ******
-B-factor model
 o Number of atoms      : 1085
 o Number of reflections: 4311
 o Reflections per atom : 4.0
 o B-factor type        : ISOTropic
 o TLS-models           : used
-Non-crystallographic symmetry
 o Using local NCS restraints
-Twinning
 o No twinning detected
-High Refmac bond length or bond angle RMSZ detected
 o Bond length RMSZ: 1.111
 o Bond angle RMSZ : 1.013
 o Geometric targets will be relaxed
-New R-free set
 o Calculated R and 'Unbiased' R-free values will be used for reference
 o Resetting B-factors to 19.91 to remove model bias
 o Doing 30 cycles of restrained refinement instead of 20
 
 
****** TLS group optimisation ******
-Testing 2 TLS group definition(s)
 o Tested tls groups from Wcwr.tls (R-free = 0.2885)
 o Tested tls groups from REDO.tls (R-free = 0.2885)
-Filtering results
-TLS groups in Wcwr.tls will be used in refinement
 
 
****** Testing B-factor refinement type ******
-Testing isotropic B-factors
-Testing one overall B-factor
-PDB-REDO will use isotropic B-factors in refinement
 
 
****** B-weight optimisation ******
-Testing B-factor restraint weights: 1.50 1.20 1.00 0.80 0.50 0.30 0.10
 o Performed B-weight test with weight 1.50 (R-free = 0.2862)
 o Performed B-weight test with weight 1.20 (R-free = 0.2827)
 o Performed B-weight test with weight 1.00 (R-free = 0.2799)
 o Performed B-weight test with weight 0.80 (R-free = 0.2783)
 o Performed B-weight test with weight 0.50 (R-free = 0.2759)
 o Performed B-weight test with weight 0.30 (R-free = 0.2778)
 o Performed B-weight test with weight 0.10 (R-free = 0.2975)
-Selecting best B weight
 o Best B weight: 1.00
 
 
****** Structure re-refinement ******
-Refining with geometric restraint weights: 0.01 0.03 0.05 0.10 0.30 0.50 0.70
 o Performed refinement with MATRIX weight 0.01 (R-free = 0.2922)
 o Performed refinement with MATRIX weight 0.03 (R-free = 0.2841)
 o Performed refinement with MATRIX weight 0.05 (R-free = 0.2817)
 o Performed refinement with MATRIX weight 0.10 (R-free = 0.2942)
 o Performed refinement with MATRIX weight 0.30 (R-free = 0.3233)
 o Performed refinement with MATRIX weight 0.50 (R-free = 0.3281)
 o Performed refinement with MATRIX weight 0.70 (R-free = 0.3365)
-Selecting best geometric restraint weight
 o Best geometric restraint weight: 0.01
 
 
****** Re-refinement details ******
Best matrix weight: 0.01
Resulting R-factor: 0.2257
Resulting R-free  : 0.2922
'Unbiased' R-free : 0.3273
sigma(R-free)     : 0.0125
R-free Z-score    : 2.81
 
 
****** Model validation ******
-Validating the input model with WHAT_CHECK
-Validating the re-refined model with WHAT_CHECK
 o Validation failed
 o Validation failed
 
 
****** Validation details ******
                                     Before  After
1st generation packing quality     : NA NA
2nd generation packing quality     : NA NA
Ramachandran plot appearance       : NA NA
chi-1/chi-2 rotamer normality      : NA NA
Backbone conformation              : NA NA
 
Bond length RMS Z-score            : NA NA
Bond angle RMS Z-score             : NA NA
 
Total number of bumps              : NA NA
Weighted bump severity score       : NA NA
 
Unsatisfied H-bond donors/acceptors: NA NA
H-bond satisfaction fraction       : NA NA
 
 
****** Structure rebuilding ******
-Assigning secondary structure with DSSP
-Removing waters without density
-Performing peptide flips
-Refitting side chains
-Validation-based rebuilding
 o Validation-based rebuilding failed
 
 
****** Rebuilding details ******
Loops added        : 0
Waters removed     : 1
Peptides flipped   : 0
Side chains built  : 0
Side chains flipped: 0
Chirality fixes    : 0
 
 
****** Carbohydrate (re)building ******
-Running carbivore
 o Carbivore failed, no carbohydrates (rebuilt)
 
 
****** Final refinement ******
-Updating metal restraints
-Final restraint weight optimisation with MATRIX weights: 0.01 0.02 .005
 o Performed 20-cycle refinement with MATRIX weight 0.01 (R-free = 0.2867)
 o Performed 20-cycle refinement with MATRIX weight 0.02 (R-free = 0.2829)
 o Performed 20-cycle refinement with MATRIX weight .005 (R-free = 0.2894)
 
 
****** Final refinement details ******
Best matrix weight: 0.01
Resulting R-factor: 0.2216
Resulting R-free  : 0.2867
'Unbiased' R-free : 0.3213
sigma(R-free)     : 0.0122
R-free Z-score    : 2.84
 
 
****** Reciprocal space correlation ******
                              Before  Final  Z-score
Work correlation coefficient: 0.932   0.938  2.22
Free correlation coefficient: 0.900   0.893  -0.59
 
 
****** Validation details ******
-Running DSSP
-Running WHAT_CHECK
 o Validation failed
                                     Before  Re-ref  Final
1st generation packing quality     : NA NA NA
2nd generation packing quality     : NA NA NA
Ramachandran plot appearance       : NA NA NA
chi-1/chi-2 rotamer normality      : NA NA NA
Backbone conformation              : NA NA NA
 
Bond length RMS Z-score            : NA NA NA
Bond angle RMS Z-score             : NA NA NA
 
Total number of bumps              : NA NA NA
Weighted bump severity score       : NA NA NA
 
Unsatisfied H-bond donors/acceptors: NA NA NA
H-bond satisfaction fraction       : NA NA NA
 
 
****** Protein side chain details ******
-Analysing model changes
 
Changed rotamers     : 12
Hydrogen bond flips  : 6
Cis-trans flips      : 0
Trans-cis flips      : 0
Peptides fixed       : 0
Peptides distorted   : 0
 
 
****** Electron density map details ******
-Analysing density maps
 
                       Better Worse
Real-space CC        : 0 0
Real-space R-factor  : 0 0
EDIAm density fit    : 37 17
OPIA density coverage: 0 0
 
 
****** Creating final output ******
-YASARA not installed, cannot make visualisation scenes
-Creating Refmac command script
-Consolidating results
