Results from PDB-REDO --local --xyzin=6w4b_refine_9.pdb --mtzin=6w4b_refine_9.mtz --nproc=7 --dirout=pdb-redo
 __   __   __      __   ___  __   __    __   __  __ 
|__) |  \ |__) __ |__) |__  |  \ /  \    /    _)  / 
|    |__/ |__)    |  \ |___ |__/ \__/   /  o /__ /  
 
****** Optimisation setup ******
-PDB-REDO will optimise the structure model in /data/id30a3/inhouse/gianluca/coronavirus_structural_task_force/pdb/nsp9/SARS-CoV-2/6w4b/isolde/6w4b_refine_9.pdb
-Using the experimental data in /data/id30a3/inhouse/gianluca/coronavirus_structural_task_force/pdb/nsp9/SARS-CoV-2/6w4b/isolde/6w4b_refine_9.mtz
-Using a maximum of 7 CPU cores where possible
-During the process your structure model will be called 'Mgd7'
-The final result will be written to /data/id30a3/inhouse/gianluca/coronavirus_structural_task_force/pdb/nsp9/SARS-CoV-2/6w4b/isolde/pdb-redo
 
 
****** Parsing input files ******
-Preparing the structure model
 o Performing DEFY flips
 o Checking carbohydrates
   * Running carbonanza
 o Running Platonyzer
 o Running prepper
 
WARNING!
------------
Your input coordinate file has phenix.refine-specific format errors. Trying to compensate.
Diagnostic output from prepper:
 
Trying to parse '**'
Error parsing PDB at line 2
Error trying to load file "/home/esrf/opid30/pdb-redo/tempdir/Mgd7/Mgd7_platonyzed.pdb"
Not a valid integer in PDB record
 
 o Running prepper
   * Occupancies reset     : 0
   * B-factors reset       : 0
   * Deleted (hetero) atoms: 0
   * Deleted ANISOU records: 0
   * Deleted LINK   records: 0
   * Added   LINK   records: 0
   * Fixed   LINK   records: 0
   * Renamed water atoms   : 0
-Checking reflection data
 o Original R-free set too small, a new one will be created
-Extracting data from the PDB file
 o TLS groups created  :   2
 o TLS groups extracted:   2
 o Extracting the amino acid sequence
 o BlastP is missing or not configured properly
 o Cannot generate homology-based restraints
-Creating MTZ file
 o Generating R-free set using 0.10 fraction of all reflections
 
 
****** Structure model and data details ******
Cell axes            : 89.883 89.883 132.587
Cell angles          : 90.00 90.00 120.00
Space group          : P 61 2 2
Resolution (pdb)     : 2.95
Resolution (data)    : 2.95
Lowest resolution    : 44.94
Reported Rfactor     : 0.2409
Reported R-free      : 0.2852
Average B-factor     : 119.29
Wilson B from SFcheck: 98.24
Solvent percentage   : 60.76
Solvent model        : SIMP
VdW probe            : 1.11
Ion probe            : 1.11
Shrinkage            : 0.90
Reflections (data)   : 6937
Work set size        : 6207
Test set size (data) : 0 (0.0%)
Test set size (used) : 730
Completeness (pdb)   : 97.1
Completeness (used)  : 97.0
Wavelength           : 1.00000
Refinement tool      : PHENIX_(DEV_3768:_???)
Deposition year      : 2000
 
 
****** R(-free) recalculation ******
-Recalculating R-factors with original TLS tensors    (R-free = 0.2897)
-Recalculating R-factors without original TLS tensors (R-free = 0.2706)
 o Recalculating the R-factor without TLS tensors gives the best result
 
 
****** R-factor and R-free details ******
Calculated R     : 0.2659
Calculated R-free: 0.2706
'Unbiased' R-free: 0.3191
sigma(R-free)    : 0.0100
R-free Z-score   : 4.85
 
 
****** Backbone correction ******
-Running fixDMC
 o The sequence is untrusted, no OXT atoms can be added
 o FixDMC added 0 missing backbone atoms


****** Structure specific restraints ******
 
 
****** Solvent mask optimisation ******
-Running Refmac grid search
 o VDW probe: 1.0
 o Ion probe: 0.9
 o Shrinkage: 0.9
 
 
****** Refinement settings ******
-B-factor model
 o Number of atoms      : 1717
 o Number of reflections: 6207
 o Reflections per atom : 3.6
 o B-factor type        : ISOTropic
 o TLS-models           : used
-Non-crystallographic symmetry
 o Using local NCS restraints
-Twinning
 o No twinning detected
-High Refmac bond length or bond angle RMSZ detected
 o Bond length RMSZ: 1.144
 o Bond angle RMSZ : 1.058
 o Geometric targets will be relaxed
-New R-free set
 o Calculated R and 'Unbiased' R-free values will be used for reference
 o Resetting B-factors to 49.12 to remove model bias
 o Doing 35 cycles of restrained refinement instead of 25
-Additional restraints
 o Using jelly-body restraints
 
 
****** TLS group optimisation ******
-Testing 2 TLS group definition(s)
 o Tested tls groups from REDO.tls (R-free = 0.3035)
 o Tested tls groups from Mgd7.tls (R-free = 0.3035)
-Filtering results
-TLS groups in REDO.tls will be used in refinement
 
 
****** Testing B-factor refinement type ******
-Testing isotropic B-factors
-Testing one overall B-factor
-PDB-REDO will use isotropic B-factors in refinement
 
 
****** B-weight optimisation ******
-Testing B-factor restraint weights: 1.50 1.20 1.00 0.80 0.50 0.30
 o Performed B-weight test with weight 1.50 (R-free = 0.2865)
 o Performed B-weight test with weight 1.20 (R-free = 0.2826)
 o Performed B-weight test with weight 1.00 (R-free = 0.2832)
 o Performed B-weight test with weight 0.80 (R-free = 0.2816)
 o Performed B-weight test with weight 0.50 (R-free = 0.2798)
 o Performed B-weight test with weight 0.30 (R-free = 0.2857)
-Selecting best B weight
 o Best B weight: 1.50
 
 
****** Structure re-refinement ******
-Refining with geometric restraint weights: .002 .005 0.01 0.03 0.05 0.10
 o Performed refinement with MATRIX weight .002 (R-free = 0.2914)
 o Performed refinement with MATRIX weight .005 (R-free = 0.2822)
 o Performed refinement with MATRIX weight 0.01 (R-free = 0.2896)
 o Performed refinement with MATRIX weight 0.03 (R-free = 0.2886)
 o Performed refinement with MATRIX weight 0.05 (R-free = 0.2896)
 o Performed refinement with MATRIX weight 0.10 (R-free = 0.2997)
-Selecting best geometric restraint weight
 o Best geometric restraint weight: .005
 
 
****** Re-refinement details ******
Best matrix weight: .005
Resulting R-factor: 0.2383
Resulting R-free  : 0.2822
'Unbiased' R-free : 0.2860
sigma(R-free)     : 0.0104
R-free Z-score    : 0.37
 
 
****** Model validation ******
-Validating the input model with WHAT_CHECK
-Validating the re-refined model with WHAT_CHECK
 o Validation failed
 o Validation failed
 
 
****** Validation details ******
                                     Before  After
1st generation packing quality     : NA NA
2nd generation packing quality     : NA NA
Ramachandran plot appearance       : NA NA
chi-1/chi-2 rotamer normality      : NA NA
Backbone conformation              : NA NA
 
Bond length RMS Z-score            : NA NA
Bond angle RMS Z-score             : NA NA
 
Total number of bumps              : NA NA
Weighted bump severity score       : NA NA
 
Unsatisfied H-bond donors/acceptors: NA NA
H-bond satisfaction fraction       : NA NA
 
 
****** Structure rebuilding ******
-Assigning secondary structure with DSSP
-Skipping centrifuge run
-Performing peptide flips
-Refitting side chains
-Validation-based rebuilding
 o Validation-based rebuilding failed
 
 
****** Rebuilding details ******
Loops added        : 0
Waters removed     : 0
Peptides flipped   : 1
Side chains built  : 0
Side chains flipped: 0
Chirality fixes    : 0
 
 
****** Carbohydrate (re)building ******
-Running carbivore
 o Carbivore failed, no carbohydrates (rebuilt)
 
 
****** Final refinement ******
-Updating metal restraints
-Final restraint weight optimisation with MATRIX weights: .005 .007 .002
 o Performed 20-cycle refinement with MATRIX weight .005 (R-free = 0.2968)
 o Performed 20-cycle refinement with MATRIX weight .007 (R-free = 0.2917)
 o Performed 20-cycle refinement with MATRIX weight .002 (R-free = 0.3066)
 
 
****** Final refinement details ******
Best matrix weight: .005
Resulting R-factor: 0.2424
Resulting R-free  : 0.2968
'Unbiased' R-free : 0.2909
sigma(R-free)     : 0.0110
R-free Z-score    : -0.54
 
 
****** Reciprocal space correlation ******
                              Before  Final  Z-score
Work correlation coefficient: 0.928   0.931  1.23
Free correlation coefficient: 0.922   0.882  -4.15
 
 
****** Validation details ******
-Running DSSP
-Running WHAT_CHECK
 o Validation failed
                                     Before  Re-ref  Final
1st generation packing quality     : NA NA NA
2nd generation packing quality     : NA NA NA
Ramachandran plot appearance       : NA NA NA
chi-1/chi-2 rotamer normality      : NA NA NA
Backbone conformation              : NA NA NA
 
Bond length RMS Z-score            : NA NA NA
Bond angle RMS Z-score             : NA NA NA
 
Total number of bumps              : NA NA NA
Weighted bump severity score       : NA NA NA
 
Unsatisfied H-bond donors/acceptors: NA NA NA
H-bond satisfaction fraction       : NA NA NA
 
 
****** Protein side chain details ******
-Analysing model changes
 
Changed rotamers     : 54
Hydrogen bond flips  : 1
Cis-trans flips      : 0
Trans-cis flips      : 0
Peptides fixed       : 0
Peptides distorted   : 1
 
 
****** Electron density map details ******
-Analysing density maps
 
                       Better Worse
Real-space CC        : 11 3
Real-space R-factor  : 2 0
EDIAm density fit    : 60 52
OPIA density coverage: 0 0
 
 
****** Creating final output ******
-YASARA not installed, cannot make visualisation scenes
-Creating Refmac command script
-Consolidating results
