Results from PDB-REDO --local --xyzin=5c8t_refine_2.pdb --mtzin=5c8t_refine_2.mtz --nproc=7 --dirout=pdb-redo
 __   __   __      __   ___  __   __    __   __  __ 
|__) |  \ |__) __ |__) |__  |  \ /  \    /    _)  / 
|    |__/ |__)    |  \ |___ |__/ \__/   /  o /__ /  
 
****** Optimisation setup ******
-PDB-REDO will optimise the structure model in /data/id30a3/inhouse/gianluca/coronavirus_structural_task_force/pdb/nsp10/SARS-CoV/5c8t/isolde/5c8t_refine_2.pdb
-Using the experimental data in /data/id30a3/inhouse/gianluca/coronavirus_structural_task_force/pdb/nsp10/SARS-CoV/5c8t/isolde/5c8t_refine_2.mtz
-Using a maximum of 7 CPU cores where possible
-During the process your structure model will be called 'yoAq'
-The final result will be written to /data/id30a3/inhouse/gianluca/coronavirus_structural_task_force/pdb/nsp10/SARS-CoV/5c8t/isolde/pdb-redo
 
 
****** Parsing input files ******
-Preparing the structure model
 o Performing DEFY flips
 o Checking carbohydrates
   * Running carbonanza
 o Running Platonyzer
 o Running prepper
 
WARNING!
------------
Your input coordinate file has phenix.refine-specific format errors. Trying to compensate.
Diagnostic output from prepper:
 
Trying to parse '**'
Error parsing PDB at line 2
Error trying to load file "/home/esrf/opid30/pdb-redo/tempdir/yoAq/yoAq_platonyzed.pdb"
Not a valid integer in PDB record
 
 o Running prepper
   * Occupancies reset     : 0
   * B-factors reset       : 0
   * Deleted (hetero) atoms: 0
   * Deleted ANISOU records: 0
   * Deleted LINK   records: 0
   * Added   LINK   records: 0
   * Fixed   LINK   records: 0
   * Renamed water atoms   : 0
-Checking reflection data
-Extracting data from the PDB file
 o TLS groups created  :   4
 o TLS groups extracted:   0
 o Extracting the amino acid sequence
 o BlastP is missing or not configured properly
 o Cannot generate homology-based restraints
-Creating MTZ file
 
 
****** Structure model and data details ******
Cell axes            : 188.797 196.840 180.100
Cell angles          : 90.00 90.00 90.00
Space group          : C 2 2 21
Resolution (pdb)     : 3.18
Resolution (data)    : 3.18
Lowest resolution    : 45.42
Reported Rfactor     : 0.2201
Reported R-free      : 0.2473
Average B-factor     : 98.62
Wilson B from SFcheck: 82.77
Solvent percentage   : 78.32
Solvent model        : SIMP
VdW probe            : 1.11
Ion probe            : 1.11
Shrinkage            : 0.90
Reflections (data)   : 55801
Work set size        : 52956
Test set size (data) : 2845 (5.1%)
Test set size (used) : 2845
Completeness (pdb)   : 98.6
Completeness (used)  : 98.6
Wavelength           : 1.00000
Twin fraction alpha  : -0.027
Refinement tool      : PHENIX_(DEV_3768:_???)
Deposition year      : 2000
 
 
****** R(-free) recalculation ******
-Running Refmac for 0 cycles (R-free = 0.2557)
 
 
****** R-factor and R-free details ******
Calculated R     : 0.2354
Calculated R-free: 0.2557
'Unbiased' R-free: 0.2825
sigma(R-free)    : 0.0048
R-free Z-score   : 5.58
 
 
****** Backbone correction ******
-Running fixDMC
 o The sequence is untrusted, no OXT atoms can be added
 o FixDMC added 0 missing backbone atoms


****** Structure specific restraints ******
 
 
****** Solvent mask optimisation ******
-Running Refmac grid search
 o VDW probe: 1.0
 o Ion probe: 0.9
 o Shrinkage: 0.9
 
 
****** Refinement settings ******
-B-factor model
 o Number of atoms      : 10226
 o Number of reflections: 52956
 o Reflections per atom : 5.2
 o B-factor type        : ISOTropic
 o TLS-models           : used
-Non-crystallographic symmetry
 o Using local NCS restraints
-Twinning
 o No twinning detected
-High Refmac bond length or bond angle RMSZ detected
 o Bond length RMSZ: 1.161
 o Bond angle RMSZ : 1.004
 o Geometric targets will be relaxed
-Additional restraints
 o Using jelly-body restraints
 
 
****** TLS group optimisation ******
-Testing 1 TLS group definition(s)
 o Tested tls groups from REDO.tls (R-free = 0.2561)
-Filtering results
-TLS groups in REDO.tls will be used in refinement
 
 
****** B-weight optimisation ******
-Testing B-factor restraint weights: 1.50 1.20 1.00 0.80 0.50 0.30
 o Performed B-weight test with weight 1.50 (R-free = 0.2155)
 o Performed B-weight test with weight 1.20 (R-free = 0.2141)
 o Performed B-weight test with weight 1.00 (R-free = 0.2138)
 o Performed B-weight test with weight 0.80 (R-free = 0.2126)
 o Performed B-weight test with weight 0.50 (R-free = 0.2117)
 o Performed B-weight test with weight 0.30 (R-free = 0.2093)
-Selecting best B weight
 o Best B weight: 1.50
 
 
****** Structure re-refinement ******
-Refining with geometric restraint weights: .002 .005 0.01 0.03 0.05 0.10
 o Performed refinement with MATRIX weight .002 (R-free = 0.2240)
 o Performed refinement with MATRIX weight .005 (R-free = 0.2193)
 o Performed refinement with MATRIX weight 0.01 (R-free = 0.2129)
 o Performed refinement with MATRIX weight 0.03 (R-free = 0.2098)
 o Performed refinement with MATRIX weight 0.05 (R-free = 0.2091)
 o Performed refinement with MATRIX weight 0.10 (R-free = 0.2077)
-Selecting best geometric restraint weight
 o Best geometric restraint weight: 0.01
 
 
****** Re-refinement details ******
Best matrix weight: 0.01
Resulting R-factor: 0.1915
Resulting R-free  : 0.2129
'Unbiased' R-free : 0.2298
sigma(R-free)     : 0.0040
R-free Z-score    : 4.22
 
 
****** Model validation ******
-Validating the input model with WHAT_CHECK
-Validating the re-refined model with WHAT_CHECK
 o Validation failed
 o Validation failed
 
 
****** Validation details ******
                                     Before  After
1st generation packing quality     : NA NA
2nd generation packing quality     : NA NA
Ramachandran plot appearance       : NA NA
chi-1/chi-2 rotamer normality      : NA NA
Backbone conformation              : NA NA
 
Bond length RMS Z-score            : NA NA
Bond angle RMS Z-score             : NA NA
 
Total number of bumps              : NA NA
Weighted bump severity score       : NA NA
 
Unsatisfied H-bond donors/acceptors: NA NA
H-bond satisfaction fraction       : NA NA
 
 
****** Structure rebuilding ******
-Assigning secondary structure with DSSP
-Skipping centrifuge run
-Performing peptide flips
-Refitting side chains
-Validation-based rebuilding
 o Validation-based rebuilding failed
 
 
****** Rebuilding details ******
Loops added        : 0
Waters removed     : 0
Peptides flipped   : 48
Side chains built  : 0
Side chains flipped: 0
Chirality fixes    : 0
 
 
****** Carbohydrate (re)building ******
-Running carbivore
 o Carbivore failed, no carbohydrates (rebuilt)
 
 
****** Final refinement ******
-Updating metal restraints
-Final restraint weight optimisation with MATRIX weights: 0.01 0.02 .005
 o Performed 20-cycle refinement with MATRIX weight 0.01 (R-free = 0.2230)
 o Performed 20-cycle refinement with MATRIX weight 0.02 (R-free = 0.2176)
 o Performed 20-cycle refinement with MATRIX weight .005 (R-free = 0.2270)
 
 
****** Final refinement details ******
Best matrix weight: .005
Resulting R-factor: 0.2057
Resulting R-free  : 0.2270
'Unbiased' R-free : 0.2468
sigma(R-free)     : 0.0043
R-free Z-score    : 4.60
 
 
****** Reciprocal space correlation ******
                              Before  Final  Z-score
Work correlation coefficient: 0.916   0.935  21.67
Free correlation coefficient: 0.917   0.933  4.19
 
 
****** Validation details ******
-Running DSSP
-Running WHAT_CHECK
 o Validation failed
                                     Before  Re-ref  Final
1st generation packing quality     : NA NA NA
2nd generation packing quality     : NA NA NA
Ramachandran plot appearance       : NA NA NA
chi-1/chi-2 rotamer normality      : NA NA NA
Backbone conformation              : NA NA NA
 
Bond length RMS Z-score            : NA NA NA
Bond angle RMS Z-score             : NA NA NA
 
Total number of bumps              : NA NA NA
Weighted bump severity score       : NA NA NA
 
Unsatisfied H-bond donors/acceptors: NA NA NA
H-bond satisfaction fraction       : NA NA NA
 
 
****** Protein side chain details ******
-Analysing model changes
 
Changed rotamers     : 289
Hydrogen bond flips  : 24
Cis-trans flips      : 0
Trans-cis flips      : 0
Peptides fixed       : 0
Peptides distorted   : 2
 
 
****** Electron density map details ******
-Analysing density maps
 
                       Better Worse
Real-space CC        : 83 3
Real-space R-factor  : 29 1
EDIAm density fit    : 379 325
OPIA density coverage: 0 0
 
****** Ligand validation ******
 
****** Ligand validation details (SAM B 605) ******
 
                                    Before  Final
Real-space R-factor               : 0.128   0.113
Real-space correlation            : 0.928   0.938
EDIAm density fit                 : 0.393   0.437
OPIA density coverage (%)         : 11.1    14.8
 
 
****** Ligand validation details (SAM D 605) ******
 
                                    Before  Final
Real-space R-factor               : 0.173   0.115
Real-space correlation            : 0.856   0.911
EDIAm density fit                 : 0.539   0.621
OPIA density coverage (%)         : 18.5    22.2
 
 
****** Creating final output ******
-YASARA not installed, cannot make visualisation scenes
-Creating Refmac command script
-Consolidating results
