Results from PDB-REDO --local --xyzin=6y7m_refine_2.pdb --mtzin=6y7m_refine_2.mtz --nproc=7 --dirout=pdb-redo
 __   __   __      __   ___  __   __    __   __  __ 
|__) |  \ |__) __ |__) |__  |  \ /  \    /    _)  / 
|    |__/ |__)    |  \ |___ |__/ \__/   /  o /__ /  
 
****** Optimisation setup ******
-PDB-REDO will optimise the structure model in /data/id30a3/inhouse/gianluca/coronavirus_structural_task_force/pdb/3c_like_proteinase/SARS-CoV-2/6y7m/isolde/6y7m_refine_2.pdb
-Using the experimental data in /data/id30a3/inhouse/gianluca/coronavirus_structural_task_force/pdb/3c_like_proteinase/SARS-CoV-2/6y7m/isolde/6y7m_refine_2.mtz
-Using a maximum of 7 CPU cores where possible
-During the process your structure model will be called 'uC2d'
-The final result will be written to /data/id30a3/inhouse/gianluca/coronavirus_structural_task_force/pdb/3c_like_proteinase/SARS-CoV-2/6y7m/isolde/pdb-redo
 
 
****** Parsing input files ******
-Preparing the structure model
 o Performing DEFY flips
 o Checking carbohydrates
   * Running carbonanza
 o Running Platonyzer
 o Running prepper
 
WARNING!
------------
Your input coordinate file has phenix.refine-specific format errors. Trying to compensate.
Diagnostic output from prepper:
 
Trying to parse '**'
Error parsing PDB at line 2
Error trying to load file "/home/esrf/opid30/pdb-redo/tempdir/uC2d/uC2d_platonyzed.pdb"
Not a valid integer in PDB record
 
 o Running prepper
   * Occupancies reset     : 0
   * B-factors reset       : 0
   * Deleted (hetero) atoms: 0
   * Deleted ANISOU records: 0
   * Deleted LINK   records: 0
   * Added   LINK   records: 0
   * Fixed   LINK   records: 0
   * Renamed water atoms   : 0
-Checking reflection data
-Extracting data from the PDB file
 o TLS groups created  :   1
 o TLS groups extracted:   0
 o Extracting the amino acid sequence
 o BlastP is missing or not configured properly
 o Cannot generate homology-based restraints
-Creating MTZ file
 
 
****** Structure model and data details ******
Cell axes            : 107.905 82.247 53.131
Cell angles          : 90.00 104.46 90.00
Space group          : C 1 2 1
Resolution (pdb)     : 1.90
Resolution (data)    : 1.90
Lowest resolution    : 42.32
Reported Rfactor     : 0.2148
Reported R-free      : 0.2441
Average B-factor     : 46.20
Wilson B from SFcheck: 44.21
Solvent percentage   : 62.69
Solvent model        : SIMP
VdW probe            : 1.11
Ion probe            : 1.11
Shrinkage            : 0.90
Reflections (data)   : 35022
Work set size        : 33328
Test set size (data) : 1694 (4.8%)
Test set size (used) : 1694
Completeness (pdb)   : 98.8
Completeness (used)  : 98.6
Wavelength           : 1.00000
Refinement tool      : PHENIX_(1.17_3657:_???)
Deposition year      : 2000
 
 
****** R(-free) recalculation ******
-Running Refmac for 0 cycles  
 o New ligand encountered, retrying (R-free = 0.2553)
 
 
****** R-factor and R-free details ******
Calculated R     : 0.2217
Calculated R-free: 0.2553
'Unbiased' R-free: 0.2604
sigma(R-free)    : 0.0062
R-free Z-score   : 0.82
 
 
****** Chirality validation ******
-Found 3 chirality problems
 o Running chiron
   * Chirality errors tested :  3
   * Chiral centers fixed    :  0
   * Chiral centers not fixed:  3
   * Unknown chiral centers  :  0
 
 
****** Backbone correction ******
-Running fixDMC
 o The sequence is untrusted, no OXT atoms can be added
 o FixDMC added 0 missing backbone atoms
 
 
****** Solvent mask optimisation ******
-Running Refmac grid search
 o VDW probe: 1.0
 o Ion probe: 0.7
 o Shrinkage: 0.7
 
 
****** Refinement settings ******
-B-factor model
 o Number of atoms      : 2589
 o Number of reflections: 33328
 o Reflections per atom : 12.9
 o B-factor type        : ISOTropic
 o TLS-models           : used
-Non-crystallographic symmetry
 o No NCS restraints/constraints used
-Twinning
 o No twinning detected
-High Refmac bond length or bond angle RMSZ detected
 o Bond length RMSZ: 1.497
 o Bond angle RMSZ : 1.150
 o Geometric targets will be relaxed
 
 
****** TLS group optimisation ******
-Testing 1 TLS group definition(s)
 o Tested tls groups from REDO.tls (R-free = 0.2595)
-Filtering results
-TLS groups in REDO.tls will be used in refinement
 
 
****** B-weight optimisation ******
-Testing B-factor restraint weights: 1.50 1.20 1.00 0.80 0.50 0.30 0.10
 o Performed B-weight test with weight 1.50 (R-free = 0.2253)
 o Performed B-weight test with weight 1.20 (R-free = 0.2233)
 o Performed B-weight test with weight 1.00 (R-free = 0.2212)
 o Performed B-weight test with weight 0.80 (R-free = 0.2205)
 o Performed B-weight test with weight 0.50 (R-free = 0.2205)
 o Performed B-weight test with weight 0.30 (R-free = 0.2218)
 o Performed B-weight test with weight 0.10 (R-free = 0.2249)
-Selecting best B weight
 o Best B weight: 1.00
 
 
****** Structure re-refinement ******
-Refining with geometric restraint weights: 0.01 0.03 0.05 0.10 0.30 0.50 0.70
 o Performed refinement with MATRIX weight 0.01 (R-free = 0.2298)
 o Performed refinement with MATRIX weight 0.03 (R-free = 0.2218)
 o Performed refinement with MATRIX weight 0.05 (R-free = 0.2218)
 o Performed refinement with MATRIX weight 0.10 (R-free = 0.2189)
 o Performed refinement with MATRIX weight 0.30 (R-free = 0.2212)
 o Performed refinement with MATRIX weight 0.50 (R-free = 0.2229)
 o Performed refinement with MATRIX weight 0.70 (R-free = 0.2666)
-Selecting best geometric restraint weight
 o Best geometric restraint weight: 0.03
 
 
****** Re-refinement details ******
Best matrix weight: 0.03
Resulting R-factor: 0.1971
Resulting R-free  : 0.2218
'Unbiased' R-free : 0.2315
sigma(R-free)     : 0.0054
R-free Z-score    : 1.80
 
 
****** Model validation ******
-Validating the input model with WHAT_CHECK
-Validating the re-refined model with WHAT_CHECK
 o Validation failed
 o Validation failed
 
 
****** Validation details ******
                                     Before  After
1st generation packing quality     : NA NA
2nd generation packing quality     : NA NA
Ramachandran plot appearance       : NA NA
chi-1/chi-2 rotamer normality      : NA NA
Backbone conformation              : NA NA
 
Bond length RMS Z-score            : NA NA
Bond angle RMS Z-score             : NA NA
 
Total number of bumps              : NA NA
Weighted bump severity score       : NA NA
 
Unsatisfied H-bond donors/acceptors: NA NA
H-bond satisfaction fraction       : NA NA
 
 
****** Structure rebuilding ******
-Assigning secondary structure with DSSP
-Removing waters without density
-Performing peptide flips
-Refitting side chains
-Validation-based rebuilding
 o Validation-based rebuilding failed
 
 
****** Rebuilding details ******
Loops added        : 0
Waters removed     : 40
Peptides flipped   : 1
Side chains built  : 0
Side chains flipped: 0
Chirality fixes    : 0
 
 
****** Carbohydrate (re)building ******
-Running carbivore
 o Carbivore failed, no carbohydrates (rebuilt)
 
 
****** Final refinement ******
-Updating metal restraints
-Final restraint weight optimisation with MATRIX weights: 0.03 0.05 0.02
 o Performed 20-cycle refinement with MATRIX weight 0.03 (R-free = 0.2270)
 o Performed 20-cycle refinement with MATRIX weight 0.05 (R-free = 0.2230)
 o Performed 20-cycle refinement with MATRIX weight 0.02 (R-free = 0.2304)
 
 
****** Final refinement details ******
Best matrix weight: 0.03
Resulting R-factor: 0.1996
Resulting R-free  : 0.2270
'Unbiased' R-free : 0.2345
sigma(R-free)     : 0.0055
R-free Z-score    : 1.36
 
 
****** Reciprocal space correlation ******
                              Before  Final  Z-score
Work correlation coefficient: 0.960   0.967  12.65
Free correlation coefficient: 0.948   0.958  3.18
 
 
****** Validation details ******
-Running DSSP
-Running WHAT_CHECK
 o Validation failed
                                     Before  Re-ref  Final
1st generation packing quality     : NA NA NA
2nd generation packing quality     : NA NA NA
Ramachandran plot appearance       : NA NA NA
chi-1/chi-2 rotamer normality      : NA NA NA
Backbone conformation              : NA NA NA
 
Bond length RMS Z-score            : NA NA NA
Bond angle RMS Z-score             : NA NA NA
 
Total number of bumps              : NA NA NA
Weighted bump severity score       : NA NA NA
 
Unsatisfied H-bond donors/acceptors: NA NA NA
H-bond satisfaction fraction       : NA NA NA
 
 
****** Protein side chain details ******
-Analysing model changes
 
Changed rotamers     : 11
Hydrogen bond flips  : 7
Cis-trans flips      : 0
Trans-cis flips      : 0
Peptides fixed       : 0
Peptides distorted   : 0
 
 
****** Electron density map details ******
-Analysing density maps
 
                       Better Worse
Real-space CC        : 12 0
Real-space R-factor  : 46 2
EDIAm density fit    : 63 72
OPIA density coverage: 0 0
 
****** Ligand validation ******
 
****** Ligand validation details (OEW A 401) ******
 
                                    Before  Final
Real-space R-factor               : 0.163   0.206
Real-space correlation            : 0.850   0.845
EDIAm density fit                 : 0.443   0.444
OPIA density coverage (%)         : 33.3    28.6
 
 
****** Creating final output ******
-YASARA not installed, cannot make visualisation scenes
-Creating Refmac command script
-Consolidating results
